<?xml version="1.0" encoding="UTF-8"?>
<testsuites name="LoginTest" time="37" tests="2" failures="0" errors="0">
   <testsuite name="LoginTest" tests="2" failures="0" errors="0" time="37" timestamp="2019-04-11 18:00:33" hostname="win10 - DESKTOP-28KHHQ1" id="Test Suites/LoginTest">
      <properties>
         <property name="deviceName" value=""/>
         <property name="devicePlatform" value=""/>
         <property name="logFolder" value="C:\\Users\\win10\\git\\hcm_qa\\OCS_HCM\\OCS_HCM\\Reports\\LoginTest\\20190411_180028"/>
         <property name="logFiles" value="C:\\Users\\win10\\git\\hcm_qa\\OCS_HCM\\OCS_HCM\\Reports\\LoginTest\\20190411_180028\\execution0.log"/>
         <property name="attachments" value=""/>
         <property name="hostName" value="win10 - DESKTOP-28KHHQ1"/>
         <property name="os" value="Windows 10 64bit"/>
         <property name="katalonVersion" value="6.1.0.1"/>
         <property name="browser" value="Firefox 66.0"/>
         <property name="hostAddress" value="10.159.242.133"/>
         <property name="sessionId" value="c6fb7d88-058f-4cf3-977f-8c1f983add3a"/>
         <property name="seleniumVersion" value="3.7.1"/>
         <property name="proxyInformation" value="ProxyInformation{proxyOption=NO_PROXY, proxyServerType=HTTP, password=, proxyServerAddress=, proxyServerPort=0}"/>
         <property name="platform" value="Windows 10"/>
      </properties>
      <testcase name="Test Cases/OCS_Page_Test/Login_Validate/Login_nagative_Validation" classname="Test Cases/OCS_Page_Test/Login_Validate/Login_nagative_Validation" status="PASSED">
         <system-out><![CDATA[2019-04-11 18:00:33 - [TEST_CASE][PASSED] - Test Cases/OCS_Page_Test/Login_Validate/Login_nagative_Validation: Test Cases/OCS_Page_Test/Login_Validate/Login_nagative_Validation

2019-04-11 18:00:34 - [TEST_STEP][PASSED] - callTestCase(findTestCase("SetUpp/SetUp"), [:], STOP_ON_FAILURE): Call Test Case 'Test Cases/SetUpp/SetUp' successfully

2019-04-11 18:00:35 - [TEST_CASE][PASSED] - Test Cases/SetUpp/SetUp: Test Cases/SetUpp/SetUp

2019-04-11 18:00:35 - [TEST_STEP][PASSED] - openBrowser(""): Browser is opened with url: ''

2019-04-11 18:00:36 - [MESSAGE][INFO] - Starting 'Firefox' driver

2019-04-11 18:00:36 - [MESSAGE][INFO] - Action delay is set to 0 seconds

2019-04-11 18:00:41 - [MESSAGE][PASSED] - Browser is opened with url: ''

2019-04-11 18:00:41 - [TEST_STEP][PASSED] - navigateToUrl("https://ydtwebstaging.com"): Navigate to 'https://ydtwebstaging.com' successfully

2019-04-11 18:00:53 - [MESSAGE][PASSED] - Navigate to 'https://ydtwebstaging.com' successfully

2019-04-11 18:00:53 - [TEST_STEP][PASSED] - maximizeWindow(): Current window maximized

2019-04-11 18:00:54 - [MESSAGE][PASSED] - Current window maximized

2019-04-11 18:00:54 - [TEST_STEP][PASSED] - deleteAllCookies(): Delete all cookies successfully

2019-04-11 18:00:54 - [MESSAGE][PASSED] - Delete all cookies successfully

2019-04-11 18:00:54 - [TEST_STEP][PASSED] - getWindowTitle(): Current window's title is: 'Healthcare Manager'

2019-04-11 18:00:54 - [MESSAGE][PASSED] - Current window's title is: 'Healthcare Manager'

2019-04-11 18:00:54 - [TEST_STEP][PASSED] - waitForPageLoad(30): Wait for page load successfully

2019-04-11 18:00:54 - [MESSAGE][PASSED] - Wait for page load successfully

2019-04-11 18:00:54 - [MESSAGE][PASSED] - Call Test Case 'Test Cases/SetUpp/SetUp' successfully

2019-04-11 18:00:54 - [TEST_STEP][PASSED] - callTestCase(findTestCase("OCS_Page/Login_Page/LoginPage_nagative_Validate"), [:], STOP_ON_FAILURE): Call Test Case 'Test Cases/OCS_Page/Login_Page/LoginPage_nagative_Validate' successfully

2019-04-11 18:00:54 - [TEST_CASE][PASSED] - Test Cases/OCS_Page/Login_Page/LoginPage_nagative_Validate: Test Cases/OCS_Page/Login_Page/LoginPage_nagative_Validate

2019-04-11 18:00:54 - [TEST_STEP][PASSED] - setText(findTestObject("Login_Page_OB/Page_Healthcare Manager/input_Login here_username"), "archana321"): Text 'archana321' is set on object 'Object Repository/Login_Page_OB/Page_Healthcare Manager/input_Login here_username'

2019-04-11 18:00:54 - [MESSAGE][PASSED] - Text 'archana321' is set on object 'Object Repository/Login_Page_OB/Page_Healthcare Manager/input_Login here_username'

2019-04-11 18:00:54 - [TEST_STEP][PASSED] - setText(findTestObject("Login_Page_OB/Page_Healthcare Manager/input_Login here_password"), "Archana321"): Text 'Archana321' is set on object 'Object Repository/Login_Page_OB/Page_Healthcare Manager/input_Login here_password'

2019-04-11 18:00:54 - [MESSAGE][PASSED] - Text 'Archana321' is set on object 'Object Repository/Login_Page_OB/Page_Healthcare Manager/input_Login here_password'

2019-04-11 18:00:54 - [TEST_STEP][PASSED] - click(findTestObject("Login_Page_OB/Page_Healthcare Manager/button_Submit")): Object: 'Object Repository/Login_Page_OB/Page_Healthcare Manager/button_Submit' is clicked on

2019-04-11 18:00:55 - [MESSAGE][PASSED] - Object: 'Object Repository/Login_Page_OB/Page_Healthcare Manager/button_Submit' is clicked on

2019-04-11 18:00:55 - [TEST_STEP][PASSED] - verifyElementVisible(findTestObject("Login_Page_OB/Page_Healthcare Manager/div_Invalid username or password"), STOP_ON_FAILURE): Object 'Object Repository/Login_Page_OB/Page_Healthcare Manager/div_Invalid username or password' is visible

2019-04-11 18:00:56 - [MESSAGE][PASSED] - Object 'Object Repository/Login_Page_OB/Page_Healthcare Manager/div_Invalid username or password' is visible

2019-04-11 18:00:56 - [MESSAGE][PASSED] - Call Test Case 'Test Cases/OCS_Page/Login_Page/LoginPage_nagative_Validate' successfully

2019-04-11 18:00:56 - [TEST_STEP][PASSED] - callTestCase(findTestCase("TearDown/Broweser _close"), [:], STOP_ON_FAILURE): Call Test Case 'Test Cases/TearDown/Broweser _close' successfully

2019-04-11 18:00:56 - [TEST_CASE][PASSED] - Test Cases/TearDown/Broweser _close: Test Cases/TearDown/Broweser _close

2019-04-11 18:00:56 - [TEST_STEP][PASSED] - closeBrowser(): Browser is closed

2019-04-11 18:00:57 - [MESSAGE][PASSED] - Browser is closed

2019-04-11 18:00:57 - [MESSAGE][PASSED] - Call Test Case 'Test Cases/TearDown/Broweser _close' successfully]]></system-out>
         <system-err><![CDATA[]]></system-err>
      </testcase>
      <testcase name="Test Cases/OCS_Page_Test/Login_Validate/Login_positive_validate" classname="Test Cases/OCS_Page_Test/Login_Validate/Login_positive_validate" status="PASSED">
         <system-out><![CDATA[2019-04-11 18:00:57 - [TEST_CASE][PASSED] - Test Cases/OCS_Page_Test/Login_Validate/Login_positive_validate: Test Cases/OCS_Page_Test/Login_Validate/Login_positive_validate

2019-04-11 18:00:57 - [TEST_STEP][PASSED] - callTestCase(findTestCase("SetUpp/SetUp"), [:], STOP_ON_FAILURE): Call Test Case 'Test Cases/SetUpp/SetUp' successfully

2019-04-11 18:00:57 - [TEST_CASE][PASSED] - Test Cases/SetUpp/SetUp: Test Cases/SetUpp/SetUp

2019-04-11 18:00:57 - [TEST_STEP][PASSED] - openBrowser(""): Browser is opened with url: ''

2019-04-11 18:00:57 - [MESSAGE][INFO] - Starting 'Firefox' driver

2019-04-11 18:01:01 - [MESSAGE][PASSED] - Browser is opened with url: ''

2019-04-11 18:01:01 - [TEST_STEP][PASSED] - navigateToUrl("https://ydtwebstaging.com"): Navigate to 'https://ydtwebstaging.com' successfully

2019-04-11 18:01:09 - [MESSAGE][PASSED] - Navigate to 'https://ydtwebstaging.com' successfully

2019-04-11 18:01:09 - [TEST_STEP][PASSED] - maximizeWindow(): Current window maximized

2019-04-11 18:01:09 - [MESSAGE][PASSED] - Current window maximized

2019-04-11 18:01:09 - [TEST_STEP][PASSED] - deleteAllCookies(): Delete all cookies successfully

2019-04-11 18:01:09 - [MESSAGE][PASSED] - Delete all cookies successfully

2019-04-11 18:01:09 - [TEST_STEP][PASSED] - getWindowTitle(): Current window's title is: 'Healthcare Manager'

2019-04-11 18:01:09 - [MESSAGE][PASSED] - Current window's title is: 'Healthcare Manager'

2019-04-11 18:01:09 - [TEST_STEP][PASSED] - waitForPageLoad(30): Wait for page load successfully

2019-04-11 18:01:09 - [MESSAGE][PASSED] - Wait for page load successfully

2019-04-11 18:01:09 - [MESSAGE][PASSED] - Call Test Case 'Test Cases/SetUpp/SetUp' successfully

2019-04-11 18:01:09 - [TEST_STEP][PASSED] - callTestCase(findTestCase("OCS_Page/Login_Page/LoginPage_Positive_validate"), [:], STOP_ON_FAILURE): Call Test Case 'Test Cases/OCS_Page/Login_Page/LoginPage_Positive_validate' successfully

2019-04-11 18:01:09 - [TEST_CASE][PASSED] - Test Cases/OCS_Page/Login_Page/LoginPage_Positive_validate: Test Cases/OCS_Page/Login_Page/LoginPage_Positive_validate

2019-04-11 18:01:09 - [TEST_STEP][PASSED] - setText(findTestObject("Login_Page_OB/Page_Healthcare Manager/input_Login here_username"), "Archana@123"): Text 'Archana@123' is set on object 'Object Repository/Login_Page_OB/Page_Healthcare Manager/input_Login here_username'

2019-04-11 18:01:10 - [MESSAGE][PASSED] - Text 'Archana@123' is set on object 'Object Repository/Login_Page_OB/Page_Healthcare Manager/input_Login here_username'

2019-04-11 18:01:10 - [TEST_STEP][PASSED] - setText(findTestObject("Login_Page_OB/Page_Healthcare Manager/input_Login here_password"), "Archana@123"): Text 'Archana@123' is set on object 'Object Repository/Login_Page_OB/Page_Healthcare Manager/input_Login here_password'

2019-04-11 18:01:10 - [MESSAGE][PASSED] - Text 'Archana@123' is set on object 'Object Repository/Login_Page_OB/Page_Healthcare Manager/input_Login here_password'

2019-04-11 18:01:10 - [TEST_STEP][PASSED] - click(findTestObject("Login_Page_OB/Page_Healthcare Manager/button_Submit")): Object: 'Object Repository/Login_Page_OB/Page_Healthcare Manager/button_Submit' is clicked on

2019-04-11 18:01:10 - [MESSAGE][PASSED] - Object: 'Object Repository/Login_Page_OB/Page_Healthcare Manager/button_Submit' is clicked on

2019-04-11 18:01:10 - [TEST_STEP][NOT_RUN] - verifyElementVisible(findTestObject("Login_Page_OB/Page_Healthcare Manager/div_Login successfully")): NOT_RUN: verifyElementVisible(findTestObject("Login_Page_OB/Page_Healthcare Manager/div_Login successfully"))

2019-04-11 18:01:10 - [MESSAGE][NOT_RUN] - NOT_RUN: verifyElementVisible(findTestObject("Login_Page_OB/Page_Healthcare Manager/div_Login successfully"))

2019-04-11 18:01:10 - [MESSAGE][PASSED] - Call Test Case 'Test Cases/OCS_Page/Login_Page/LoginPage_Positive_validate' successfully

2019-04-11 18:01:10 - [TEST_STEP][PASSED] - callTestCase(findTestCase("TearDown/Broweser _close"), [:], STOP_ON_FAILURE): Call Test Case 'Test Cases/TearDown/Broweser _close' successfully

2019-04-11 18:01:10 - [TEST_CASE][PASSED] - Test Cases/TearDown/Broweser _close: Test Cases/TearDown/Broweser _close

2019-04-11 18:01:10 - [TEST_STEP][PASSED] - closeBrowser(): Browser is closed

2019-04-11 18:01:11 - [MESSAGE][PASSED] - Browser is closed

2019-04-11 18:01:11 - [MESSAGE][PASSED] - Call Test Case 'Test Cases/TearDown/Broweser _close' successfully]]></system-out>
         <system-err><![CDATA[]]></system-err>
      </testcase>
      <system-out><![CDATA[2019-04-11 18:00:33 - [TEST_SUITE][PASSED] - LoginTest: Test Cases/OCS_Page_Test/Login_Validate/Login_positive_validate]]></system-out>
      <system-err><![CDATA[]]></system-err>
   </testsuite>
</testsuites>
