<?xml version="1.0" encoding="UTF-8"?>
<testsuites name="ParticipantsPage Test" time="227" tests="3" failures="3" errors="0">
   <testsuite name="ParticipantsPage Test" tests="3" failures="3" errors="0" time="227" timestamp="2019-04-11 18:00:33" hostname="win10 - DESKTOP-28KHHQ1" id="Test Suites/ParticipantsPage Test">
      <properties>
         <property name="deviceName" value=""/>
         <property name="devicePlatform" value=""/>
         <property name="logFolder" value="C:\\Users\\win10\\git\\hcm_qa\\OCS_HCM\\OCS_HCM\\Reports\\ParticipantsPage Test\\20190411_180030"/>
         <property name="logFiles" value="C:\\Users\\win10\\git\\hcm_qa\\OCS_HCM\\OCS_HCM\\Reports\\ParticipantsPage Test\\20190411_180030\\execution0.log"/>
         <property name="attachments" value="C:\\Users\\win10\\git\\hcm_qa\\OCS_HCM\\OCS_HCM\\Reports\\ParticipantsPage Test\\20190411_180030\\1554985866490.png, C:\\Users\\win10\\git\\hcm_qa\\OCS_HCM\\OCS_HCM\\Reports\\ParticipantsPage Test\\20190411_180030\\1554985866566.png, C:\\Users\\win10\\git\\hcm_qa\\OCS_HCM\\OCS_HCM\\Reports\\ParticipantsPage Test\\20190411_180030\\1554986046913.png, C:\\Users\\win10\\git\\hcm_qa\\OCS_HCM\\OCS_HCM\\Reports\\ParticipantsPage Test\\20190411_180030\\1554986047016.png"/>
         <property name="hostName" value="win10 - DESKTOP-28KHHQ1"/>
         <property name="os" value="Windows 10 64bit"/>
         <property name="katalonVersion" value="6.1.0.1"/>
         <property name="browser" value="Firefox 66.0"/>
         <property name="hostAddress" value="10.159.242.133"/>
         <property name="sessionId" value="0d8f1c15-eab8-4a0a-9104-26014ea44659"/>
         <property name="seleniumVersion" value="3.7.1"/>
         <property name="proxyInformation" value="ProxyInformation{proxyOption=NO_PROXY, proxyServerType=HTTP, password=, proxyServerAddress=, proxyServerPort=0}"/>
         <property name="platform" value="Windows 10"/>
      </properties>
      <testcase name="Test Cases/OCS_Page_Test/Participants_Test/DashBoard_Validate" classname="Test Cases/OCS_Page_Test/Participants_Test/DashBoard_Validate" status="FAILED">
         <failure type="FAILED" message="Test Cases/OCS_Page_Test/Participants_Test/DashBoard_Validate FAILED.
Reason:
com.kms.katalon.core.exception.StepFailedException: Call Test Case 'Test Cases/OCS_Page/Participants_page/Participants_DashBoard_page' failed
	at com.kms.katalon.core.keyword.builtin.CallTestCaseKeyword$_callTestCase_closure1.doCall(CallTestCaseKeyword.groovy:63)
	at com.kms.katalon.core.keyword.builtin.CallTestCaseKeyword$_callTestCase_closure1.call(CallTestCaseKeyword.groovy)
	at com.kms.katalon.core.keyword.internal.KeywordMain.runKeyword(KeywordMain.groovy:66)
	at com.kms.katalon.core.keyword.builtin.CallTestCaseKeyword.callTestCase(CallTestCaseKeyword.groovy:81)
	at com.kms.katalon.core.keyword.builtin.CallTestCaseKeyword.execute(CallTestCaseKeyword.groovy:44)
	at com.kms.katalon.core.keyword.internal.KeywordExecutor.executeKeywordForPlatform(KeywordExecutor.groovy:56)
	at com.kms.katalon.core.keyword.BuiltinKeywords.callTestCase(BuiltinKeywords.groovy:334)
	at DashBoard_Validate.run(DashBoard_Validate:20)
	at com.kms.katalon.core.main.ScriptEngine.run(ScriptEngine.java:194)
	at com.kms.katalon.core.main.ScriptEngine.runScriptAsRawText(ScriptEngine.java:119)
	at com.kms.katalon.core.main.TestCaseExecutor.runScript(TestCaseExecutor.java:331)
	at com.kms.katalon.core.main.TestCaseExecutor.doExecute(TestCaseExecutor.java:322)
	at com.kms.katalon.core.main.TestCaseExecutor.processExecutionPhase(TestCaseExecutor.java:301)
	at com.kms.katalon.core.main.TestCaseExecutor.accessMainPhase(TestCaseExecutor.java:293)
	at com.kms.katalon.core.main.TestCaseExecutor.execute(TestCaseExecutor.java:227)
	at com.kms.katalon.core.main.TestSuiteExecutor.accessTestCaseMainPhase(TestSuiteExecutor.java:129)
	at com.kms.katalon.core.main.TestSuiteExecutor.accessTestSuiteMainPhase(TestSuiteExecutor.java:112)
	at com.kms.katalon.core.main.TestSuiteExecutor.execute(TestSuiteExecutor.java:81)
	at com.kms.katalon.core.main.TestCaseMain.startTestSuite(TestCaseMain.java:157)
	at com.kms.katalon.core.main.TestCaseMain$startTestSuite$0.call(Unknown Source)
	at TempTestSuite1554985830039.run(TempTestSuite1554985830039.groovy:35)
Caused by: com.kms.katalon.core.exception.StepFailedException: Unable to verify object 'Object Repository/Participants_Page_OR/dashBoard/Page_Healthcare Manager/h1_Participants' is present
	at com.kms.katalon.core.webui.keyword.internal.WebUIKeywordMain.stepFailed(WebUIKeywordMain.groovy:64)
	at com.kms.katalon.core.webui.keyword.internal.WebUIKeywordMain.runKeyword(WebUIKeywordMain.groovy:26)
	at com.kms.katalon.core.webui.keyword.builtin.VerifyElementPresentKeyword.verifyElementPresent(VerifyElementPresentKeyword.groovy:92)
	at com.kms.katalon.core.webui.keyword.builtin.VerifyElementPresentKeyword.execute(VerifyElementPresentKeyword.groovy:68)
	at com.kms.katalon.core.keyword.internal.KeywordExecutor.executeKeywordForPlatform(KeywordExecutor.groovy:56)
	at com.kms.katalon.core.webui.keyword.WebUiBuiltInKeywords.verifyElementPresent(WebUiBuiltInKeywords.groovy:1434)
	at com.kms.katalon.core.webui.keyword.WebUiBuiltInKeywords$verifyElementPresent$7.call(Unknown Source)
	at Participants_DashBoard_page.run(Participants_DashBoard_page:18)
	at com.kms.katalon.core.main.ScriptEngine.run(ScriptEngine.java:194)
	at com.kms.katalon.core.main.ScriptEngine.runScriptAsRawText(ScriptEngine.java:119)
	at com.kms.katalon.core.main.TestCaseExecutor.runScript(TestCaseExecutor.java:331)
	at com.kms.katalon.core.main.TestCaseExecutor.doExecute(TestCaseExecutor.java:322)
	at com.kms.katalon.core.main.TestCaseExecutor.processExecutionPhase(TestCaseExecutor.java:301)
	at com.kms.katalon.core.main.TestCaseExecutor.accessMainPhase(TestCaseExecutor.java:293)
	at com.kms.katalon.core.main.TestCaseExecutor.execute(TestCaseExecutor.java:227)
	at com.kms.katalon.core.main.TestCaseMain.runTestCase(TestCaseMain.java:114)
	at com.kms.katalon.core.keyword.builtin.CallTestCaseKeyword$_callTestCase_closure1.doCall(CallTestCaseKeyword.groovy:59)
	... 20 more
Caused by: com.kms.katalon.core.exception.StepFailedException: com.kms.katalon.core.webui.exception.WebElementNotFoundException: Web element with id: 'Object Repository/Participants_Page_OR/dashBoard/Page_Healthcare Manager/h1_Participants' located by 'By.xpath: //h1[(text() = 'Participants' or . = 'Participants')]' not found
	at com.kms.katalon.core.webui.keyword.internal.WebUIKeywordMain.stepFailed(WebUIKeywordMain.groovy:64)
	at com.kms.katalon.core.webui.keyword.builtin.VerifyElementPresentKeyword$_verifyElementPresent_closure1.doCall(VerifyElementPresentKeyword.groovy:85)
	at com.kms.katalon.core.webui.keyword.builtin.VerifyElementPresentKeyword$_verifyElementPresent_closure1.call(VerifyElementPresentKeyword.groovy)
	at com.kms.katalon.core.webui.keyword.internal.WebUIKeywordMain.runKeyword(WebUIKeywordMain.groovy:20)
	... 35 more
"/>
         <system-out><![CDATA[2019-04-11 18:00:34 - [TEST_CASE][FAILED] - Test Cases/OCS_Page_Test/Participants_Test/DashBoard_Validate: Test Cases/OCS_Page_Test/Participants_Test/DashBoard_Validate FAILED.
Reason:
com.kms.katalon.core.exception.StepFailedException: Call Test Case 'Test Cases/OCS_Page/Participants_page/Participants_DashBoard_page' failed
	at com.kms.katalon.core.keyword.builtin.CallTestCaseKeyword$_callTestCase_closure1.doCall(CallTestCaseKeyword.groovy:63)
	at com.kms.katalon.core.keyword.builtin.CallTestCaseKeyword$_callTestCase_closure1.call(CallTestCaseKeyword.groovy)
	at com.kms.katalon.core.keyword.internal.KeywordMain.runKeyword(KeywordMain.groovy:66)
	at com.kms.katalon.core.keyword.builtin.CallTestCaseKeyword.callTestCase(CallTestCaseKeyword.groovy:81)
	at com.kms.katalon.core.keyword.builtin.CallTestCaseKeyword.execute(CallTestCaseKeyword.groovy:44)
	at com.kms.katalon.core.keyword.internal.KeywordExecutor.executeKeywordForPlatform(KeywordExecutor.groovy:56)
	at com.kms.katalon.core.keyword.BuiltinKeywords.callTestCase(BuiltinKeywords.groovy:334)
	at DashBoard_Validate.run(DashBoard_Validate:20)
	at com.kms.katalon.core.main.ScriptEngine.run(ScriptEngine.java:194)
	at com.kms.katalon.core.main.ScriptEngine.runScriptAsRawText(ScriptEngine.java:119)
	at com.kms.katalon.core.main.TestCaseExecutor.runScript(TestCaseExecutor.java:331)
	at com.kms.katalon.core.main.TestCaseExecutor.doExecute(TestCaseExecutor.java:322)
	at com.kms.katalon.core.main.TestCaseExecutor.processExecutionPhase(TestCaseExecutor.java:301)
	at com.kms.katalon.core.main.TestCaseExecutor.accessMainPhase(TestCaseExecutor.java:293)
	at com.kms.katalon.core.main.TestCaseExecutor.execute(TestCaseExecutor.java:227)
	at com.kms.katalon.core.main.TestSuiteExecutor.accessTestCaseMainPhase(TestSuiteExecutor.java:129)
	at com.kms.katalon.core.main.TestSuiteExecutor.accessTestSuiteMainPhase(TestSuiteExecutor.java:112)
	at com.kms.katalon.core.main.TestSuiteExecutor.execute(TestSuiteExecutor.java:81)
	at com.kms.katalon.core.main.TestCaseMain.startTestSuite(TestCaseMain.java:157)
	at com.kms.katalon.core.main.TestCaseMain$startTestSuite$0.call(Unknown Source)
	at TempTestSuite1554985830039.run(TempTestSuite1554985830039.groovy:35)
Caused by: com.kms.katalon.core.exception.StepFailedException: Unable to verify object 'Object Repository/Participants_Page_OR/dashBoard/Page_Healthcare Manager/h1_Participants' is present
	at com.kms.katalon.core.webui.keyword.internal.WebUIKeywordMain.stepFailed(WebUIKeywordMain.groovy:64)
	at com.kms.katalon.core.webui.keyword.internal.WebUIKeywordMain.runKeyword(WebUIKeywordMain.groovy:26)
	at com.kms.katalon.core.webui.keyword.builtin.VerifyElementPresentKeyword.verifyElementPresent(VerifyElementPresentKeyword.groovy:92)
	at com.kms.katalon.core.webui.keyword.builtin.VerifyElementPresentKeyword.execute(VerifyElementPresentKeyword.groovy:68)
	at com.kms.katalon.core.keyword.internal.KeywordExecutor.executeKeywordForPlatform(KeywordExecutor.groovy:56)
	at com.kms.katalon.core.webui.keyword.WebUiBuiltInKeywords.verifyElementPresent(WebUiBuiltInKeywords.groovy:1434)
	at com.kms.katalon.core.webui.keyword.WebUiBuiltInKeywords$verifyElementPresent$7.call(Unknown Source)
	at Participants_DashBoard_page.run(Participants_DashBoard_page:18)
	at com.kms.katalon.core.main.ScriptEngine.run(ScriptEngine.java:194)
	at com.kms.katalon.core.main.ScriptEngine.runScriptAsRawText(ScriptEngine.java:119)
	at com.kms.katalon.core.main.TestCaseExecutor.runScript(TestCaseExecutor.java:331)
	at com.kms.katalon.core.main.TestCaseExecutor.doExecute(TestCaseExecutor.java:322)
	at com.kms.katalon.core.main.TestCaseExecutor.processExecutionPhase(TestCaseExecutor.java:301)
	at com.kms.katalon.core.main.TestCaseExecutor.accessMainPhase(TestCaseExecutor.java:293)
	at com.kms.katalon.core.main.TestCaseExecutor.execute(TestCaseExecutor.java:227)
	at com.kms.katalon.core.main.TestCaseMain.runTestCase(TestCaseMain.java:114)
	at com.kms.katalon.core.keyword.builtin.CallTestCaseKeyword$_callTestCase_closure1.doCall(CallTestCaseKeyword.groovy:59)
	... 20 more
Caused by: com.kms.katalon.core.exception.StepFailedException: com.kms.katalon.core.webui.exception.WebElementNotFoundException: Web element with id: 'Object Repository/Participants_Page_OR/dashBoard/Page_Healthcare Manager/h1_Participants' located by 'By.xpath: //h1[(text() = 'Participants' or . = 'Participants')]' not found
	at com.kms.katalon.core.webui.keyword.internal.WebUIKeywordMain.stepFailed(WebUIKeywordMain.groovy:64)
	at com.kms.katalon.core.webui.keyword.builtin.VerifyElementPresentKeyword$_verifyElementPresent_closure1.doCall(VerifyElementPresentKeyword.groovy:85)
	at com.kms.katalon.core.webui.keyword.builtin.VerifyElementPresentKeyword$_verifyElementPresent_closure1.call(VerifyElementPresentKeyword.groovy)
	at com.kms.katalon.core.webui.keyword.internal.WebUIKeywordMain.runKeyword(WebUIKeywordMain.groovy:20)
	... 35 more


2019-04-11 18:00:35 - [TEST_STEP][PASSED] - callTestCase(findTestCase("SetUpp/SetUp"), [:], STOP_ON_FAILURE): Call Test Case 'Test Cases/SetUpp/SetUp' successfully

2019-04-11 18:00:36 - [TEST_CASE][PASSED] - Test Cases/SetUpp/SetUp: Test Cases/SetUpp/SetUp

2019-04-11 18:00:36 - [TEST_STEP][PASSED] - openBrowser(""): Browser is opened with url: ''

2019-04-11 18:00:36 - [MESSAGE][INFO] - Starting 'Firefox' driver

2019-04-11 18:00:37 - [MESSAGE][INFO] - Action delay is set to 0 seconds

2019-04-11 18:00:41 - [MESSAGE][PASSED] - Browser is opened with url: ''

2019-04-11 18:00:41 - [TEST_STEP][PASSED] - navigateToUrl("https://ydtwebstaging.com"): Navigate to 'https://ydtwebstaging.com' successfully

2019-04-11 18:00:52 - [MESSAGE][PASSED] - Navigate to 'https://ydtwebstaging.com' successfully

2019-04-11 18:00:52 - [TEST_STEP][PASSED] - maximizeWindow(): Current window maximized

2019-04-11 18:00:53 - [MESSAGE][PASSED] - Current window maximized

2019-04-11 18:00:53 - [TEST_STEP][PASSED] - deleteAllCookies(): Delete all cookies successfully

2019-04-11 18:00:53 - [MESSAGE][PASSED] - Delete all cookies successfully

2019-04-11 18:00:53 - [TEST_STEP][PASSED] - getWindowTitle(): Current window's title is: 'Healthcare Manager'

2019-04-11 18:00:53 - [MESSAGE][PASSED] - Current window's title is: 'Healthcare Manager'

2019-04-11 18:00:53 - [TEST_STEP][PASSED] - waitForPageLoad(30): Wait for page load successfully

2019-04-11 18:00:53 - [MESSAGE][PASSED] - Wait for page load successfully

2019-04-11 18:00:53 - [MESSAGE][PASSED] - Call Test Case 'Test Cases/SetUpp/SetUp' successfully

2019-04-11 18:00:53 - [TEST_STEP][PASSED] - callTestCase(findTestCase("OCS_Page/Login_Page/LoginPage_Positive_validate"), [:], STOP_ON_FAILURE): Call Test Case 'Test Cases/OCS_Page/Login_Page/LoginPage_Positive_validate' successfully

2019-04-11 18:00:53 - [TEST_CASE][PASSED] - Test Cases/OCS_Page/Login_Page/LoginPage_Positive_validate: Test Cases/OCS_Page/Login_Page/LoginPage_Positive_validate

2019-04-11 18:00:53 - [TEST_STEP][PASSED] - setText(findTestObject("Login_Page_OB/Page_Healthcare Manager/input_Login here_username"), "Archana@123"): Text 'Archana@123' is set on object 'Object Repository/Login_Page_OB/Page_Healthcare Manager/input_Login here_username'

2019-04-11 18:00:53 - [MESSAGE][PASSED] - Text 'Archana@123' is set on object 'Object Repository/Login_Page_OB/Page_Healthcare Manager/input_Login here_username'

2019-04-11 18:00:53 - [TEST_STEP][PASSED] - setText(findTestObject("Login_Page_OB/Page_Healthcare Manager/input_Login here_password"), "Archana@123"): Text 'Archana@123' is set on object 'Object Repository/Login_Page_OB/Page_Healthcare Manager/input_Login here_password'

2019-04-11 18:00:53 - [MESSAGE][PASSED] - Text 'Archana@123' is set on object 'Object Repository/Login_Page_OB/Page_Healthcare Manager/input_Login here_password'

2019-04-11 18:00:53 - [TEST_STEP][PASSED] - click(findTestObject("Login_Page_OB/Page_Healthcare Manager/button_Submit")): Object: 'Object Repository/Login_Page_OB/Page_Healthcare Manager/button_Submit' is clicked on

2019-04-11 18:00:54 - [MESSAGE][PASSED] - Object: 'Object Repository/Login_Page_OB/Page_Healthcare Manager/button_Submit' is clicked on

2019-04-11 18:00:54 - [TEST_STEP][NOT_RUN] - verifyElementVisible(findTestObject("Login_Page_OB/Page_Healthcare Manager/div_Login successfully")): NOT_RUN: verifyElementVisible(findTestObject("Login_Page_OB/Page_Healthcare Manager/div_Login successfully"))

2019-04-11 18:00:54 - [MESSAGE][NOT_RUN] - NOT_RUN: verifyElementVisible(findTestObject("Login_Page_OB/Page_Healthcare Manager/div_Login successfully"))

2019-04-11 18:00:54 - [MESSAGE][PASSED] - Call Test Case 'Test Cases/OCS_Page/Login_Page/LoginPage_Positive_validate' successfully

2019-04-11 18:00:54 - [TEST_STEP][FAILED] - callTestCase(findTestCase("OCS_Page/Participants_page/Participants_DashBoard_page"), [:], STOP_ON_FAILURE): callTestCase(findTestCase("OCS_Page/Participants_page/Participants_DashBoard_page"), [:], STOP_ON_FAILURE) FAILED.
Reason:
com.kms.katalon.core.exception.StepFailedException: Call Test Case 'Test Cases/OCS_Page/Participants_page/Participants_DashBoard_page' failed
	at com.kms.katalon.core.keyword.builtin.CallTestCaseKeyword$_callTestCase_closure1.doCall(CallTestCaseKeyword.groovy:63)
	at com.kms.katalon.core.keyword.builtin.CallTestCaseKeyword$_callTestCase_closure1.call(CallTestCaseKeyword.groovy)
	at com.kms.katalon.core.keyword.internal.KeywordMain.runKeyword(KeywordMain.groovy:66)
	at com.kms.katalon.core.keyword.builtin.CallTestCaseKeyword.callTestCase(CallTestCaseKeyword.groovy:81)
	at com.kms.katalon.core.keyword.builtin.CallTestCaseKeyword.execute(CallTestCaseKeyword.groovy:44)
	at com.kms.katalon.core.keyword.internal.KeywordExecutor.executeKeywordForPlatform(KeywordExecutor.groovy:56)
	at com.kms.katalon.core.keyword.BuiltinKeywords.callTestCase(BuiltinKeywords.groovy:334)
	at DashBoard_Validate.run(DashBoard_Validate:20)
	at com.kms.katalon.core.main.ScriptEngine.run(ScriptEngine.java:194)
	at com.kms.katalon.core.main.ScriptEngine.runScriptAsRawText(ScriptEngine.java:119)
	at com.kms.katalon.core.main.TestCaseExecutor.runScript(TestCaseExecutor.java:331)
	at com.kms.katalon.core.main.TestCaseExecutor.doExecute(TestCaseExecutor.java:322)
	at com.kms.katalon.core.main.TestCaseExecutor.processExecutionPhase(TestCaseExecutor.java:301)
	at com.kms.katalon.core.main.TestCaseExecutor.accessMainPhase(TestCaseExecutor.java:293)
	at com.kms.katalon.core.main.TestCaseExecutor.execute(TestCaseExecutor.java:227)
	at com.kms.katalon.core.main.TestSuiteExecutor.accessTestCaseMainPhase(TestSuiteExecutor.java:129)
	at com.kms.katalon.core.main.TestSuiteExecutor.accessTestSuiteMainPhase(TestSuiteExecutor.java:112)
	at com.kms.katalon.core.main.TestSuiteExecutor.execute(TestSuiteExecutor.java:81)
	at com.kms.katalon.core.main.TestCaseMain.startTestSuite(TestCaseMain.java:157)
	at com.kms.katalon.core.main.TestCaseMain$startTestSuite$0.call(Unknown Source)
	at TempTestSuite1554985830039.run(TempTestSuite1554985830039.groovy:35)
Caused by: com.kms.katalon.core.exception.StepFailedException: Unable to verify object 'Object Repository/Participants_Page_OR/dashBoard/Page_Healthcare Manager/h1_Participants' is present
	at com.kms.katalon.core.webui.keyword.internal.WebUIKeywordMain.stepFailed(WebUIKeywordMain.groovy:64)
	at com.kms.katalon.core.webui.keyword.internal.WebUIKeywordMain.runKeyword(WebUIKeywordMain.groovy:26)
	at com.kms.katalon.core.webui.keyword.builtin.VerifyElementPresentKeyword.verifyElementPresent(VerifyElementPresentKeyword.groovy:92)
	at com.kms.katalon.core.webui.keyword.builtin.VerifyElementPresentKeyword.execute(VerifyElementPresentKeyword.groovy:68)
	at com.kms.katalon.core.keyword.internal.KeywordExecutor.executeKeywordForPlatform(KeywordExecutor.groovy:56)
	at com.kms.katalon.core.webui.keyword.WebUiBuiltInKeywords.verifyElementPresent(WebUiBuiltInKeywords.groovy:1434)
	at com.kms.katalon.core.webui.keyword.WebUiBuiltInKeywords$verifyElementPresent$7.call(Unknown Source)
	at Participants_DashBoard_page.run(Participants_DashBoard_page:18)
	at com.kms.katalon.core.main.ScriptEngine.run(ScriptEngine.java:194)
	at com.kms.katalon.core.main.ScriptEngine.runScriptAsRawText(ScriptEngine.java:119)
	at com.kms.katalon.core.main.TestCaseExecutor.runScript(TestCaseExecutor.java:331)
	at com.kms.katalon.core.main.TestCaseExecutor.doExecute(TestCaseExecutor.java:322)
	at com.kms.katalon.core.main.TestCaseExecutor.processExecutionPhase(TestCaseExecutor.java:301)
	at com.kms.katalon.core.main.TestCaseExecutor.accessMainPhase(TestCaseExecutor.java:293)
	at com.kms.katalon.core.main.TestCaseExecutor.execute(TestCaseExecutor.java:227)
	at com.kms.katalon.core.main.TestCaseMain.runTestCase(TestCaseMain.java:114)
	at com.kms.katalon.core.keyword.builtin.CallTestCaseKeyword$_callTestCase_closure1.doCall(CallTestCaseKeyword.groovy:59)
	... 20 more
Caused by: com.kms.katalon.core.exception.StepFailedException: com.kms.katalon.core.webui.exception.WebElementNotFoundException: Web element with id: 'Object Repository/Participants_Page_OR/dashBoard/Page_Healthcare Manager/h1_Participants' located by 'By.xpath: //h1[(text() = 'Participants' or . = 'Participants')]' not found
	at com.kms.katalon.core.webui.keyword.internal.WebUIKeywordMain.stepFailed(WebUIKeywordMain.groovy:64)
	at com.kms.katalon.core.webui.keyword.builtin.VerifyElementPresentKeyword$_verifyElementPresent_closure1.doCall(VerifyElementPresentKeyword.groovy:85)
	at com.kms.katalon.core.webui.keyword.builtin.VerifyElementPresentKeyword$_verifyElementPresent_closure1.call(VerifyElementPresentKeyword.groovy)
	at com.kms.katalon.core.webui.keyword.internal.WebUIKeywordMain.runKeyword(WebUIKeywordMain.groovy:20)
	... 35 more


2019-04-11 18:00:54 - [TEST_CASE][FAILED] - Test Cases/OCS_Page/Participants_page/Participants_DashBoard_page: Test Cases/OCS_Page/Participants_page/Participants_DashBoard_page FAILED.
Reason:
com.kms.katalon.core.exception.StepFailedException: Unable to verify object 'Object Repository/Participants_Page_OR/dashBoard/Page_Healthcare Manager/h1_Participants' is present
	at com.kms.katalon.core.webui.keyword.internal.WebUIKeywordMain.stepFailed(WebUIKeywordMain.groovy:64)
	at com.kms.katalon.core.webui.keyword.internal.WebUIKeywordMain.runKeyword(WebUIKeywordMain.groovy:26)
	at com.kms.katalon.core.webui.keyword.builtin.VerifyElementPresentKeyword.verifyElementPresent(VerifyElementPresentKeyword.groovy:92)
	at com.kms.katalon.core.webui.keyword.builtin.VerifyElementPresentKeyword.execute(VerifyElementPresentKeyword.groovy:68)
	at com.kms.katalon.core.keyword.internal.KeywordExecutor.executeKeywordForPlatform(KeywordExecutor.groovy:56)
	at com.kms.katalon.core.webui.keyword.WebUiBuiltInKeywords.verifyElementPresent(WebUiBuiltInKeywords.groovy:1434)
	at com.kms.katalon.core.webui.keyword.WebUiBuiltInKeywords$verifyElementPresent$7.call(Unknown Source)
	at Participants_DashBoard_page.run(Participants_DashBoard_page:18)
	at com.kms.katalon.core.main.ScriptEngine.run(ScriptEngine.java:194)
	at com.kms.katalon.core.main.ScriptEngine.runScriptAsRawText(ScriptEngine.java:119)
	at com.kms.katalon.core.main.TestCaseExecutor.runScript(TestCaseExecutor.java:331)
	at com.kms.katalon.core.main.TestCaseExecutor.doExecute(TestCaseExecutor.java:322)
	at com.kms.katalon.core.main.TestCaseExecutor.processExecutionPhase(TestCaseExecutor.java:301)
	at com.kms.katalon.core.main.TestCaseExecutor.accessMainPhase(TestCaseExecutor.java:293)
	at com.kms.katalon.core.main.TestCaseExecutor.execute(TestCaseExecutor.java:227)
	at com.kms.katalon.core.main.TestCaseMain.runTestCase(TestCaseMain.java:114)
	at com.kms.katalon.core.keyword.builtin.CallTestCaseKeyword$_callTestCase_closure1.doCall(CallTestCaseKeyword.groovy:59)
	at com.kms.katalon.core.keyword.builtin.CallTestCaseKeyword$_callTestCase_closure1.call(CallTestCaseKeyword.groovy)
	at com.kms.katalon.core.keyword.internal.KeywordMain.runKeyword(KeywordMain.groovy:66)
	at com.kms.katalon.core.keyword.builtin.CallTestCaseKeyword.callTestCase(CallTestCaseKeyword.groovy:81)
	at com.kms.katalon.core.keyword.builtin.CallTestCaseKeyword.execute(CallTestCaseKeyword.groovy:44)
	at com.kms.katalon.core.keyword.internal.KeywordExecutor.executeKeywordForPlatform(KeywordExecutor.groovy:56)
	at com.kms.katalon.core.keyword.BuiltinKeywords.callTestCase(BuiltinKeywords.groovy:334)
	at DashBoard_Validate.run(DashBoard_Validate:20)
	at com.kms.katalon.core.main.ScriptEngine.run(ScriptEngine.java:194)
	at com.kms.katalon.core.main.ScriptEngine.runScriptAsRawText(ScriptEngine.java:119)
	at com.kms.katalon.core.main.TestCaseExecutor.runScript(TestCaseExecutor.java:331)
	at com.kms.katalon.core.main.TestCaseExecutor.doExecute(TestCaseExecutor.java:322)
	at com.kms.katalon.core.main.TestCaseExecutor.processExecutionPhase(TestCaseExecutor.java:301)
	at com.kms.katalon.core.main.TestCaseExecutor.accessMainPhase(TestCaseExecutor.java:293)
	at com.kms.katalon.core.main.TestCaseExecutor.execute(TestCaseExecutor.java:227)
	at com.kms.katalon.core.main.TestSuiteExecutor.accessTestCaseMainPhase(TestSuiteExecutor.java:129)
	at com.kms.katalon.core.main.TestSuiteExecutor.accessTestSuiteMainPhase(TestSuiteExecutor.java:112)
	at com.kms.katalon.core.main.TestSuiteExecutor.execute(TestSuiteExecutor.java:81)
	at com.kms.katalon.core.main.TestCaseMain.startTestSuite(TestCaseMain.java:157)
	at com.kms.katalon.core.main.TestCaseMain$startTestSuite$0.call(Unknown Source)
	at TempTestSuite1554985830039.run(TempTestSuite1554985830039.groovy:35)
Caused by: com.kms.katalon.core.exception.StepFailedException: com.kms.katalon.core.webui.exception.WebElementNotFoundException: Web element with id: 'Object Repository/Participants_Page_OR/dashBoard/Page_Healthcare Manager/h1_Participants' located by 'By.xpath: //h1[(text() = 'Participants' or . = 'Participants')]' not found
	at com.kms.katalon.core.webui.keyword.internal.WebUIKeywordMain.stepFailed(WebUIKeywordMain.groovy:64)
	at com.kms.katalon.core.webui.keyword.builtin.VerifyElementPresentKeyword$_verifyElementPresent_closure1.doCall(VerifyElementPresentKeyword.groovy:85)
	at com.kms.katalon.core.webui.keyword.builtin.VerifyElementPresentKeyword$_verifyElementPresent_closure1.call(VerifyElementPresentKeyword.groovy)
	at com.kms.katalon.core.webui.keyword.internal.WebUIKeywordMain.runKeyword(WebUIKeywordMain.groovy:20)
	... 35 more


2019-04-11 18:00:54 - [TEST_STEP][PASSED] - click(findTestObject("Home_Page_OR/Page_Healthcare Manager/p_Participants")): Object: 'Object Repository/Home_Page_OR/Page_Healthcare Manager/p_Participants' is clicked on

2019-04-11 18:00:56 - [MESSAGE][PASSED] - Object: 'Object Repository/Home_Page_OR/Page_Healthcare Manager/p_Participants' is clicked on

2019-04-11 18:00:56 - [TEST_STEP][FAILED] - verifyElementPresent(findTestObject("Participants_Page_OR/dashBoard/Page_Healthcare Manager/h1_Participants"), 10): verifyElementPresent(findTestObject("Participants_Page_OR/dashBoard/Page_Healthcare Manager/h1_Participants"), 10) FAILED.
Reason:
com.kms.katalon.core.exception.StepFailedException: Unable to verify object 'Object Repository/Participants_Page_OR/dashBoard/Page_Healthcare Manager/h1_Participants' is present
	at com.kms.katalon.core.webui.keyword.internal.WebUIKeywordMain.stepFailed(WebUIKeywordMain.groovy:64)
	at com.kms.katalon.core.webui.keyword.internal.WebUIKeywordMain.runKeyword(WebUIKeywordMain.groovy:26)
	at com.kms.katalon.core.webui.keyword.builtin.VerifyElementPresentKeyword.verifyElementPresent(VerifyElementPresentKeyword.groovy:92)
	at com.kms.katalon.core.webui.keyword.builtin.VerifyElementPresentKeyword.execute(VerifyElementPresentKeyword.groovy:68)
	at com.kms.katalon.core.keyword.internal.KeywordExecutor.executeKeywordForPlatform(KeywordExecutor.groovy:56)
	at com.kms.katalon.core.webui.keyword.WebUiBuiltInKeywords.verifyElementPresent(WebUiBuiltInKeywords.groovy:1434)
	at com.kms.katalon.core.webui.keyword.WebUiBuiltInKeywords$verifyElementPresent$7.call(Unknown Source)
	at Participants_DashBoard_page.run(Participants_DashBoard_page:18)
	at com.kms.katalon.core.main.ScriptEngine.run(ScriptEngine.java:194)
	at com.kms.katalon.core.main.ScriptEngine.runScriptAsRawText(ScriptEngine.java:119)
	at com.kms.katalon.core.main.TestCaseExecutor.runScript(TestCaseExecutor.java:331)
	at com.kms.katalon.core.main.TestCaseExecutor.doExecute(TestCaseExecutor.java:322)
	at com.kms.katalon.core.main.TestCaseExecutor.processExecutionPhase(TestCaseExecutor.java:301)
	at com.kms.katalon.core.main.TestCaseExecutor.accessMainPhase(TestCaseExecutor.java:293)
	at com.kms.katalon.core.main.TestCaseExecutor.execute(TestCaseExecutor.java:227)
	at com.kms.katalon.core.main.TestCaseMain.runTestCase(TestCaseMain.java:114)
	at com.kms.katalon.core.keyword.builtin.CallTestCaseKeyword$_callTestCase_closure1.doCall(CallTestCaseKeyword.groovy:59)
	at com.kms.katalon.core.keyword.builtin.CallTestCaseKeyword$_callTestCase_closure1.call(CallTestCaseKeyword.groovy)
	at com.kms.katalon.core.keyword.internal.KeywordMain.runKeyword(KeywordMain.groovy:66)
	at com.kms.katalon.core.keyword.builtin.CallTestCaseKeyword.callTestCase(CallTestCaseKeyword.groovy:81)
	at com.kms.katalon.core.keyword.builtin.CallTestCaseKeyword.execute(CallTestCaseKeyword.groovy:44)
	at com.kms.katalon.core.keyword.internal.KeywordExecutor.executeKeywordForPlatform(KeywordExecutor.groovy:56)
	at com.kms.katalon.core.keyword.BuiltinKeywords.callTestCase(BuiltinKeywords.groovy:334)
	at DashBoard_Validate.run(DashBoard_Validate:20)
	at com.kms.katalon.core.main.ScriptEngine.run(ScriptEngine.java:194)
	at com.kms.katalon.core.main.ScriptEngine.runScriptAsRawText(ScriptEngine.java:119)
	at com.kms.katalon.core.main.TestCaseExecutor.runScript(TestCaseExecutor.java:331)
	at com.kms.katalon.core.main.TestCaseExecutor.doExecute(TestCaseExecutor.java:322)
	at com.kms.katalon.core.main.TestCaseExecutor.processExecutionPhase(TestCaseExecutor.java:301)
	at com.kms.katalon.core.main.TestCaseExecutor.accessMainPhase(TestCaseExecutor.java:293)
	at com.kms.katalon.core.main.TestCaseExecutor.execute(TestCaseExecutor.java:227)
	at com.kms.katalon.core.main.TestSuiteExecutor.accessTestCaseMainPhase(TestSuiteExecutor.java:129)
	at com.kms.katalon.core.main.TestSuiteExecutor.accessTestSuiteMainPhase(TestSuiteExecutor.java:112)
	at com.kms.katalon.core.main.TestSuiteExecutor.execute(TestSuiteExecutor.java:81)
	at com.kms.katalon.core.main.TestCaseMain.startTestSuite(TestCaseMain.java:157)
	at com.kms.katalon.core.main.TestCaseMain$startTestSuite$0.call(Unknown Source)
	at TempTestSuite1554985830039.run(TempTestSuite1554985830039.groovy:35)
Caused by: com.kms.katalon.core.exception.StepFailedException: com.kms.katalon.core.webui.exception.WebElementNotFoundException: Web element with id: 'Object Repository/Participants_Page_OR/dashBoard/Page_Healthcare Manager/h1_Participants' located by 'By.xpath: //h1[(text() = 'Participants' or . = 'Participants')]' not found
	at com.kms.katalon.core.webui.keyword.internal.WebUIKeywordMain.stepFailed(WebUIKeywordMain.groovy:64)
	at com.kms.katalon.core.webui.keyword.builtin.VerifyElementPresentKeyword$_verifyElementPresent_closure1.doCall(VerifyElementPresentKeyword.groovy:85)
	at com.kms.katalon.core.webui.keyword.builtin.VerifyElementPresentKeyword$_verifyElementPresent_closure1.call(VerifyElementPresentKeyword.groovy)
	at com.kms.katalon.core.webui.keyword.internal.WebUIKeywordMain.runKeyword(WebUIKeywordMain.groovy:20)
	... 35 more


2019-04-11 18:01:06 - [MESSAGE][INFO] - Unable to find the element located by 'By.xpath: //h1[(text() = 'Participants' or . = 'Participants')]'. Please recheck the objects properties to make sure the desired element is located. 

2019-04-11 18:01:06 - [MESSAGE][FAILED] - com.kms.katalon.core.webui.exception.WebElementNotFoundException: Web element with id: 'Object Repository/Participants_Page_OR/dashBoard/Page_Healthcare Manager/h1_Participants' located by 'By.xpath: //h1[(text() = 'Participants' or . = 'Participants')]' not found (Root cause: com.kms.katalon.core.exception.StepFailedException: com.kms.katalon.core.webui.exception.WebElementNotFoundException: Web element with id: 'Object Repository/Participants_Page_OR/dashBoard/Page_Healthcare Manager/h1_Participants' located by 'By.xpath: //h1[(text() = 'Participants' or . = 'Participants')]' not found
	at com.kms.katalon.core.webui.keyword.internal.WebUIKeywordMain.stepFailed(WebUIKeywordMain.groovy:64)
	at com.kms.katalon.core.webui.keyword.builtin.VerifyElementPresentKeyword$_verifyElementPresent_closure1.doCall(VerifyElementPresentKeyword.groovy:85)
	at com.kms.katalon.core.webui.keyword.builtin.VerifyElementPresentKeyword$_verifyElementPresent_closure1.call(VerifyElementPresentKeyword.groovy)
	at com.kms.katalon.core.webui.keyword.internal.WebUIKeywordMain.runKeyword(WebUIKeywordMain.groovy:20)
	at com.kms.katalon.core.webui.keyword.builtin.VerifyElementPresentKeyword.verifyElementPresent(VerifyElementPresentKeyword.groovy:92)
	at com.kms.katalon.core.webui.keyword.builtin.VerifyElementPresentKeyword.execute(VerifyElementPresentKeyword.groovy:68)
	at com.kms.katalon.core.keyword.internal.KeywordExecutor.executeKeywordForPlatform(KeywordExecutor.groovy:56)
	at com.kms.katalon.core.webui.keyword.WebUiBuiltInKeywords.verifyElementPresent(WebUiBuiltInKeywords.groovy:1434)
	at com.kms.katalon.core.webui.keyword.WebUiBuiltInKeywords$verifyElementPresent$7.call(Unknown Source)
	at Participants_DashBoard_page.run(Participants_DashBoard_page:18)
	at com.kms.katalon.core.main.ScriptEngine.run(ScriptEngine.java:194)
	at com.kms.katalon.core.main.ScriptEngine.runScriptAsRawText(ScriptEngine.java:119)
	at com.kms.katalon.core.main.TestCaseExecutor.runScript(TestCaseExecutor.java:331)
	at com.kms.katalon.core.main.TestCaseExecutor.doExecute(TestCaseExecutor.java:322)
	at com.kms.katalon.core.main.TestCaseExecutor.processExecutionPhase(TestCaseExecutor.java:301)
	at com.kms.katalon.core.main.TestCaseExecutor.accessMainPhase(TestCaseExecutor.java:293)
	at com.kms.katalon.core.main.TestCaseExecutor.execute(TestCaseExecutor.java:227)
	at com.kms.katalon.core.main.TestCaseMain.runTestCase(TestCaseMain.java:114)
	at com.kms.katalon.core.keyword.builtin.CallTestCaseKeyword$_callTestCase_closure1.doCall(CallTestCaseKeyword.groovy:59)
	at com.kms.katalon.core.keyword.builtin.CallTestCaseKeyword$_callTestCase_closure1.call(CallTestCaseKeyword.groovy)
	at com.kms.katalon.core.keyword.internal.KeywordMain.runKeyword(KeywordMain.groovy:66)
	at com.kms.katalon.core.keyword.builtin.CallTestCaseKeyword.callTestCase(CallTestCaseKeyword.groovy:81)
	at com.kms.katalon.core.keyword.builtin.CallTestCaseKeyword.execute(CallTestCaseKeyword.groovy:44)
	at com.kms.katalon.core.keyword.internal.KeywordExecutor.executeKeywordForPlatform(KeywordExecutor.groovy:56)
	at com.kms.katalon.core.keyword.BuiltinKeywords.callTestCase(BuiltinKeywords.groovy:334)
	at DashBoard_Validate.run(DashBoard_Validate:20)
	at com.kms.katalon.core.main.ScriptEngine.run(ScriptEngine.java:194)
	at com.kms.katalon.core.main.ScriptEngine.runScriptAsRawText(ScriptEngine.java:119)
	at com.kms.katalon.core.main.TestCaseExecutor.runScript(TestCaseExecutor.java:331)
	at com.kms.katalon.core.main.TestCaseExecutor.doExecute(TestCaseExecutor.java:322)
	at com.kms.katalon.core.main.TestCaseExecutor.processExecutionPhase(TestCaseExecutor.java:301)
	at com.kms.katalon.core.main.TestCaseExecutor.accessMainPhase(TestCaseExecutor.java:293)
	at com.kms.katalon.core.main.TestCaseExecutor.execute(TestCaseExecutor.java:227)
	at com.kms.katalon.core.main.TestSuiteExecutor.accessTestCaseMainPhase(TestSuiteExecutor.java:129)
	at com.kms.katalon.core.main.TestSuiteExecutor.accessTestSuiteMainPhase(TestSuiteExecutor.java:112)
	at com.kms.katalon.core.main.TestSuiteExecutor.execute(TestSuiteExecutor.java:81)
	at com.kms.katalon.core.main.TestCaseMain.startTestSuite(TestCaseMain.java:157)
	at com.kms.katalon.core.main.TestCaseMain$startTestSuite$0.call(Unknown Source)
	at TempTestSuite1554985830039.run(TempTestSuite1554985830039.groovy:35)
)
[[ATTACHMENT|C:\\Users\\win10\\git\\hcm_qa\\OCS_HCM\\OCS_HCM\\Reports\\ParticipantsPage Test\\20190411_180030\\1554985866490.png]]

2019-04-11 18:01:06 - [MESSAGE][FAILED] - Unable to verify object 'Object Repository/Participants_Page_OR/dashBoard/Page_Healthcare Manager/h1_Participants' is present (Root cause: com.kms.katalon.core.exception.StepFailedException: Unable to verify object 'Object Repository/Participants_Page_OR/dashBoard/Page_Healthcare Manager/h1_Participants' is present
	at com.kms.katalon.core.webui.keyword.internal.WebUIKeywordMain.stepFailed(WebUIKeywordMain.groovy:64)
	at com.kms.katalon.core.webui.keyword.internal.WebUIKeywordMain.runKeyword(WebUIKeywordMain.groovy:26)
	at com.kms.katalon.core.webui.keyword.builtin.VerifyElementPresentKeyword.verifyElementPresent(VerifyElementPresentKeyword.groovy:92)
	at com.kms.katalon.core.webui.keyword.builtin.VerifyElementPresentKeyword.execute(VerifyElementPresentKeyword.groovy:68)
	at com.kms.katalon.core.keyword.internal.KeywordExecutor.executeKeywordForPlatform(KeywordExecutor.groovy:56)
	at com.kms.katalon.core.webui.keyword.WebUiBuiltInKeywords.verifyElementPresent(WebUiBuiltInKeywords.groovy:1434)
	at com.kms.katalon.core.webui.keyword.WebUiBuiltInKeywords$verifyElementPresent$7.call(Unknown Source)
	at Participants_DashBoard_page.run(Participants_DashBoard_page:18)
	at com.kms.katalon.core.main.ScriptEngine.run(ScriptEngine.java:194)
	at com.kms.katalon.core.main.ScriptEngine.runScriptAsRawText(ScriptEngine.java:119)
	at com.kms.katalon.core.main.TestCaseExecutor.runScript(TestCaseExecutor.java:331)
	at com.kms.katalon.core.main.TestCaseExecutor.doExecute(TestCaseExecutor.java:322)
	at com.kms.katalon.core.main.TestCaseExecutor.processExecutionPhase(TestCaseExecutor.java:301)
	at com.kms.katalon.core.main.TestCaseExecutor.accessMainPhase(TestCaseExecutor.java:293)
	at com.kms.katalon.core.main.TestCaseExecutor.execute(TestCaseExecutor.java:227)
	at com.kms.katalon.core.main.TestCaseMain.runTestCase(TestCaseMain.java:114)
	at com.kms.katalon.core.keyword.builtin.CallTestCaseKeyword$_callTestCase_closure1.doCall(CallTestCaseKeyword.groovy:59)
	at com.kms.katalon.core.keyword.builtin.CallTestCaseKeyword$_callTestCase_closure1.call(CallTestCaseKeyword.groovy)
	at com.kms.katalon.core.keyword.internal.KeywordMain.runKeyword(KeywordMain.groovy:66)
	at com.kms.katalon.core.keyword.builtin.CallTestCaseKeyword.callTestCase(CallTestCaseKeyword.groovy:81)
	at com.kms.katalon.core.keyword.builtin.CallTestCaseKeyword.execute(CallTestCaseKeyword.groovy:44)
	at com.kms.katalon.core.keyword.internal.KeywordExecutor.executeKeywordForPlatform(KeywordExecutor.groovy:56)
	at com.kms.katalon.core.keyword.BuiltinKeywords.callTestCase(BuiltinKeywords.groovy:334)
	at DashBoard_Validate.run(DashBoard_Validate:20)
	at com.kms.katalon.core.main.ScriptEngine.run(ScriptEngine.java:194)
	at com.kms.katalon.core.main.ScriptEngine.runScriptAsRawText(ScriptEngine.java:119)
	at com.kms.katalon.core.main.TestCaseExecutor.runScript(TestCaseExecutor.java:331)
	at com.kms.katalon.core.main.TestCaseExecutor.doExecute(TestCaseExecutor.java:322)
	at com.kms.katalon.core.main.TestCaseExecutor.processExecutionPhase(TestCaseExecutor.java:301)
	at com.kms.katalon.core.main.TestCaseExecutor.accessMainPhase(TestCaseExecutor.java:293)
	at com.kms.katalon.core.main.TestCaseExecutor.execute(TestCaseExecutor.java:227)
	at com.kms.katalon.core.main.TestSuiteExecutor.accessTestCaseMainPhase(TestSuiteExecutor.java:129)
	at com.kms.katalon.core.main.TestSuiteExecutor.accessTestSuiteMainPhase(TestSuiteExecutor.java:112)
	at com.kms.katalon.core.main.TestSuiteExecutor.execute(TestSuiteExecutor.java:81)
	at com.kms.katalon.core.main.TestCaseMain.startTestSuite(TestCaseMain.java:157)
	at com.kms.katalon.core.main.TestCaseMain$startTestSuite$0.call(Unknown Source)
	at TempTestSuite1554985830039.run(TempTestSuite1554985830039.groovy:35)
Caused by: com.kms.katalon.core.exception.StepFailedException: com.kms.katalon.core.webui.exception.WebElementNotFoundException: Web element with id: 'Object Repository/Participants_Page_OR/dashBoard/Page_Healthcare Manager/h1_Participants' located by 'By.xpath: //h1[(text() = 'Participants' or . = 'Participants')]' not found
	at com.kms.katalon.core.webui.keyword.internal.WebUIKeywordMain.stepFailed(WebUIKeywordMain.groovy:64)
	at com.kms.katalon.core.webui.keyword.builtin.VerifyElementPresentKeyword$_verifyElementPresent_closure1.doCall(VerifyElementPresentKeyword.groovy:85)
	at com.kms.katalon.core.webui.keyword.builtin.VerifyElementPresentKeyword$_verifyElementPresent_closure1.call(VerifyElementPresentKeyword.groovy)
	at com.kms.katalon.core.webui.keyword.internal.WebUIKeywordMain.runKeyword(WebUIKeywordMain.groovy:20)
	... 35 more
)
[[ATTACHMENT|C:\\Users\\win10\\git\\hcm_qa\\OCS_HCM\\OCS_HCM\\Reports\\ParticipantsPage Test\\20190411_180030\\1554985866566.png]]

2019-04-11 18:01:06 - [MESSAGE][FAILED] - verifyElementPresent(findTestObject("Participants_Page_OR/dashBoard/Page_Healthcare Manager/h1_Participants"), 10) FAILED.
Reason:
com.kms.katalon.core.exception.StepFailedException: Unable to verify object 'Object Repository/Participants_Page_OR/dashBoard/Page_Healthcare Manager/h1_Participants' is present
	at com.kms.katalon.core.webui.keyword.internal.WebUIKeywordMain.stepFailed(WebUIKeywordMain.groovy:64)
	at com.kms.katalon.core.webui.keyword.internal.WebUIKeywordMain.runKeyword(WebUIKeywordMain.groovy:26)
	at com.kms.katalon.core.webui.keyword.builtin.VerifyElementPresentKeyword.verifyElementPresent(VerifyElementPresentKeyword.groovy:92)
	at com.kms.katalon.core.webui.keyword.builtin.VerifyElementPresentKeyword.execute(VerifyElementPresentKeyword.groovy:68)
	at com.kms.katalon.core.keyword.internal.KeywordExecutor.executeKeywordForPlatform(KeywordExecutor.groovy:56)
	at com.kms.katalon.core.webui.keyword.WebUiBuiltInKeywords.verifyElementPresent(WebUiBuiltInKeywords.groovy:1434)
	at com.kms.katalon.core.webui.keyword.WebUiBuiltInKeywords$verifyElementPresent$7.call(Unknown Source)
	at Participants_DashBoard_page.run(Participants_DashBoard_page:18)
	at com.kms.katalon.core.main.ScriptEngine.run(ScriptEngine.java:194)
	at com.kms.katalon.core.main.ScriptEngine.runScriptAsRawText(ScriptEngine.java:119)
	at com.kms.katalon.core.main.TestCaseExecutor.runScript(TestCaseExecutor.java:331)
	at com.kms.katalon.core.main.TestCaseExecutor.doExecute(TestCaseExecutor.java:322)
	at com.kms.katalon.core.main.TestCaseExecutor.processExecutionPhase(TestCaseExecutor.java:301)
	at com.kms.katalon.core.main.TestCaseExecutor.accessMainPhase(TestCaseExecutor.java:293)
	at com.kms.katalon.core.main.TestCaseExecutor.execute(TestCaseExecutor.java:227)
	at com.kms.katalon.core.main.TestCaseMain.runTestCase(TestCaseMain.java:114)
	at com.kms.katalon.core.keyword.builtin.CallTestCaseKeyword$_callTestCase_closure1.doCall(CallTestCaseKeyword.groovy:59)
	at com.kms.katalon.core.keyword.builtin.CallTestCaseKeyword$_callTestCase_closure1.call(CallTestCaseKeyword.groovy)
	at com.kms.katalon.core.keyword.internal.KeywordMain.runKeyword(KeywordMain.groovy:66)
	at com.kms.katalon.core.keyword.builtin.CallTestCaseKeyword.callTestCase(CallTestCaseKeyword.groovy:81)
	at com.kms.katalon.core.keyword.builtin.CallTestCaseKeyword.execute(CallTestCaseKeyword.groovy:44)
	at com.kms.katalon.core.keyword.internal.KeywordExecutor.executeKeywordForPlatform(KeywordExecutor.groovy:56)
	at com.kms.katalon.core.keyword.BuiltinKeywords.callTestCase(BuiltinKeywords.groovy:334)
	at DashBoard_Validate.run(DashBoard_Validate:20)
	at com.kms.katalon.core.main.ScriptEngine.run(ScriptEngine.java:194)
	at com.kms.katalon.core.main.ScriptEngine.runScriptAsRawText(ScriptEngine.java:119)
	at com.kms.katalon.core.main.TestCaseExecutor.runScript(TestCaseExecutor.java:331)
	at com.kms.katalon.core.main.TestCaseExecutor.doExecute(TestCaseExecutor.java:322)
	at com.kms.katalon.core.main.TestCaseExecutor.processExecutionPhase(TestCaseExecutor.java:301)
	at com.kms.katalon.core.main.TestCaseExecutor.accessMainPhase(TestCaseExecutor.java:293)
	at com.kms.katalon.core.main.TestCaseExecutor.execute(TestCaseExecutor.java:227)
	at com.kms.katalon.core.main.TestSuiteExecutor.accessTestCaseMainPhase(TestSuiteExecutor.java:129)
	at com.kms.katalon.core.main.TestSuiteExecutor.accessTestSuiteMainPhase(TestSuiteExecutor.java:112)
	at com.kms.katalon.core.main.TestSuiteExecutor.execute(TestSuiteExecutor.java:81)
	at com.kms.katalon.core.main.TestCaseMain.startTestSuite(TestCaseMain.java:157)
	at com.kms.katalon.core.main.TestCaseMain$startTestSuite$0.call(Unknown Source)
	at TempTestSuite1554985830039.run(TempTestSuite1554985830039.groovy:35)
Caused by: com.kms.katalon.core.exception.StepFailedException: com.kms.katalon.core.webui.exception.WebElementNotFoundException: Web element with id: 'Object Repository/Participants_Page_OR/dashBoard/Page_Healthcare Manager/h1_Participants' located by 'By.xpath: //h1[(text() = 'Participants' or . = 'Participants')]' not found
	at com.kms.katalon.core.webui.keyword.internal.WebUIKeywordMain.stepFailed(WebUIKeywordMain.groovy:64)
	at com.kms.katalon.core.webui.keyword.builtin.VerifyElementPresentKeyword$_verifyElementPresent_closure1.doCall(VerifyElementPresentKeyword.groovy:85)
	at com.kms.katalon.core.webui.keyword.builtin.VerifyElementPresentKeyword$_verifyElementPresent_closure1.call(VerifyElementPresentKeyword.groovy)
	at com.kms.katalon.core.webui.keyword.internal.WebUIKeywordMain.runKeyword(WebUIKeywordMain.groovy:20)
	... 35 more


2019-04-11 18:01:06 - [MESSAGE][FAILED] - Unable to call Test Case 'Test Cases/OCS_Page/Participants_page/Participants_DashBoard_page' (Root cause: com.kms.katalon.core.exception.StepFailedException: Call Test Case 'Test Cases/OCS_Page/Participants_page/Participants_DashBoard_page' failed
	at com.kms.katalon.core.keyword.builtin.CallTestCaseKeyword$_callTestCase_closure1.doCall(CallTestCaseKeyword.groovy:63)
	at com.kms.katalon.core.keyword.builtin.CallTestCaseKeyword$_callTestCase_closure1.call(CallTestCaseKeyword.groovy)
	at com.kms.katalon.core.keyword.internal.KeywordMain.runKeyword(KeywordMain.groovy:66)
	at com.kms.katalon.core.keyword.builtin.CallTestCaseKeyword.callTestCase(CallTestCaseKeyword.groovy:81)
	at com.kms.katalon.core.keyword.builtin.CallTestCaseKeyword.execute(CallTestCaseKeyword.groovy:44)
	at com.kms.katalon.core.keyword.internal.KeywordExecutor.executeKeywordForPlatform(KeywordExecutor.groovy:56)
	at com.kms.katalon.core.keyword.BuiltinKeywords.callTestCase(BuiltinKeywords.groovy:334)
	at DashBoard_Validate.run(DashBoard_Validate:20)
	at com.kms.katalon.core.main.ScriptEngine.run(ScriptEngine.java:194)
	at com.kms.katalon.core.main.ScriptEngine.runScriptAsRawText(ScriptEngine.java:119)
	at com.kms.katalon.core.main.TestCaseExecutor.runScript(TestCaseExecutor.java:331)
	at com.kms.katalon.core.main.TestCaseExecutor.doExecute(TestCaseExecutor.java:322)
	at com.kms.katalon.core.main.TestCaseExecutor.processExecutionPhase(TestCaseExecutor.java:301)
	at com.kms.katalon.core.main.TestCaseExecutor.accessMainPhase(TestCaseExecutor.java:293)
	at com.kms.katalon.core.main.TestCaseExecutor.execute(TestCaseExecutor.java:227)
	at com.kms.katalon.core.main.TestSuiteExecutor.accessTestCaseMainPhase(TestSuiteExecutor.java:129)
	at com.kms.katalon.core.main.TestSuiteExecutor.accessTestSuiteMainPhase(TestSuiteExecutor.java:112)
	at com.kms.katalon.core.main.TestSuiteExecutor.execute(TestSuiteExecutor.java:81)
	at com.kms.katalon.core.main.TestCaseMain.startTestSuite(TestCaseMain.java:157)
	at com.kms.katalon.core.main.TestCaseMain$startTestSuite$0.call(Unknown Source)
	at TempTestSuite1554985830039.run(TempTestSuite1554985830039.groovy:35)
Caused by: com.kms.katalon.core.exception.StepFailedException: Unable to verify object 'Object Repository/Participants_Page_OR/dashBoard/Page_Healthcare Manager/h1_Participants' is present
	at com.kms.katalon.core.webui.keyword.internal.WebUIKeywordMain.stepFailed(WebUIKeywordMain.groovy:64)
	at com.kms.katalon.core.webui.keyword.internal.WebUIKeywordMain.runKeyword(WebUIKeywordMain.groovy:26)
	at com.kms.katalon.core.webui.keyword.builtin.VerifyElementPresentKeyword.verifyElementPresent(VerifyElementPresentKeyword.groovy:92)
	at com.kms.katalon.core.webui.keyword.builtin.VerifyElementPresentKeyword.execute(VerifyElementPresentKeyword.groovy:68)
	at com.kms.katalon.core.keyword.internal.KeywordExecutor.executeKeywordForPlatform(KeywordExecutor.groovy:56)
	at com.kms.katalon.core.webui.keyword.WebUiBuiltInKeywords.verifyElementPresent(WebUiBuiltInKeywords.groovy:1434)
	at com.kms.katalon.core.webui.keyword.WebUiBuiltInKeywords$verifyElementPresent$7.call(Unknown Source)
	at Participants_DashBoard_page.run(Participants_DashBoard_page:18)
	at com.kms.katalon.core.main.ScriptEngine.run(ScriptEngine.java:194)
	at com.kms.katalon.core.main.ScriptEngine.runScriptAsRawText(ScriptEngine.java:119)
	at com.kms.katalon.core.main.TestCaseExecutor.runScript(TestCaseExecutor.java:331)
	at com.kms.katalon.core.main.TestCaseExecutor.doExecute(TestCaseExecutor.java:322)
	at com.kms.katalon.core.main.TestCaseExecutor.processExecutionPhase(TestCaseExecutor.java:301)
	at com.kms.katalon.core.main.TestCaseExecutor.accessMainPhase(TestCaseExecutor.java:293)
	at com.kms.katalon.core.main.TestCaseExecutor.execute(TestCaseExecutor.java:227)
	at com.kms.katalon.core.main.TestCaseMain.runTestCase(TestCaseMain.java:114)
	at com.kms.katalon.core.keyword.builtin.CallTestCaseKeyword$_callTestCase_closure1.doCall(CallTestCaseKeyword.groovy:59)
	... 20 more
Caused by: com.kms.katalon.core.exception.StepFailedException: com.kms.katalon.core.webui.exception.WebElementNotFoundException: Web element with id: 'Object Repository/Participants_Page_OR/dashBoard/Page_Healthcare Manager/h1_Participants' located by 'By.xpath: //h1[(text() = 'Participants' or . = 'Participants')]' not found
	at com.kms.katalon.core.webui.keyword.internal.WebUIKeywordMain.stepFailed(WebUIKeywordMain.groovy:64)
	at com.kms.katalon.core.webui.keyword.builtin.VerifyElementPresentKeyword$_verifyElementPresent_closure1.doCall(VerifyElementPresentKeyword.groovy:85)
	at com.kms.katalon.core.webui.keyword.builtin.VerifyElementPresentKeyword$_verifyElementPresent_closure1.call(VerifyElementPresentKeyword.groovy)
	at com.kms.katalon.core.webui.keyword.internal.WebUIKeywordMain.runKeyword(WebUIKeywordMain.groovy:20)
	... 35 more
)

2019-04-11 18:01:06 - [MESSAGE][FAILED] - callTestCase(findTestCase("OCS_Page/Participants_page/Participants_DashBoard_page"), [:], STOP_ON_FAILURE) FAILED.
Reason:
com.kms.katalon.core.exception.StepFailedException: Call Test Case 'Test Cases/OCS_Page/Participants_page/Participants_DashBoard_page' failed
	at com.kms.katalon.core.keyword.builtin.CallTestCaseKeyword$_callTestCase_closure1.doCall(CallTestCaseKeyword.groovy:63)
	at com.kms.katalon.core.keyword.builtin.CallTestCaseKeyword$_callTestCase_closure1.call(CallTestCaseKeyword.groovy)
	at com.kms.katalon.core.keyword.internal.KeywordMain.runKeyword(KeywordMain.groovy:66)
	at com.kms.katalon.core.keyword.builtin.CallTestCaseKeyword.callTestCase(CallTestCaseKeyword.groovy:81)
	at com.kms.katalon.core.keyword.builtin.CallTestCaseKeyword.execute(CallTestCaseKeyword.groovy:44)
	at com.kms.katalon.core.keyword.internal.KeywordExecutor.executeKeywordForPlatform(KeywordExecutor.groovy:56)
	at com.kms.katalon.core.keyword.BuiltinKeywords.callTestCase(BuiltinKeywords.groovy:334)
	at DashBoard_Validate.run(DashBoard_Validate:20)
	at com.kms.katalon.core.main.ScriptEngine.run(ScriptEngine.java:194)
	at com.kms.katalon.core.main.ScriptEngine.runScriptAsRawText(ScriptEngine.java:119)
	at com.kms.katalon.core.main.TestCaseExecutor.runScript(TestCaseExecutor.java:331)
	at com.kms.katalon.core.main.TestCaseExecutor.doExecute(TestCaseExecutor.java:322)
	at com.kms.katalon.core.main.TestCaseExecutor.processExecutionPhase(TestCaseExecutor.java:301)
	at com.kms.katalon.core.main.TestCaseExecutor.accessMainPhase(TestCaseExecutor.java:293)
	at com.kms.katalon.core.main.TestCaseExecutor.execute(TestCaseExecutor.java:227)
	at com.kms.katalon.core.main.TestSuiteExecutor.accessTestCaseMainPhase(TestSuiteExecutor.java:129)
	at com.kms.katalon.core.main.TestSuiteExecutor.accessTestSuiteMainPhase(TestSuiteExecutor.java:112)
	at com.kms.katalon.core.main.TestSuiteExecutor.execute(TestSuiteExecutor.java:81)
	at com.kms.katalon.core.main.TestCaseMain.startTestSuite(TestCaseMain.java:157)
	at com.kms.katalon.core.main.TestCaseMain$startTestSuite$0.call(Unknown Source)
	at TempTestSuite1554985830039.run(TempTestSuite1554985830039.groovy:35)
Caused by: com.kms.katalon.core.exception.StepFailedException: Unable to verify object 'Object Repository/Participants_Page_OR/dashBoard/Page_Healthcare Manager/h1_Participants' is present
	at com.kms.katalon.core.webui.keyword.internal.WebUIKeywordMain.stepFailed(WebUIKeywordMain.groovy:64)
	at com.kms.katalon.core.webui.keyword.internal.WebUIKeywordMain.runKeyword(WebUIKeywordMain.groovy:26)
	at com.kms.katalon.core.webui.keyword.builtin.VerifyElementPresentKeyword.verifyElementPresent(VerifyElementPresentKeyword.groovy:92)
	at com.kms.katalon.core.webui.keyword.builtin.VerifyElementPresentKeyword.execute(VerifyElementPresentKeyword.groovy:68)
	at com.kms.katalon.core.keyword.internal.KeywordExecutor.executeKeywordForPlatform(KeywordExecutor.groovy:56)
	at com.kms.katalon.core.webui.keyword.WebUiBuiltInKeywords.verifyElementPresent(WebUiBuiltInKeywords.groovy:1434)
	at com.kms.katalon.core.webui.keyword.WebUiBuiltInKeywords$verifyElementPresent$7.call(Unknown Source)
	at Participants_DashBoard_page.run(Participants_DashBoard_page:18)
	at com.kms.katalon.core.main.ScriptEngine.run(ScriptEngine.java:194)
	at com.kms.katalon.core.main.ScriptEngine.runScriptAsRawText(ScriptEngine.java:119)
	at com.kms.katalon.core.main.TestCaseExecutor.runScript(TestCaseExecutor.java:331)
	at com.kms.katalon.core.main.TestCaseExecutor.doExecute(TestCaseExecutor.java:322)
	at com.kms.katalon.core.main.TestCaseExecutor.processExecutionPhase(TestCaseExecutor.java:301)
	at com.kms.katalon.core.main.TestCaseExecutor.accessMainPhase(TestCaseExecutor.java:293)
	at com.kms.katalon.core.main.TestCaseExecutor.execute(TestCaseExecutor.java:227)
	at com.kms.katalon.core.main.TestCaseMain.runTestCase(TestCaseMain.java:114)
	at com.kms.katalon.core.keyword.builtin.CallTestCaseKeyword$_callTestCase_closure1.doCall(CallTestCaseKeyword.groovy:59)
	... 20 more
Caused by: com.kms.katalon.core.exception.StepFailedException: com.kms.katalon.core.webui.exception.WebElementNotFoundException: Web element with id: 'Object Repository/Participants_Page_OR/dashBoard/Page_Healthcare Manager/h1_Participants' located by 'By.xpath: //h1[(text() = 'Participants' or . = 'Participants')]' not found
	at com.kms.katalon.core.webui.keyword.internal.WebUIKeywordMain.stepFailed(WebUIKeywordMain.groovy:64)
	at com.kms.katalon.core.webui.keyword.builtin.VerifyElementPresentKeyword$_verifyElementPresent_closure1.doCall(VerifyElementPresentKeyword.groovy:85)
	at com.kms.katalon.core.webui.keyword.builtin.VerifyElementPresentKeyword$_verifyElementPresent_closure1.call(VerifyElementPresentKeyword.groovy)
	at com.kms.katalon.core.webui.keyword.internal.WebUIKeywordMain.runKeyword(WebUIKeywordMain.groovy:20)
	... 35 more]]></system-out>
         <system-err><![CDATA[2019-04-11 18:00:34 - [TEST_CASE][FAILED] - Test Cases/OCS_Page_Test/Participants_Test/DashBoard_Validate: Test Cases/OCS_Page_Test/Participants_Test/DashBoard_Validate FAILED.
Reason:
com.kms.katalon.core.exception.StepFailedException: Call Test Case 'Test Cases/OCS_Page/Participants_page/Participants_DashBoard_page' failed
	at com.kms.katalon.core.keyword.builtin.CallTestCaseKeyword$_callTestCase_closure1.doCall(CallTestCaseKeyword.groovy:63)
	at com.kms.katalon.core.keyword.builtin.CallTestCaseKeyword$_callTestCase_closure1.call(CallTestCaseKeyword.groovy)
	at com.kms.katalon.core.keyword.internal.KeywordMain.runKeyword(KeywordMain.groovy:66)
	at com.kms.katalon.core.keyword.builtin.CallTestCaseKeyword.callTestCase(CallTestCaseKeyword.groovy:81)
	at com.kms.katalon.core.keyword.builtin.CallTestCaseKeyword.execute(CallTestCaseKeyword.groovy:44)
	at com.kms.katalon.core.keyword.internal.KeywordExecutor.executeKeywordForPlatform(KeywordExecutor.groovy:56)
	at com.kms.katalon.core.keyword.BuiltinKeywords.callTestCase(BuiltinKeywords.groovy:334)
	at DashBoard_Validate.run(DashBoard_Validate:20)
	at com.kms.katalon.core.main.ScriptEngine.run(ScriptEngine.java:194)
	at com.kms.katalon.core.main.ScriptEngine.runScriptAsRawText(ScriptEngine.java:119)
	at com.kms.katalon.core.main.TestCaseExecutor.runScript(TestCaseExecutor.java:331)
	at com.kms.katalon.core.main.TestCaseExecutor.doExecute(TestCaseExecutor.java:322)
	at com.kms.katalon.core.main.TestCaseExecutor.processExecutionPhase(TestCaseExecutor.java:301)
	at com.kms.katalon.core.main.TestCaseExecutor.accessMainPhase(TestCaseExecutor.java:293)
	at com.kms.katalon.core.main.TestCaseExecutor.execute(TestCaseExecutor.java:227)
	at com.kms.katalon.core.main.TestSuiteExecutor.accessTestCaseMainPhase(TestSuiteExecutor.java:129)
	at com.kms.katalon.core.main.TestSuiteExecutor.accessTestSuiteMainPhase(TestSuiteExecutor.java:112)
	at com.kms.katalon.core.main.TestSuiteExecutor.execute(TestSuiteExecutor.java:81)
	at com.kms.katalon.core.main.TestCaseMain.startTestSuite(TestCaseMain.java:157)
	at com.kms.katalon.core.main.TestCaseMain$startTestSuite$0.call(Unknown Source)
	at TempTestSuite1554985830039.run(TempTestSuite1554985830039.groovy:35)
Caused by: com.kms.katalon.core.exception.StepFailedException: Unable to verify object 'Object Repository/Participants_Page_OR/dashBoard/Page_Healthcare Manager/h1_Participants' is present
	at com.kms.katalon.core.webui.keyword.internal.WebUIKeywordMain.stepFailed(WebUIKeywordMain.groovy:64)
	at com.kms.katalon.core.webui.keyword.internal.WebUIKeywordMain.runKeyword(WebUIKeywordMain.groovy:26)
	at com.kms.katalon.core.webui.keyword.builtin.VerifyElementPresentKeyword.verifyElementPresent(VerifyElementPresentKeyword.groovy:92)
	at com.kms.katalon.core.webui.keyword.builtin.VerifyElementPresentKeyword.execute(VerifyElementPresentKeyword.groovy:68)
	at com.kms.katalon.core.keyword.internal.KeywordExecutor.executeKeywordForPlatform(KeywordExecutor.groovy:56)
	at com.kms.katalon.core.webui.keyword.WebUiBuiltInKeywords.verifyElementPresent(WebUiBuiltInKeywords.groovy:1434)
	at com.kms.katalon.core.webui.keyword.WebUiBuiltInKeywords$verifyElementPresent$7.call(Unknown Source)
	at Participants_DashBoard_page.run(Participants_DashBoard_page:18)
	at com.kms.katalon.core.main.ScriptEngine.run(ScriptEngine.java:194)
	at com.kms.katalon.core.main.ScriptEngine.runScriptAsRawText(ScriptEngine.java:119)
	at com.kms.katalon.core.main.TestCaseExecutor.runScript(TestCaseExecutor.java:331)
	at com.kms.katalon.core.main.TestCaseExecutor.doExecute(TestCaseExecutor.java:322)
	at com.kms.katalon.core.main.TestCaseExecutor.processExecutionPhase(TestCaseExecutor.java:301)
	at com.kms.katalon.core.main.TestCaseExecutor.accessMainPhase(TestCaseExecutor.java:293)
	at com.kms.katalon.core.main.TestCaseExecutor.execute(TestCaseExecutor.java:227)
	at com.kms.katalon.core.main.TestCaseMain.runTestCase(TestCaseMain.java:114)
	at com.kms.katalon.core.keyword.builtin.CallTestCaseKeyword$_callTestCase_closure1.doCall(CallTestCaseKeyword.groovy:59)
	... 20 more
Caused by: com.kms.katalon.core.exception.StepFailedException: com.kms.katalon.core.webui.exception.WebElementNotFoundException: Web element with id: 'Object Repository/Participants_Page_OR/dashBoard/Page_Healthcare Manager/h1_Participants' located by 'By.xpath: //h1[(text() = 'Participants' or . = 'Participants')]' not found
	at com.kms.katalon.core.webui.keyword.internal.WebUIKeywordMain.stepFailed(WebUIKeywordMain.groovy:64)
	at com.kms.katalon.core.webui.keyword.builtin.VerifyElementPresentKeyword$_verifyElementPresent_closure1.doCall(VerifyElementPresentKeyword.groovy:85)
	at com.kms.katalon.core.webui.keyword.builtin.VerifyElementPresentKeyword$_verifyElementPresent_closure1.call(VerifyElementPresentKeyword.groovy)
	at com.kms.katalon.core.webui.keyword.internal.WebUIKeywordMain.runKeyword(WebUIKeywordMain.groovy:20)
	... 35 more]]></system-err>
      </testcase>
      <testcase name="Test Cases/OCS_Page_Test/Participants_Test/CreateParticipants_Validate" classname="Test Cases/OCS_Page_Test/Participants_Test/CreateParticipants_Validate" status="PASSED">
         <system-out><![CDATA[2019-04-11 18:01:06 - [TEST_CASE][PASSED] - Test Cases/OCS_Page_Test/Participants_Test/CreateParticipants_Validate: Test Cases/OCS_Page_Test/Participants_Test/CreateParticipants_Validate

2019-04-11 18:01:06 - [TEST_STEP][PASSED] - callTestCase(findTestCase("OCS_Page/Participants_page/Care_CreateParticipantsPage"), [:], STOP_ON_FAILURE): Call Test Case 'Test Cases/OCS_Page/Participants_page/Care_CreateParticipantsPage' successfully

2019-04-11 18:01:06 - [TEST_CASE][PASSED] - Test Cases/OCS_Page/Participants_page/Care_CreateParticipantsPage: Test Cases/OCS_Page/Participants_page/Care_CreateParticipantsPage

2019-04-11 18:01:06 - [TEST_STEP][PASSED] - callTestCase(findTestCase("OCS_Page/Participants_page/participants_CrreateNewParticippants_Page"), [:], STOP_ON_FAILURE): Call Test Case 'Test Cases/OCS_Page/Participants_page/participants_CrreateNewParticippants_Page' successfully

2019-04-11 18:01:07 - [TEST_CASE][PASSED] - Test Cases/OCS_Page/Participants_page/participants_CrreateNewParticippants_Page: Test Cases/OCS_Page/Participants_page/participants_CrreateNewParticippants_Page

2019-04-11 18:01:07 - [TEST_STEP][PASSED] - openBrowser(""): Browser is opened with url: ''

2019-04-11 18:01:07 - [MESSAGE][WARNING] - A browser is already opened. Closing browser and opening a new one

2019-04-11 18:01:07 - [MESSAGE][INFO] - Starting 'Firefox' driver

2019-04-11 18:01:10 - [MESSAGE][PASSED] - Browser is opened with url: ''

2019-04-11 18:01:10 - [TEST_STEP][PASSED] - navigateToUrl("https://ydtwebstaging.com/"): Navigate to 'https://ydtwebstaging.com/' successfully

2019-04-11 18:01:17 - [MESSAGE][PASSED] - Navigate to 'https://ydtwebstaging.com/' successfully

2019-04-11 18:01:17 - [TEST_STEP][PASSED] - setText(findTestObject("Login_Page_OB/Page_Healthcare Manager/input_Login here_username"), "archana321"): Text 'archana321' is set on object 'Object Repository/Login_Page_OB/Page_Healthcare Manager/input_Login here_username'

2019-04-11 18:01:17 - [MESSAGE][PASSED] - Text 'archana321' is set on object 'Object Repository/Login_Page_OB/Page_Healthcare Manager/input_Login here_username'

2019-04-11 18:01:17 - [TEST_STEP][PASSED] - setText(findTestObject("Login_Page_OB/Page_Healthcare Manager/input_Login here_password"), "Archana321@"): Text 'Archana321@' is set on object 'Object Repository/Login_Page_OB/Page_Healthcare Manager/input_Login here_password'

2019-04-11 18:01:17 - [MESSAGE][PASSED] - Text 'Archana321@' is set on object 'Object Repository/Login_Page_OB/Page_Healthcare Manager/input_Login here_password'

2019-04-11 18:01:17 - [TEST_STEP][PASSED] - submit(findTestObject("Login_Page_OB/Page_Healthcare Manager/button_Submit")): The form containing object: 'Object Repository/Login_Page_OB/Page_Healthcare Manager/button_Submit' is submitted

2019-04-11 18:01:17 - [MESSAGE][PASSED] - The form containing object: 'Object Repository/Login_Page_OB/Page_Healthcare Manager/button_Submit' is submitted

2019-04-11 18:01:17 - [TEST_STEP][PASSED] - click(findTestObject("Home_Page_OR/Page_Healthcare Manager/p_Participants")): Object: 'Object Repository/Home_Page_OR/Page_Healthcare Manager/p_Participants' is clicked on

2019-04-11 18:01:20 - [MESSAGE][PASSED] - Object: 'Object Repository/Home_Page_OR/Page_Healthcare Manager/p_Participants' is clicked on

2019-04-11 18:01:20 - [TEST_STEP][PASSED] - click(findTestObject("Object Repository/Participants_Page_OR/Create Participants/Page_Healthcare Manager/span_Create New Participant")): Object: 'Object Repository/Participants_Page_OR/Create Participants/Page_Healthcare Manager/span_Create New Participant' is clicked on

2019-04-11 18:01:22 - [MESSAGE][PASSED] - Object: 'Object Repository/Participants_Page_OR/Create Participants/Page_Healthcare Manager/span_Create New Participant' is clicked on

2019-04-11 18:01:22 - [TEST_STEP][PASSED] - setText(findTestObject("Object Repository/Participants_Page_OR/Create Participants/Page_Healthcare Manager/input_User Name_username"), "TestDeozxdfvg"): Text 'TestDeozxdfvg' is set on object 'Object Repository/Participants_Page_OR/Create Participants/Page_Healthcare Manager/input_User Name_username'

2019-04-11 18:01:22 - [MESSAGE][PASSED] - Text 'TestDeozxdfvg' is set on object 'Object Repository/Participants_Page_OR/Create Participants/Page_Healthcare Manager/input_User Name_username'

2019-04-11 18:01:22 - [TEST_STEP][PASSED] - setText(findTestObject("Object Repository/Participants_Page_OR/Create Participants/Page_Healthcare Manager/input_First Name_firstname"), "Testarch"): Text 'Testarch' is set on object 'Object Repository/Participants_Page_OR/Create Participants/Page_Healthcare Manager/input_First Name_firstname'

2019-04-11 18:01:22 - [MESSAGE][PASSED] - Text 'Testarch' is set on object 'Object Repository/Participants_Page_OR/Create Participants/Page_Healthcare Manager/input_First Name_firstname'

2019-04-11 18:01:22 - [TEST_STEP][PASSED] - setText(findTestObject("Object Repository/Participants_Page_OR/Create Participants/Page_Healthcare Manager/input_Middle  Name_middlename"), "archa"): Text 'archa' is set on object 'Object Repository/Participants_Page_OR/Create Participants/Page_Healthcare Manager/input_Middle  Name_middlename'

2019-04-11 18:01:22 - [MESSAGE][PASSED] - Text 'archa' is set on object 'Object Repository/Participants_Page_OR/Create Participants/Page_Healthcare Manager/input_Middle  Name_middlename'

2019-04-11 18:01:22 - [TEST_STEP][PASSED] - setText(findTestObject("Object Repository/Participants_Page_OR/Create Participants/Page_Healthcare Manager/input_Last Name_lastname"), "archa"): Text 'archa' is set on object 'Object Repository/Participants_Page_OR/Create Participants/Page_Healthcare Manager/input_Last Name_lastname'

2019-04-11 18:01:22 - [MESSAGE][PASSED] - Text 'archa' is set on object 'Object Repository/Participants_Page_OR/Create Participants/Page_Healthcare Manager/input_Last Name_lastname'

2019-04-11 18:01:22 - [TEST_STEP][PASSED] - click(findTestObject("Object Repository/Participants_Page_OR/Create Participants/Page_Healthcare Manager/div_No Preference")): Object: 'Object Repository/Participants_Page_OR/Create Participants/Page_Healthcare Manager/div_No Preference' is clicked on

2019-04-11 18:01:22 - [MESSAGE][PASSED] - Object: 'Object Repository/Participants_Page_OR/Create Participants/Page_Healthcare Manager/div_No Preference' is clicked on

2019-04-11 18:01:22 - [TEST_STEP][PASSED] - click(findTestObject("Participants_Page_OR/Create Participants/Page_Healthcare Manager/Page_Healthcare Manager/div_Female"), STOP_ON_FAILURE): Object: 'Object Repository/Participants_Page_OR/Create Participants/Page_Healthcare Manager/Page_Healthcare Manager/div_Female' is clicked on

2019-04-11 18:01:23 - [MESSAGE][PASSED] - Object: 'Object Repository/Participants_Page_OR/Create Participants/Page_Healthcare Manager/Page_Healthcare Manager/div_Female' is clicked on

2019-04-11 18:01:23 - [TEST_STEP][PASSED] - click(findTestObject("Participants_Page_OR/Create Participants/Page_Healthcare Manager/Page_Healthcare Manager/input_DOB_Dob")): Object: 'Object Repository/Participants_Page_OR/Create Participants/Page_Healthcare Manager/Page_Healthcare Manager/input_DOB_Dob' is clicked on

2019-04-11 18:01:23 - [MESSAGE][PASSED] - Object: 'Object Repository/Participants_Page_OR/Create Participants/Page_Healthcare Manager/Page_Healthcare Manager/input_DOB_Dob' is clicked on

2019-04-11 18:01:23 - [TEST_STEP][PASSED] - setText(findTestObject("Participants_Page_OR/Create Participants/Page_Healthcare Manager/Page_Healthcare Manager/input_DOB_Dob"), "13/01/2004"): Text '13/01/2004' is set on object 'Object Repository/Participants_Page_OR/Create Participants/Page_Healthcare Manager/Page_Healthcare Manager/input_DOB_Dob'

2019-04-11 18:01:24 - [MESSAGE][PASSED] - Text '13/01/2004' is set on object 'Object Repository/Participants_Page_OR/Create Participants/Page_Healthcare Manager/Page_Healthcare Manager/input_DOB_Dob'

2019-04-11 18:01:24 - [TEST_STEP][PASSED] - click(findTestObject("Participants_Page_OR/Create Participants/Page_Healthcare Manager/Page_Healthcare Manager/Page_Healthcare Manager/span_No")): Object: 'Object Repository/Participants_Page_OR/Create Participants/Page_Healthcare Manager/Page_Healthcare Manager/Page_Healthcare Manager/span_No' is clicked on

2019-04-11 18:01:24 - [MESSAGE][PASSED] - Object: 'Object Repository/Participants_Page_OR/Create Participants/Page_Healthcare Manager/Page_Healthcare Manager/Page_Healthcare Manager/span_No' is clicked on

2019-04-11 18:01:24 - [TEST_STEP][PASSED] - click(findTestObject("Participants_Page_OR/Create Participants/Page_Healthcare Manager/Page_Healthcare Manager/Page_Healthcare Manager/div_Yes")): Object: 'Object Repository/Participants_Page_OR/Create Participants/Page_Healthcare Manager/Page_Healthcare Manager/Page_Healthcare Manager/div_Yes' is clicked on

2019-04-11 18:01:25 - [MESSAGE][PASSED] - Object: 'Object Repository/Participants_Page_OR/Create Participants/Page_Healthcare Manager/Page_Healthcare Manager/Page_Healthcare Manager/div_Yes' is clicked on

2019-04-11 18:01:25 - [TEST_STEP][PASSED] - click(findTestObject("Participants_Page_OR/Create Participants/Page_Healthcare Manager/Page_Healthcare Manager/Page_Healthcare Manager/Page_Healthcare Manager/div_Relation")): Object: 'Object Repository/Participants_Page_OR/Create Participants/Page_Healthcare Manager/Page_Healthcare Manager/Page_Healthcare Manager/Page_Healthcare Manager/div_Relation' is clicked on

2019-04-11 18:01:25 - [MESSAGE][PASSED] - Object: 'Object Repository/Participants_Page_OR/Create Participants/Page_Healthcare Manager/Page_Healthcare Manager/Page_Healthcare Manager/Page_Healthcare Manager/div_Relation' is clicked on

2019-04-11 18:01:25 - [TEST_STEP][PASSED] - click(findTestObject("Participants_Page_OR/Create Participants/Page_Healthcare Manager/Page_Healthcare Manager/Page_Healthcare Manager/Page_Healthcare Manager/div_Guardian")): Object: 'Object Repository/Participants_Page_OR/Create Participants/Page_Healthcare Manager/Page_Healthcare Manager/Page_Healthcare Manager/Page_Healthcare Manager/div_Guardian' is clicked on

2019-04-11 18:01:26 - [MESSAGE][PASSED] - Object: 'Object Repository/Participants_Page_OR/Create Participants/Page_Healthcare Manager/Page_Healthcare Manager/Page_Healthcare Manager/Page_Healthcare Manager/div_Guardian' is clicked on

2019-04-11 18:01:26 - [TEST_STEP][PASSED] - setText(findTestObject("Object Repository/Participants_Page_OR/Create Participants/Page_Healthcare Manager/input_Referrer First Name_Referrer_first_name"), "archana"): Text 'archana' is set on object 'Object Repository/Participants_Page_OR/Create Participants/Page_Healthcare Manager/input_Referrer First Name_Referrer_first_name'

2019-04-11 18:01:26 - [MESSAGE][PASSED] - Text 'archana' is set on object 'Object Repository/Participants_Page_OR/Create Participants/Page_Healthcare Manager/input_Referrer First Name_Referrer_first_name'

2019-04-11 18:01:26 - [TEST_STEP][PASSED] - click(findTestObject("Object Repository/Participants_Page_OR/Create Participants/Page_Healthcare Manager/div_Last Name")): Object: 'Object Repository/Participants_Page_OR/Create Participants/Page_Healthcare Manager/div_Last Name' is clicked on

2019-04-11 18:01:26 - [MESSAGE][PASSED] - Object: 'Object Repository/Participants_Page_OR/Create Participants/Page_Healthcare Manager/div_Last Name' is clicked on

2019-04-11 18:01:26 - [TEST_STEP][PASSED] - setText(findTestObject("Object Repository/Participants_Page_OR/Create Participants/Page_Healthcare Manager/input_Last Name_Referrer_last_name"), "archana"): Text 'archana' is set on object 'Object Repository/Participants_Page_OR/Create Participants/Page_Healthcare Manager/input_Last Name_Referrer_last_name'

2019-04-11 18:01:26 - [MESSAGE][PASSED] - Text 'archana' is set on object 'Object Repository/Participants_Page_OR/Create Participants/Page_Healthcare Manager/input_Last Name_Referrer_last_name'

2019-04-11 18:01:26 - [TEST_STEP][PASSED] - setText(findTestObject("Object Repository/Participants_Page_OR/Create Participants/Page_Healthcare Manager/input_Phone_Referrer_phone"), "1234567890"): Text '1234567890' is set on object 'Object Repository/Participants_Page_OR/Create Participants/Page_Healthcare Manager/input_Phone_Referrer_phone'

2019-04-11 18:01:26 - [MESSAGE][PASSED] - Text '1234567890' is set on object 'Object Repository/Participants_Page_OR/Create Participants/Page_Healthcare Manager/input_Phone_Referrer_phone'

2019-04-11 18:01:26 - [TEST_STEP][PASSED] - setText(findTestObject("Object Repository/Participants_Page_OR/Create Participants/Page_Healthcare Manager/input_Phone (Primary)_phone_primary0"), "1234567890"): Text '1234567890' is set on object 'Object Repository/Participants_Page_OR/Create Participants/Page_Healthcare Manager/input_Phone (Primary)_phone_primary0'

2019-04-11 18:01:26 - [MESSAGE][PASSED] - Text '1234567890' is set on object 'Object Repository/Participants_Page_OR/Create Participants/Page_Healthcare Manager/input_Phone (Primary)_phone_primary0'

2019-04-11 18:01:26 - [TEST_STEP][PASSED] - setText(findTestObject("Participants_Page_OR/dashBoard/Page_Healthcare Manager/Page_Healthcare Manager/Page_Healthcare Manager/Page_Healthcare Manager/input_Email_Referrer_email"), "test@gmail.com"): Text 'test@gmail.com' is set on object 'Object Repository/Participants_Page_OR/dashBoard/Page_Healthcare Manager/Page_Healthcare Manager/Page_Healthcare Manager/Page_Healthcare Manager/input_Email_Referrer_email'

2019-04-11 18:01:26 - [MESSAGE][PASSED] - Text 'test@gmail.com' is set on object 'Object Repository/Participants_Page_OR/dashBoard/Page_Healthcare Manager/Page_Healthcare Manager/Page_Healthcare Manager/Page_Healthcare Manager/input_Email_Referrer_email'

2019-04-11 18:01:26 - [TEST_STEP][PASSED] - setText(findTestObject("Object Repository/Participants_Page_OR/Create Participants/Page_Healthcare Manager/input_Address (Primary)_input_address_primary0"), "test test"): Text 'test test' is set on object 'Object Repository/Participants_Page_OR/Create Participants/Page_Healthcare Manager/input_Address (Primary)_input_address_primary0'

2019-04-11 18:01:26 - [MESSAGE][PASSED] - Text 'test test' is set on object 'Object Repository/Participants_Page_OR/Create Participants/Page_Healthcare Manager/input_Address (Primary)_input_address_primary0'

2019-04-11 18:01:26 - [TEST_STEP][PASSED] - setText(findTestObject("Participants_Page_OR/Create Participants/Page_Healthcare Manager/input_Email_email_0"), "test1@gmail.com"): Text 'test1@gmail.com' is set on object 'Object Repository/Participants_Page_OR/Create Participants/Page_Healthcare Manager/input_Email_email_0'

2019-04-11 18:01:26 - [MESSAGE][PASSED] - Text 'test1@gmail.com' is set on object 'Object Repository/Participants_Page_OR/Create Participants/Page_Healthcare Manager/input_Email_email_0'

2019-04-11 18:01:26 - [TEST_STEP][PASSED] - click(findTestObject("Participants_Page_OR/Create Participants/Page_Healthcare Manager/Page_Healthcare Manager/Page_Healthcare Manager/Page_Healthcare Manager/Page_Healthcare Manager/div_Please Select")): Object: 'Object Repository/Participants_Page_OR/Create Participants/Page_Healthcare Manager/Page_Healthcare Manager/Page_Healthcare Manager/Page_Healthcare Manager/Page_Healthcare Manager/div_Please Select' is clicked on

2019-04-11 18:01:27 - [MESSAGE][PASSED] - Object: 'Object Repository/Participants_Page_OR/Create Participants/Page_Healthcare Manager/Page_Healthcare Manager/Page_Healthcare Manager/Page_Healthcare Manager/Page_Healthcare Manager/div_Please Select' is clicked on

2019-04-11 18:01:27 - [TEST_STEP][PASSED] - click(findTestObject("Participants_Page_OR/Create Participants/Page_Healthcare Manager/span_NSW")): Object: 'Object Repository/Participants_Page_OR/Create Participants/Page_Healthcare Manager/span_NSW' is clicked on

2019-04-11 18:01:28 - [MESSAGE][PASSED] - Object: 'Object Repository/Participants_Page_OR/Create Participants/Page_Healthcare Manager/span_NSW' is clicked on

2019-04-11 18:01:28 - [TEST_STEP][PASSED] - click(findTestObject("Object Repository/Participants_Page_OR/Create Participants/Page_Healthcare Manager/div_Suburb_Select-value")): Object: 'Object Repository/Participants_Page_OR/Create Participants/Page_Healthcare Manager/div_Suburb_Select-value' is clicked on

2019-04-11 18:01:28 - [MESSAGE][PASSED] - Object: 'Object Repository/Participants_Page_OR/Create Participants/Page_Healthcare Manager/div_Suburb_Select-value' is clicked on

2019-04-11 18:01:28 - [TEST_STEP][PASSED] - setText(findTestObject("Object Repository/Participants_Page_OR/Create Participants/Page_Healthcare Manager/input"), "liv"): Text 'liv' is set on object 'Object Repository/Participants_Page_OR/Create Participants/Page_Healthcare Manager/input'

2019-04-11 18:01:28 - [MESSAGE][PASSED] - Text 'liv' is set on object 'Object Repository/Participants_Page_OR/Create Participants/Page_Healthcare Manager/input'

2019-04-11 18:01:28 - [TEST_STEP][PASSED] - click(findTestObject("Participants_Page_OR/dashBoard/Page_Healthcare Manager/Page_Healthcare Manager/Page_Healthcare Manager/div_Liverpool")): Object: 'Object Repository/Participants_Page_OR/dashBoard/Page_Healthcare Manager/Page_Healthcare Manager/Page_Healthcare Manager/div_Liverpool' is clicked on

2019-04-11 18:01:30 - [MESSAGE][PASSED] - Object: 'Object Repository/Participants_Page_OR/dashBoard/Page_Healthcare Manager/Page_Healthcare Manager/Page_Healthcare Manager/div_Liverpool' is clicked on

2019-04-11 18:01:30 - [TEST_STEP][PASSED] - click(findTestObject("Participants_Page_OR/Create Participants/Page_Healthcare Manager/a_Save and Continue")): Object: 'Object Repository/Participants_Page_OR/Create Participants/Page_Healthcare Manager/a_Save and Continue' is clicked on

2019-04-11 18:01:31 - [MESSAGE][PASSED] - Object: 'Object Repository/Participants_Page_OR/Create Participants/Page_Healthcare Manager/a_Save and Continue' is clicked on

2019-04-11 18:01:31 - [MESSAGE][PASSED] - Call Test Case 'Test Cases/OCS_Page/Participants_page/participants_CrreateNewParticippants_Page' successfully

2019-04-11 18:01:31 - [TEST_STEP][PASSED] - setText(findTestObject("Page_Healthcare Manager/textarea_Formal Diagnosis (Primary)_formaldiagnosisprimary"), "requred for  care"): Text 'requred for  care' is set on object 'Object Repository/Page_Healthcare Manager/textarea_Formal Diagnosis (Primary)_formaldiagnosisprimary'

2019-04-11 18:01:31 - [MESSAGE][PASSED] - Text 'requred for  care' is set on object 'Object Repository/Page_Healthcare Manager/textarea_Formal Diagnosis (Primary)_formaldiagnosisprimary'

2019-04-11 18:01:31 - [TEST_STEP][PASSED] - setText(findTestObject("Page_Healthcare Manager/textarea_Other Information About Participant Care_participantcareinfo"), "sddsgkjhkljkj;; "): Text 'sddsgkjhkljkj;; ' is set on object 'Object Repository/Page_Healthcare Manager/textarea_Other Information About Participant Care_participantcareinfo'

2019-04-11 18:01:31 - [MESSAGE][PASSED] - Text 'sddsgkjhkljkj;; ' is set on object 'Object Repository/Page_Healthcare Manager/textarea_Other Information About Participant Care_participantcareinfo'

2019-04-11 18:01:31 - [TEST_STEP][PASSED] - click(findTestObject("Page_Healthcare Manager/div_Please Select"), STOP_ON_FAILURE): Object: 'Object Repository/Page_Healthcare Manager/div_Please Select' is clicked on

2019-04-11 18:01:32 - [MESSAGE][PASSED] - Object: 'Object Repository/Page_Healthcare Manager/div_Please Select' is clicked on

2019-04-11 18:01:32 - [TEST_STEP][PASSED] - click(findTestObject("Page_Healthcare Manager/div_Good")): Object: 'Object Repository/Page_Healthcare Manager/div_Good' is clicked on

2019-04-11 18:01:32 - [MESSAGE][PASSED] - Object: 'Object Repository/Page_Healthcare Manager/div_Good' is clicked on

2019-04-11 18:01:32 - [TEST_STEP][PASSED] - click(findTestObject("Login_Page_OB/Page_Healthcare Manager/Page_Healthcare Manager/div_Please Selectcommunication")): Object: 'Object Repository/Login_Page_OB/Page_Healthcare Manager/Page_Healthcare Manager/div_Please Selectcommunication' is clicked on

2019-04-11 18:01:33 - [MESSAGE][PASSED] - Object: 'Object Repository/Login_Page_OB/Page_Healthcare Manager/Page_Healthcare Manager/div_Please Selectcommunication' is clicked on

2019-04-11 18:01:33 - [TEST_STEP][PASSED] - click(findTestObject("Login_Page_OB/Page_Healthcare Manager/Page_Healthcare Manager/div_Non-Verbal")): Object: 'Object Repository/Login_Page_OB/Page_Healthcare Manager/Page_Healthcare Manager/div_Non-Verbal' is clicked on

2019-04-11 18:01:33 - [MESSAGE][PASSED] - Object: 'Object Repository/Login_Page_OB/Page_Healthcare Manager/Page_Healthcare Manager/div_Non-Verbal' is clicked on

2019-04-11 18:01:33 - [TEST_STEP][PASSED] - click(findTestObject("Login_Page_OB/Page_Healthcare Manager/Page_Healthcare Manager/div_Please Selectenglish")): Object: 'Object Repository/Login_Page_OB/Page_Healthcare Manager/Page_Healthcare Manager/div_Please Selectenglish' is clicked on

2019-04-11 18:01:33 - [MESSAGE][PASSED] - Object: 'Object Repository/Login_Page_OB/Page_Healthcare Manager/Page_Healthcare Manager/div_Please Selectenglish' is clicked on

2019-04-11 18:01:33 - [TEST_STEP][PASSED] - click(findTestObject("Participants_Page_OR/Create Participants/Page_Healthcare Manager/div_Yes but not preferred")): Object: 'Object Repository/Participants_Page_OR/Create Participants/Page_Healthcare Manager/div_Yes but not preferred' is clicked on

2019-04-11 18:01:34 - [MESSAGE][PASSED] - Object: 'Object Repository/Participants_Page_OR/Create Participants/Page_Healthcare Manager/div_Yes but not preferred' is clicked on

2019-04-11 18:01:34 - [TEST_STEP][PASSED] - click(findTestObject("Participants_Page_OR/Create Participants/Page_Healthcare Manager/div_Please Select (3)")): Object: 'Object Repository/Participants_Page_OR/Create Participants/Page_Healthcare Manager/div_Please Select (3)' is clicked on

2019-04-11 18:01:34 - [MESSAGE][PASSED] - Object: 'Object Repository/Participants_Page_OR/Create Participants/Page_Healthcare Manager/div_Please Select (3)' is clicked on

2019-04-11 18:01:34 - [TEST_STEP][PASSED] - click(findTestObject("Participants_Page_OR/Create Participants/Page_Healthcare Manager/div_English")): Object: 'Object Repository/Participants_Page_OR/Create Participants/Page_Healthcare Manager/div_English' is clicked on

2019-04-11 18:01:35 - [MESSAGE][PASSED] - Object: 'Object Repository/Participants_Page_OR/Create Participants/Page_Healthcare Manager/div_English' is clicked on

2019-04-11 18:01:35 - [TEST_STEP][PASSED] - click(findTestObject("Login_Page_OB/Page_Healthcare Manager/Page_Healthcare Manager/div_Please Selectgender")): Object: 'Object Repository/Login_Page_OB/Page_Healthcare Manager/Page_Healthcare Manager/div_Please Selectgender' is clicked on

2019-04-11 18:01:36 - [MESSAGE][PASSED] - Object: 'Object Repository/Login_Page_OB/Page_Healthcare Manager/Page_Healthcare Manager/div_Please Selectgender' is clicked on

2019-04-11 18:01:36 - [TEST_STEP][PASSED] - click(findTestObject("Login_Page_OB/Page_Healthcare Manager/Page_Healthcare Manager/Page_Healthcare Manager/div_Female")): Object: 'Object Repository/Login_Page_OB/Page_Healthcare Manager/Page_Healthcare Manager/Page_Healthcare Manager/div_Female' is clicked on

2019-04-11 18:01:37 - [MESSAGE][PASSED] - Object: 'Object Repository/Login_Page_OB/Page_Healthcare Manager/Page_Healthcare Manager/Page_Healthcare Manager/div_Female' is clicked on

2019-04-11 18:01:37 - [TEST_STEP][PASSED] - click(findTestObject("Login_Page_OB/Page_Healthcare Manager/Page_Healthcare Manager/div_Please Selectethnicity")): Object: 'Object Repository/Login_Page_OB/Page_Healthcare Manager/Page_Healthcare Manager/div_Please Selectethnicity' is clicked on

2019-04-11 18:01:37 - [MESSAGE][PASSED] - Object: 'Object Repository/Login_Page_OB/Page_Healthcare Manager/Page_Healthcare Manager/div_Please Selectethnicity' is clicked on

2019-04-11 18:01:37 - [TEST_STEP][PASSED] - click(findTestObject("Participants_Page_OR/Create Participants/Page_Healthcare Manager/div_Asian")): Object: 'Object Repository/Participants_Page_OR/Create Participants/Page_Healthcare Manager/div_Asian' is clicked on

2019-04-11 18:01:38 - [MESSAGE][PASSED] - Object: 'Object Repository/Participants_Page_OR/Create Participants/Page_Healthcare Manager/div_Asian' is clicked on

2019-04-11 18:01:38 - [TEST_STEP][PASSED] - click(findTestObject("Login_Page_OB/Page_Healthcare Manager/Page_Healthcare Manager/div_Please Selectreligion")): Object: 'Object Repository/Login_Page_OB/Page_Healthcare Manager/Page_Healthcare Manager/div_Please Selectreligion' is clicked on

2019-04-11 18:01:39 - [MESSAGE][PASSED] - Object: 'Object Repository/Login_Page_OB/Page_Healthcare Manager/Page_Healthcare Manager/div_Please Selectreligion' is clicked on

2019-04-11 18:01:39 - [TEST_STEP][PASSED] - click(findTestObject("Participants_Page_OR/Create Participants/Page_Healthcare Manager/div_Buddhist")): Object: 'Object Repository/Participants_Page_OR/Create Participants/Page_Healthcare Manager/div_Buddhist' is clicked on

2019-04-11 18:01:40 - [MESSAGE][PASSED] - Object: 'Object Repository/Participants_Page_OR/Create Participants/Page_Healthcare Manager/div_Buddhist' is clicked on

2019-04-11 18:01:40 - [TEST_STEP][PASSED] - click(findTestObject("Login_Page_OB/Page_Healthcare Manager/Page_Healthcare Manager/Page_Healthcare Manager/span"), STOP_ON_FAILURE): Object: 'Object Repository/Login_Page_OB/Page_Healthcare Manager/Page_Healthcare Manager/Page_Healthcare Manager/span' is clicked on

2019-04-11 18:01:40 - [MESSAGE][PASSED] - Object: 'Object Repository/Login_Page_OB/Page_Healthcare Manager/Page_Healthcare Manager/Page_Healthcare Manager/span' is clicked on

2019-04-11 18:01:40 - [TEST_STEP][PASSED] - click(findTestObject("Page_Healthcare Manager/span_in home"), STOP_ON_FAILURE): Object: 'Object Repository/Page_Healthcare Manager/span_in home' is clicked on

2019-04-11 18:01:40 - [MESSAGE][PASSED] - Object: 'Object Repository/Page_Healthcare Manager/span_in home' is clicked on

2019-04-11 18:01:40 - [TEST_STEP][PASSED] - click(findTestObject("Page_Healthcare Manager/span_dementia"), STOP_ON_FAILURE): Object: 'Object Repository/Page_Healthcare Manager/span_dementia' is clicked on

2019-04-11 18:01:40 - [MESSAGE][PASSED] - Object: 'Object Repository/Page_Healthcare Manager/span_dementia' is clicked on

2019-04-11 18:01:40 - [TEST_STEP][PASSED] - click(findTestObject("Page_Healthcare Manager/span_shower"), STOP_ON_FAILURE): Object: 'Object Repository/Page_Healthcare Manager/span_shower' is clicked on

2019-04-11 18:01:40 - [MESSAGE][PASSED] - Object: 'Object Repository/Page_Healthcare Manager/span_shower' is clicked on

2019-04-11 18:01:40 - [TEST_STEP][PASSED] - click(findTestObject("Login_Page_OB/Page_Healthcare Manager/button_Save New Participant")): Object: 'Object Repository/Login_Page_OB/Page_Healthcare Manager/button_Save New Participant' is clicked on

2019-04-11 18:01:41 - [MESSAGE][PASSED] - Object: 'Object Repository/Login_Page_OB/Page_Healthcare Manager/button_Save New Participant' is clicked on

2019-04-11 18:01:41 - [MESSAGE][PASSED] - Call Test Case 'Test Cases/OCS_Page/Participants_page/Care_CreateParticipantsPage' successfully]]></system-out>
         <system-err><![CDATA[]]></system-err>
      </testcase>
      <testcase name="Test Cases/OCS_Page_Test/Participants_Test/DashBoard_Validate" classname="Test Cases/OCS_Page_Test/Participants_Test/DashBoard_Validate" status="PASSED">
         <system-out><![CDATA[2019-04-11 18:01:41 - [TEST_CASE][PASSED] - Test Cases/OCS_Page_Test/Participants_Test/DashBoard_Validate: Test Cases/OCS_Page_Test/Participants_Test/DashBoard_Validate

2019-04-11 18:01:41 - [TEST_STEP][PASSED] - callTestCase(findTestCase("SetUpp/SetUp"), [:], STOP_ON_FAILURE): Call Test Case 'Test Cases/SetUpp/SetUp' successfully

2019-04-11 18:01:41 - [TEST_CASE][PASSED] - Test Cases/SetUpp/SetUp: Test Cases/SetUpp/SetUp

2019-04-11 18:01:41 - [TEST_STEP][PASSED] - openBrowser(""): Browser is opened with url: ''

2019-04-11 18:01:41 - [MESSAGE][WARNING] - A browser is already opened. Closing browser and opening a new one

2019-04-11 18:01:41 - [MESSAGE][INFO] - Starting 'Firefox' driver

2019-04-11 18:01:44 - [MESSAGE][PASSED] - Browser is opened with url: ''

2019-04-11 18:01:44 - [TEST_STEP][PASSED] - navigateToUrl("https://ydtwebstaging.com"): Navigate to 'https://ydtwebstaging.com' successfully

2019-04-11 18:01:51 - [MESSAGE][PASSED] - Navigate to 'https://ydtwebstaging.com' successfully

2019-04-11 18:01:51 - [TEST_STEP][PASSED] - maximizeWindow(): Current window maximized

2019-04-11 18:01:52 - [MESSAGE][PASSED] - Current window maximized

2019-04-11 18:01:52 - [TEST_STEP][PASSED] - deleteAllCookies(): Delete all cookies successfully

2019-04-11 18:01:52 - [MESSAGE][PASSED] - Delete all cookies successfully

2019-04-11 18:01:52 - [TEST_STEP][PASSED] - getWindowTitle(): Current window's title is: 'Healthcare Manager'

2019-04-11 18:01:52 - [MESSAGE][PASSED] - Current window's title is: 'Healthcare Manager'

2019-04-11 18:01:52 - [TEST_STEP][PASSED] - waitForPageLoad(30): Wait for page load successfully

2019-04-11 18:01:52 - [MESSAGE][PASSED] - Wait for page load successfully

2019-04-11 18:01:52 - [MESSAGE][PASSED] - Call Test Case 'Test Cases/SetUpp/SetUp' successfully

2019-04-11 18:01:52 - [TEST_STEP][PASSED] - callTestCase(findTestCase("OCS_Page/Login_Page/LoginPage_Positive_validate"), [:], STOP_ON_FAILURE): Call Test Case 'Test Cases/OCS_Page/Login_Page/LoginPage_Positive_validate' successfully

2019-04-11 18:01:52 - [TEST_CASE][PASSED] - Test Cases/OCS_Page/Login_Page/LoginPage_Positive_validate: Test Cases/OCS_Page/Login_Page/LoginPage_Positive_validate

2019-04-11 18:01:52 - [TEST_STEP][PASSED] - setText(findTestObject("Login_Page_OB/Page_Healthcare Manager/input_Login here_username"), "Archana@123"): Text 'Archana@123' is set on object 'Object Repository/Login_Page_OB/Page_Healthcare Manager/input_Login here_username'

2019-04-11 18:01:52 - [MESSAGE][PASSED] - Text 'Archana@123' is set on object 'Object Repository/Login_Page_OB/Page_Healthcare Manager/input_Login here_username'

2019-04-11 18:01:52 - [TEST_STEP][PASSED] - setText(findTestObject("Login_Page_OB/Page_Healthcare Manager/input_Login here_password"), "Archana@123"): Text 'Archana@123' is set on object 'Object Repository/Login_Page_OB/Page_Healthcare Manager/input_Login here_password'

2019-04-11 18:01:52 - [MESSAGE][PASSED] - Text 'Archana@123' is set on object 'Object Repository/Login_Page_OB/Page_Healthcare Manager/input_Login here_password'

2019-04-11 18:01:52 - [TEST_STEP][PASSED] - click(findTestObject("Login_Page_OB/Page_Healthcare Manager/button_Submit")): Object: 'Object Repository/Login_Page_OB/Page_Healthcare Manager/button_Submit' is clicked on

2019-04-11 18:01:52 - [MESSAGE][PASSED] - Object: 'Object Repository/Login_Page_OB/Page_Healthcare Manager/button_Submit' is clicked on

2019-04-11 18:01:52 - [TEST_STEP][NOT_RUN] - verifyElementVisible(findTestObject("Login_Page_OB/Page_Healthcare Manager/div_Login successfully")): NOT_RUN: verifyElementVisible(findTestObject("Login_Page_OB/Page_Healthcare Manager/div_Login successfully"))

2019-04-11 18:01:52 - [MESSAGE][NOT_RUN] - NOT_RUN: verifyElementVisible(findTestObject("Login_Page_OB/Page_Healthcare Manager/div_Login successfully"))

2019-04-11 18:01:52 - [MESSAGE][PASSED] - Call Test Case 'Test Cases/OCS_Page/Login_Page/LoginPage_Positive_validate' successfully

2019-04-11 18:01:52 - [TEST_STEP][PASSED] - callTestCase(findTestCase("OCS_Page/Participants_page/Participants_DashBoard_page"), [:], STOP_ON_FAILURE): Call Test Case 'Test Cases/OCS_Page/Participants_page/Participants_DashBoard_page' successfully

2019-04-11 18:01:52 - [TEST_CASE][PASSED] - Test Cases/OCS_Page/Participants_page/Participants_DashBoard_page: Test Cases/OCS_Page/Participants_page/Participants_DashBoard_page

2019-04-11 18:01:52 - [TEST_STEP][PASSED] - click(findTestObject("Home_Page_OR/Page_Healthcare Manager/p_Participants")): Object: 'Object Repository/Home_Page_OR/Page_Healthcare Manager/p_Participants' is clicked on

2019-04-11 18:01:54 - [MESSAGE][PASSED] - Object: 'Object Repository/Home_Page_OR/Page_Healthcare Manager/p_Participants' is clicked on

2019-04-11 18:01:54 - [TEST_STEP][PASSED] - verifyElementPresent(findTestObject("Participants_Page_OR/dashBoard/Page_Healthcare Manager/h1_Participants"), 10): Object 'Object Repository/Participants_Page_OR/dashBoard/Page_Healthcare Manager/h1_Participants' is present

2019-04-11 18:01:56 - [MESSAGE][PASSED] - Object 'Object Repository/Participants_Page_OR/dashBoard/Page_Healthcare Manager/h1_Participants' is present

2019-04-11 18:01:56 - [TEST_STEP][PASSED] - verifyElementPresent(findTestObject("Participants_Page_OR/dashBoard/Page_Healthcare Manager/canvas_New Participant Graph_chartjs-render-monitor"), 10): Object 'Object Repository/Participants_Page_OR/dashBoard/Page_Healthcare Manager/canvas_New Participant Graph_chartjs-render-monitor' is present

2019-04-11 18:01:56 - [MESSAGE][PASSED] - Object 'Object Repository/Participants_Page_OR/dashBoard/Page_Healthcare Manager/canvas_New Participant Graph_chartjs-render-monitor' is present

2019-04-11 18:01:56 - [TEST_STEP][PASSED] - click(findTestObject("Participants_Page_OR/dashBoard/Page_Healthcare Manager/span_Week")): Object: 'Object Repository/Participants_Page_OR/dashBoard/Page_Healthcare Manager/span_Week' is clicked on

2019-04-11 18:01:56 - [MESSAGE][PASSED] - Object: 'Object Repository/Participants_Page_OR/dashBoard/Page_Healthcare Manager/span_Week' is clicked on

2019-04-11 18:01:56 - [TEST_STEP][PASSED] - sendKeys(findTestObject("Participants_Page_OR/dashBoard/Page_Healthcare Manager/input_Year_search"), "archana archana"): Keys 'archana archana' sent to object: 'Object Repository/Participants_Page_OR/dashBoard/Page_Healthcare Manager/input_Year_search'

2019-04-11 18:01:56 - [MESSAGE][PASSED] - Keys 'archana archana' sent to object: 'Object Repository/Participants_Page_OR/dashBoard/Page_Healthcare Manager/input_Year_search'

2019-04-11 18:01:56 - [TEST_STEP][PASSED] - waitForElementClickable(findTestObject("Participants_Page_OR/dashBoard/Page_Healthcare Manager/span_Year_icon icon-search"), 10): Object 'Object Repository/Participants_Page_OR/dashBoard/Page_Healthcare Manager/span_Year_icon icon-search' is clickable

2019-04-11 18:01:56 - [MESSAGE][PASSED] - Object 'Object Repository/Participants_Page_OR/dashBoard/Page_Healthcare Manager/span_Year_icon icon-search' is clickable

2019-04-11 18:01:56 - [TEST_STEP][PASSED] - click(findTestObject("Participants_Page_OR/dashBoard/Page_Healthcare Manager/small_Include Inactive")): Object: 'Object Repository/Participants_Page_OR/dashBoard/Page_Healthcare Manager/small_Include Inactive' is clicked on

2019-04-11 18:01:57 - [MESSAGE][PASSED] - Object: 'Object Repository/Participants_Page_OR/dashBoard/Page_Healthcare Manager/small_Include Inactive' is clicked on

2019-04-11 18:01:57 - [MESSAGE][PASSED] - Call Test Case 'Test Cases/OCS_Page/Participants_page/Participants_DashBoard_page' successfully

2019-04-11 18:01:57 - [TEST_STEP][PASSED] - callTestCase(findTestCase("TearDown/Broweser _close"), [:], STOP_ON_FAILURE): Call Test Case 'Test Cases/TearDown/Broweser _close' successfully

2019-04-11 18:01:57 - [TEST_CASE][PASSED] - Test Cases/TearDown/Broweser _close: Test Cases/TearDown/Broweser _close

2019-04-11 18:01:57 - [TEST_STEP][PASSED] - closeBrowser(): Browser is closed

2019-04-11 18:01:57 - [MESSAGE][PASSED] - Browser is closed

2019-04-11 18:01:57 - [MESSAGE][PASSED] - Call Test Case 'Test Cases/TearDown/Broweser _close' successfully]]></system-out>
         <system-err><![CDATA[]]></system-err>
      </testcase>
      <testcase name="Test Cases/OCS_Page_Test/Participants_Test/ParticipantsProfile_validate" classname="Test Cases/OCS_Page_Test/Participants_Test/ParticipantsProfile_validate" status="PASSED">
         <system-out><![CDATA[2019-04-11 18:01:57 - [TEST_CASE][PASSED] - Test Cases/OCS_Page_Test/Participants_Test/ParticipantsProfile_validate: Test Cases/OCS_Page_Test/Participants_Test/ParticipantsProfile_validate

2019-04-11 18:01:57 - [TEST_STEP][PASSED] - callTestCase(findTestCase("OCS_Page/Participants_page/Participants_Ptrofile/ParticipantsProfile_About_Validate"), [:], STOP_ON_FAILURE): Call Test Case 'Test Cases/OCS_Page/Participants_page/Participants_Ptrofile/ParticipantsProfile_About_Validate' successfully

2019-04-11 18:01:57 - [TEST_CASE][PASSED] - Test Cases/OCS_Page/Participants_page/Participants_Ptrofile/ParticipantsProfile_About_Validate: Test Cases/OCS_Page/Participants_page/Participants_Ptrofile/ParticipantsProfile_About_Validate

2019-04-11 18:01:58 - [TEST_STEP][PASSED] - callTestCase(findTestCase("SetUpp/SetUp"), [:], STOP_ON_FAILURE): Call Test Case 'Test Cases/SetUpp/SetUp' successfully

2019-04-11 18:01:58 - [TEST_CASE][PASSED] - Test Cases/SetUpp/SetUp: Test Cases/SetUpp/SetUp

2019-04-11 18:01:58 - [TEST_STEP][PASSED] - openBrowser(""): Browser is opened with url: ''

2019-04-11 18:01:58 - [MESSAGE][INFO] - Starting 'Firefox' driver

2019-04-11 18:02:00 - [MESSAGE][PASSED] - Browser is opened with url: ''

2019-04-11 18:02:00 - [TEST_STEP][PASSED] - navigateToUrl("https://ydtwebstaging.com"): Navigate to 'https://ydtwebstaging.com' successfully

2019-04-11 18:02:08 - [MESSAGE][PASSED] - Navigate to 'https://ydtwebstaging.com' successfully

2019-04-11 18:02:08 - [TEST_STEP][PASSED] - maximizeWindow(): Current window maximized

2019-04-11 18:02:08 - [MESSAGE][PASSED] - Current window maximized

2019-04-11 18:02:08 - [TEST_STEP][PASSED] - deleteAllCookies(): Delete all cookies successfully

2019-04-11 18:02:08 - [MESSAGE][PASSED] - Delete all cookies successfully

2019-04-11 18:02:08 - [TEST_STEP][PASSED] - getWindowTitle(): Current window's title is: 'Healthcare Manager'

2019-04-11 18:02:08 - [MESSAGE][PASSED] - Current window's title is: 'Healthcare Manager'

2019-04-11 18:02:08 - [TEST_STEP][PASSED] - waitForPageLoad(30): Wait for page load successfully

2019-04-11 18:02:08 - [MESSAGE][PASSED] - Wait for page load successfully

2019-04-11 18:02:08 - [MESSAGE][PASSED] - Call Test Case 'Test Cases/SetUpp/SetUp' successfully

2019-04-11 18:02:08 - [TEST_STEP][PASSED] - setText(findTestObject("Login_Page_OB/Page_Healthcare Manager/input_Login here_username"), "archana321"): Text 'archana321' is set on object 'Object Repository/Login_Page_OB/Page_Healthcare Manager/input_Login here_username'

2019-04-11 18:02:08 - [MESSAGE][PASSED] - Text 'archana321' is set on object 'Object Repository/Login_Page_OB/Page_Healthcare Manager/input_Login here_username'

2019-04-11 18:02:08 - [TEST_STEP][PASSED] - setText(findTestObject("Login_Page_OB/Page_Healthcare Manager/input_Login here_password"), "Archana321@"): Text 'Archana321@' is set on object 'Object Repository/Login_Page_OB/Page_Healthcare Manager/input_Login here_password'

2019-04-11 18:02:08 - [MESSAGE][PASSED] - Text 'Archana321@' is set on object 'Object Repository/Login_Page_OB/Page_Healthcare Manager/input_Login here_password'

2019-04-11 18:02:08 - [TEST_STEP][PASSED] - click(findTestObject("Login_Page_OB/Page_Healthcare Manager/button_Submit")): Object: 'Object Repository/Login_Page_OB/Page_Healthcare Manager/button_Submit' is clicked on

2019-04-11 18:02:08 - [MESSAGE][PASSED] - Object: 'Object Repository/Login_Page_OB/Page_Healthcare Manager/button_Submit' is clicked on

2019-04-11 18:02:08 - [TEST_STEP][PASSED] - click(findTestObject("Home_Page_OR/Page_Healthcare Manager/p_Participants")): Object: 'Object Repository/Home_Page_OR/Page_Healthcare Manager/p_Participants' is clicked on

2019-04-11 18:02:10 - [MESSAGE][PASSED] - Object: 'Object Repository/Home_Page_OR/Page_Healthcare Manager/p_Participants' is clicked on

2019-04-11 18:02:10 - [TEST_STEP][PASSED] - verifyElementPresent(findTestObject("Participants_Page_OR/dashBoard/Page_Healthcare Manager/h1_Participants"), 10): Object 'Object Repository/Participants_Page_OR/dashBoard/Page_Healthcare Manager/h1_Participants' is present

2019-04-11 18:02:12 - [MESSAGE][PASSED] - Object 'Object Repository/Participants_Page_OR/dashBoard/Page_Healthcare Manager/h1_Participants' is present

2019-04-11 18:02:12 - [TEST_STEP][PASSED] - verifyElementPresent(findTestObject("Participants_Page_OR/dashBoard/Page_Healthcare Manager/canvas_New Participant Graph_chartjs-render-monitor"), 10): Object 'Object Repository/Participants_Page_OR/dashBoard/Page_Healthcare Manager/canvas_New Participant Graph_chartjs-render-monitor' is present

2019-04-11 18:02:12 - [MESSAGE][PASSED] - Object 'Object Repository/Participants_Page_OR/dashBoard/Page_Healthcare Manager/canvas_New Participant Graph_chartjs-render-monitor' is present

2019-04-11 18:02:12 - [TEST_STEP][PASSED] - click(findTestObject("Participants_Page_OR/dashBoard/Page_Healthcare Manager/span_Week")): Object: 'Object Repository/Participants_Page_OR/dashBoard/Page_Healthcare Manager/span_Week' is clicked on

2019-04-11 18:02:12 - [MESSAGE][PASSED] - Object: 'Object Repository/Participants_Page_OR/dashBoard/Page_Healthcare Manager/span_Week' is clicked on

2019-04-11 18:02:12 - [TEST_STEP][PASSED] - if (true): null

2019-04-11 18:02:12 - [TEST_STEP][PASSED] - sendKeys(findTestObject("Participants_Page_OR/dashBoard/Page_Healthcare Manager/input_Year_search"), "archana archana"): Keys 'archana archana' sent to object: 'Object Repository/Participants_Page_OR/dashBoard/Page_Healthcare Manager/input_Year_search'

2019-04-11 18:02:12 - [MESSAGE][PASSED] - Keys 'archana archana' sent to object: 'Object Repository/Participants_Page_OR/dashBoard/Page_Healthcare Manager/input_Year_search'

2019-04-11 18:02:12 - [TEST_STEP][PASSED] - waitForElementClickable(findTestObject("Participants_Page_OR/dashBoard/Page_Healthcare Manager/span_Year_icon icon-search"), 10): Object 'Object Repository/Participants_Page_OR/dashBoard/Page_Healthcare Manager/span_Year_icon icon-search' is clickable

2019-04-11 18:02:12 - [MESSAGE][PASSED] - Object 'Object Repository/Participants_Page_OR/dashBoard/Page_Healthcare Manager/span_Year_icon icon-search' is clickable

2019-04-11 18:02:12 - [TEST_STEP][PASSED] - click(findTestObject("Participants_Page_OR/dashBoard/Page_Healthcare Manager/small_Include Inactive")): Object: 'Object Repository/Participants_Page_OR/dashBoard/Page_Healthcare Manager/small_Include Inactive' is clicked on

2019-04-11 18:02:13 - [MESSAGE][PASSED] - Object: 'Object Repository/Participants_Page_OR/dashBoard/Page_Healthcare Manager/small_Include Inactive' is clicked on

2019-04-11 18:02:13 - [TEST_STEP][PASSED] - click(findTestObject("Participants_Profile/Page_Healthcare Manager/i_Female_icon icon-views - Copy")): Object: 'Object Repository/Participants_Profile/Page_Healthcare Manager/i_Female_icon icon-views - Copy' is clicked on

2019-04-11 18:02:14 - [MESSAGE][PASSED] - Object: 'Object Repository/Participants_Profile/Page_Healthcare Manager/i_Female_icon icon-views - Copy' is clicked on

2019-04-11 18:02:14 - [TEST_STEP][PASSED] - verifyElementVisible(findTestObject("Participants_Profile/Page_Healthcare Manager/portal access")): Object 'Object Repository/Participants_Profile/Page_Healthcare Manager/portal access' is visible

2019-04-11 18:02:14 - [MESSAGE][PASSED] - Object 'Object Repository/Participants_Profile/Page_Healthcare Manager/portal access' is visible

2019-04-11 18:02:14 - [TEST_STEP][PASSED] - getText(findTestObject("Participants_Profile/Page_Healthcare Manager/profile name")): Text of object 'Object Repository/Participants_Profile/Page_Healthcare Manager/profile name' is: 'archana Archana'

2019-04-11 18:02:14 - [MESSAGE][PASSED] - Text of object 'Object Repository/Participants_Profile/Page_Healthcare Manager/profile name' is: 'archana Archana'

2019-04-11 18:02:14 - [TEST_STEP][PASSED] - click(findTestObject("Participants_Profile/Page_Healthcare Manager/Contact History")): Object: 'Object Repository/Participants_Profile/Page_Healthcare Manager/Contact History' is clicked on

2019-04-11 18:02:14 - [MESSAGE][PASSED] - Object: 'Object Repository/Participants_Profile/Page_Healthcare Manager/Contact History' is clicked on

2019-04-11 18:02:14 - [TEST_STEP][PASSED] - verifyElementText(findTestObject("Participants_Profile/Page_Healthcare Manager/Contact History Log"), "Contact History Log:"): Actual text and expected text of test object 'Object Repository/Participants_Profile/Page_Healthcare Manager/Contact History Log' are matched.

2019-04-11 18:02:14 - [MESSAGE][PASSED] - Actual text and expected text of test object 'Object Repository/Participants_Profile/Page_Healthcare Manager/Contact History Log' are matched.

2019-04-11 18:02:14 - [TEST_STEP][PASSED] - click(findTestObject("Participants_Profile/Page_Healthcare Manager/Contact History Log_icon cross")): Object: 'Object Repository/Participants_Profile/Page_Healthcare Manager/Contact History Log_icon cross' is clicked on

2019-04-11 18:02:15 - [MESSAGE][PASSED] - Object: 'Object Repository/Participants_Profile/Page_Healthcare Manager/Contact History Log_icon cross' is clicked on

2019-04-11 18:02:15 - [TEST_STEP][PASSED] - click(findTestObject("Participants_Profile/Page_Healthcare Manager/a_Update About archana")): Object: 'Object Repository/Participants_Profile/Page_Healthcare Manager/a_Update About archana' is clicked on

2019-04-11 18:02:15 - [MESSAGE][PASSED] - Object: 'Object Repository/Participants_Profile/Page_Healthcare Manager/a_Update About archana' is clicked on

2019-04-11 18:02:15 - [TEST_STEP][PASSED] - setText(findTestObject("Participants_Profile/Page_Healthcare Manager/lastname"), "Archana"): Text 'Archana' is set on object 'Object Repository/Participants_Profile/Page_Healthcare Manager/lastname'

2019-04-11 18:02:15 - [MESSAGE][PASSED] - Text 'Archana' is set on object 'Object Repository/Participants_Profile/Page_Healthcare Manager/lastname'

2019-04-11 18:02:15 - [TEST_STEP][PASSED] - click(findTestObject("Participants_Profile/Page_Healthcare Manager/Page_Healthcare Manager/button_Update")): Object: 'Object Repository/Participants_Profile/Page_Healthcare Manager/Page_Healthcare Manager/button_Update' is clicked on

2019-04-11 18:02:15 - [MESSAGE][PASSED] - Object: 'Object Repository/Participants_Profile/Page_Healthcare Manager/Page_Healthcare Manager/button_Update' is clicked on

2019-04-11 18:02:15 - [TEST_STEP][PASSED] - verifyElementVisible(findTestObject("Participants_Profile/Page_Healthcare Manager/Page_Healthcare Manager/Page_Healthcare Manager/div_Participant update successfully")): Object 'Object Repository/Participants_Profile/Page_Healthcare Manager/Page_Healthcare Manager/Page_Healthcare Manager/div_Participant update successfully' is visible

2019-04-11 18:02:17 - [MESSAGE][PASSED] - Object 'Object Repository/Participants_Profile/Page_Healthcare Manager/Page_Healthcare Manager/Page_Healthcare Manager/div_Participant update successfully' is visible

2019-04-11 18:02:17 - [MESSAGE][PASSED] - Call Test Case 'Test Cases/OCS_Page/Participants_page/Participants_Ptrofile/ParticipantsProfile_About_Validate' successfully

2019-04-11 18:02:17 - [TEST_STEP][PASSED] - callTestCase(findTestCase("OCS_Page/Participants_page/Participants_Ptrofile/ParticipantsProfile_BookerList"), [:], STOP_ON_FAILURE): Call Test Case 'Test Cases/OCS_Page/Participants_page/Participants_Ptrofile/ParticipantsProfile_BookerList' successfully

2019-04-11 18:02:17 - [TEST_CASE][PASSED] - Test Cases/OCS_Page/Participants_page/Participants_Ptrofile/ParticipantsProfile_BookerList: Test Cases/OCS_Page/Participants_page/Participants_Ptrofile/ParticipantsProfile_BookerList

2019-04-11 18:02:17 - [TEST_STEP][PASSED] - callTestCase(findTestCase("SetUpp/SetUp"), [:], STOP_ON_FAILURE): Call Test Case 'Test Cases/SetUpp/SetUp' successfully

2019-04-11 18:02:17 - [TEST_CASE][PASSED] - Test Cases/SetUpp/SetUp: Test Cases/SetUpp/SetUp

2019-04-11 18:02:17 - [TEST_STEP][PASSED] - openBrowser(""): Browser is opened with url: ''

2019-04-11 18:02:17 - [MESSAGE][WARNING] - A browser is already opened. Closing browser and opening a new one

2019-04-11 18:02:18 - [MESSAGE][INFO] - Starting 'Firefox' driver

2019-04-11 18:02:20 - [MESSAGE][PASSED] - Browser is opened with url: ''

2019-04-11 18:02:20 - [TEST_STEP][PASSED] - navigateToUrl("https://ydtwebstaging.com"): Navigate to 'https://ydtwebstaging.com' successfully

2019-04-11 18:02:28 - [MESSAGE][PASSED] - Navigate to 'https://ydtwebstaging.com' successfully

2019-04-11 18:02:28 - [TEST_STEP][PASSED] - maximizeWindow(): Current window maximized

2019-04-11 18:02:28 - [MESSAGE][PASSED] - Current window maximized

2019-04-11 18:02:28 - [TEST_STEP][PASSED] - deleteAllCookies(): Delete all cookies successfully

2019-04-11 18:02:28 - [MESSAGE][PASSED] - Delete all cookies successfully

2019-04-11 18:02:28 - [TEST_STEP][PASSED] - getWindowTitle(): Current window's title is: 'Healthcare Manager'

2019-04-11 18:02:28 - [MESSAGE][PASSED] - Current window's title is: 'Healthcare Manager'

2019-04-11 18:02:28 - [TEST_STEP][PASSED] - waitForPageLoad(30): Wait for page load successfully

2019-04-11 18:02:28 - [MESSAGE][PASSED] - Wait for page load successfully

2019-04-11 18:02:28 - [MESSAGE][PASSED] - Call Test Case 'Test Cases/SetUpp/SetUp' successfully

2019-04-11 18:02:28 - [TEST_STEP][PASSED] - setText(findTestObject("Login_Page_OB/Page_Healthcare Manager/input_Login here_username"), "archana321"): Text 'archana321' is set on object 'Object Repository/Login_Page_OB/Page_Healthcare Manager/input_Login here_username'

2019-04-11 18:02:28 - [MESSAGE][PASSED] - Text 'archana321' is set on object 'Object Repository/Login_Page_OB/Page_Healthcare Manager/input_Login here_username'

2019-04-11 18:02:28 - [TEST_STEP][PASSED] - setText(findTestObject("Login_Page_OB/Page_Healthcare Manager/input_Login here_password"), "Archana321@"): Text 'Archana321@' is set on object 'Object Repository/Login_Page_OB/Page_Healthcare Manager/input_Login here_password'

2019-04-11 18:02:28 - [MESSAGE][PASSED] - Text 'Archana321@' is set on object 'Object Repository/Login_Page_OB/Page_Healthcare Manager/input_Login here_password'

2019-04-11 18:02:28 - [TEST_STEP][PASSED] - click(findTestObject("Login_Page_OB/Page_Healthcare Manager/button_Submit")): Object: 'Object Repository/Login_Page_OB/Page_Healthcare Manager/button_Submit' is clicked on

2019-04-11 18:02:28 - [MESSAGE][PASSED] - Object: 'Object Repository/Login_Page_OB/Page_Healthcare Manager/button_Submit' is clicked on

2019-04-11 18:02:28 - [TEST_STEP][PASSED] - click(findTestObject("Home_Page_OR/Page_Healthcare Manager/p_Participants")): Object: 'Object Repository/Home_Page_OR/Page_Healthcare Manager/p_Participants' is clicked on

2019-04-11 18:02:30 - [MESSAGE][PASSED] - Object: 'Object Repository/Home_Page_OR/Page_Healthcare Manager/p_Participants' is clicked on

2019-04-11 18:02:30 - [TEST_STEP][PASSED] - verifyElementPresent(findTestObject("Participants_Page_OR/dashBoard/Page_Healthcare Manager/h1_Participants"), 10): Object 'Object Repository/Participants_Page_OR/dashBoard/Page_Healthcare Manager/h1_Participants' is present

2019-04-11 18:02:32 - [MESSAGE][PASSED] - Object 'Object Repository/Participants_Page_OR/dashBoard/Page_Healthcare Manager/h1_Participants' is present

2019-04-11 18:02:32 - [TEST_STEP][PASSED] - click(findTestObject("Participants_Profile/Page_Healthcare Manager/i_Female_icon icon-views - Copy")): Object: 'Object Repository/Participants_Profile/Page_Healthcare Manager/i_Female_icon icon-views - Copy' is clicked on

2019-04-11 18:02:33 - [MESSAGE][PASSED] - Object: 'Object Repository/Participants_Profile/Page_Healthcare Manager/i_Female_icon icon-views - Copy' is clicked on

2019-04-11 18:02:33 - [TEST_STEP][PASSED] - click(findTestObject("Participants_Profile/Page_Healthcare Manager/Page_Healthcare Manager/Page_Healthcare Manager/bookerlist/Page_Healthcare Manager/a_ Bookers List")): Object: 'Object Repository/Participants_Profile/Page_Healthcare Manager/Page_Healthcare Manager/Page_Healthcare Manager/bookerlist/Page_Healthcare Manager/a_ Bookers List' is clicked on

2019-04-11 18:02:34 - [MESSAGE][PASSED] - Object: 'Object Repository/Participants_Profile/Page_Healthcare Manager/Page_Healthcare Manager/Page_Healthcare Manager/bookerlist/Page_Healthcare Manager/a_ Bookers List' is clicked on

2019-04-11 18:02:34 - [TEST_STEP][PASSED] - click(findTestObject("Participants_Profile/Page_Healthcare Manager/Page_Healthcare Manager/Page_Healthcare Manager/bookerlist/Page_Healthcare Manager/i_booker_update_button")): Object: 'Object Repository/Participants_Profile/Page_Healthcare Manager/Page_Healthcare Manager/Page_Healthcare Manager/bookerlist/Page_Healthcare Manager/i_booker_update_button' is clicked on

2019-04-11 18:02:34 - [MESSAGE][PASSED] - Object: 'Object Repository/Participants_Profile/Page_Healthcare Manager/Page_Healthcare Manager/Page_Healthcare Manager/bookerlist/Page_Healthcare Manager/i_booker_update_button' is clicked on

2019-04-11 18:02:34 - [TEST_STEP][NOT_RUN] - click(findTestObject("Participants_Profile/Page_Healthcare Manager/Page_Healthcare Manager/Page_Healthcare Manager/bookerlist/Page_Healthcare Manager/span_drpdwnSelect-arrow")): NOT_RUN: click(findTestObject("Participants_Profile/Page_Healthcare Manager/Page_Healthcare Manager/Page_Healthcare Manager/bookerlist/Page_Healthcare Manager/span_drpdwnSelect-arrow"))

2019-04-11 18:02:34 - [MESSAGE][NOT_RUN] - NOT_RUN: click(findTestObject("Participants_Profile/Page_Healthcare Manager/Page_Healthcare Manager/Page_Healthcare Manager/bookerlist/Page_Healthcare Manager/span_drpdwnSelect-arrow"))

2019-04-11 18:02:34 - [TEST_STEP][NOT_RUN] - click(findTestObject("Participants_Profile/Page_Healthcare Manager/Page_Healthcare Manager/Page_Healthcare Manager/bookerlist/Page_Healthcare Manager/div_Mother")): NOT_RUN: click(findTestObject("Participants_Profile/Page_Healthcare Manager/Page_Healthcare Manager/Page_Healthcare Manager/bookerlist/Page_Healthcare Manager/div_Mother"))

2019-04-11 18:02:34 - [MESSAGE][NOT_RUN] - NOT_RUN: click(findTestObject("Participants_Profile/Page_Healthcare Manager/Page_Healthcare Manager/Page_Healthcare Manager/bookerlist/Page_Healthcare Manager/div_Mother"))

2019-04-11 18:02:34 - [TEST_STEP][PASSED] - click(findTestObject("Participants_Profile/Page_Healthcare Manager/Page_Healthcare Manager/Page_Healthcare Manager/bookerlist/Page_Healthcare Manager/button_Submit")): Object: 'Object Repository/Participants_Profile/Page_Healthcare Manager/Page_Healthcare Manager/Page_Healthcare Manager/bookerlist/Page_Healthcare Manager/button_Submit' is clicked on

2019-04-11 18:02:35 - [MESSAGE][PASSED] - Object: 'Object Repository/Participants_Profile/Page_Healthcare Manager/Page_Healthcare Manager/Page_Healthcare Manager/bookerlist/Page_Healthcare Manager/button_Submit' is clicked on

2019-04-11 18:02:35 - [MESSAGE][PASSED] - Call Test Case 'Test Cases/OCS_Page/Participants_page/Participants_Ptrofile/ParticipantsProfile_BookerList' successfully

2019-04-11 18:02:35 - [TEST_STEP][PASSED] - callTestCase(findTestCase("OCS_Page/Participants_page/Participants_Ptrofile/ParticipantsProfile_Requres"), [:], STOP_ON_FAILURE): Call Test Case 'Test Cases/OCS_Page/Participants_page/Participants_Ptrofile/ParticipantsProfile_Requres' successfully

2019-04-11 18:02:35 - [TEST_CASE][PASSED] - Test Cases/OCS_Page/Participants_page/Participants_Ptrofile/ParticipantsProfile_Requres: Test Cases/OCS_Page/Participants_page/Participants_Ptrofile/ParticipantsProfile_Requres

2019-04-11 18:02:35 - [TEST_STEP][PASSED] - callTestCase(findTestCase("SetUpp/SetUp"), [:], STOP_ON_FAILURE): Call Test Case 'Test Cases/SetUpp/SetUp' successfully

2019-04-11 18:02:35 - [TEST_CASE][PASSED] - Test Cases/SetUpp/SetUp: Test Cases/SetUpp/SetUp

2019-04-11 18:02:35 - [TEST_STEP][PASSED] - openBrowser(""): Browser is opened with url: ''

2019-04-11 18:02:35 - [MESSAGE][WARNING] - A browser is already opened. Closing browser and opening a new one

2019-04-11 18:02:36 - [MESSAGE][INFO] - Starting 'Firefox' driver

2019-04-11 18:02:38 - [MESSAGE][PASSED] - Browser is opened with url: ''

2019-04-11 18:02:38 - [TEST_STEP][PASSED] - navigateToUrl("https://ydtwebstaging.com"): Navigate to 'https://ydtwebstaging.com' successfully

2019-04-11 18:02:45 - [MESSAGE][PASSED] - Navigate to 'https://ydtwebstaging.com' successfully

2019-04-11 18:02:45 - [TEST_STEP][PASSED] - maximizeWindow(): Current window maximized

2019-04-11 18:02:45 - [MESSAGE][PASSED] - Current window maximized

2019-04-11 18:02:45 - [TEST_STEP][PASSED] - deleteAllCookies(): Delete all cookies successfully

2019-04-11 18:02:45 - [MESSAGE][PASSED] - Delete all cookies successfully

2019-04-11 18:02:45 - [TEST_STEP][PASSED] - getWindowTitle(): Current window's title is: 'Healthcare Manager'

2019-04-11 18:02:45 - [MESSAGE][PASSED] - Current window's title is: 'Healthcare Manager'

2019-04-11 18:02:45 - [TEST_STEP][PASSED] - waitForPageLoad(30): Wait for page load successfully

2019-04-11 18:02:45 - [MESSAGE][PASSED] - Wait for page load successfully

2019-04-11 18:02:45 - [MESSAGE][PASSED] - Call Test Case 'Test Cases/SetUpp/SetUp' successfully

2019-04-11 18:02:45 - [TEST_STEP][PASSED] - callTestCase(findTestCase("OCS_Page/Login_Page/LoginPage_Positive_validate"), [:], STOP_ON_FAILURE): Call Test Case 'Test Cases/OCS_Page/Login_Page/LoginPage_Positive_validate' successfully

2019-04-11 18:02:46 - [TEST_CASE][PASSED] - Test Cases/OCS_Page/Login_Page/LoginPage_Positive_validate: Test Cases/OCS_Page/Login_Page/LoginPage_Positive_validate

2019-04-11 18:02:46 - [TEST_STEP][PASSED] - setText(findTestObject("Login_Page_OB/Page_Healthcare Manager/input_Login here_username"), "Archana@123"): Text 'Archana@123' is set on object 'Object Repository/Login_Page_OB/Page_Healthcare Manager/input_Login here_username'

2019-04-11 18:02:46 - [MESSAGE][PASSED] - Text 'Archana@123' is set on object 'Object Repository/Login_Page_OB/Page_Healthcare Manager/input_Login here_username'

2019-04-11 18:02:46 - [TEST_STEP][PASSED] - setText(findTestObject("Login_Page_OB/Page_Healthcare Manager/input_Login here_password"), "Archana@123"): Text 'Archana@123' is set on object 'Object Repository/Login_Page_OB/Page_Healthcare Manager/input_Login here_password'

2019-04-11 18:02:46 - [MESSAGE][PASSED] - Text 'Archana@123' is set on object 'Object Repository/Login_Page_OB/Page_Healthcare Manager/input_Login here_password'

2019-04-11 18:02:46 - [TEST_STEP][PASSED] - click(findTestObject("Login_Page_OB/Page_Healthcare Manager/button_Submit")): Object: 'Object Repository/Login_Page_OB/Page_Healthcare Manager/button_Submit' is clicked on

2019-04-11 18:02:46 - [MESSAGE][PASSED] - Object: 'Object Repository/Login_Page_OB/Page_Healthcare Manager/button_Submit' is clicked on

2019-04-11 18:02:46 - [TEST_STEP][NOT_RUN] - verifyElementVisible(findTestObject("Login_Page_OB/Page_Healthcare Manager/div_Login successfully")): NOT_RUN: verifyElementVisible(findTestObject("Login_Page_OB/Page_Healthcare Manager/div_Login successfully"))

2019-04-11 18:02:46 - [MESSAGE][NOT_RUN] - NOT_RUN: verifyElementVisible(findTestObject("Login_Page_OB/Page_Healthcare Manager/div_Login successfully"))

2019-04-11 18:02:46 - [MESSAGE][PASSED] - Call Test Case 'Test Cases/OCS_Page/Login_Page/LoginPage_Positive_validate' successfully

2019-04-11 18:02:46 - [TEST_STEP][PASSED] - click(findTestObject("Home_Page_OR/Page_Healthcare Manager/p_Participants")): Object: 'Object Repository/Home_Page_OR/Page_Healthcare Manager/p_Participants' is clicked on

2019-04-11 18:02:48 - [MESSAGE][PASSED] - Object: 'Object Repository/Home_Page_OR/Page_Healthcare Manager/p_Participants' is clicked on

2019-04-11 18:02:48 - [TEST_STEP][PASSED] - click(findTestObject("Participants_Profile/Page_Healthcare Manager/i_Female_icon icon-views - Copy")): Object: 'Object Repository/Participants_Profile/Page_Healthcare Manager/i_Female_icon icon-views - Copy' is clicked on

2019-04-11 18:02:51 - [MESSAGE][PASSED] - Object: 'Object Repository/Participants_Profile/Page_Healthcare Manager/i_Female_icon icon-views - Copy' is clicked on

2019-04-11 18:02:51 - [TEST_STEP][PASSED] - click(findTestObject("profile_about_requre/Page_Healthcare Manager/a_Requires")): Object: 'Object Repository/profile_about_requre/Page_Healthcare Manager/a_Requires' is clicked on

2019-04-11 18:02:52 - [MESSAGE][PASSED] - Object: 'Object Repository/profile_about_requre/Page_Healthcare Manager/a_Requires' is clicked on

2019-04-11 18:02:52 - [TEST_STEP][PASSED] - click(findTestObject("profile_about_requre/Page_Healthcare Manager/a_Update Btn Requirements")): Object: 'Object Repository/profile_about_requre/Page_Healthcare Manager/a_Update Btn Requirements' is clicked on

2019-04-11 18:02:52 - [MESSAGE][PASSED] - Object: 'Object Repository/profile_about_requre/Page_Healthcare Manager/a_Update Btn Requirements' is clicked on

2019-04-11 18:02:52 - [TEST_STEP][PASSED] - click(findTestObject("profile_about_requre/Page_Healthcare Manager/button_Update requirement")): Object: 'Object Repository/profile_about_requre/Page_Healthcare Manager/button_Update requirement' is clicked on

2019-04-11 18:02:52 - [MESSAGE][PASSED] - Object: 'Object Repository/profile_about_requre/Page_Healthcare Manager/button_Update requirement' is clicked on

2019-04-11 18:02:52 - [MESSAGE][PASSED] - Call Test Case 'Test Cases/OCS_Page/Participants_page/Participants_Ptrofile/ParticipantsProfile_Requres' successfully

2019-04-11 18:02:52 - [TEST_STEP][PASSED] - callTestCase(findTestCase("OCS_Page/Participants_page/Participants_Ptrofile/Participants_FMS"), [:], STOP_ON_FAILURE): Call Test Case 'Test Cases/OCS_Page/Participants_page/Participants_Ptrofile/Participants_FMS' successfully

2019-04-11 18:02:53 - [TEST_CASE][PASSED] - Test Cases/OCS_Page/Participants_page/Participants_Ptrofile/Participants_FMS: Test Cases/OCS_Page/Participants_page/Participants_Ptrofile/Participants_FMS

2019-04-11 18:02:53 - [TEST_STEP][PASSED] - callTestCase(findTestCase("SetUpp/SetUp"), [:], STOP_ON_FAILURE): Call Test Case 'Test Cases/SetUpp/SetUp' successfully

2019-04-11 18:02:53 - [TEST_CASE][PASSED] - Test Cases/SetUpp/SetUp: Test Cases/SetUpp/SetUp

2019-04-11 18:02:53 - [TEST_STEP][PASSED] - openBrowser(""): Browser is opened with url: ''

2019-04-11 18:02:53 - [MESSAGE][WARNING] - A browser is already opened. Closing browser and opening a new one

2019-04-11 18:02:53 - [MESSAGE][INFO] - Starting 'Firefox' driver

2019-04-11 18:02:55 - [MESSAGE][PASSED] - Browser is opened with url: ''

2019-04-11 18:02:55 - [TEST_STEP][PASSED] - navigateToUrl("https://ydtwebstaging.com"): Navigate to 'https://ydtwebstaging.com' successfully

2019-04-11 18:03:03 - [MESSAGE][PASSED] - Navigate to 'https://ydtwebstaging.com' successfully

2019-04-11 18:03:03 - [TEST_STEP][PASSED] - maximizeWindow(): Current window maximized

2019-04-11 18:03:03 - [MESSAGE][PASSED] - Current window maximized

2019-04-11 18:03:03 - [TEST_STEP][PASSED] - deleteAllCookies(): Delete all cookies successfully

2019-04-11 18:03:03 - [MESSAGE][PASSED] - Delete all cookies successfully

2019-04-11 18:03:03 - [TEST_STEP][PASSED] - getWindowTitle(): Current window's title is: 'Healthcare Manager'

2019-04-11 18:03:03 - [MESSAGE][PASSED] - Current window's title is: 'Healthcare Manager'

2019-04-11 18:03:03 - [TEST_STEP][PASSED] - waitForPageLoad(30): Wait for page load successfully

2019-04-11 18:03:03 - [MESSAGE][PASSED] - Wait for page load successfully

2019-04-11 18:03:03 - [MESSAGE][PASSED] - Call Test Case 'Test Cases/SetUpp/SetUp' successfully

2019-04-11 18:03:03 - [TEST_STEP][PASSED] - callTestCase(findTestCase("OCS_Page/Login_Page/LoginPage_Positive_validate"), [:], STOP_ON_FAILURE): Call Test Case 'Test Cases/OCS_Page/Login_Page/LoginPage_Positive_validate' successfully

2019-04-11 18:03:03 - [TEST_CASE][PASSED] - Test Cases/OCS_Page/Login_Page/LoginPage_Positive_validate: Test Cases/OCS_Page/Login_Page/LoginPage_Positive_validate

2019-04-11 18:03:03 - [TEST_STEP][PASSED] - setText(findTestObject("Login_Page_OB/Page_Healthcare Manager/input_Login here_username"), "Archana@123"): Text 'Archana@123' is set on object 'Object Repository/Login_Page_OB/Page_Healthcare Manager/input_Login here_username'

2019-04-11 18:03:03 - [MESSAGE][PASSED] - Text 'Archana@123' is set on object 'Object Repository/Login_Page_OB/Page_Healthcare Manager/input_Login here_username'

2019-04-11 18:03:03 - [TEST_STEP][PASSED] - setText(findTestObject("Login_Page_OB/Page_Healthcare Manager/input_Login here_password"), "Archana@123"): Text 'Archana@123' is set on object 'Object Repository/Login_Page_OB/Page_Healthcare Manager/input_Login here_password'

2019-04-11 18:03:04 - [MESSAGE][PASSED] - Text 'Archana@123' is set on object 'Object Repository/Login_Page_OB/Page_Healthcare Manager/input_Login here_password'

2019-04-11 18:03:04 - [TEST_STEP][PASSED] - click(findTestObject("Login_Page_OB/Page_Healthcare Manager/button_Submit")): Object: 'Object Repository/Login_Page_OB/Page_Healthcare Manager/button_Submit' is clicked on

2019-04-11 18:03:04 - [MESSAGE][PASSED] - Object: 'Object Repository/Login_Page_OB/Page_Healthcare Manager/button_Submit' is clicked on

2019-04-11 18:03:04 - [TEST_STEP][NOT_RUN] - verifyElementVisible(findTestObject("Login_Page_OB/Page_Healthcare Manager/div_Login successfully")): NOT_RUN: verifyElementVisible(findTestObject("Login_Page_OB/Page_Healthcare Manager/div_Login successfully"))

2019-04-11 18:03:04 - [MESSAGE][NOT_RUN] - NOT_RUN: verifyElementVisible(findTestObject("Login_Page_OB/Page_Healthcare Manager/div_Login successfully"))

2019-04-11 18:03:04 - [MESSAGE][PASSED] - Call Test Case 'Test Cases/OCS_Page/Login_Page/LoginPage_Positive_validate' successfully

2019-04-11 18:03:04 - [TEST_STEP][PASSED] - click(findTestObject("Home_Page_OR/Page_Healthcare Manager/p_Participants")): Object: 'Object Repository/Home_Page_OR/Page_Healthcare Manager/p_Participants' is clicked on

2019-04-11 18:03:06 - [MESSAGE][PASSED] - Object: 'Object Repository/Home_Page_OR/Page_Healthcare Manager/p_Participants' is clicked on

2019-04-11 18:03:06 - [TEST_STEP][PASSED] - click(findTestObject("Participants_Profile/Page_Healthcare Manager/i_Female_icon icon-views - Copy")): Object: 'Object Repository/Participants_Profile/Page_Healthcare Manager/i_Female_icon icon-views - Copy' is clicked on

2019-04-11 18:03:09 - [MESSAGE][PASSED] - Object: 'Object Repository/Participants_Profile/Page_Healthcare Manager/i_Female_icon icon-views - Copy' is clicked on

2019-04-11 18:03:09 - [TEST_STEP][PASSED] - click(findTestObject("profile_FMS/Page_Healthcare Manager/a_FMS")): Object: 'Object Repository/profile_FMS/Page_Healthcare Manager/a_FMS' is clicked on

2019-04-11 18:03:09 - [MESSAGE][PASSED] - Object: 'Object Repository/profile_FMS/Page_Healthcare Manager/a_FMS' is clicked on

2019-04-11 18:03:09 - [TEST_STEP][PASSED] - sendKeys(findTestObject("profile_FMS/Page_Healthcare Manager/input_Please Enter Your Credentials_pin"), "123456"): Keys '123456' sent to object: 'Object Repository/profile_FMS/Page_Healthcare Manager/input_Please Enter Your Credentials_pin'

2019-04-11 18:03:09 - [MESSAGE][PASSED] - Keys '123456' sent to object: 'Object Repository/profile_FMS/Page_Healthcare Manager/input_Please Enter Your Credentials_pin'

2019-04-11 18:03:09 - [TEST_STEP][PASSED] - submit(findTestObject("profile_FMS/Page_Healthcare Manager/input_Please Enter Your Credentials_pin")): The form containing object: 'Object Repository/profile_FMS/Page_Healthcare Manager/input_Please Enter Your Credentials_pin' is submitted

2019-04-11 18:03:09 - [MESSAGE][PASSED] - The form containing object: 'Object Repository/profile_FMS/Page_Healthcare Manager/input_Please Enter Your Credentials_pin' is submitted

2019-04-11 18:03:09 - [TEST_STEP][PASSED] - verifyElementVisible(findTestObject("profile_FMS/Page_Healthcare Manager/div_Feedback Tracker")): Object 'Object Repository/profile_FMS/Page_Healthcare Manager/div_Feedback Tracker' is visible

2019-04-11 18:03:10 - [MESSAGE][PASSED] - Object 'Object Repository/profile_FMS/Page_Healthcare Manager/div_Feedback Tracker' is visible

2019-04-11 18:03:10 - [MESSAGE][PASSED] - Call Test Case 'Test Cases/OCS_Page/Participants_page/Participants_Ptrofile/Participants_FMS' successfully

2019-04-11 18:03:10 - [TEST_STEP][PASSED] - callTestCase(findTestCase("TearDown/Broweser _close"), [:], STOP_ON_FAILURE): Call Test Case 'Test Cases/TearDown/Broweser _close' successfully

2019-04-11 18:03:11 - [TEST_CASE][PASSED] - Test Cases/TearDown/Broweser _close: Test Cases/TearDown/Broweser _close

2019-04-11 18:03:11 - [TEST_STEP][PASSED] - closeBrowser(): Browser is closed

2019-04-11 18:03:11 - [MESSAGE][PASSED] - Browser is closed

2019-04-11 18:03:11 - [MESSAGE][PASSED] - Call Test Case 'Test Cases/TearDown/Broweser _close' successfully]]></system-out>
         <system-err><![CDATA[]]></system-err>
      </testcase>
      <testcase name="Test Cases/OCS_Page_Test/Participants_Test/Participants_founds" classname="Test Cases/OCS_Page_Test/Participants_Test/Participants_founds" status="FAILED">
         <failure type="FAILED" message="Test Cases/OCS_Page_Test/Participants_Test/Participants_founds FAILED.
Reason:
com.kms.katalon.core.exception.StepFailedException: Unable to verify object 'Object Repository/found_module_or/Page_Healthcare Manager/Page_Healthcare Manager/Page_Healthcare Manager/div_The filetype you are attempting to upload is not allowed' is visible
	at com.kms.katalon.core.webui.keyword.internal.WebUIKeywordMain.stepFailed(WebUIKeywordMain.groovy:64)
	at com.kms.katalon.core.webui.keyword.internal.WebUIKeywordMain.runKeyword(WebUIKeywordMain.groovy:26)
	at com.kms.katalon.core.webui.keyword.builtin.VerifyElementVisibleKeyword.verifyElementVisible(VerifyElementVisibleKeyword.groovy:97)
	at com.kms.katalon.core.webui.keyword.builtin.VerifyElementVisibleKeyword.execute(VerifyElementVisibleKeyword.groovy:67)
	at com.kms.katalon.core.keyword.internal.KeywordExecutor.executeKeywordForPlatform(KeywordExecutor.groovy:56)
	at com.kms.katalon.core.webui.keyword.WebUiBuiltInKeywords.verifyElementVisible(WebUiBuiltInKeywords.groovy:372)
	at com.kms.katalon.core.webui.keyword.WebUiBuiltInKeywords$verifyElementVisible$13.call(Unknown Source)
	at Participants_founds.run(Participants_founds:55)
	at com.kms.katalon.core.main.ScriptEngine.run(ScriptEngine.java:194)
	at com.kms.katalon.core.main.ScriptEngine.runScriptAsRawText(ScriptEngine.java:119)
	at com.kms.katalon.core.main.TestCaseExecutor.runScript(TestCaseExecutor.java:331)
	at com.kms.katalon.core.main.TestCaseExecutor.doExecute(TestCaseExecutor.java:322)
	at com.kms.katalon.core.main.TestCaseExecutor.processExecutionPhase(TestCaseExecutor.java:301)
	at com.kms.katalon.core.main.TestCaseExecutor.accessMainPhase(TestCaseExecutor.java:293)
	at com.kms.katalon.core.main.TestCaseExecutor.execute(TestCaseExecutor.java:227)
	at com.kms.katalon.core.main.TestSuiteExecutor.accessTestCaseMainPhase(TestSuiteExecutor.java:129)
	at com.kms.katalon.core.main.TestSuiteExecutor.accessTestSuiteMainPhase(TestSuiteExecutor.java:112)
	at com.kms.katalon.core.main.TestSuiteExecutor.execute(TestSuiteExecutor.java:81)
	at com.kms.katalon.core.main.TestCaseMain.startTestSuite(TestCaseMain.java:157)
	at com.kms.katalon.core.main.TestCaseMain$startTestSuite$0.call(Unknown Source)
	at TempTestSuite1554985830039.run(TempTestSuite1554985830039.groovy:35)
Caused by: com.kms.katalon.core.exception.StepFailedException: Web element with id: 'Object Repository/found_module_or/Page_Healthcare Manager/Page_Healthcare Manager/Page_Healthcare Manager/div_The filetype you are attempting to upload is not allowed' located by 'By.xpath: //div[(text() = 'The filetype you are attempting to upload is not allowed.' or . = 'The filetype you are attempting to upload is not allowed.')]' not found
	at com.kms.katalon.core.webui.keyword.internal.WebUIKeywordMain.stepFailed(WebUIKeywordMain.groovy:64)
	at com.kms.katalon.core.webui.keyword.builtin.VerifyElementVisibleKeyword$_verifyElementVisible_closure1.doCall(VerifyElementVisibleKeyword.groovy:89)
	at com.kms.katalon.core.webui.keyword.builtin.VerifyElementVisibleKeyword$_verifyElementVisible_closure1.call(VerifyElementVisibleKeyword.groovy)
	at com.kms.katalon.core.webui.keyword.internal.WebUIKeywordMain.runKeyword(WebUIKeywordMain.groovy:20)
	... 19 more
"/>
         <system-out><![CDATA[2019-04-11 18:03:11 - [TEST_CASE][FAILED] - Test Cases/OCS_Page_Test/Participants_Test/Participants_founds: Test Cases/OCS_Page_Test/Participants_Test/Participants_founds FAILED.
Reason:
com.kms.katalon.core.exception.StepFailedException: Unable to verify object 'Object Repository/found_module_or/Page_Healthcare Manager/Page_Healthcare Manager/Page_Healthcare Manager/div_The filetype you are attempting to upload is not allowed' is visible
	at com.kms.katalon.core.webui.keyword.internal.WebUIKeywordMain.stepFailed(WebUIKeywordMain.groovy:64)
	at com.kms.katalon.core.webui.keyword.internal.WebUIKeywordMain.runKeyword(WebUIKeywordMain.groovy:26)
	at com.kms.katalon.core.webui.keyword.builtin.VerifyElementVisibleKeyword.verifyElementVisible(VerifyElementVisibleKeyword.groovy:97)
	at com.kms.katalon.core.webui.keyword.builtin.VerifyElementVisibleKeyword.execute(VerifyElementVisibleKeyword.groovy:67)
	at com.kms.katalon.core.keyword.internal.KeywordExecutor.executeKeywordForPlatform(KeywordExecutor.groovy:56)
	at com.kms.katalon.core.webui.keyword.WebUiBuiltInKeywords.verifyElementVisible(WebUiBuiltInKeywords.groovy:372)
	at com.kms.katalon.core.webui.keyword.WebUiBuiltInKeywords$verifyElementVisible$13.call(Unknown Source)
	at Participants_founds.run(Participants_founds:55)
	at com.kms.katalon.core.main.ScriptEngine.run(ScriptEngine.java:194)
	at com.kms.katalon.core.main.ScriptEngine.runScriptAsRawText(ScriptEngine.java:119)
	at com.kms.katalon.core.main.TestCaseExecutor.runScript(TestCaseExecutor.java:331)
	at com.kms.katalon.core.main.TestCaseExecutor.doExecute(TestCaseExecutor.java:322)
	at com.kms.katalon.core.main.TestCaseExecutor.processExecutionPhase(TestCaseExecutor.java:301)
	at com.kms.katalon.core.main.TestCaseExecutor.accessMainPhase(TestCaseExecutor.java:293)
	at com.kms.katalon.core.main.TestCaseExecutor.execute(TestCaseExecutor.java:227)
	at com.kms.katalon.core.main.TestSuiteExecutor.accessTestCaseMainPhase(TestSuiteExecutor.java:129)
	at com.kms.katalon.core.main.TestSuiteExecutor.accessTestSuiteMainPhase(TestSuiteExecutor.java:112)
	at com.kms.katalon.core.main.TestSuiteExecutor.execute(TestSuiteExecutor.java:81)
	at com.kms.katalon.core.main.TestCaseMain.startTestSuite(TestCaseMain.java:157)
	at com.kms.katalon.core.main.TestCaseMain$startTestSuite$0.call(Unknown Source)
	at TempTestSuite1554985830039.run(TempTestSuite1554985830039.groovy:35)
Caused by: com.kms.katalon.core.exception.StepFailedException: Web element with id: 'Object Repository/found_module_or/Page_Healthcare Manager/Page_Healthcare Manager/Page_Healthcare Manager/div_The filetype you are attempting to upload is not allowed' located by 'By.xpath: //div[(text() = 'The filetype you are attempting to upload is not allowed.' or . = 'The filetype you are attempting to upload is not allowed.')]' not found
	at com.kms.katalon.core.webui.keyword.internal.WebUIKeywordMain.stepFailed(WebUIKeywordMain.groovy:64)
	at com.kms.katalon.core.webui.keyword.builtin.VerifyElementVisibleKeyword$_verifyElementVisible_closure1.doCall(VerifyElementVisibleKeyword.groovy:89)
	at com.kms.katalon.core.webui.keyword.builtin.VerifyElementVisibleKeyword$_verifyElementVisible_closure1.call(VerifyElementVisibleKeyword.groovy)
	at com.kms.katalon.core.webui.keyword.internal.WebUIKeywordMain.runKeyword(WebUIKeywordMain.groovy:20)
	... 19 more


2019-04-11 18:03:11 - [TEST_STEP][PASSED] - callTestCase(findTestCase("SetUpp/SetUp"), [:], STOP_ON_FAILURE): Call Test Case 'Test Cases/SetUpp/SetUp' successfully

2019-04-11 18:03:11 - [TEST_CASE][PASSED] - Test Cases/SetUpp/SetUp: Test Cases/SetUpp/SetUp

2019-04-11 18:03:11 - [TEST_STEP][PASSED] - openBrowser(""): Browser is opened with url: ''

2019-04-11 18:03:11 - [MESSAGE][INFO] - Starting 'Firefox' driver

2019-04-11 18:03:14 - [MESSAGE][PASSED] - Browser is opened with url: ''

2019-04-11 18:03:14 - [TEST_STEP][PASSED] - navigateToUrl("https://ydtwebstaging.com"): Navigate to 'https://ydtwebstaging.com' successfully

2019-04-11 18:03:21 - [MESSAGE][PASSED] - Navigate to 'https://ydtwebstaging.com' successfully

2019-04-11 18:03:21 - [TEST_STEP][PASSED] - maximizeWindow(): Current window maximized

2019-04-11 18:03:21 - [MESSAGE][PASSED] - Current window maximized

2019-04-11 18:03:21 - [TEST_STEP][PASSED] - deleteAllCookies(): Delete all cookies successfully

2019-04-11 18:03:21 - [MESSAGE][PASSED] - Delete all cookies successfully

2019-04-11 18:03:21 - [TEST_STEP][PASSED] - getWindowTitle(): Current window's title is: 'Healthcare Manager'

2019-04-11 18:03:21 - [MESSAGE][PASSED] - Current window's title is: 'Healthcare Manager'

2019-04-11 18:03:21 - [TEST_STEP][PASSED] - waitForPageLoad(30): Wait for page load successfully

2019-04-11 18:03:21 - [MESSAGE][PASSED] - Wait for page load successfully

2019-04-11 18:03:21 - [MESSAGE][PASSED] - Call Test Case 'Test Cases/SetUpp/SetUp' successfully

2019-04-11 18:03:21 - [TEST_STEP][PASSED] - callTestCase(findTestCase("OCS_Page/Login_Page/LoginPage_Positive_validate"), [:], STOP_ON_FAILURE): Call Test Case 'Test Cases/OCS_Page/Login_Page/LoginPage_Positive_validate' successfully

2019-04-11 18:03:21 - [TEST_CASE][PASSED] - Test Cases/OCS_Page/Login_Page/LoginPage_Positive_validate: Test Cases/OCS_Page/Login_Page/LoginPage_Positive_validate

2019-04-11 18:03:21 - [TEST_STEP][PASSED] - setText(findTestObject("Login_Page_OB/Page_Healthcare Manager/input_Login here_username"), "Archana@123"): Text 'Archana@123' is set on object 'Object Repository/Login_Page_OB/Page_Healthcare Manager/input_Login here_username'

2019-04-11 18:03:21 - [MESSAGE][PASSED] - Text 'Archana@123' is set on object 'Object Repository/Login_Page_OB/Page_Healthcare Manager/input_Login here_username'

2019-04-11 18:03:21 - [TEST_STEP][PASSED] - setText(findTestObject("Login_Page_OB/Page_Healthcare Manager/input_Login here_password"), "Archana@123"): Text 'Archana@123' is set on object 'Object Repository/Login_Page_OB/Page_Healthcare Manager/input_Login here_password'

2019-04-11 18:03:21 - [MESSAGE][PASSED] - Text 'Archana@123' is set on object 'Object Repository/Login_Page_OB/Page_Healthcare Manager/input_Login here_password'

2019-04-11 18:03:21 - [TEST_STEP][PASSED] - click(findTestObject("Login_Page_OB/Page_Healthcare Manager/button_Submit")): Object: 'Object Repository/Login_Page_OB/Page_Healthcare Manager/button_Submit' is clicked on

2019-04-11 18:03:22 - [MESSAGE][PASSED] - Object: 'Object Repository/Login_Page_OB/Page_Healthcare Manager/button_Submit' is clicked on

2019-04-11 18:03:22 - [TEST_STEP][NOT_RUN] - verifyElementVisible(findTestObject("Login_Page_OB/Page_Healthcare Manager/div_Login successfully")): NOT_RUN: verifyElementVisible(findTestObject("Login_Page_OB/Page_Healthcare Manager/div_Login successfully"))

2019-04-11 18:03:22 - [MESSAGE][NOT_RUN] - NOT_RUN: verifyElementVisible(findTestObject("Login_Page_OB/Page_Healthcare Manager/div_Login successfully"))

2019-04-11 18:03:22 - [MESSAGE][PASSED] - Call Test Case 'Test Cases/OCS_Page/Login_Page/LoginPage_Positive_validate' successfully

2019-04-11 18:03:22 - [TEST_STEP][PASSED] - click(findTestObject("Home_Page_OR/Page_Healthcare Manager/p_Participants")): Object: 'Object Repository/Home_Page_OR/Page_Healthcare Manager/p_Participants' is clicked on

2019-04-11 18:03:23 - [MESSAGE][PASSED] - Object: 'Object Repository/Home_Page_OR/Page_Healthcare Manager/p_Participants' is clicked on

2019-04-11 18:03:23 - [TEST_STEP][PASSED] - click(findTestObject("Participants_Profile/Page_Healthcare Manager/i_Female_icon icon-views - Copy")): Object: 'Object Repository/Participants_Profile/Page_Healthcare Manager/i_Female_icon icon-views - Copy' is clicked on

2019-04-11 18:03:27 - [MESSAGE][PASSED] - Object: 'Object Repository/Participants_Profile/Page_Healthcare Manager/i_Female_icon icon-views - Copy' is clicked on

2019-04-11 18:03:27 - [TEST_STEP][PASSED] - click(findTestObject("found_module_or/Page_Healthcare Manager/Page_Healthcare Manager/a_Funding")): Object: 'Object Repository/found_module_or/Page_Healthcare Manager/Page_Healthcare Manager/a_Funding' is clicked on

2019-04-11 18:03:28 - [MESSAGE][PASSED] - Object: 'Object Repository/found_module_or/Page_Healthcare Manager/Page_Healthcare Manager/a_Funding' is clicked on

2019-04-11 18:03:28 - [TEST_STEP][PASSED] - click(findTestObject("found_module_or/Page_Healthcare Manager/a_Docs_link")): Object: 'Object Repository/found_module_or/Page_Healthcare Manager/a_Docs_link' is clicked on

2019-04-11 18:03:28 - [MESSAGE][PASSED] - Object: 'Object Repository/found_module_or/Page_Healthcare Manager/a_Docs_link' is clicked on

2019-04-11 18:03:28 - [TEST_STEP][PASSED] - click(findTestObject("found_module_or/Page_Healthcare Manager/a_Upload New Doc(s)")): Object: 'Object Repository/found_module_or/Page_Healthcare Manager/a_Upload New Doc(s)' is clicked on

2019-04-11 18:03:29 - [MESSAGE][PASSED] - Object: 'Object Repository/found_module_or/Page_Healthcare Manager/a_Upload New Doc(s)' is clicked on

2019-04-11 18:03:29 - [TEST_STEP][PASSED] - setText(findTestObject("found_module_or/Page_Healthcare Manager/input"), "Demo download"): Text 'Demo download' is set on object 'Object Repository/found_module_or/Page_Healthcare Manager/input'

2019-04-11 18:03:29 - [MESSAGE][PASSED] - Text 'Demo download' is set on object 'Object Repository/found_module_or/Page_Healthcare Manager/input'

2019-04-11 18:03:29 - [TEST_STEP][PASSED] - click(findTestObject("found_module_or/Page_Healthcare Manager/div_Select_docs cat")): Object: 'Object Repository/found_module_or/Page_Healthcare Manager/div_Select_docs cat' is clicked on

2019-04-11 18:03:29 - [MESSAGE][PASSED] - Object: 'Object Repository/found_module_or/Page_Healthcare Manager/div_Select_docs cat' is clicked on

2019-04-11 18:03:29 - [TEST_STEP][PASSED] - click(findTestObject("found_module_or/Page_Healthcare Manager/div_Option 2")): Object: 'Object Repository/found_module_or/Page_Healthcare Manager/div_Option 2' is clicked on

2019-04-11 18:03:30 - [MESSAGE][PASSED] - Object: 'Object Repository/found_module_or/Page_Healthcare Manager/div_Option 2' is clicked on

2019-04-11 18:03:30 - [TEST_STEP][PASSED] - setText(findTestObject("found_module_or/Page_Healthcare Manager/input_Docs Expiry Date_expiry_date"), "20-04-2019"): Text '20-04-2019' is set on object 'Object Repository/found_module_or/Page_Healthcare Manager/input_Docs Expiry Date_expiry_date'

2019-04-11 18:03:30 - [MESSAGE][PASSED] - Text '20-04-2019' is set on object 'Object Repository/found_module_or/Page_Healthcare Manager/input_Docs Expiry Date_expiry_date'

2019-04-11 18:03:30 - [TEST_STEP][PASSED] - if (false): null

2019-04-11 18:03:30 - [TEST_STEP][FAILED] - else: else FAILED.
Reason:
com.kms.katalon.core.exception.StepFailedException: Unable to verify object 'Object Repository/found_module_or/Page_Healthcare Manager/Page_Healthcare Manager/Page_Healthcare Manager/div_The filetype you are attempting to upload is not allowed' is visible
	at com.kms.katalon.core.webui.keyword.internal.WebUIKeywordMain.stepFailed(WebUIKeywordMain.groovy:64)
	at com.kms.katalon.core.webui.keyword.internal.WebUIKeywordMain.runKeyword(WebUIKeywordMain.groovy:26)
	at com.kms.katalon.core.webui.keyword.builtin.VerifyElementVisibleKeyword.verifyElementVisible(VerifyElementVisibleKeyword.groovy:97)
	at com.kms.katalon.core.webui.keyword.builtin.VerifyElementVisibleKeyword.execute(VerifyElementVisibleKeyword.groovy:67)
	at com.kms.katalon.core.keyword.internal.KeywordExecutor.executeKeywordForPlatform(KeywordExecutor.groovy:56)
	at com.kms.katalon.core.webui.keyword.WebUiBuiltInKeywords.verifyElementVisible(WebUiBuiltInKeywords.groovy:372)
	at com.kms.katalon.core.webui.keyword.WebUiBuiltInKeywords$verifyElementVisible$13.call(Unknown Source)
	at Participants_founds.run(Participants_founds:55)
	at com.kms.katalon.core.main.ScriptEngine.run(ScriptEngine.java:194)
	at com.kms.katalon.core.main.ScriptEngine.runScriptAsRawText(ScriptEngine.java:119)
	at com.kms.katalon.core.main.TestCaseExecutor.runScript(TestCaseExecutor.java:331)
	at com.kms.katalon.core.main.TestCaseExecutor.doExecute(TestCaseExecutor.java:322)
	at com.kms.katalon.core.main.TestCaseExecutor.processExecutionPhase(TestCaseExecutor.java:301)
	at com.kms.katalon.core.main.TestCaseExecutor.accessMainPhase(TestCaseExecutor.java:293)
	at com.kms.katalon.core.main.TestCaseExecutor.execute(TestCaseExecutor.java:227)
	at com.kms.katalon.core.main.TestSuiteExecutor.accessTestCaseMainPhase(TestSuiteExecutor.java:129)
	at com.kms.katalon.core.main.TestSuiteExecutor.accessTestSuiteMainPhase(TestSuiteExecutor.java:112)
	at com.kms.katalon.core.main.TestSuiteExecutor.execute(TestSuiteExecutor.java:81)
	at com.kms.katalon.core.main.TestCaseMain.startTestSuite(TestCaseMain.java:157)
	at com.kms.katalon.core.main.TestCaseMain$startTestSuite$0.call(Unknown Source)
	at TempTestSuite1554985830039.run(TempTestSuite1554985830039.groovy:35)
Caused by: com.kms.katalon.core.exception.StepFailedException: Web element with id: 'Object Repository/found_module_or/Page_Healthcare Manager/Page_Healthcare Manager/Page_Healthcare Manager/div_The filetype you are attempting to upload is not allowed' located by 'By.xpath: //div[(text() = 'The filetype you are attempting to upload is not allowed.' or . = 'The filetype you are attempting to upload is not allowed.')]' not found
	at com.kms.katalon.core.webui.keyword.internal.WebUIKeywordMain.stepFailed(WebUIKeywordMain.groovy:64)
	at com.kms.katalon.core.webui.keyword.builtin.VerifyElementVisibleKeyword$_verifyElementVisible_closure1.doCall(VerifyElementVisibleKeyword.groovy:89)
	at com.kms.katalon.core.webui.keyword.builtin.VerifyElementVisibleKeyword$_verifyElementVisible_closure1.call(VerifyElementVisibleKeyword.groovy)
	at com.kms.katalon.core.webui.keyword.internal.WebUIKeywordMain.runKeyword(WebUIKeywordMain.groovy:20)
	... 19 more


2019-04-11 18:03:30 - [TEST_STEP][PASSED] - Upload.uploadfile(findTestObject("found_module_or/Page_Healthcare Manager/i_Upload New Doc(s)_field"), "C:\Users\win10\Documents\daily task.txt"): Upload.uploadfile is PASSED

2019-04-11 18:03:30 - [MESSAGE][PASSED] - Object: 'Object Repository/found_module_or/Page_Healthcare Manager/i_Upload New Doc(s)_field' is clicked on

2019-04-11 18:03:31 - [MESSAGE][PASSED] - Upload.uploadfile is PASSED

2019-04-11 18:03:31 - [TEST_STEP][PASSED] - click(findTestObject("found_module_or/Page_Healthcare Manager/input__save_btn")): Object: 'Object Repository/found_module_or/Page_Healthcare Manager/input__save_btn' is clicked on

2019-04-11 18:03:31 - [MESSAGE][PASSED] - Object: 'Object Repository/found_module_or/Page_Healthcare Manager/input__save_btn' is clicked on

2019-04-11 18:03:31 - [TEST_STEP][PASSED] - delay(5): Delayed 5 second(s)

2019-04-11 18:03:36 - [MESSAGE][PASSED] - Delayed 5 second(s)

2019-04-11 18:03:36 - [TEST_STEP][FAILED] - verifyElementVisible(findTestObject("found_module_or/Page_Healthcare Manager/Page_Healthcare Manager/Page_Healthcare Manager/div_The filetype you are attempting to upload is not allowed")): else FAILED.
Reason:
com.kms.katalon.core.exception.StepFailedException: Unable to verify object 'Object Repository/found_module_or/Page_Healthcare Manager/Page_Healthcare Manager/Page_Healthcare Manager/div_The filetype you are attempting to upload is not allowed' is visible
	at com.kms.katalon.core.webui.keyword.internal.WebUIKeywordMain.stepFailed(WebUIKeywordMain.groovy:64)
	at com.kms.katalon.core.webui.keyword.internal.WebUIKeywordMain.runKeyword(WebUIKeywordMain.groovy:26)
	at com.kms.katalon.core.webui.keyword.builtin.VerifyElementVisibleKeyword.verifyElementVisible(VerifyElementVisibleKeyword.groovy:97)
	at com.kms.katalon.core.webui.keyword.builtin.VerifyElementVisibleKeyword.execute(VerifyElementVisibleKeyword.groovy:67)
	at com.kms.katalon.core.keyword.internal.KeywordExecutor.executeKeywordForPlatform(KeywordExecutor.groovy:56)
	at com.kms.katalon.core.webui.keyword.WebUiBuiltInKeywords.verifyElementVisible(WebUiBuiltInKeywords.groovy:372)
	at com.kms.katalon.core.webui.keyword.WebUiBuiltInKeywords$verifyElementVisible$13.call(Unknown Source)
	at Participants_founds.run(Participants_founds:55)
	at com.kms.katalon.core.main.ScriptEngine.run(ScriptEngine.java:194)
	at com.kms.katalon.core.main.ScriptEngine.runScriptAsRawText(ScriptEngine.java:119)
	at com.kms.katalon.core.main.TestCaseExecutor.runScript(TestCaseExecutor.java:331)
	at com.kms.katalon.core.main.TestCaseExecutor.doExecute(TestCaseExecutor.java:322)
	at com.kms.katalon.core.main.TestCaseExecutor.processExecutionPhase(TestCaseExecutor.java:301)
	at com.kms.katalon.core.main.TestCaseExecutor.accessMainPhase(TestCaseExecutor.java:293)
	at com.kms.katalon.core.main.TestCaseExecutor.execute(TestCaseExecutor.java:227)
	at com.kms.katalon.core.main.TestSuiteExecutor.accessTestCaseMainPhase(TestSuiteExecutor.java:129)
	at com.kms.katalon.core.main.TestSuiteExecutor.accessTestSuiteMainPhase(TestSuiteExecutor.java:112)
	at com.kms.katalon.core.main.TestSuiteExecutor.execute(TestSuiteExecutor.java:81)
	at com.kms.katalon.core.main.TestCaseMain.startTestSuite(TestCaseMain.java:157)
	at com.kms.katalon.core.main.TestCaseMain$startTestSuite$0.call(Unknown Source)
	at TempTestSuite1554985830039.run(TempTestSuite1554985830039.groovy:35)
Caused by: com.kms.katalon.core.exception.StepFailedException: Web element with id: 'Object Repository/found_module_or/Page_Healthcare Manager/Page_Healthcare Manager/Page_Healthcare Manager/div_The filetype you are attempting to upload is not allowed' located by 'By.xpath: //div[(text() = 'The filetype you are attempting to upload is not allowed.' or . = 'The filetype you are attempting to upload is not allowed.')]' not found
	at com.kms.katalon.core.webui.keyword.internal.WebUIKeywordMain.stepFailed(WebUIKeywordMain.groovy:64)
	at com.kms.katalon.core.webui.keyword.builtin.VerifyElementVisibleKeyword$_verifyElementVisible_closure1.doCall(VerifyElementVisibleKeyword.groovy:89)
	at com.kms.katalon.core.webui.keyword.builtin.VerifyElementVisibleKeyword$_verifyElementVisible_closure1.call(VerifyElementVisibleKeyword.groovy)
	at com.kms.katalon.core.webui.keyword.internal.WebUIKeywordMain.runKeyword(WebUIKeywordMain.groovy:20)
	... 19 more


2019-04-11 18:04:06 - [MESSAGE][INFO] - Unable to find the element located by 'By.xpath: //div[(text() = 'The filetype you are attempting to upload is not allowed.' or . = 'The filetype you are attempting to upload is not allowed.')]'. Please recheck the objects properties to make sure the desired element is located. 

2019-04-11 18:04:07 - [MESSAGE][FAILED] - Web element with id: 'Object Repository/found_module_or/Page_Healthcare Manager/Page_Healthcare Manager/Page_Healthcare Manager/div_The filetype you are attempting to upload is not allowed' located by 'By.xpath: //div[(text() = 'The filetype you are attempting to upload is not allowed.' or . = 'The filetype you are attempting to upload is not allowed.')]' not found (Root cause: com.kms.katalon.core.exception.StepFailedException: Web element with id: 'Object Repository/found_module_or/Page_Healthcare Manager/Page_Healthcare Manager/Page_Healthcare Manager/div_The filetype you are attempting to upload is not allowed' located by 'By.xpath: //div[(text() = 'The filetype you are attempting to upload is not allowed.' or . = 'The filetype you are attempting to upload is not allowed.')]' not found
	at com.kms.katalon.core.webui.keyword.internal.WebUIKeywordMain.stepFailed(WebUIKeywordMain.groovy:64)
	at com.kms.katalon.core.webui.keyword.builtin.VerifyElementVisibleKeyword$_verifyElementVisible_closure1.doCall(VerifyElementVisibleKeyword.groovy:89)
	at com.kms.katalon.core.webui.keyword.builtin.VerifyElementVisibleKeyword$_verifyElementVisible_closure1.call(VerifyElementVisibleKeyword.groovy)
	at com.kms.katalon.core.webui.keyword.internal.WebUIKeywordMain.runKeyword(WebUIKeywordMain.groovy:20)
	at com.kms.katalon.core.webui.keyword.builtin.VerifyElementVisibleKeyword.verifyElementVisible(VerifyElementVisibleKeyword.groovy:97)
	at com.kms.katalon.core.webui.keyword.builtin.VerifyElementVisibleKeyword.execute(VerifyElementVisibleKeyword.groovy:67)
	at com.kms.katalon.core.keyword.internal.KeywordExecutor.executeKeywordForPlatform(KeywordExecutor.groovy:56)
	at com.kms.katalon.core.webui.keyword.WebUiBuiltInKeywords.verifyElementVisible(WebUiBuiltInKeywords.groovy:372)
	at com.kms.katalon.core.webui.keyword.WebUiBuiltInKeywords$verifyElementVisible$13.call(Unknown Source)
	at Participants_founds.run(Participants_founds:55)
	at com.kms.katalon.core.main.ScriptEngine.run(ScriptEngine.java:194)
	at com.kms.katalon.core.main.ScriptEngine.runScriptAsRawText(ScriptEngine.java:119)
	at com.kms.katalon.core.main.TestCaseExecutor.runScript(TestCaseExecutor.java:331)
	at com.kms.katalon.core.main.TestCaseExecutor.doExecute(TestCaseExecutor.java:322)
	at com.kms.katalon.core.main.TestCaseExecutor.processExecutionPhase(TestCaseExecutor.java:301)
	at com.kms.katalon.core.main.TestCaseExecutor.accessMainPhase(TestCaseExecutor.java:293)
	at com.kms.katalon.core.main.TestCaseExecutor.execute(TestCaseExecutor.java:227)
	at com.kms.katalon.core.main.TestSuiteExecutor.accessTestCaseMainPhase(TestSuiteExecutor.java:129)
	at com.kms.katalon.core.main.TestSuiteExecutor.accessTestSuiteMainPhase(TestSuiteExecutor.java:112)
	at com.kms.katalon.core.main.TestSuiteExecutor.execute(TestSuiteExecutor.java:81)
	at com.kms.katalon.core.main.TestCaseMain.startTestSuite(TestCaseMain.java:157)
	at com.kms.katalon.core.main.TestCaseMain$startTestSuite$0.call(Unknown Source)
	at TempTestSuite1554985830039.run(TempTestSuite1554985830039.groovy:35)
)
[[ATTACHMENT|C:\\Users\\win10\\git\\hcm_qa\\OCS_HCM\\OCS_HCM\\Reports\\ParticipantsPage Test\\20190411_180030\\1554986046913.png]]

2019-04-11 18:04:07 - [MESSAGE][FAILED] - Unable to verify object 'Object Repository/found_module_or/Page_Healthcare Manager/Page_Healthcare Manager/Page_Healthcare Manager/div_The filetype you are attempting to upload is not allowed' is visible (Root cause: com.kms.katalon.core.exception.StepFailedException: Unable to verify object 'Object Repository/found_module_or/Page_Healthcare Manager/Page_Healthcare Manager/Page_Healthcare Manager/div_The filetype you are attempting to upload is not allowed' is visible
	at com.kms.katalon.core.webui.keyword.internal.WebUIKeywordMain.stepFailed(WebUIKeywordMain.groovy:64)
	at com.kms.katalon.core.webui.keyword.internal.WebUIKeywordMain.runKeyword(WebUIKeywordMain.groovy:26)
	at com.kms.katalon.core.webui.keyword.builtin.VerifyElementVisibleKeyword.verifyElementVisible(VerifyElementVisibleKeyword.groovy:97)
	at com.kms.katalon.core.webui.keyword.builtin.VerifyElementVisibleKeyword.execute(VerifyElementVisibleKeyword.groovy:67)
	at com.kms.katalon.core.keyword.internal.KeywordExecutor.executeKeywordForPlatform(KeywordExecutor.groovy:56)
	at com.kms.katalon.core.webui.keyword.WebUiBuiltInKeywords.verifyElementVisible(WebUiBuiltInKeywords.groovy:372)
	at com.kms.katalon.core.webui.keyword.WebUiBuiltInKeywords$verifyElementVisible$13.call(Unknown Source)
	at Participants_founds.run(Participants_founds:55)
	at com.kms.katalon.core.main.ScriptEngine.run(ScriptEngine.java:194)
	at com.kms.katalon.core.main.ScriptEngine.runScriptAsRawText(ScriptEngine.java:119)
	at com.kms.katalon.core.main.TestCaseExecutor.runScript(TestCaseExecutor.java:331)
	at com.kms.katalon.core.main.TestCaseExecutor.doExecute(TestCaseExecutor.java:322)
	at com.kms.katalon.core.main.TestCaseExecutor.processExecutionPhase(TestCaseExecutor.java:301)
	at com.kms.katalon.core.main.TestCaseExecutor.accessMainPhase(TestCaseExecutor.java:293)
	at com.kms.katalon.core.main.TestCaseExecutor.execute(TestCaseExecutor.java:227)
	at com.kms.katalon.core.main.TestSuiteExecutor.accessTestCaseMainPhase(TestSuiteExecutor.java:129)
	at com.kms.katalon.core.main.TestSuiteExecutor.accessTestSuiteMainPhase(TestSuiteExecutor.java:112)
	at com.kms.katalon.core.main.TestSuiteExecutor.execute(TestSuiteExecutor.java:81)
	at com.kms.katalon.core.main.TestCaseMain.startTestSuite(TestCaseMain.java:157)
	at com.kms.katalon.core.main.TestCaseMain$startTestSuite$0.call(Unknown Source)
	at TempTestSuite1554985830039.run(TempTestSuite1554985830039.groovy:35)
Caused by: com.kms.katalon.core.exception.StepFailedException: Web element with id: 'Object Repository/found_module_or/Page_Healthcare Manager/Page_Healthcare Manager/Page_Healthcare Manager/div_The filetype you are attempting to upload is not allowed' located by 'By.xpath: //div[(text() = 'The filetype you are attempting to upload is not allowed.' or . = 'The filetype you are attempting to upload is not allowed.')]' not found
	at com.kms.katalon.core.webui.keyword.internal.WebUIKeywordMain.stepFailed(WebUIKeywordMain.groovy:64)
	at com.kms.katalon.core.webui.keyword.builtin.VerifyElementVisibleKeyword$_verifyElementVisible_closure1.doCall(VerifyElementVisibleKeyword.groovy:89)
	at com.kms.katalon.core.webui.keyword.builtin.VerifyElementVisibleKeyword$_verifyElementVisible_closure1.call(VerifyElementVisibleKeyword.groovy)
	at com.kms.katalon.core.webui.keyword.internal.WebUIKeywordMain.runKeyword(WebUIKeywordMain.groovy:20)
	... 19 more
)
[[ATTACHMENT|C:\\Users\\win10\\git\\hcm_qa\\OCS_HCM\\OCS_HCM\\Reports\\ParticipantsPage Test\\20190411_180030\\1554986047016.png]]

2019-04-11 18:04:07 - [MESSAGE][FAILED] - else FAILED.
Reason:
com.kms.katalon.core.exception.StepFailedException: Unable to verify object 'Object Repository/found_module_or/Page_Healthcare Manager/Page_Healthcare Manager/Page_Healthcare Manager/div_The filetype you are attempting to upload is not allowed' is visible
	at com.kms.katalon.core.webui.keyword.internal.WebUIKeywordMain.stepFailed(WebUIKeywordMain.groovy:64)
	at com.kms.katalon.core.webui.keyword.internal.WebUIKeywordMain.runKeyword(WebUIKeywordMain.groovy:26)
	at com.kms.katalon.core.webui.keyword.builtin.VerifyElementVisibleKeyword.verifyElementVisible(VerifyElementVisibleKeyword.groovy:97)
	at com.kms.katalon.core.webui.keyword.builtin.VerifyElementVisibleKeyword.execute(VerifyElementVisibleKeyword.groovy:67)
	at com.kms.katalon.core.keyword.internal.KeywordExecutor.executeKeywordForPlatform(KeywordExecutor.groovy:56)
	at com.kms.katalon.core.webui.keyword.WebUiBuiltInKeywords.verifyElementVisible(WebUiBuiltInKeywords.groovy:372)
	at com.kms.katalon.core.webui.keyword.WebUiBuiltInKeywords$verifyElementVisible$13.call(Unknown Source)
	at Participants_founds.run(Participants_founds:55)
	at com.kms.katalon.core.main.ScriptEngine.run(ScriptEngine.java:194)
	at com.kms.katalon.core.main.ScriptEngine.runScriptAsRawText(ScriptEngine.java:119)
	at com.kms.katalon.core.main.TestCaseExecutor.runScript(TestCaseExecutor.java:331)
	at com.kms.katalon.core.main.TestCaseExecutor.doExecute(TestCaseExecutor.java:322)
	at com.kms.katalon.core.main.TestCaseExecutor.processExecutionPhase(TestCaseExecutor.java:301)
	at com.kms.katalon.core.main.TestCaseExecutor.accessMainPhase(TestCaseExecutor.java:293)
	at com.kms.katalon.core.main.TestCaseExecutor.execute(TestCaseExecutor.java:227)
	at com.kms.katalon.core.main.TestSuiteExecutor.accessTestCaseMainPhase(TestSuiteExecutor.java:129)
	at com.kms.katalon.core.main.TestSuiteExecutor.accessTestSuiteMainPhase(TestSuiteExecutor.java:112)
	at com.kms.katalon.core.main.TestSuiteExecutor.execute(TestSuiteExecutor.java:81)
	at com.kms.katalon.core.main.TestCaseMain.startTestSuite(TestCaseMain.java:157)
	at com.kms.katalon.core.main.TestCaseMain$startTestSuite$0.call(Unknown Source)
	at TempTestSuite1554985830039.run(TempTestSuite1554985830039.groovy:35)
Caused by: com.kms.katalon.core.exception.StepFailedException: Web element with id: 'Object Repository/found_module_or/Page_Healthcare Manager/Page_Healthcare Manager/Page_Healthcare Manager/div_The filetype you are attempting to upload is not allowed' located by 'By.xpath: //div[(text() = 'The filetype you are attempting to upload is not allowed.' or . = 'The filetype you are attempting to upload is not allowed.')]' not found
	at com.kms.katalon.core.webui.keyword.internal.WebUIKeywordMain.stepFailed(WebUIKeywordMain.groovy:64)
	at com.kms.katalon.core.webui.keyword.builtin.VerifyElementVisibleKeyword$_verifyElementVisible_closure1.doCall(VerifyElementVisibleKeyword.groovy:89)
	at com.kms.katalon.core.webui.keyword.builtin.VerifyElementVisibleKeyword$_verifyElementVisible_closure1.call(VerifyElementVisibleKeyword.groovy)
	at com.kms.katalon.core.webui.keyword.internal.WebUIKeywordMain.runKeyword(WebUIKeywordMain.groovy:20)
	... 19 more]]></system-out>
         <system-err><![CDATA[2019-04-11 18:03:11 - [TEST_CASE][FAILED] - Test Cases/OCS_Page_Test/Participants_Test/Participants_founds: Test Cases/OCS_Page_Test/Participants_Test/Participants_founds FAILED.
Reason:
com.kms.katalon.core.exception.StepFailedException: Unable to verify object 'Object Repository/found_module_or/Page_Healthcare Manager/Page_Healthcare Manager/Page_Healthcare Manager/div_The filetype you are attempting to upload is not allowed' is visible
	at com.kms.katalon.core.webui.keyword.internal.WebUIKeywordMain.stepFailed(WebUIKeywordMain.groovy:64)
	at com.kms.katalon.core.webui.keyword.internal.WebUIKeywordMain.runKeyword(WebUIKeywordMain.groovy:26)
	at com.kms.katalon.core.webui.keyword.builtin.VerifyElementVisibleKeyword.verifyElementVisible(VerifyElementVisibleKeyword.groovy:97)
	at com.kms.katalon.core.webui.keyword.builtin.VerifyElementVisibleKeyword.execute(VerifyElementVisibleKeyword.groovy:67)
	at com.kms.katalon.core.keyword.internal.KeywordExecutor.executeKeywordForPlatform(KeywordExecutor.groovy:56)
	at com.kms.katalon.core.webui.keyword.WebUiBuiltInKeywords.verifyElementVisible(WebUiBuiltInKeywords.groovy:372)
	at com.kms.katalon.core.webui.keyword.WebUiBuiltInKeywords$verifyElementVisible$13.call(Unknown Source)
	at Participants_founds.run(Participants_founds:55)
	at com.kms.katalon.core.main.ScriptEngine.run(ScriptEngine.java:194)
	at com.kms.katalon.core.main.ScriptEngine.runScriptAsRawText(ScriptEngine.java:119)
	at com.kms.katalon.core.main.TestCaseExecutor.runScript(TestCaseExecutor.java:331)
	at com.kms.katalon.core.main.TestCaseExecutor.doExecute(TestCaseExecutor.java:322)
	at com.kms.katalon.core.main.TestCaseExecutor.processExecutionPhase(TestCaseExecutor.java:301)
	at com.kms.katalon.core.main.TestCaseExecutor.accessMainPhase(TestCaseExecutor.java:293)
	at com.kms.katalon.core.main.TestCaseExecutor.execute(TestCaseExecutor.java:227)
	at com.kms.katalon.core.main.TestSuiteExecutor.accessTestCaseMainPhase(TestSuiteExecutor.java:129)
	at com.kms.katalon.core.main.TestSuiteExecutor.accessTestSuiteMainPhase(TestSuiteExecutor.java:112)
	at com.kms.katalon.core.main.TestSuiteExecutor.execute(TestSuiteExecutor.java:81)
	at com.kms.katalon.core.main.TestCaseMain.startTestSuite(TestCaseMain.java:157)
	at com.kms.katalon.core.main.TestCaseMain$startTestSuite$0.call(Unknown Source)
	at TempTestSuite1554985830039.run(TempTestSuite1554985830039.groovy:35)
Caused by: com.kms.katalon.core.exception.StepFailedException: Web element with id: 'Object Repository/found_module_or/Page_Healthcare Manager/Page_Healthcare Manager/Page_Healthcare Manager/div_The filetype you are attempting to upload is not allowed' located by 'By.xpath: //div[(text() = 'The filetype you are attempting to upload is not allowed.' or . = 'The filetype you are attempting to upload is not allowed.')]' not found
	at com.kms.katalon.core.webui.keyword.internal.WebUIKeywordMain.stepFailed(WebUIKeywordMain.groovy:64)
	at com.kms.katalon.core.webui.keyword.builtin.VerifyElementVisibleKeyword$_verifyElementVisible_closure1.doCall(VerifyElementVisibleKeyword.groovy:89)
	at com.kms.katalon.core.webui.keyword.builtin.VerifyElementVisibleKeyword$_verifyElementVisible_closure1.call(VerifyElementVisibleKeyword.groovy)
	at com.kms.katalon.core.webui.keyword.internal.WebUIKeywordMain.runKeyword(WebUIKeywordMain.groovy:20)
	... 19 more]]></system-err>
      </testcase>
      <testcase name="Test Cases/OCS_Page_Test/Participants_Test/Participants_fund_docs_download" classname="Test Cases/OCS_Page_Test/Participants_Test/Participants_fund_docs_download" status="FAILED">
         <failure type="FAILED" message="Test Cases/OCS_Page_Test/Participants_Test/Participants_fund_docs_download FAILED.
Reason:
com.kms.katalon.core.exception.StepFailedException: Unable to click on object 'Object Repository/Participants_Profile/Page_Healthcare Manager/i_Female_icon icon-views - Copy'
	at com.kms.katalon.core.webui.keyword.internal.WebUIKeywordMain.stepFailed(WebUIKeywordMain.groovy:64)
	at com.kms.katalon.core.webui.keyword.internal.WebUIKeywordMain.runKeyword(WebUIKeywordMain.groovy:26)
	at com.kms.katalon.core.webui.keyword.builtin.ClickKeyword.click(ClickKeyword.groovy:86)
	at com.kms.katalon.core.webui.keyword.builtin.ClickKeyword.execute(ClickKeyword.groovy:67)
	at com.kms.katalon.core.keyword.internal.KeywordExecutor.executeKeywordForPlatform(KeywordExecutor.groovy:56)
	at com.kms.katalon.core.webui.keyword.WebUiBuiltInKeywords.click(WebUiBuiltInKeywords.groovy:616)
	at com.kms.katalon.core.webui.keyword.WebUiBuiltInKeywords$click$6.call(Unknown Source)
	at Participants_fund_docs_download.run(Participants_fund_docs_download:22)
	at com.kms.katalon.core.main.ScriptEngine.run(ScriptEngine.java:194)
	at com.kms.katalon.core.main.ScriptEngine.runScriptAsRawText(ScriptEngine.java:119)
	at com.kms.katalon.core.main.TestCaseExecutor.runScript(TestCaseExecutor.java:331)
	at com.kms.katalon.core.main.TestCaseExecutor.doExecute(TestCaseExecutor.java:322)
	at com.kms.katalon.core.main.TestCaseExecutor.processExecutionPhase(TestCaseExecutor.java:301)
	at com.kms.katalon.core.main.TestCaseExecutor.accessMainPhase(TestCaseExecutor.java:293)
	at com.kms.katalon.core.main.TestCaseExecutor.execute(TestCaseExecutor.java:227)
	at com.kms.katalon.core.main.TestSuiteExecutor.accessTestCaseMainPhase(TestSuiteExecutor.java:129)
	at com.kms.katalon.core.main.TestSuiteExecutor.accessTestSuiteMainPhase(TestSuiteExecutor.java:112)
	at com.kms.katalon.core.main.TestSuiteExecutor.execute(TestSuiteExecutor.java:81)
	at com.kms.katalon.core.main.TestCaseMain.startTestSuite(TestCaseMain.java:157)
	at com.kms.katalon.core.main.TestCaseMain$startTestSuite$0.call(Unknown Source)
	at TempTestSuite1554985830039.run(TempTestSuite1554985830039.groovy:35)
Caused by: org.openqa.selenium.WebDriverException: Failed to decode response from marionette
Build info: version: '3.7.1', revision: '8a0099a', time: '2017-11-06T21:07:36.161Z'
System info: host: 'DESKTOP-28KHHQ1', ip: '10.159.242.133', os.name: 'Windows 10', os.arch: 'amd64', os.version: '10.0', java.version: '1.8.0_181'
Driver info: com.kms.katalon.core.webui.driver.firefox.CGeckoDriver
Capabilities {acceptInsecureCerts: true, browserName: firefox, browserVersion: 66.0.3, javascriptEnabled: true, moz:accessibilityChecks: false, moz:geckodriverVersion: 0.23.0, moz:headless: false, moz:processID: 10656, moz:profile: C:\Users\win10\AppData\Loca..., moz:shutdownTimeout: 60000, moz:useNonSpecCompliantPointerOrigin: false, moz:webdriverClick: true, pageLoadStrategy: normal, platform: WINDOWS, platformName: WINDOWS, platformVersion: 10.0, proxy: Proxy(direct), rotatable: false, setWindowRect: true, strictFileInteractability: false, timeouts: {implicit: 0, pageLoad: 300000, script: 30000}, unhandledPromptBehavior: dismiss and notify}
Session ID: 0d8f1c15-eab8-4a0a-9104-26014ea44659
*** Element info: {Using=xpath, value=//div[@id='page-content-wrapper']/section/div/div[7]/div[2]/div/div/div[2]/div/div/div[7]/span/a/i}
	at org.openqa.selenium.remote.http.W3CHttpResponseCodec.createException(W3CHttpResponseCodec.java:187)
	at org.openqa.selenium.remote.http.W3CHttpResponseCodec.decode(W3CHttpResponseCodec.java:122)
	at org.openqa.selenium.remote.http.W3CHttpResponseCodec.decode(W3CHttpResponseCodec.java:49)
	at org.openqa.selenium.remote.HttpCommandExecutor.execute(HttpCommandExecutor.java:164)
	at org.openqa.selenium.remote.service.DriverCommandExecutor.execute(DriverCommandExecutor.java:83)
	at org.openqa.selenium.remote.RemoteWebDriver.execute(RemoteWebDriver.java:600)
	at com.kms.katalon.selenium.driver.CFirefoxDriver.execute(CFirefoxDriver.java:28)
	at org.openqa.selenium.remote.RemoteWebDriver.findElements(RemoteWebDriver.java:397)
	at org.openqa.selenium.remote.RemoteWebDriver.findElementsByXPath(RemoteWebDriver.java:476)
	at org.openqa.selenium.By$ByXPath.findElements(By.java:356)
	at org.openqa.selenium.remote.RemoteWebDriver.findElements(RemoteWebDriver.java:358)
	at com.kms.katalon.core.webui.common.WebUiCommonHelper.findWebElements(WebUiCommonHelper.java:754)
	at com.kms.katalon.core.webui.common.WebUiCommonHelper.findWebElement(WebUiCommonHelper.java:1049)
	at com.kms.katalon.core.webui.keyword.internal.WebUIAbstractKeyword.findWebElement(WebUIAbstractKeyword.groovy:27)
	at com.kms.katalon.core.webui.keyword.internal.WebUIAbstractKeyword.findWebElement(WebUIAbstractKeyword.groovy:26)
	at com.kms.katalon.core.webui.keyword.builtin.ClickKeyword$_click_closure1.doCall(ClickKeyword.groovy:77)
	at com.kms.katalon.core.webui.keyword.builtin.ClickKeyword$_click_closure1.call(ClickKeyword.groovy)
	at com.kms.katalon.core.webui.keyword.internal.WebUIKeywordMain.runKeyword(WebUIKeywordMain.groovy:20)
	at com.kms.katalon.core.webui.keyword.builtin.ClickKeyword.click(ClickKeyword.groovy:86)
	at com.kms.katalon.core.webui.keyword.builtin.ClickKeyword.execute(ClickKeyword.groovy:67)
	at com.kms.katalon.core.keyword.internal.KeywordExecutor.executeKeywordForPlatform(KeywordExecutor.groovy:56)
	at com.kms.katalon.core.webui.keyword.WebUiBuiltInKeywords.click(WebUiBuiltInKeywords.groovy:616)
	at com.kms.katalon.core.webui.keyword.WebUiBuiltInKeywords$click$6.call(Unknown Source)
	at Script1554898012432.run(Script1554898012432.groovy:22)
	... 13 more
"/>
         <system-out><![CDATA[2019-04-11 18:04:07 - [TEST_CASE][FAILED] - Test Cases/OCS_Page_Test/Participants_Test/Participants_fund_docs_download: Test Cases/OCS_Page_Test/Participants_Test/Participants_fund_docs_download FAILED.
Reason:
com.kms.katalon.core.exception.StepFailedException: Unable to click on object 'Object Repository/Participants_Profile/Page_Healthcare Manager/i_Female_icon icon-views - Copy'
	at com.kms.katalon.core.webui.keyword.internal.WebUIKeywordMain.stepFailed(WebUIKeywordMain.groovy:64)
	at com.kms.katalon.core.webui.keyword.internal.WebUIKeywordMain.runKeyword(WebUIKeywordMain.groovy:26)
	at com.kms.katalon.core.webui.keyword.builtin.ClickKeyword.click(ClickKeyword.groovy:86)
	at com.kms.katalon.core.webui.keyword.builtin.ClickKeyword.execute(ClickKeyword.groovy:67)
	at com.kms.katalon.core.keyword.internal.KeywordExecutor.executeKeywordForPlatform(KeywordExecutor.groovy:56)
	at com.kms.katalon.core.webui.keyword.WebUiBuiltInKeywords.click(WebUiBuiltInKeywords.groovy:616)
	at com.kms.katalon.core.webui.keyword.WebUiBuiltInKeywords$click$6.call(Unknown Source)
	at Participants_fund_docs_download.run(Participants_fund_docs_download:22)
	at com.kms.katalon.core.main.ScriptEngine.run(ScriptEngine.java:194)
	at com.kms.katalon.core.main.ScriptEngine.runScriptAsRawText(ScriptEngine.java:119)
	at com.kms.katalon.core.main.TestCaseExecutor.runScript(TestCaseExecutor.java:331)
	at com.kms.katalon.core.main.TestCaseExecutor.doExecute(TestCaseExecutor.java:322)
	at com.kms.katalon.core.main.TestCaseExecutor.processExecutionPhase(TestCaseExecutor.java:301)
	at com.kms.katalon.core.main.TestCaseExecutor.accessMainPhase(TestCaseExecutor.java:293)
	at com.kms.katalon.core.main.TestCaseExecutor.execute(TestCaseExecutor.java:227)
	at com.kms.katalon.core.main.TestSuiteExecutor.accessTestCaseMainPhase(TestSuiteExecutor.java:129)
	at com.kms.katalon.core.main.TestSuiteExecutor.accessTestSuiteMainPhase(TestSuiteExecutor.java:112)
	at com.kms.katalon.core.main.TestSuiteExecutor.execute(TestSuiteExecutor.java:81)
	at com.kms.katalon.core.main.TestCaseMain.startTestSuite(TestCaseMain.java:157)
	at com.kms.katalon.core.main.TestCaseMain$startTestSuite$0.call(Unknown Source)
	at TempTestSuite1554985830039.run(TempTestSuite1554985830039.groovy:35)
Caused by: org.openqa.selenium.WebDriverException: Failed to decode response from marionette
Build info: version: '3.7.1', revision: '8a0099a', time: '2017-11-06T21:07:36.161Z'
System info: host: 'DESKTOP-28KHHQ1', ip: '10.159.242.133', os.name: 'Windows 10', os.arch: 'amd64', os.version: '10.0', java.version: '1.8.0_181'
Driver info: com.kms.katalon.core.webui.driver.firefox.CGeckoDriver
Capabilities {acceptInsecureCerts: true, browserName: firefox, browserVersion: 66.0.3, javascriptEnabled: true, moz:accessibilityChecks: false, moz:geckodriverVersion: 0.23.0, moz:headless: false, moz:processID: 10656, moz:profile: C:\Users\win10\AppData\Loca..., moz:shutdownTimeout: 60000, moz:useNonSpecCompliantPointerOrigin: false, moz:webdriverClick: true, pageLoadStrategy: normal, platform: WINDOWS, platformName: WINDOWS, platformVersion: 10.0, proxy: Proxy(direct), rotatable: false, setWindowRect: true, strictFileInteractability: false, timeouts: {implicit: 0, pageLoad: 300000, script: 30000}, unhandledPromptBehavior: dismiss and notify}
Session ID: 0d8f1c15-eab8-4a0a-9104-26014ea44659
*** Element info: {Using=xpath, value=//div[@id='page-content-wrapper']/section/div/div[7]/div[2]/div/div/div[2]/div/div/div[7]/span/a/i}
	at org.openqa.selenium.remote.http.W3CHttpResponseCodec.createException(W3CHttpResponseCodec.java:187)
	at org.openqa.selenium.remote.http.W3CHttpResponseCodec.decode(W3CHttpResponseCodec.java:122)
	at org.openqa.selenium.remote.http.W3CHttpResponseCodec.decode(W3CHttpResponseCodec.java:49)
	at org.openqa.selenium.remote.HttpCommandExecutor.execute(HttpCommandExecutor.java:164)
	at org.openqa.selenium.remote.service.DriverCommandExecutor.execute(DriverCommandExecutor.java:83)
	at org.openqa.selenium.remote.RemoteWebDriver.execute(RemoteWebDriver.java:600)
	at com.kms.katalon.selenium.driver.CFirefoxDriver.execute(CFirefoxDriver.java:28)
	at org.openqa.selenium.remote.RemoteWebDriver.findElements(RemoteWebDriver.java:397)
	at org.openqa.selenium.remote.RemoteWebDriver.findElementsByXPath(RemoteWebDriver.java:476)
	at org.openqa.selenium.By$ByXPath.findElements(By.java:356)
	at org.openqa.selenium.remote.RemoteWebDriver.findElements(RemoteWebDriver.java:358)
	at com.kms.katalon.core.webui.common.WebUiCommonHelper.findWebElements(WebUiCommonHelper.java:754)
	at com.kms.katalon.core.webui.common.WebUiCommonHelper.findWebElement(WebUiCommonHelper.java:1049)
	at com.kms.katalon.core.webui.keyword.internal.WebUIAbstractKeyword.findWebElement(WebUIAbstractKeyword.groovy:27)
	at com.kms.katalon.core.webui.keyword.internal.WebUIAbstractKeyword.findWebElement(WebUIAbstractKeyword.groovy:26)
	at com.kms.katalon.core.webui.keyword.builtin.ClickKeyword$_click_closure1.doCall(ClickKeyword.groovy:77)
	at com.kms.katalon.core.webui.keyword.builtin.ClickKeyword$_click_closure1.call(ClickKeyword.groovy)
	at com.kms.katalon.core.webui.keyword.internal.WebUIKeywordMain.runKeyword(WebUIKeywordMain.groovy:20)
	at com.kms.katalon.core.webui.keyword.builtin.ClickKeyword.click(ClickKeyword.groovy:86)
	at com.kms.katalon.core.webui.keyword.builtin.ClickKeyword.execute(ClickKeyword.groovy:67)
	at com.kms.katalon.core.keyword.internal.KeywordExecutor.executeKeywordForPlatform(KeywordExecutor.groovy:56)
	at com.kms.katalon.core.webui.keyword.WebUiBuiltInKeywords.click(WebUiBuiltInKeywords.groovy:616)
	at com.kms.katalon.core.webui.keyword.WebUiBuiltInKeywords$click$6.call(Unknown Source)
	at Script1554898012432.run(Script1554898012432.groovy:22)
	... 13 more


2019-04-11 18:04:07 - [TEST_STEP][PASSED] - callTestCase(findTestCase("SetUpp/SetUp"), [:], STOP_ON_FAILURE): Call Test Case 'Test Cases/SetUpp/SetUp' successfully

2019-04-11 18:04:07 - [TEST_CASE][PASSED] - Test Cases/SetUpp/SetUp: Test Cases/SetUpp/SetUp

2019-04-11 18:04:07 - [TEST_STEP][PASSED] - openBrowser(""): Browser is opened with url: ''

2019-04-11 18:04:07 - [MESSAGE][WARNING] - A browser is already opened. Closing browser and opening a new one

2019-04-11 18:04:07 - [MESSAGE][INFO] - Starting 'Firefox' driver

2019-04-11 18:04:10 - [MESSAGE][PASSED] - Browser is opened with url: ''

2019-04-11 18:04:10 - [TEST_STEP][PASSED] - navigateToUrl("https://ydtwebstaging.com"): Navigate to 'https://ydtwebstaging.com' successfully

2019-04-11 18:04:17 - [MESSAGE][PASSED] - Navigate to 'https://ydtwebstaging.com' successfully

2019-04-11 18:04:17 - [TEST_STEP][PASSED] - maximizeWindow(): Current window maximized

2019-04-11 18:04:18 - [MESSAGE][PASSED] - Current window maximized

2019-04-11 18:04:18 - [TEST_STEP][PASSED] - deleteAllCookies(): Delete all cookies successfully

2019-04-11 18:04:18 - [MESSAGE][PASSED] - Delete all cookies successfully

2019-04-11 18:04:18 - [TEST_STEP][PASSED] - getWindowTitle(): Current window's title is: 'Healthcare Manager'

2019-04-11 18:04:18 - [MESSAGE][PASSED] - Current window's title is: 'Healthcare Manager'

2019-04-11 18:04:18 - [TEST_STEP][PASSED] - waitForPageLoad(30): Wait for page load successfully

2019-04-11 18:04:18 - [MESSAGE][PASSED] - Wait for page load successfully

2019-04-11 18:04:18 - [MESSAGE][PASSED] - Call Test Case 'Test Cases/SetUpp/SetUp' successfully

2019-04-11 18:04:18 - [TEST_STEP][PASSED] - callTestCase(findTestCase("OCS_Page/Login_Page/LoginPage_Positive_validate"), [:], STOP_ON_FAILURE): Call Test Case 'Test Cases/OCS_Page/Login_Page/LoginPage_Positive_validate' successfully

2019-04-11 18:04:18 - [TEST_CASE][PASSED] - Test Cases/OCS_Page/Login_Page/LoginPage_Positive_validate: Test Cases/OCS_Page/Login_Page/LoginPage_Positive_validate

2019-04-11 18:04:18 - [TEST_STEP][PASSED] - setText(findTestObject("Login_Page_OB/Page_Healthcare Manager/input_Login here_username"), "Archana@123"): Text 'Archana@123' is set on object 'Object Repository/Login_Page_OB/Page_Healthcare Manager/input_Login here_username'

2019-04-11 18:04:18 - [MESSAGE][PASSED] - Text 'Archana@123' is set on object 'Object Repository/Login_Page_OB/Page_Healthcare Manager/input_Login here_username'

2019-04-11 18:04:18 - [TEST_STEP][PASSED] - setText(findTestObject("Login_Page_OB/Page_Healthcare Manager/input_Login here_password"), "Archana@123"): Text 'Archana@123' is set on object 'Object Repository/Login_Page_OB/Page_Healthcare Manager/input_Login here_password'

2019-04-11 18:04:18 - [MESSAGE][PASSED] - Text 'Archana@123' is set on object 'Object Repository/Login_Page_OB/Page_Healthcare Manager/input_Login here_password'

2019-04-11 18:04:18 - [TEST_STEP][PASSED] - click(findTestObject("Login_Page_OB/Page_Healthcare Manager/button_Submit")): Object: 'Object Repository/Login_Page_OB/Page_Healthcare Manager/button_Submit' is clicked on

2019-04-11 18:04:18 - [MESSAGE][PASSED] - Object: 'Object Repository/Login_Page_OB/Page_Healthcare Manager/button_Submit' is clicked on

2019-04-11 18:04:18 - [TEST_STEP][NOT_RUN] - verifyElementVisible(findTestObject("Login_Page_OB/Page_Healthcare Manager/div_Login successfully")): NOT_RUN: verifyElementVisible(findTestObject("Login_Page_OB/Page_Healthcare Manager/div_Login successfully"))

2019-04-11 18:04:18 - [MESSAGE][NOT_RUN] - NOT_RUN: verifyElementVisible(findTestObject("Login_Page_OB/Page_Healthcare Manager/div_Login successfully"))

2019-04-11 18:04:18 - [MESSAGE][PASSED] - Call Test Case 'Test Cases/OCS_Page/Login_Page/LoginPage_Positive_validate' successfully

2019-04-11 18:04:18 - [TEST_STEP][PASSED] - click(findTestObject("Home_Page_OR/Page_Healthcare Manager/p_Participants")): Object: 'Object Repository/Home_Page_OR/Page_Healthcare Manager/p_Participants' is clicked on

2019-04-11 18:04:20 - [MESSAGE][PASSED] - Object: 'Object Repository/Home_Page_OR/Page_Healthcare Manager/p_Participants' is clicked on

2019-04-11 18:04:20 - [TEST_STEP][FAILED] - click(findTestObject("Participants_Profile/Page_Healthcare Manager/i_Female_icon icon-views - Copy")): click(findTestObject("Participants_Profile/Page_Healthcare Manager/i_Female_icon icon-views - Copy")) FAILED.
Reason:
com.kms.katalon.core.exception.StepFailedException: Unable to click on object 'Object Repository/Participants_Profile/Page_Healthcare Manager/i_Female_icon icon-views - Copy'
	at com.kms.katalon.core.webui.keyword.internal.WebUIKeywordMain.stepFailed(WebUIKeywordMain.groovy:64)
	at com.kms.katalon.core.webui.keyword.internal.WebUIKeywordMain.runKeyword(WebUIKeywordMain.groovy:26)
	at com.kms.katalon.core.webui.keyword.builtin.ClickKeyword.click(ClickKeyword.groovy:86)
	at com.kms.katalon.core.webui.keyword.builtin.ClickKeyword.execute(ClickKeyword.groovy:67)
	at com.kms.katalon.core.keyword.internal.KeywordExecutor.executeKeywordForPlatform(KeywordExecutor.groovy:56)
	at com.kms.katalon.core.webui.keyword.WebUiBuiltInKeywords.click(WebUiBuiltInKeywords.groovy:616)
	at com.kms.katalon.core.webui.keyword.WebUiBuiltInKeywords$click$6.call(Unknown Source)
	at Participants_fund_docs_download.run(Participants_fund_docs_download:22)
	at com.kms.katalon.core.main.ScriptEngine.run(ScriptEngine.java:194)
	at com.kms.katalon.core.main.ScriptEngine.runScriptAsRawText(ScriptEngine.java:119)
	at com.kms.katalon.core.main.TestCaseExecutor.runScript(TestCaseExecutor.java:331)
	at com.kms.katalon.core.main.TestCaseExecutor.doExecute(TestCaseExecutor.java:322)
	at com.kms.katalon.core.main.TestCaseExecutor.processExecutionPhase(TestCaseExecutor.java:301)
	at com.kms.katalon.core.main.TestCaseExecutor.accessMainPhase(TestCaseExecutor.java:293)
	at com.kms.katalon.core.main.TestCaseExecutor.execute(TestCaseExecutor.java:227)
	at com.kms.katalon.core.main.TestSuiteExecutor.accessTestCaseMainPhase(TestSuiteExecutor.java:129)
	at com.kms.katalon.core.main.TestSuiteExecutor.accessTestSuiteMainPhase(TestSuiteExecutor.java:112)
	at com.kms.katalon.core.main.TestSuiteExecutor.execute(TestSuiteExecutor.java:81)
	at com.kms.katalon.core.main.TestCaseMain.startTestSuite(TestCaseMain.java:157)
	at com.kms.katalon.core.main.TestCaseMain$startTestSuite$0.call(Unknown Source)
	at TempTestSuite1554985830039.run(TempTestSuite1554985830039.groovy:35)
Caused by: org.openqa.selenium.WebDriverException: Failed to decode response from marionette
Build info: version: '3.7.1', revision: '8a0099a', time: '2017-11-06T21:07:36.161Z'
System info: host: 'DESKTOP-28KHHQ1', ip: '10.159.242.133', os.name: 'Windows 10', os.arch: 'amd64', os.version: '10.0', java.version: '1.8.0_181'
Driver info: com.kms.katalon.core.webui.driver.firefox.CGeckoDriver
Capabilities {acceptInsecureCerts: true, browserName: firefox, browserVersion: 66.0.3, javascriptEnabled: true, moz:accessibilityChecks: false, moz:geckodriverVersion: 0.23.0, moz:headless: false, moz:processID: 10656, moz:profile: C:\Users\win10\AppData\Loca..., moz:shutdownTimeout: 60000, moz:useNonSpecCompliantPointerOrigin: false, moz:webdriverClick: true, pageLoadStrategy: normal, platform: WINDOWS, platformName: WINDOWS, platformVersion: 10.0, proxy: Proxy(direct), rotatable: false, setWindowRect: true, strictFileInteractability: false, timeouts: {implicit: 0, pageLoad: 300000, script: 30000}, unhandledPromptBehavior: dismiss and notify}
Session ID: 0d8f1c15-eab8-4a0a-9104-26014ea44659
*** Element info: {Using=xpath, value=//div[@id='page-content-wrapper']/section/div/div[7]/div[2]/div/div/div[2]/div/div/div[7]/span/a/i}
	at org.openqa.selenium.remote.http.W3CHttpResponseCodec.createException(W3CHttpResponseCodec.java:187)
	at org.openqa.selenium.remote.http.W3CHttpResponseCodec.decode(W3CHttpResponseCodec.java:122)
	at org.openqa.selenium.remote.http.W3CHttpResponseCodec.decode(W3CHttpResponseCodec.java:49)
	at org.openqa.selenium.remote.HttpCommandExecutor.execute(HttpCommandExecutor.java:164)
	at org.openqa.selenium.remote.service.DriverCommandExecutor.execute(DriverCommandExecutor.java:83)
	at org.openqa.selenium.remote.RemoteWebDriver.execute(RemoteWebDriver.java:600)
	at com.kms.katalon.selenium.driver.CFirefoxDriver.execute(CFirefoxDriver.java:28)
	at org.openqa.selenium.remote.RemoteWebDriver.findElements(RemoteWebDriver.java:397)
	at org.openqa.selenium.remote.RemoteWebDriver.findElementsByXPath(RemoteWebDriver.java:476)
	at org.openqa.selenium.By$ByXPath.findElements(By.java:356)
	at org.openqa.selenium.remote.RemoteWebDriver.findElements(RemoteWebDriver.java:358)
	at com.kms.katalon.core.webui.common.WebUiCommonHelper.findWebElements(WebUiCommonHelper.java:754)
	at com.kms.katalon.core.webui.common.WebUiCommonHelper.findWebElement(WebUiCommonHelper.java:1049)
	at com.kms.katalon.core.webui.keyword.internal.WebUIAbstractKeyword.findWebElement(WebUIAbstractKeyword.groovy:27)
	at com.kms.katalon.core.webui.keyword.internal.WebUIAbstractKeyword.findWebElement(WebUIAbstractKeyword.groovy:26)
	at com.kms.katalon.core.webui.keyword.builtin.ClickKeyword$_click_closure1.doCall(ClickKeyword.groovy:77)
	at com.kms.katalon.core.webui.keyword.builtin.ClickKeyword$_click_closure1.call(ClickKeyword.groovy)
	at com.kms.katalon.core.webui.keyword.internal.WebUIKeywordMain.runKeyword(WebUIKeywordMain.groovy:20)
	at com.kms.katalon.core.webui.keyword.builtin.ClickKeyword.click(ClickKeyword.groovy:86)
	at com.kms.katalon.core.webui.keyword.builtin.ClickKeyword.execute(ClickKeyword.groovy:67)
	at com.kms.katalon.core.keyword.internal.KeywordExecutor.executeKeywordForPlatform(KeywordExecutor.groovy:56)
	at com.kms.katalon.core.webui.keyword.WebUiBuiltInKeywords.click(WebUiBuiltInKeywords.groovy:616)
	at com.kms.katalon.core.webui.keyword.WebUiBuiltInKeywords$click$6.call(Unknown Source)
	at Script1554898012432.run(Script1554898012432.groovy:22)
	... 13 more


2019-04-11 18:04:20 - [MESSAGE][WARNING] - Cannot take screenshot

2019-04-11 18:04:20 - [MESSAGE][FAILED] - Unable to click on object 'Object Repository/Participants_Profile/Page_Healthcare Manager/i_Female_icon icon-views - Copy' (Root cause: com.kms.katalon.core.exception.StepFailedException: Unable to click on object 'Object Repository/Participants_Profile/Page_Healthcare Manager/i_Female_icon icon-views - Copy'
	at com.kms.katalon.core.webui.keyword.internal.WebUIKeywordMain.stepFailed(WebUIKeywordMain.groovy:64)
	at com.kms.katalon.core.webui.keyword.internal.WebUIKeywordMain.runKeyword(WebUIKeywordMain.groovy:26)
	at com.kms.katalon.core.webui.keyword.builtin.ClickKeyword.click(ClickKeyword.groovy:86)
	at com.kms.katalon.core.webui.keyword.builtin.ClickKeyword.execute(ClickKeyword.groovy:67)
	at com.kms.katalon.core.keyword.internal.KeywordExecutor.executeKeywordForPlatform(KeywordExecutor.groovy:56)
	at com.kms.katalon.core.webui.keyword.WebUiBuiltInKeywords.click(WebUiBuiltInKeywords.groovy:616)
	at com.kms.katalon.core.webui.keyword.WebUiBuiltInKeywords$click$6.call(Unknown Source)
	at Participants_fund_docs_download.run(Participants_fund_docs_download:22)
	at com.kms.katalon.core.main.ScriptEngine.run(ScriptEngine.java:194)
	at com.kms.katalon.core.main.ScriptEngine.runScriptAsRawText(ScriptEngine.java:119)
	at com.kms.katalon.core.main.TestCaseExecutor.runScript(TestCaseExecutor.java:331)
	at com.kms.katalon.core.main.TestCaseExecutor.doExecute(TestCaseExecutor.java:322)
	at com.kms.katalon.core.main.TestCaseExecutor.processExecutionPhase(TestCaseExecutor.java:301)
	at com.kms.katalon.core.main.TestCaseExecutor.accessMainPhase(TestCaseExecutor.java:293)
	at com.kms.katalon.core.main.TestCaseExecutor.execute(TestCaseExecutor.java:227)
	at com.kms.katalon.core.main.TestSuiteExecutor.accessTestCaseMainPhase(TestSuiteExecutor.java:129)
	at com.kms.katalon.core.main.TestSuiteExecutor.accessTestSuiteMainPhase(TestSuiteExecutor.java:112)
	at com.kms.katalon.core.main.TestSuiteExecutor.execute(TestSuiteExecutor.java:81)
	at com.kms.katalon.core.main.TestCaseMain.startTestSuite(TestCaseMain.java:157)
	at com.kms.katalon.core.main.TestCaseMain$startTestSuite$0.call(Unknown Source)
	at TempTestSuite1554985830039.run(TempTestSuite1554985830039.groovy:35)
Caused by: org.openqa.selenium.WebDriverException: Failed to decode response from marionette
Build info: version: '3.7.1', revision: '8a0099a', time: '2017-11-06T21:07:36.161Z'
System info: host: 'DESKTOP-28KHHQ1', ip: '10.159.242.133', os.name: 'Windows 10', os.arch: 'amd64', os.version: '10.0', java.version: '1.8.0_181'
Driver info: com.kms.katalon.core.webui.driver.firefox.CGeckoDriver
Capabilities {acceptInsecureCerts: true, browserName: firefox, browserVersion: 66.0.3, javascriptEnabled: true, moz:accessibilityChecks: false, moz:geckodriverVersion: 0.23.0, moz:headless: false, moz:processID: 10656, moz:profile: C:\Users\win10\AppData\Loca..., moz:shutdownTimeout: 60000, moz:useNonSpecCompliantPointerOrigin: false, moz:webdriverClick: true, pageLoadStrategy: normal, platform: WINDOWS, platformName: WINDOWS, platformVersion: 10.0, proxy: Proxy(direct), rotatable: false, setWindowRect: true, strictFileInteractability: false, timeouts: {implicit: 0, pageLoad: 300000, script: 30000}, unhandledPromptBehavior: dismiss and notify}
Session ID: 0d8f1c15-eab8-4a0a-9104-26014ea44659
*** Element info: {Using=xpath, value=//div[@id='page-content-wrapper']/section/div/div[7]/div[2]/div/div/div[2]/div/div/div[7]/span/a/i}
	at org.openqa.selenium.remote.http.W3CHttpResponseCodec.createException(W3CHttpResponseCodec.java:187)
	at org.openqa.selenium.remote.http.W3CHttpResponseCodec.decode(W3CHttpResponseCodec.java:122)
	at org.openqa.selenium.remote.http.W3CHttpResponseCodec.decode(W3CHttpResponseCodec.java:49)
	at org.openqa.selenium.remote.HttpCommandExecutor.execute(HttpCommandExecutor.java:164)
	at org.openqa.selenium.remote.service.DriverCommandExecutor.execute(DriverCommandExecutor.java:83)
	at org.openqa.selenium.remote.RemoteWebDriver.execute(RemoteWebDriver.java:600)
	at com.kms.katalon.selenium.driver.CFirefoxDriver.execute(CFirefoxDriver.java:28)
	at org.openqa.selenium.remote.RemoteWebDriver.findElements(RemoteWebDriver.java:397)
	at org.openqa.selenium.remote.RemoteWebDriver.findElementsByXPath(RemoteWebDriver.java:476)
	at org.openqa.selenium.By$ByXPath.findElements(By.java:356)
	at org.openqa.selenium.remote.RemoteWebDriver.findElements(RemoteWebDriver.java:358)
	at com.kms.katalon.core.webui.common.WebUiCommonHelper.findWebElements(WebUiCommonHelper.java:754)
	at com.kms.katalon.core.webui.common.WebUiCommonHelper.findWebElement(WebUiCommonHelper.java:1049)
	at com.kms.katalon.core.webui.keyword.internal.WebUIAbstractKeyword.findWebElement(WebUIAbstractKeyword.groovy:27)
	at com.kms.katalon.core.webui.keyword.internal.WebUIAbstractKeyword.findWebElement(WebUIAbstractKeyword.groovy:26)
	at com.kms.katalon.core.webui.keyword.builtin.ClickKeyword$_click_closure1.doCall(ClickKeyword.groovy:77)
	at com.kms.katalon.core.webui.keyword.builtin.ClickKeyword$_click_closure1.call(ClickKeyword.groovy)
	at com.kms.katalon.core.webui.keyword.internal.WebUIKeywordMain.runKeyword(WebUIKeywordMain.groovy:20)
	at com.kms.katalon.core.webui.keyword.builtin.ClickKeyword.click(ClickKeyword.groovy:86)
	at com.kms.katalon.core.webui.keyword.builtin.ClickKeyword.execute(ClickKeyword.groovy:67)
	at com.kms.katalon.core.keyword.internal.KeywordExecutor.executeKeywordForPlatform(KeywordExecutor.groovy:56)
	at com.kms.katalon.core.webui.keyword.WebUiBuiltInKeywords.click(WebUiBuiltInKeywords.groovy:616)
	at com.kms.katalon.core.webui.keyword.WebUiBuiltInKeywords$click$6.call(Unknown Source)
	at Script1554898012432.run(Script1554898012432.groovy:22)
	... 13 more
)

2019-04-11 18:04:20 - [MESSAGE][FAILED] - click(findTestObject("Participants_Profile/Page_Healthcare Manager/i_Female_icon icon-views - Copy")) FAILED.
Reason:
com.kms.katalon.core.exception.StepFailedException: Unable to click on object 'Object Repository/Participants_Profile/Page_Healthcare Manager/i_Female_icon icon-views - Copy'
	at com.kms.katalon.core.webui.keyword.internal.WebUIKeywordMain.stepFailed(WebUIKeywordMain.groovy:64)
	at com.kms.katalon.core.webui.keyword.internal.WebUIKeywordMain.runKeyword(WebUIKeywordMain.groovy:26)
	at com.kms.katalon.core.webui.keyword.builtin.ClickKeyword.click(ClickKeyword.groovy:86)
	at com.kms.katalon.core.webui.keyword.builtin.ClickKeyword.execute(ClickKeyword.groovy:67)
	at com.kms.katalon.core.keyword.internal.KeywordExecutor.executeKeywordForPlatform(KeywordExecutor.groovy:56)
	at com.kms.katalon.core.webui.keyword.WebUiBuiltInKeywords.click(WebUiBuiltInKeywords.groovy:616)
	at com.kms.katalon.core.webui.keyword.WebUiBuiltInKeywords$click$6.call(Unknown Source)
	at Participants_fund_docs_download.run(Participants_fund_docs_download:22)
	at com.kms.katalon.core.main.ScriptEngine.run(ScriptEngine.java:194)
	at com.kms.katalon.core.main.ScriptEngine.runScriptAsRawText(ScriptEngine.java:119)
	at com.kms.katalon.core.main.TestCaseExecutor.runScript(TestCaseExecutor.java:331)
	at com.kms.katalon.core.main.TestCaseExecutor.doExecute(TestCaseExecutor.java:322)
	at com.kms.katalon.core.main.TestCaseExecutor.processExecutionPhase(TestCaseExecutor.java:301)
	at com.kms.katalon.core.main.TestCaseExecutor.accessMainPhase(TestCaseExecutor.java:293)
	at com.kms.katalon.core.main.TestCaseExecutor.execute(TestCaseExecutor.java:227)
	at com.kms.katalon.core.main.TestSuiteExecutor.accessTestCaseMainPhase(TestSuiteExecutor.java:129)
	at com.kms.katalon.core.main.TestSuiteExecutor.accessTestSuiteMainPhase(TestSuiteExecutor.java:112)
	at com.kms.katalon.core.main.TestSuiteExecutor.execute(TestSuiteExecutor.java:81)
	at com.kms.katalon.core.main.TestCaseMain.startTestSuite(TestCaseMain.java:157)
	at com.kms.katalon.core.main.TestCaseMain$startTestSuite$0.call(Unknown Source)
	at TempTestSuite1554985830039.run(TempTestSuite1554985830039.groovy:35)
Caused by: org.openqa.selenium.WebDriverException: Failed to decode response from marionette
Build info: version: '3.7.1', revision: '8a0099a', time: '2017-11-06T21:07:36.161Z'
System info: host: 'DESKTOP-28KHHQ1', ip: '10.159.242.133', os.name: 'Windows 10', os.arch: 'amd64', os.version: '10.0', java.version: '1.8.0_181'
Driver info: com.kms.katalon.core.webui.driver.firefox.CGeckoDriver
Capabilities {acceptInsecureCerts: true, browserName: firefox, browserVersion: 66.0.3, javascriptEnabled: true, moz:accessibilityChecks: false, moz:geckodriverVersion: 0.23.0, moz:headless: false, moz:processID: 10656, moz:profile: C:\Users\win10\AppData\Loca..., moz:shutdownTimeout: 60000, moz:useNonSpecCompliantPointerOrigin: false, moz:webdriverClick: true, pageLoadStrategy: normal, platform: WINDOWS, platformName: WINDOWS, platformVersion: 10.0, proxy: Proxy(direct), rotatable: false, setWindowRect: true, strictFileInteractability: false, timeouts: {implicit: 0, pageLoad: 300000, script: 30000}, unhandledPromptBehavior: dismiss and notify}
Session ID: 0d8f1c15-eab8-4a0a-9104-26014ea44659
*** Element info: {Using=xpath, value=//div[@id='page-content-wrapper']/section/div/div[7]/div[2]/div/div/div[2]/div/div/div[7]/span/a/i}
	at org.openqa.selenium.remote.http.W3CHttpResponseCodec.createException(W3CHttpResponseCodec.java:187)
	at org.openqa.selenium.remote.http.W3CHttpResponseCodec.decode(W3CHttpResponseCodec.java:122)
	at org.openqa.selenium.remote.http.W3CHttpResponseCodec.decode(W3CHttpResponseCodec.java:49)
	at org.openqa.selenium.remote.HttpCommandExecutor.execute(HttpCommandExecutor.java:164)
	at org.openqa.selenium.remote.service.DriverCommandExecutor.execute(DriverCommandExecutor.java:83)
	at org.openqa.selenium.remote.RemoteWebDriver.execute(RemoteWebDriver.java:600)
	at com.kms.katalon.selenium.driver.CFirefoxDriver.execute(CFirefoxDriver.java:28)
	at org.openqa.selenium.remote.RemoteWebDriver.findElements(RemoteWebDriver.java:397)
	at org.openqa.selenium.remote.RemoteWebDriver.findElementsByXPath(RemoteWebDriver.java:476)
	at org.openqa.selenium.By$ByXPath.findElements(By.java:356)
	at org.openqa.selenium.remote.RemoteWebDriver.findElements(RemoteWebDriver.java:358)
	at com.kms.katalon.core.webui.common.WebUiCommonHelper.findWebElements(WebUiCommonHelper.java:754)
	at com.kms.katalon.core.webui.common.WebUiCommonHelper.findWebElement(WebUiCommonHelper.java:1049)
	at com.kms.katalon.core.webui.keyword.internal.WebUIAbstractKeyword.findWebElement(WebUIAbstractKeyword.groovy:27)
	at com.kms.katalon.core.webui.keyword.internal.WebUIAbstractKeyword.findWebElement(WebUIAbstractKeyword.groovy:26)
	at com.kms.katalon.core.webui.keyword.builtin.ClickKeyword$_click_closure1.doCall(ClickKeyword.groovy:77)
	at com.kms.katalon.core.webui.keyword.builtin.ClickKeyword$_click_closure1.call(ClickKeyword.groovy)
	at com.kms.katalon.core.webui.keyword.internal.WebUIKeywordMain.runKeyword(WebUIKeywordMain.groovy:20)
	at com.kms.katalon.core.webui.keyword.builtin.ClickKeyword.click(ClickKeyword.groovy:86)
	at com.kms.katalon.core.webui.keyword.builtin.ClickKeyword.execute(ClickKeyword.groovy:67)
	at com.kms.katalon.core.keyword.internal.KeywordExecutor.executeKeywordForPlatform(KeywordExecutor.groovy:56)
	at com.kms.katalon.core.webui.keyword.WebUiBuiltInKeywords.click(WebUiBuiltInKeywords.groovy:616)
	at com.kms.katalon.core.webui.keyword.WebUiBuiltInKeywords$click$6.call(Unknown Source)
	at Script1554898012432.run(Script1554898012432.groovy:22)
	... 13 more]]></system-out>
         <system-err><![CDATA[2019-04-11 18:04:07 - [TEST_CASE][FAILED] - Test Cases/OCS_Page_Test/Participants_Test/Participants_fund_docs_download: Test Cases/OCS_Page_Test/Participants_Test/Participants_fund_docs_download FAILED.
Reason:
com.kms.katalon.core.exception.StepFailedException: Unable to click on object 'Object Repository/Participants_Profile/Page_Healthcare Manager/i_Female_icon icon-views - Copy'
	at com.kms.katalon.core.webui.keyword.internal.WebUIKeywordMain.stepFailed(WebUIKeywordMain.groovy:64)
	at com.kms.katalon.core.webui.keyword.internal.WebUIKeywordMain.runKeyword(WebUIKeywordMain.groovy:26)
	at com.kms.katalon.core.webui.keyword.builtin.ClickKeyword.click(ClickKeyword.groovy:86)
	at com.kms.katalon.core.webui.keyword.builtin.ClickKeyword.execute(ClickKeyword.groovy:67)
	at com.kms.katalon.core.keyword.internal.KeywordExecutor.executeKeywordForPlatform(KeywordExecutor.groovy:56)
	at com.kms.katalon.core.webui.keyword.WebUiBuiltInKeywords.click(WebUiBuiltInKeywords.groovy:616)
	at com.kms.katalon.core.webui.keyword.WebUiBuiltInKeywords$click$6.call(Unknown Source)
	at Participants_fund_docs_download.run(Participants_fund_docs_download:22)
	at com.kms.katalon.core.main.ScriptEngine.run(ScriptEngine.java:194)
	at com.kms.katalon.core.main.ScriptEngine.runScriptAsRawText(ScriptEngine.java:119)
	at com.kms.katalon.core.main.TestCaseExecutor.runScript(TestCaseExecutor.java:331)
	at com.kms.katalon.core.main.TestCaseExecutor.doExecute(TestCaseExecutor.java:322)
	at com.kms.katalon.core.main.TestCaseExecutor.processExecutionPhase(TestCaseExecutor.java:301)
	at com.kms.katalon.core.main.TestCaseExecutor.accessMainPhase(TestCaseExecutor.java:293)
	at com.kms.katalon.core.main.TestCaseExecutor.execute(TestCaseExecutor.java:227)
	at com.kms.katalon.core.main.TestSuiteExecutor.accessTestCaseMainPhase(TestSuiteExecutor.java:129)
	at com.kms.katalon.core.main.TestSuiteExecutor.accessTestSuiteMainPhase(TestSuiteExecutor.java:112)
	at com.kms.katalon.core.main.TestSuiteExecutor.execute(TestSuiteExecutor.java:81)
	at com.kms.katalon.core.main.TestCaseMain.startTestSuite(TestCaseMain.java:157)
	at com.kms.katalon.core.main.TestCaseMain$startTestSuite$0.call(Unknown Source)
	at TempTestSuite1554985830039.run(TempTestSuite1554985830039.groovy:35)
Caused by: org.openqa.selenium.WebDriverException: Failed to decode response from marionette
Build info: version: '3.7.1', revision: '8a0099a', time: '2017-11-06T21:07:36.161Z'
System info: host: 'DESKTOP-28KHHQ1', ip: '10.159.242.133', os.name: 'Windows 10', os.arch: 'amd64', os.version: '10.0', java.version: '1.8.0_181'
Driver info: com.kms.katalon.core.webui.driver.firefox.CGeckoDriver
Capabilities {acceptInsecureCerts: true, browserName: firefox, browserVersion: 66.0.3, javascriptEnabled: true, moz:accessibilityChecks: false, moz:geckodriverVersion: 0.23.0, moz:headless: false, moz:processID: 10656, moz:profile: C:\Users\win10\AppData\Loca..., moz:shutdownTimeout: 60000, moz:useNonSpecCompliantPointerOrigin: false, moz:webdriverClick: true, pageLoadStrategy: normal, platform: WINDOWS, platformName: WINDOWS, platformVersion: 10.0, proxy: Proxy(direct), rotatable: false, setWindowRect: true, strictFileInteractability: false, timeouts: {implicit: 0, pageLoad: 300000, script: 30000}, unhandledPromptBehavior: dismiss and notify}
Session ID: 0d8f1c15-eab8-4a0a-9104-26014ea44659
*** Element info: {Using=xpath, value=//div[@id='page-content-wrapper']/section/div/div[7]/div[2]/div/div/div[2]/div/div/div[7]/span/a/i}
	at org.openqa.selenium.remote.http.W3CHttpResponseCodec.createException(W3CHttpResponseCodec.java:187)
	at org.openqa.selenium.remote.http.W3CHttpResponseCodec.decode(W3CHttpResponseCodec.java:122)
	at org.openqa.selenium.remote.http.W3CHttpResponseCodec.decode(W3CHttpResponseCodec.java:49)
	at org.openqa.selenium.remote.HttpCommandExecutor.execute(HttpCommandExecutor.java:164)
	at org.openqa.selenium.remote.service.DriverCommandExecutor.execute(DriverCommandExecutor.java:83)
	at org.openqa.selenium.remote.RemoteWebDriver.execute(RemoteWebDriver.java:600)
	at com.kms.katalon.selenium.driver.CFirefoxDriver.execute(CFirefoxDriver.java:28)
	at org.openqa.selenium.remote.RemoteWebDriver.findElements(RemoteWebDriver.java:397)
	at org.openqa.selenium.remote.RemoteWebDriver.findElementsByXPath(RemoteWebDriver.java:476)
	at org.openqa.selenium.By$ByXPath.findElements(By.java:356)
	at org.openqa.selenium.remote.RemoteWebDriver.findElements(RemoteWebDriver.java:358)
	at com.kms.katalon.core.webui.common.WebUiCommonHelper.findWebElements(WebUiCommonHelper.java:754)
	at com.kms.katalon.core.webui.common.WebUiCommonHelper.findWebElement(WebUiCommonHelper.java:1049)
	at com.kms.katalon.core.webui.keyword.internal.WebUIAbstractKeyword.findWebElement(WebUIAbstractKeyword.groovy:27)
	at com.kms.katalon.core.webui.keyword.internal.WebUIAbstractKeyword.findWebElement(WebUIAbstractKeyword.groovy:26)
	at com.kms.katalon.core.webui.keyword.builtin.ClickKeyword$_click_closure1.doCall(ClickKeyword.groovy:77)
	at com.kms.katalon.core.webui.keyword.builtin.ClickKeyword$_click_closure1.call(ClickKeyword.groovy)
	at com.kms.katalon.core.webui.keyword.internal.WebUIKeywordMain.runKeyword(WebUIKeywordMain.groovy:20)
	at com.kms.katalon.core.webui.keyword.builtin.ClickKeyword.click(ClickKeyword.groovy:86)
	at com.kms.katalon.core.webui.keyword.builtin.ClickKeyword.execute(ClickKeyword.groovy:67)
	at com.kms.katalon.core.keyword.internal.KeywordExecutor.executeKeywordForPlatform(KeywordExecutor.groovy:56)
	at com.kms.katalon.core.webui.keyword.WebUiBuiltInKeywords.click(WebUiBuiltInKeywords.groovy:616)
	at com.kms.katalon.core.webui.keyword.WebUiBuiltInKeywords$click$6.call(Unknown Source)
	at Script1554898012432.run(Script1554898012432.groovy:22)
	... 13 more]]></system-err>
      </testcase>
      <system-out><![CDATA[2019-04-11 18:00:33 - [TEST_SUITE][INCOMPLETE] - ParticipantsPage Test: null]]></system-out>
      <system-err><![CDATA[2019-04-11 18:00:33 - [TEST_SUITE][INCOMPLETE] - ParticipantsPage Test: null]]></system-err>
   </testsuite>
</testsuites>
