<?xml version="1.0" encoding="UTF-8"?>
<testsuites name="HomePage_Test" time="12" tests="1" failures="0" errors="0">
   <testsuite name="HomePage_Test" tests="1" failures="0" errors="0" time="12" timestamp="2019-04-01 15:39:52" hostname="win10 - DESKTOP-28KHHQ1" id="Test Suites/HomePage_Test">
      <properties>
         <property name="deviceName" value=""/>
         <property name="devicePlatform" value=""/>
         <property name="logFolder" value="C:\\Users\\win10\\Katalon Studio\\OCS_HCM\\Reports\\HomePage_Test\\20190401_153950"/>
         <property name="logFiles" value="C:\\Users\\win10\\Katalon Studio\\OCS_HCM\\Reports\\HomePage_Test\\20190401_153950\\execution0.log"/>
         <property name="attachments" value=""/>
         <property name="hostName" value="win10 - DESKTOP-28KHHQ1"/>
         <property name="os" value="Windows 10 64bit"/>
         <property name="katalonVersion" value="6.1.0.1"/>
         <property name="browser" value="Firefox 66.0"/>
         <property name="hostAddress" value="10.159.242.133"/>
         <property name="sessionId" value="bbc601f2-aee4-4cd4-9e9d-ff39b73b1b42"/>
         <property name="seleniumVersion" value="3.7.1"/>
         <property name="proxyInformation" value="ProxyInformation{proxyOption=NO_PROXY, proxyServerType=HTTP, password=, proxyServerAddress=, proxyServerPort=0}"/>
         <property name="platform" value="Windows 10"/>
      </properties>
      <testcase name="Test Cases/HomePage_Validate" classname="Test Cases/HomePage_Validate" status="PASSED">
         <system-out><![CDATA[2019-04-01 15:39:52 - [TEST_CASE][PASSED] - Test Cases/HomePage_Validate: Test Cases/HomePage_Validate

2019-04-01 15:39:52 - [TEST_STEP][PASSED] - callTestCase(findTestCase("Login_Page/LoginPage_Positive_validate"), [:], STOP_ON_FAILURE): Call Test Case 'Test Cases/Login_Page/LoginPage_Positive_validate' successfully

2019-04-01 15:39:52 - [TEST_CASE][PASSED] - Test Cases/Login_Page/LoginPage_Positive_validate: Test Cases/Login_Page/LoginPage_Positive_validate

2019-04-01 15:39:52 - [TEST_STEP][PASSED] - openBrowser(""): Browser is opened with url: ''

2019-04-01 15:39:52 - [MESSAGE][INFO] - Starting 'Firefox' driver

2019-04-01 15:39:52 - [MESSAGE][INFO] - Action delay is set to 0 seconds

2019-04-01 15:39:55 - [MESSAGE][PASSED] - Browser is opened with url: ''

2019-04-01 15:39:55 - [TEST_STEP][PASSED] - navigateToUrl("https://ydtwebstaging.com"): Navigate to 'https://ydtwebstaging.com' successfully

2019-04-01 15:40:01 - [MESSAGE][PASSED] - Navigate to 'https://ydtwebstaging.com' successfully

2019-04-01 15:40:01 - [TEST_STEP][PASSED] - getWindowTitle(): Current window's title is: 'Healthcare Manager'

2019-04-01 15:40:01 - [MESSAGE][PASSED] - Current window's title is: 'Healthcare Manager'

2019-04-01 15:40:01 - [TEST_STEP][PASSED] - setText(findTestObject("Login_Page_OB/Page_Healthcare Manager/input_Login here_username"), "archana321"): Text 'archana321' is set on object 'Object Repository/Login_Page_OB/Page_Healthcare Manager/input_Login here_username'

2019-04-01 15:40:01 - [MESSAGE][PASSED] - Text 'archana321' is set on object 'Object Repository/Login_Page_OB/Page_Healthcare Manager/input_Login here_username'

2019-04-01 15:40:01 - [TEST_STEP][PASSED] - setText(findTestObject("Login_Page_OB/Page_Healthcare Manager/input_Login here_password"), "Archana321@"): Text 'Archana321@' is set on object 'Object Repository/Login_Page_OB/Page_Healthcare Manager/input_Login here_password'

2019-04-01 15:40:01 - [MESSAGE][PASSED] - Text 'Archana321@' is set on object 'Object Repository/Login_Page_OB/Page_Healthcare Manager/input_Login here_password'

2019-04-01 15:40:01 - [TEST_STEP][PASSED] - click(findTestObject("Login_Page_OB/Page_Healthcare Manager/button_Submit")): Object: 'Object Repository/Login_Page_OB/Page_Healthcare Manager/button_Submit' is clicked on

2019-04-01 15:40:02 - [MESSAGE][PASSED] - Object: 'Object Repository/Login_Page_OB/Page_Healthcare Manager/button_Submit' is clicked on

2019-04-01 15:40:02 - [TEST_STEP][NOT_RUN] - verifyElementVisible(findTestObject("Login_Page_OB/Page_Healthcare Manager/div_Login successfully")): NOT_RUN: verifyElementVisible(findTestObject("Login_Page_OB/Page_Healthcare Manager/div_Login successfully"))

2019-04-01 15:40:02 - [MESSAGE][NOT_RUN] - NOT_RUN: verifyElementVisible(findTestObject("Login_Page_OB/Page_Healthcare Manager/div_Login successfully"))

2019-04-01 15:40:02 - [MESSAGE][PASSED] - Call Test Case 'Test Cases/Login_Page/LoginPage_Positive_validate' successfully

2019-04-01 15:40:02 - [TEST_STEP][PASSED] - verifyElementVisible(findTestObject("Home_Page_OR/Page_Healthcare Manager/div_Search")): Object 'Object Repository/Home_Page_OR/Page_Healthcare Manager/div_Search' is visible

2019-04-01 15:40:03 - [MESSAGE][PASSED] - Object 'Object Repository/Home_Page_OR/Page_Healthcare Manager/div_Search' is visible

2019-04-01 15:40:03 - [TEST_STEP][PASSED] - verifyElementPresent(findTestObject("Home_Page_OR/Page_Healthcare Manager/p_Participants"), 20): Object 'Object Repository/Home_Page_OR/Page_Healthcare Manager/p_Participants' is present

2019-04-01 15:40:03 - [MESSAGE][PASSED] - Object 'Object Repository/Home_Page_OR/Page_Healthcare Manager/p_Participants' is present

2019-04-01 15:40:03 - [TEST_STEP][PASSED] - verifyElementVisible(findTestObject("Home_Page_OR/Page_Healthcare Manager/p_Organisation")): Object 'Object Repository/Home_Page_OR/Page_Healthcare Manager/p_Organisation' is visible

2019-04-01 15:40:03 - [MESSAGE][PASSED] - Object 'Object Repository/Home_Page_OR/Page_Healthcare Manager/p_Organisation' is visible

2019-04-01 15:40:03 - [TEST_STEP][PASSED] - verifyElementVisible(findTestObject("Home_Page_OR/Page_Healthcare Manager/p_FMS")): Object 'Object Repository/Home_Page_OR/Page_Healthcare Manager/p_FMS' is visible

2019-04-01 15:40:03 - [MESSAGE][PASSED] - Object 'Object Repository/Home_Page_OR/Page_Healthcare Manager/p_FMS' is visible

2019-04-01 15:40:03 - [TEST_STEP][PASSED] - verifyElementVisible(findTestObject("Home_Page_OR/Page_Healthcare Manager/p_Imail")): Object 'Object Repository/Home_Page_OR/Page_Healthcare Manager/p_Imail' is visible

2019-04-01 15:40:03 - [MESSAGE][PASSED] - Object 'Object Repository/Home_Page_OR/Page_Healthcare Manager/p_Imail' is visible

2019-04-01 15:40:03 - [TEST_STEP][PASSED] - verifyElementVisible(findTestObject("Home_Page_OR/Page_Healthcare Manager/p_CRM")): Object 'Object Repository/Home_Page_OR/Page_Healthcare Manager/p_CRM' is visible

2019-04-01 15:40:04 - [MESSAGE][PASSED] - Object 'Object Repository/Home_Page_OR/Page_Healthcare Manager/p_CRM' is visible

2019-04-01 15:40:04 - [TEST_STEP][PASSED] - verifyElementVisible(findTestObject("Home_Page_OR/Page_Healthcare Manager/p_Recruitment")): Object 'Object Repository/Home_Page_OR/Page_Healthcare Manager/p_Recruitment' is visible

2019-04-01 15:40:04 - [MESSAGE][PASSED] - Object 'Object Repository/Home_Page_OR/Page_Healthcare Manager/p_Recruitment' is visible

2019-04-01 15:40:04 - [TEST_STEP][PASSED] - verifyElementVisible(findTestObject("Home_Page_OR/Page_Healthcare Manager/p_Schedule")): Object 'Object Repository/Home_Page_OR/Page_Healthcare Manager/p_Schedule' is visible

2019-04-01 15:40:04 - [MESSAGE][PASSED] - Object 'Object Repository/Home_Page_OR/Page_Healthcare Manager/p_Schedule' is visible

2019-04-01 15:40:04 - [TEST_STEP][PASSED] - verifyElementVisible(findTestObject("Home_Page_OR/Page_Healthcare Manager/span_Logout_icon icon-menu menu_bar_icon")): Object 'Object Repository/Home_Page_OR/Page_Healthcare Manager/span_Logout_icon icon-menu menu_bar_icon' is visible

2019-04-01 15:40:04 - [MESSAGE][PASSED] - Object 'Object Repository/Home_Page_OR/Page_Healthcare Manager/span_Logout_icon icon-menu menu_bar_icon' is visible

2019-04-01 15:40:04 - [TEST_STEP][PASSED] - callTestCase(findTestCase("TearDown/Broweser _close"), [:], STOP_ON_FAILURE): Call Test Case 'Test Cases/TearDown/Broweser _close' successfully

2019-04-01 15:40:04 - [TEST_CASE][PASSED] - Test Cases/TearDown/Broweser _close: Test Cases/TearDown/Broweser _close

2019-04-01 15:40:04 - [TEST_STEP][PASSED] - closeBrowser(): Browser is closed

2019-04-01 15:40:04 - [MESSAGE][PASSED] - Browser is closed

2019-04-01 15:40:04 - [MESSAGE][PASSED] - Call Test Case 'Test Cases/TearDown/Broweser _close' successfully]]></system-out>
         <system-err><![CDATA[]]></system-err>
      </testcase>
      <system-out><![CDATA[2019-04-01 15:39:52 - [TEST_SUITE][PASSED] - HomePage_Test: Test Cases/HomePage_Validate]]></system-out>
      <system-err><![CDATA[]]></system-err>
   </testsuite>
</testsuites>
