<?xml version="1.0" encoding="UTF-8"?>
<testsuites name="ParticipantsPage Test" time="222" tests="4" failures="2" errors="0">
   <testsuite name="ParticipantsPage Test" tests="4" failures="2" errors="0" time="222" timestamp="2019-04-10 18:03:32" hostname="win10 - DESKTOP-28KHHQ1" id="Test Suites/ParticipantsPage Test">
      <properties>
         <property name="deviceName" value=""/>
         <property name="devicePlatform" value=""/>
         <property name="logFolder" value="C:\\Users\\win10\\git\\hcm_qa\\OCS_HCM\\OCS_HCM\\Reports\\ParticipantsPage Test\\20190410_180331"/>
         <property name="logFiles" value="C:\\Users\\win10\\git\\hcm_qa\\OCS_HCM\\OCS_HCM\\Reports\\ParticipantsPage Test\\20190410_180331\\execution0.log"/>
         <property name="attachments" value="C:\\Users\\win10\\git\\hcm_qa\\OCS_HCM\\OCS_HCM\\Reports\\ParticipantsPage Test\\20190410_180331\\1554899681006.png, C:\\Users\\win10\\git\\hcm_qa\\OCS_HCM\\OCS_HCM\\Reports\\ParticipantsPage Test\\20190410_180331\\1554899816766.png, C:\\Users\\win10\\git\\hcm_qa\\OCS_HCM\\OCS_HCM\\Reports\\ParticipantsPage Test\\20190410_180331\\1554899816841.png"/>
         <property name="hostName" value="win10 - DESKTOP-28KHHQ1"/>
         <property name="os" value="Windows 10 64bit"/>
         <property name="katalonVersion" value="6.1.0.1"/>
         <property name="browser" value="Firefox 66.0"/>
         <property name="hostAddress" value="10.159.242.133"/>
         <property name="sessionId" value="cdb70b0f-55be-4d74-b39a-480a03d4bcdf"/>
         <property name="seleniumVersion" value="3.7.1"/>
         <property name="proxyInformation" value="ProxyInformation{proxyOption=NO_PROXY, proxyServerType=HTTP, password=, proxyServerAddress=, proxyServerPort=0}"/>
         <property name="platform" value="Windows 10"/>
      </properties>
      <testcase name="Test Cases/OCS_Page_Test/Participants_Test/DashBoard_Validate" classname="Test Cases/OCS_Page_Test/Participants_Test/DashBoard_Validate" status="PASSED">
         <system-out><![CDATA[2019-04-10 18:03:32 - [TEST_CASE][PASSED] - Test Cases/OCS_Page_Test/Participants_Test/DashBoard_Validate: Test Cases/OCS_Page_Test/Participants_Test/DashBoard_Validate

2019-04-10 18:03:32 - [TEST_STEP][PASSED] - callTestCase(findTestCase("SetUpp/SetUp"), [:], STOP_ON_FAILURE): Call Test Case 'Test Cases/SetUpp/SetUp' successfully

2019-04-10 18:03:32 - [TEST_CASE][PASSED] - Test Cases/SetUpp/SetUp: Test Cases/SetUpp/SetUp

2019-04-10 18:03:33 - [TEST_STEP][PASSED] - openBrowser(""): Browser is opened with url: ''

2019-04-10 18:03:33 - [MESSAGE][INFO] - Starting 'Firefox' driver

2019-04-10 18:03:33 - [MESSAGE][INFO] - Action delay is set to 0 seconds

2019-04-10 18:03:36 - [MESSAGE][PASSED] - Browser is opened with url: ''

2019-04-10 18:03:36 - [TEST_STEP][PASSED] - navigateToUrl("https://ydtwebstaging.com"): Navigate to 'https://ydtwebstaging.com' successfully

2019-04-10 18:03:41 - [MESSAGE][PASSED] - Navigate to 'https://ydtwebstaging.com' successfully

2019-04-10 18:03:41 - [TEST_STEP][PASSED] - maximizeWindow(): Current window maximized

2019-04-10 18:03:42 - [MESSAGE][PASSED] - Current window maximized

2019-04-10 18:03:42 - [TEST_STEP][PASSED] - deleteAllCookies(): Delete all cookies successfully

2019-04-10 18:03:42 - [MESSAGE][PASSED] - Delete all cookies successfully

2019-04-10 18:03:42 - [TEST_STEP][PASSED] - getWindowTitle(): Current window's title is: 'Healthcare Manager'

2019-04-10 18:03:42 - [MESSAGE][PASSED] - Current window's title is: 'Healthcare Manager'

2019-04-10 18:03:42 - [TEST_STEP][PASSED] - waitForPageLoad(30): Wait for page load successfully

2019-04-10 18:03:42 - [MESSAGE][PASSED] - Wait for page load successfully

2019-04-10 18:03:42 - [MESSAGE][PASSED] - Call Test Case 'Test Cases/SetUpp/SetUp' successfully

2019-04-10 18:03:42 - [TEST_STEP][PASSED] - callTestCase(findTestCase("OCS_Page/Login_Page/LoginPage_Positive_validate"), [:], STOP_ON_FAILURE): Call Test Case 'Test Cases/OCS_Page/Login_Page/LoginPage_Positive_validate' successfully

2019-04-10 18:03:42 - [TEST_CASE][PASSED] - Test Cases/OCS_Page/Login_Page/LoginPage_Positive_validate: Test Cases/OCS_Page/Login_Page/LoginPage_Positive_validate

2019-04-10 18:03:42 - [TEST_STEP][PASSED] - setText(findTestObject("Login_Page_OB/Page_Healthcare Manager/input_Login here_username"), "admin"): Text 'admin' is set on object 'Object Repository/Login_Page_OB/Page_Healthcare Manager/input_Login here_username'

2019-04-10 18:03:42 - [MESSAGE][PASSED] - Text 'admin' is set on object 'Object Repository/Login_Page_OB/Page_Healthcare Manager/input_Login here_username'

2019-04-10 18:03:42 - [TEST_STEP][PASSED] - setText(findTestObject("Login_Page_OB/Page_Healthcare Manager/input_Login here_password"), "123456"): Text '123456' is set on object 'Object Repository/Login_Page_OB/Page_Healthcare Manager/input_Login here_password'

2019-04-10 18:03:42 - [MESSAGE][PASSED] - Text '123456' is set on object 'Object Repository/Login_Page_OB/Page_Healthcare Manager/input_Login here_password'

2019-04-10 18:03:42 - [TEST_STEP][PASSED] - click(findTestObject("Login_Page_OB/Page_Healthcare Manager/button_Submit")): Object: 'Object Repository/Login_Page_OB/Page_Healthcare Manager/button_Submit' is clicked on

2019-04-10 18:03:42 - [MESSAGE][PASSED] - Object: 'Object Repository/Login_Page_OB/Page_Healthcare Manager/button_Submit' is clicked on

2019-04-10 18:03:42 - [TEST_STEP][NOT_RUN] - verifyElementVisible(findTestObject("Login_Page_OB/Page_Healthcare Manager/div_Login successfully")): NOT_RUN: verifyElementVisible(findTestObject("Login_Page_OB/Page_Healthcare Manager/div_Login successfully"))

2019-04-10 18:03:42 - [MESSAGE][NOT_RUN] - NOT_RUN: verifyElementVisible(findTestObject("Login_Page_OB/Page_Healthcare Manager/div_Login successfully"))

2019-04-10 18:03:42 - [MESSAGE][PASSED] - Call Test Case 'Test Cases/OCS_Page/Login_Page/LoginPage_Positive_validate' successfully

2019-04-10 18:03:42 - [TEST_STEP][PASSED] - callTestCase(findTestCase("OCS_Page/Participants_page/Participants_DashBoard_page"), [:], STOP_ON_FAILURE): Call Test Case 'Test Cases/OCS_Page/Participants_page/Participants_DashBoard_page' successfully

2019-04-10 18:03:42 - [TEST_CASE][PASSED] - Test Cases/OCS_Page/Participants_page/Participants_DashBoard_page: Test Cases/OCS_Page/Participants_page/Participants_DashBoard_page

2019-04-10 18:03:43 - [TEST_STEP][PASSED] - click(findTestObject("Home_Page_OR/Page_Healthcare Manager/p_Participants")): Object: 'Object Repository/Home_Page_OR/Page_Healthcare Manager/p_Participants' is clicked on

2019-04-10 18:03:44 - [MESSAGE][PASSED] - Object: 'Object Repository/Home_Page_OR/Page_Healthcare Manager/p_Participants' is clicked on

2019-04-10 18:03:44 - [TEST_STEP][PASSED] - verifyElementPresent(findTestObject("Participants_Page_OR/dashBoard/Page_Healthcare Manager/h1_Participants"), 10): Object 'Object Repository/Participants_Page_OR/dashBoard/Page_Healthcare Manager/h1_Participants' is present

2019-04-10 18:03:45 - [MESSAGE][PASSED] - Object 'Object Repository/Participants_Page_OR/dashBoard/Page_Healthcare Manager/h1_Participants' is present

2019-04-10 18:03:45 - [TEST_STEP][PASSED] - verifyElementPresent(findTestObject("Participants_Page_OR/dashBoard/Page_Healthcare Manager/canvas_New Participant Graph_chartjs-render-monitor"), 10): Object 'Object Repository/Participants_Page_OR/dashBoard/Page_Healthcare Manager/canvas_New Participant Graph_chartjs-render-monitor' is present

2019-04-10 18:03:46 - [MESSAGE][PASSED] - Object 'Object Repository/Participants_Page_OR/dashBoard/Page_Healthcare Manager/canvas_New Participant Graph_chartjs-render-monitor' is present

2019-04-10 18:03:46 - [TEST_STEP][PASSED] - click(findTestObject("Participants_Page_OR/dashBoard/Page_Healthcare Manager/span_Week")): Object: 'Object Repository/Participants_Page_OR/dashBoard/Page_Healthcare Manager/span_Week' is clicked on

2019-04-10 18:03:46 - [MESSAGE][PASSED] - Object: 'Object Repository/Participants_Page_OR/dashBoard/Page_Healthcare Manager/span_Week' is clicked on

2019-04-10 18:03:46 - [TEST_STEP][PASSED] - sendKeys(findTestObject("Participants_Page_OR/dashBoard/Page_Healthcare Manager/input_Year_search"), "archana archana"): Keys 'archana archana' sent to object: 'Object Repository/Participants_Page_OR/dashBoard/Page_Healthcare Manager/input_Year_search'

2019-04-10 18:03:46 - [MESSAGE][PASSED] - Keys 'archana archana' sent to object: 'Object Repository/Participants_Page_OR/dashBoard/Page_Healthcare Manager/input_Year_search'

2019-04-10 18:03:46 - [TEST_STEP][PASSED] - waitForElementClickable(findTestObject("Participants_Page_OR/dashBoard/Page_Healthcare Manager/span_Year_icon icon-search"), 10): Object 'Object Repository/Participants_Page_OR/dashBoard/Page_Healthcare Manager/span_Year_icon icon-search' is clickable

2019-04-10 18:03:46 - [MESSAGE][PASSED] - Object 'Object Repository/Participants_Page_OR/dashBoard/Page_Healthcare Manager/span_Year_icon icon-search' is clickable

2019-04-10 18:03:46 - [TEST_STEP][PASSED] - click(findTestObject("Participants_Page_OR/dashBoard/Page_Healthcare Manager/small_Include Inactive")): Object: 'Object Repository/Participants_Page_OR/dashBoard/Page_Healthcare Manager/small_Include Inactive' is clicked on

2019-04-10 18:03:46 - [MESSAGE][PASSED] - Object: 'Object Repository/Participants_Page_OR/dashBoard/Page_Healthcare Manager/small_Include Inactive' is clicked on

2019-04-10 18:03:46 - [MESSAGE][PASSED] - Call Test Case 'Test Cases/OCS_Page/Participants_page/Participants_DashBoard_page' successfully

2019-04-10 18:03:46 - [TEST_STEP][PASSED] - callTestCase(findTestCase("TearDown/Broweser _close"), [:], STOP_ON_FAILURE): Call Test Case 'Test Cases/TearDown/Broweser _close' successfully

2019-04-10 18:03:46 - [TEST_CASE][PASSED] - Test Cases/TearDown/Broweser _close: Test Cases/TearDown/Broweser _close

2019-04-10 18:03:46 - [TEST_STEP][PASSED] - closeBrowser(): Browser is closed

2019-04-10 18:03:47 - [MESSAGE][PASSED] - Browser is closed

2019-04-10 18:03:47 - [MESSAGE][PASSED] - Call Test Case 'Test Cases/TearDown/Broweser _close' successfully]]></system-out>
         <system-err><![CDATA[]]></system-err>
      </testcase>
      <testcase name="Test Cases/OCS_Page_Test/Participants_Test/CreateParticipants_Validate" classname="Test Cases/OCS_Page_Test/Participants_Test/CreateParticipants_Validate" status="FAILED">
         <failure type="FAILED" message="Test Cases/OCS_Page_Test/Participants_Test/CreateParticipants_Validate FAILED.
Reason:
com.kms.katalon.core.exception.StepFailedException: Call Test Case 'Test Cases/OCS_Page/Participants_page/Care_CreateParticipantsPage' failed
	at com.kms.katalon.core.keyword.builtin.CallTestCaseKeyword$_callTestCase_closure1.doCall(CallTestCaseKeyword.groovy:63)
	at com.kms.katalon.core.keyword.builtin.CallTestCaseKeyword$_callTestCase_closure1.call(CallTestCaseKeyword.groovy)
	at com.kms.katalon.core.keyword.internal.KeywordMain.runKeyword(KeywordMain.groovy:66)
	at com.kms.katalon.core.keyword.builtin.CallTestCaseKeyword.callTestCase(CallTestCaseKeyword.groovy:81)
	at com.kms.katalon.core.keyword.builtin.CallTestCaseKeyword.execute(CallTestCaseKeyword.groovy:44)
	at com.kms.katalon.core.keyword.internal.KeywordExecutor.executeKeywordForPlatform(KeywordExecutor.groovy:56)
	at com.kms.katalon.core.keyword.BuiltinKeywords.callTestCase(BuiltinKeywords.groovy:334)
	at CreateParticipants_Validate.run(CreateParticipants_Validate:16)
	at com.kms.katalon.core.main.ScriptEngine.run(ScriptEngine.java:194)
	at com.kms.katalon.core.main.ScriptEngine.runScriptAsRawText(ScriptEngine.java:119)
	at com.kms.katalon.core.main.TestCaseExecutor.runScript(TestCaseExecutor.java:331)
	at com.kms.katalon.core.main.TestCaseExecutor.doExecute(TestCaseExecutor.java:322)
	at com.kms.katalon.core.main.TestCaseExecutor.processExecutionPhase(TestCaseExecutor.java:301)
	at com.kms.katalon.core.main.TestCaseExecutor.accessMainPhase(TestCaseExecutor.java:293)
	at com.kms.katalon.core.main.TestCaseExecutor.execute(TestCaseExecutor.java:227)
	at com.kms.katalon.core.main.TestSuiteExecutor.accessTestCaseMainPhase(TestSuiteExecutor.java:129)
	at com.kms.katalon.core.main.TestSuiteExecutor.accessTestSuiteMainPhase(TestSuiteExecutor.java:112)
	at com.kms.katalon.core.main.TestSuiteExecutor.execute(TestSuiteExecutor.java:81)
	at com.kms.katalon.core.main.TestCaseMain.startTestSuite(TestCaseMain.java:157)
	at com.kms.katalon.core.main.TestCaseMain$startTestSuite$0.call(Unknown Source)
	at TempTestSuite1554899611213.run(TempTestSuite1554899611213.groovy:35)
Caused by: com.kms.katalon.core.exception.StepFailedException: Unable to set text 'requred for  care' of object 'Object Repository/Page_Healthcare Manager/textarea_Formal Diagnosis (Primary)_formaldiagnosisprimary'
	at com.kms.katalon.core.webui.keyword.internal.WebUIKeywordMain.stepFailed(WebUIKeywordMain.groovy:64)
	at com.kms.katalon.core.webui.keyword.internal.WebUIKeywordMain.runKeyword(WebUIKeywordMain.groovy:26)
	at com.kms.katalon.core.webui.keyword.builtin.SetTextKeyword.setText(SetTextKeyword.groovy:65)
	at com.kms.katalon.core.webui.keyword.builtin.SetTextKeyword.execute(SetTextKeyword.groovy:37)
	at com.kms.katalon.core.keyword.internal.KeywordExecutor.executeKeywordForPlatform(KeywordExecutor.groovy:56)
	at com.kms.katalon.core.webui.keyword.WebUiBuiltInKeywords.setText(WebUiBuiltInKeywords.groovy:950)
	at com.kms.katalon.core.webui.keyword.WebUiBuiltInKeywords$setText$5.call(Unknown Source)
	at Care_CreateParticipantsPage.run(Care_CreateParticipantsPage:18)
	at com.kms.katalon.core.main.ScriptEngine.run(ScriptEngine.java:194)
	at com.kms.katalon.core.main.ScriptEngine.runScriptAsRawText(ScriptEngine.java:119)
	at com.kms.katalon.core.main.TestCaseExecutor.runScript(TestCaseExecutor.java:331)
	at com.kms.katalon.core.main.TestCaseExecutor.doExecute(TestCaseExecutor.java:322)
	at com.kms.katalon.core.main.TestCaseExecutor.processExecutionPhase(TestCaseExecutor.java:301)
	at com.kms.katalon.core.main.TestCaseExecutor.accessMainPhase(TestCaseExecutor.java:293)
	at com.kms.katalon.core.main.TestCaseExecutor.execute(TestCaseExecutor.java:227)
	at com.kms.katalon.core.main.TestCaseMain.runTestCase(TestCaseMain.java:114)
	at com.kms.katalon.core.keyword.builtin.CallTestCaseKeyword$_callTestCase_closure1.doCall(CallTestCaseKeyword.groovy:59)
	... 20 more
Caused by: com.kms.katalon.core.webui.exception.WebElementNotFoundException: Web element with id: 'Object Repository/Page_Healthcare Manager/textarea_Formal Diagnosis (Primary)_formaldiagnosisprimary' located by 'By.xpath: //textarea[@name = 'formaldiagnosisprimary' and @placeholder = 'Please type the Formal Diagnosis of this new participant here ☺']' not found
	at com.kms.katalon.core.webui.common.WebUiCommonHelper.findWebElement(WebUiCommonHelper.java:1053)
	at com.kms.katalon.core.webui.keyword.internal.WebUIAbstractKeyword.findWebElement(WebUIAbstractKeyword.groovy:27)
	at com.kms.katalon.core.webui.keyword.internal.WebUIAbstractKeyword.findWebElement(WebUIAbstractKeyword.groovy:26)
	at com.kms.katalon.core.webui.keyword.builtin.SetTextKeyword$_setText_closure1.doCall(SetTextKeyword.groovy:51)
	at com.kms.katalon.core.webui.keyword.builtin.SetTextKeyword$_setText_closure1.call(SetTextKeyword.groovy)
	at com.kms.katalon.core.webui.keyword.internal.WebUIKeywordMain.runKeyword(WebUIKeywordMain.groovy:20)
	at com.kms.katalon.core.webui.keyword.builtin.SetTextKeyword.setText(SetTextKeyword.groovy:65)
	at com.kms.katalon.core.webui.keyword.builtin.SetTextKeyword.execute(SetTextKeyword.groovy:37)
	at com.kms.katalon.core.keyword.internal.KeywordExecutor.executeKeywordForPlatform(KeywordExecutor.groovy:56)
	at com.kms.katalon.core.webui.keyword.WebUiBuiltInKeywords.setText(WebUiBuiltInKeywords.groovy:950)
	at com.kms.katalon.core.webui.keyword.WebUiBuiltInKeywords$setText$5.call(Unknown Source)
	at Script1554356627061.run(Script1554356627061.groovy:18)
	at com.kms.katalon.core.main.ScriptEngine.run(ScriptEngine.java:194)
	at com.kms.katalon.core.main.ScriptEngine.runScriptAsRawText(ScriptEngine.java:119)
	at com.kms.katalon.core.main.TestCaseExecutor.runScript(TestCaseExecutor.java:331)
	at com.kms.katalon.core.main.TestCaseExecutor.doExecute(TestCaseExecutor.java:322)
	at com.kms.katalon.core.main.TestCaseExecutor.processExecutionPhase(TestCaseExecutor.java:301)
	at com.kms.katalon.core.main.TestCaseExecutor.accessMainPhase(TestCaseExecutor.java:293)
	at com.kms.katalon.core.main.TestCaseExecutor.execute(TestCaseExecutor.java:227)
	at com.kms.katalon.core.main.TestCaseMain.runTestCase(TestCaseMain.java:114)
	at com.kms.katalon.core.keyword.builtin.CallTestCaseKeyword$_callTestCase_closure1.doCall(CallTestCaseKeyword.groovy:59)
	at com.kms.katalon.core.keyword.builtin.CallTestCaseKeyword$_callTestCase_closure1.call(CallTestCaseKeyword.groovy)
	at com.kms.katalon.core.keyword.internal.KeywordMain.runKeyword(KeywordMain.groovy:66)
	at com.kms.katalon.core.keyword.builtin.CallTestCaseKeyword.callTestCase(CallTestCaseKeyword.groovy:81)
	at com.kms.katalon.core.keyword.builtin.CallTestCaseKeyword.execute(CallTestCaseKeyword.groovy:44)
	at com.kms.katalon.core.keyword.internal.KeywordExecutor.executeKeywordForPlatform(KeywordExecutor.groovy:56)
	at com.kms.katalon.core.keyword.BuiltinKeywords.callTestCase(BuiltinKeywords.groovy:334)
	at Script1554803811096.run(Script1554803811096.groovy:16)
	... 13 more
"/>
         <system-out><![CDATA[2019-04-10 18:03:47 - [TEST_CASE][FAILED] - Test Cases/OCS_Page_Test/Participants_Test/CreateParticipants_Validate: Test Cases/OCS_Page_Test/Participants_Test/CreateParticipants_Validate FAILED.
Reason:
com.kms.katalon.core.exception.StepFailedException: Call Test Case 'Test Cases/OCS_Page/Participants_page/Care_CreateParticipantsPage' failed
	at com.kms.katalon.core.keyword.builtin.CallTestCaseKeyword$_callTestCase_closure1.doCall(CallTestCaseKeyword.groovy:63)
	at com.kms.katalon.core.keyword.builtin.CallTestCaseKeyword$_callTestCase_closure1.call(CallTestCaseKeyword.groovy)
	at com.kms.katalon.core.keyword.internal.KeywordMain.runKeyword(KeywordMain.groovy:66)
	at com.kms.katalon.core.keyword.builtin.CallTestCaseKeyword.callTestCase(CallTestCaseKeyword.groovy:81)
	at com.kms.katalon.core.keyword.builtin.CallTestCaseKeyword.execute(CallTestCaseKeyword.groovy:44)
	at com.kms.katalon.core.keyword.internal.KeywordExecutor.executeKeywordForPlatform(KeywordExecutor.groovy:56)
	at com.kms.katalon.core.keyword.BuiltinKeywords.callTestCase(BuiltinKeywords.groovy:334)
	at CreateParticipants_Validate.run(CreateParticipants_Validate:16)
	at com.kms.katalon.core.main.ScriptEngine.run(ScriptEngine.java:194)
	at com.kms.katalon.core.main.ScriptEngine.runScriptAsRawText(ScriptEngine.java:119)
	at com.kms.katalon.core.main.TestCaseExecutor.runScript(TestCaseExecutor.java:331)
	at com.kms.katalon.core.main.TestCaseExecutor.doExecute(TestCaseExecutor.java:322)
	at com.kms.katalon.core.main.TestCaseExecutor.processExecutionPhase(TestCaseExecutor.java:301)
	at com.kms.katalon.core.main.TestCaseExecutor.accessMainPhase(TestCaseExecutor.java:293)
	at com.kms.katalon.core.main.TestCaseExecutor.execute(TestCaseExecutor.java:227)
	at com.kms.katalon.core.main.TestSuiteExecutor.accessTestCaseMainPhase(TestSuiteExecutor.java:129)
	at com.kms.katalon.core.main.TestSuiteExecutor.accessTestSuiteMainPhase(TestSuiteExecutor.java:112)
	at com.kms.katalon.core.main.TestSuiteExecutor.execute(TestSuiteExecutor.java:81)
	at com.kms.katalon.core.main.TestCaseMain.startTestSuite(TestCaseMain.java:157)
	at com.kms.katalon.core.main.TestCaseMain$startTestSuite$0.call(Unknown Source)
	at TempTestSuite1554899611213.run(TempTestSuite1554899611213.groovy:35)
Caused by: com.kms.katalon.core.exception.StepFailedException: Unable to set text 'requred for  care' of object 'Object Repository/Page_Healthcare Manager/textarea_Formal Diagnosis (Primary)_formaldiagnosisprimary'
	at com.kms.katalon.core.webui.keyword.internal.WebUIKeywordMain.stepFailed(WebUIKeywordMain.groovy:64)
	at com.kms.katalon.core.webui.keyword.internal.WebUIKeywordMain.runKeyword(WebUIKeywordMain.groovy:26)
	at com.kms.katalon.core.webui.keyword.builtin.SetTextKeyword.setText(SetTextKeyword.groovy:65)
	at com.kms.katalon.core.webui.keyword.builtin.SetTextKeyword.execute(SetTextKeyword.groovy:37)
	at com.kms.katalon.core.keyword.internal.KeywordExecutor.executeKeywordForPlatform(KeywordExecutor.groovy:56)
	at com.kms.katalon.core.webui.keyword.WebUiBuiltInKeywords.setText(WebUiBuiltInKeywords.groovy:950)
	at com.kms.katalon.core.webui.keyword.WebUiBuiltInKeywords$setText$5.call(Unknown Source)
	at Care_CreateParticipantsPage.run(Care_CreateParticipantsPage:18)
	at com.kms.katalon.core.main.ScriptEngine.run(ScriptEngine.java:194)
	at com.kms.katalon.core.main.ScriptEngine.runScriptAsRawText(ScriptEngine.java:119)
	at com.kms.katalon.core.main.TestCaseExecutor.runScript(TestCaseExecutor.java:331)
	at com.kms.katalon.core.main.TestCaseExecutor.doExecute(TestCaseExecutor.java:322)
	at com.kms.katalon.core.main.TestCaseExecutor.processExecutionPhase(TestCaseExecutor.java:301)
	at com.kms.katalon.core.main.TestCaseExecutor.accessMainPhase(TestCaseExecutor.java:293)
	at com.kms.katalon.core.main.TestCaseExecutor.execute(TestCaseExecutor.java:227)
	at com.kms.katalon.core.main.TestCaseMain.runTestCase(TestCaseMain.java:114)
	at com.kms.katalon.core.keyword.builtin.CallTestCaseKeyword$_callTestCase_closure1.doCall(CallTestCaseKeyword.groovy:59)
	... 20 more
Caused by: com.kms.katalon.core.webui.exception.WebElementNotFoundException: Web element with id: 'Object Repository/Page_Healthcare Manager/textarea_Formal Diagnosis (Primary)_formaldiagnosisprimary' located by 'By.xpath: //textarea[@name = 'formaldiagnosisprimary' and @placeholder = 'Please type the Formal Diagnosis of this new participant here ☺']' not found
	at com.kms.katalon.core.webui.common.WebUiCommonHelper.findWebElement(WebUiCommonHelper.java:1053)
	at com.kms.katalon.core.webui.keyword.internal.WebUIAbstractKeyword.findWebElement(WebUIAbstractKeyword.groovy:27)
	at com.kms.katalon.core.webui.keyword.internal.WebUIAbstractKeyword.findWebElement(WebUIAbstractKeyword.groovy:26)
	at com.kms.katalon.core.webui.keyword.builtin.SetTextKeyword$_setText_closure1.doCall(SetTextKeyword.groovy:51)
	at com.kms.katalon.core.webui.keyword.builtin.SetTextKeyword$_setText_closure1.call(SetTextKeyword.groovy)
	at com.kms.katalon.core.webui.keyword.internal.WebUIKeywordMain.runKeyword(WebUIKeywordMain.groovy:20)
	at com.kms.katalon.core.webui.keyword.builtin.SetTextKeyword.setText(SetTextKeyword.groovy:65)
	at com.kms.katalon.core.webui.keyword.builtin.SetTextKeyword.execute(SetTextKeyword.groovy:37)
	at com.kms.katalon.core.keyword.internal.KeywordExecutor.executeKeywordForPlatform(KeywordExecutor.groovy:56)
	at com.kms.katalon.core.webui.keyword.WebUiBuiltInKeywords.setText(WebUiBuiltInKeywords.groovy:950)
	at com.kms.katalon.core.webui.keyword.WebUiBuiltInKeywords$setText$5.call(Unknown Source)
	at Script1554356627061.run(Script1554356627061.groovy:18)
	at com.kms.katalon.core.main.ScriptEngine.run(ScriptEngine.java:194)
	at com.kms.katalon.core.main.ScriptEngine.runScriptAsRawText(ScriptEngine.java:119)
	at com.kms.katalon.core.main.TestCaseExecutor.runScript(TestCaseExecutor.java:331)
	at com.kms.katalon.core.main.TestCaseExecutor.doExecute(TestCaseExecutor.java:322)
	at com.kms.katalon.core.main.TestCaseExecutor.processExecutionPhase(TestCaseExecutor.java:301)
	at com.kms.katalon.core.main.TestCaseExecutor.accessMainPhase(TestCaseExecutor.java:293)
	at com.kms.katalon.core.main.TestCaseExecutor.execute(TestCaseExecutor.java:227)
	at com.kms.katalon.core.main.TestCaseMain.runTestCase(TestCaseMain.java:114)
	at com.kms.katalon.core.keyword.builtin.CallTestCaseKeyword$_callTestCase_closure1.doCall(CallTestCaseKeyword.groovy:59)
	at com.kms.katalon.core.keyword.builtin.CallTestCaseKeyword$_callTestCase_closure1.call(CallTestCaseKeyword.groovy)
	at com.kms.katalon.core.keyword.internal.KeywordMain.runKeyword(KeywordMain.groovy:66)
	at com.kms.katalon.core.keyword.builtin.CallTestCaseKeyword.callTestCase(CallTestCaseKeyword.groovy:81)
	at com.kms.katalon.core.keyword.builtin.CallTestCaseKeyword.execute(CallTestCaseKeyword.groovy:44)
	at com.kms.katalon.core.keyword.internal.KeywordExecutor.executeKeywordForPlatform(KeywordExecutor.groovy:56)
	at com.kms.katalon.core.keyword.BuiltinKeywords.callTestCase(BuiltinKeywords.groovy:334)
	at Script1554803811096.run(Script1554803811096.groovy:16)
	... 13 more


2019-04-10 18:03:47 - [TEST_STEP][FAILED] - callTestCase(findTestCase("OCS_Page/Participants_page/Care_CreateParticipantsPage"), [:], STOP_ON_FAILURE): callTestCase(findTestCase("OCS_Page/Participants_page/Care_CreateParticipantsPage"), [:], STOP_ON_FAILURE) FAILED.
Reason:
com.kms.katalon.core.exception.StepFailedException: Call Test Case 'Test Cases/OCS_Page/Participants_page/Care_CreateParticipantsPage' failed
	at com.kms.katalon.core.keyword.builtin.CallTestCaseKeyword$_callTestCase_closure1.doCall(CallTestCaseKeyword.groovy:63)
	at com.kms.katalon.core.keyword.builtin.CallTestCaseKeyword$_callTestCase_closure1.call(CallTestCaseKeyword.groovy)
	at com.kms.katalon.core.keyword.internal.KeywordMain.runKeyword(KeywordMain.groovy:66)
	at com.kms.katalon.core.keyword.builtin.CallTestCaseKeyword.callTestCase(CallTestCaseKeyword.groovy:81)
	at com.kms.katalon.core.keyword.builtin.CallTestCaseKeyword.execute(CallTestCaseKeyword.groovy:44)
	at com.kms.katalon.core.keyword.internal.KeywordExecutor.executeKeywordForPlatform(KeywordExecutor.groovy:56)
	at com.kms.katalon.core.keyword.BuiltinKeywords.callTestCase(BuiltinKeywords.groovy:334)
	at CreateParticipants_Validate.run(CreateParticipants_Validate:16)
	at com.kms.katalon.core.main.ScriptEngine.run(ScriptEngine.java:194)
	at com.kms.katalon.core.main.ScriptEngine.runScriptAsRawText(ScriptEngine.java:119)
	at com.kms.katalon.core.main.TestCaseExecutor.runScript(TestCaseExecutor.java:331)
	at com.kms.katalon.core.main.TestCaseExecutor.doExecute(TestCaseExecutor.java:322)
	at com.kms.katalon.core.main.TestCaseExecutor.processExecutionPhase(TestCaseExecutor.java:301)
	at com.kms.katalon.core.main.TestCaseExecutor.accessMainPhase(TestCaseExecutor.java:293)
	at com.kms.katalon.core.main.TestCaseExecutor.execute(TestCaseExecutor.java:227)
	at com.kms.katalon.core.main.TestSuiteExecutor.accessTestCaseMainPhase(TestSuiteExecutor.java:129)
	at com.kms.katalon.core.main.TestSuiteExecutor.accessTestSuiteMainPhase(TestSuiteExecutor.java:112)
	at com.kms.katalon.core.main.TestSuiteExecutor.execute(TestSuiteExecutor.java:81)
	at com.kms.katalon.core.main.TestCaseMain.startTestSuite(TestCaseMain.java:157)
	at com.kms.katalon.core.main.TestCaseMain$startTestSuite$0.call(Unknown Source)
	at TempTestSuite1554899611213.run(TempTestSuite1554899611213.groovy:35)
Caused by: com.kms.katalon.core.exception.StepFailedException: Unable to set text 'requred for  care' of object 'Object Repository/Page_Healthcare Manager/textarea_Formal Diagnosis (Primary)_formaldiagnosisprimary'
	at com.kms.katalon.core.webui.keyword.internal.WebUIKeywordMain.stepFailed(WebUIKeywordMain.groovy:64)
	at com.kms.katalon.core.webui.keyword.internal.WebUIKeywordMain.runKeyword(WebUIKeywordMain.groovy:26)
	at com.kms.katalon.core.webui.keyword.builtin.SetTextKeyword.setText(SetTextKeyword.groovy:65)
	at com.kms.katalon.core.webui.keyword.builtin.SetTextKeyword.execute(SetTextKeyword.groovy:37)
	at com.kms.katalon.core.keyword.internal.KeywordExecutor.executeKeywordForPlatform(KeywordExecutor.groovy:56)
	at com.kms.katalon.core.webui.keyword.WebUiBuiltInKeywords.setText(WebUiBuiltInKeywords.groovy:950)
	at com.kms.katalon.core.webui.keyword.WebUiBuiltInKeywords$setText$5.call(Unknown Source)
	at Care_CreateParticipantsPage.run(Care_CreateParticipantsPage:18)
	at com.kms.katalon.core.main.ScriptEngine.run(ScriptEngine.java:194)
	at com.kms.katalon.core.main.ScriptEngine.runScriptAsRawText(ScriptEngine.java:119)
	at com.kms.katalon.core.main.TestCaseExecutor.runScript(TestCaseExecutor.java:331)
	at com.kms.katalon.core.main.TestCaseExecutor.doExecute(TestCaseExecutor.java:322)
	at com.kms.katalon.core.main.TestCaseExecutor.processExecutionPhase(TestCaseExecutor.java:301)
	at com.kms.katalon.core.main.TestCaseExecutor.accessMainPhase(TestCaseExecutor.java:293)
	at com.kms.katalon.core.main.TestCaseExecutor.execute(TestCaseExecutor.java:227)
	at com.kms.katalon.core.main.TestCaseMain.runTestCase(TestCaseMain.java:114)
	at com.kms.katalon.core.keyword.builtin.CallTestCaseKeyword$_callTestCase_closure1.doCall(CallTestCaseKeyword.groovy:59)
	... 20 more
Caused by: com.kms.katalon.core.webui.exception.WebElementNotFoundException: Web element with id: 'Object Repository/Page_Healthcare Manager/textarea_Formal Diagnosis (Primary)_formaldiagnosisprimary' located by 'By.xpath: //textarea[@name = 'formaldiagnosisprimary' and @placeholder = 'Please type the Formal Diagnosis of this new participant here ☺']' not found
	at com.kms.katalon.core.webui.common.WebUiCommonHelper.findWebElement(WebUiCommonHelper.java:1053)
	at com.kms.katalon.core.webui.keyword.internal.WebUIAbstractKeyword.findWebElement(WebUIAbstractKeyword.groovy:27)
	at com.kms.katalon.core.webui.keyword.internal.WebUIAbstractKeyword.findWebElement(WebUIAbstractKeyword.groovy:26)
	at com.kms.katalon.core.webui.keyword.builtin.SetTextKeyword$_setText_closure1.doCall(SetTextKeyword.groovy:51)
	at com.kms.katalon.core.webui.keyword.builtin.SetTextKeyword$_setText_closure1.call(SetTextKeyword.groovy)
	at com.kms.katalon.core.webui.keyword.internal.WebUIKeywordMain.runKeyword(WebUIKeywordMain.groovy:20)
	at com.kms.katalon.core.webui.keyword.builtin.SetTextKeyword.setText(SetTextKeyword.groovy:65)
	at com.kms.katalon.core.webui.keyword.builtin.SetTextKeyword.execute(SetTextKeyword.groovy:37)
	at com.kms.katalon.core.keyword.internal.KeywordExecutor.executeKeywordForPlatform(KeywordExecutor.groovy:56)
	at com.kms.katalon.core.webui.keyword.WebUiBuiltInKeywords.setText(WebUiBuiltInKeywords.groovy:950)
	at com.kms.katalon.core.webui.keyword.WebUiBuiltInKeywords$setText$5.call(Unknown Source)
	at Script1554356627061.run(Script1554356627061.groovy:18)
	at com.kms.katalon.core.main.ScriptEngine.run(ScriptEngine.java:194)
	at com.kms.katalon.core.main.ScriptEngine.runScriptAsRawText(ScriptEngine.java:119)
	at com.kms.katalon.core.main.TestCaseExecutor.runScript(TestCaseExecutor.java:331)
	at com.kms.katalon.core.main.TestCaseExecutor.doExecute(TestCaseExecutor.java:322)
	at com.kms.katalon.core.main.TestCaseExecutor.processExecutionPhase(TestCaseExecutor.java:301)
	at com.kms.katalon.core.main.TestCaseExecutor.accessMainPhase(TestCaseExecutor.java:293)
	at com.kms.katalon.core.main.TestCaseExecutor.execute(TestCaseExecutor.java:227)
	at com.kms.katalon.core.main.TestCaseMain.runTestCase(TestCaseMain.java:114)
	at com.kms.katalon.core.keyword.builtin.CallTestCaseKeyword$_callTestCase_closure1.doCall(CallTestCaseKeyword.groovy:59)
	at com.kms.katalon.core.keyword.builtin.CallTestCaseKeyword$_callTestCase_closure1.call(CallTestCaseKeyword.groovy)
	at com.kms.katalon.core.keyword.internal.KeywordMain.runKeyword(KeywordMain.groovy:66)
	at com.kms.katalon.core.keyword.builtin.CallTestCaseKeyword.callTestCase(CallTestCaseKeyword.groovy:81)
	at com.kms.katalon.core.keyword.builtin.CallTestCaseKeyword.execute(CallTestCaseKeyword.groovy:44)
	at com.kms.katalon.core.keyword.internal.KeywordExecutor.executeKeywordForPlatform(KeywordExecutor.groovy:56)
	at com.kms.katalon.core.keyword.BuiltinKeywords.callTestCase(BuiltinKeywords.groovy:334)
	at Script1554803811096.run(Script1554803811096.groovy:16)
	... 13 more


2019-04-10 18:03:47 - [TEST_CASE][FAILED] - Test Cases/OCS_Page/Participants_page/Care_CreateParticipantsPage: Test Cases/OCS_Page/Participants_page/Care_CreateParticipantsPage FAILED.
Reason:
com.kms.katalon.core.exception.StepFailedException: Unable to set text 'requred for  care' of object 'Object Repository/Page_Healthcare Manager/textarea_Formal Diagnosis (Primary)_formaldiagnosisprimary'
	at com.kms.katalon.core.webui.keyword.internal.WebUIKeywordMain.stepFailed(WebUIKeywordMain.groovy:64)
	at com.kms.katalon.core.webui.keyword.internal.WebUIKeywordMain.runKeyword(WebUIKeywordMain.groovy:26)
	at com.kms.katalon.core.webui.keyword.builtin.SetTextKeyword.setText(SetTextKeyword.groovy:65)
	at com.kms.katalon.core.webui.keyword.builtin.SetTextKeyword.execute(SetTextKeyword.groovy:37)
	at com.kms.katalon.core.keyword.internal.KeywordExecutor.executeKeywordForPlatform(KeywordExecutor.groovy:56)
	at com.kms.katalon.core.webui.keyword.WebUiBuiltInKeywords.setText(WebUiBuiltInKeywords.groovy:950)
	at com.kms.katalon.core.webui.keyword.WebUiBuiltInKeywords$setText$5.call(Unknown Source)
	at Care_CreateParticipantsPage.run(Care_CreateParticipantsPage:18)
	at com.kms.katalon.core.main.ScriptEngine.run(ScriptEngine.java:194)
	at com.kms.katalon.core.main.ScriptEngine.runScriptAsRawText(ScriptEngine.java:119)
	at com.kms.katalon.core.main.TestCaseExecutor.runScript(TestCaseExecutor.java:331)
	at com.kms.katalon.core.main.TestCaseExecutor.doExecute(TestCaseExecutor.java:322)
	at com.kms.katalon.core.main.TestCaseExecutor.processExecutionPhase(TestCaseExecutor.java:301)
	at com.kms.katalon.core.main.TestCaseExecutor.accessMainPhase(TestCaseExecutor.java:293)
	at com.kms.katalon.core.main.TestCaseExecutor.execute(TestCaseExecutor.java:227)
	at com.kms.katalon.core.main.TestCaseMain.runTestCase(TestCaseMain.java:114)
	at com.kms.katalon.core.keyword.builtin.CallTestCaseKeyword$_callTestCase_closure1.doCall(CallTestCaseKeyword.groovy:59)
	at com.kms.katalon.core.keyword.builtin.CallTestCaseKeyword$_callTestCase_closure1.call(CallTestCaseKeyword.groovy)
	at com.kms.katalon.core.keyword.internal.KeywordMain.runKeyword(KeywordMain.groovy:66)
	at com.kms.katalon.core.keyword.builtin.CallTestCaseKeyword.callTestCase(CallTestCaseKeyword.groovy:81)
	at com.kms.katalon.core.keyword.builtin.CallTestCaseKeyword.execute(CallTestCaseKeyword.groovy:44)
	at com.kms.katalon.core.keyword.internal.KeywordExecutor.executeKeywordForPlatform(KeywordExecutor.groovy:56)
	at com.kms.katalon.core.keyword.BuiltinKeywords.callTestCase(BuiltinKeywords.groovy:334)
	at CreateParticipants_Validate.run(CreateParticipants_Validate:16)
	at com.kms.katalon.core.main.ScriptEngine.run(ScriptEngine.java:194)
	at com.kms.katalon.core.main.ScriptEngine.runScriptAsRawText(ScriptEngine.java:119)
	at com.kms.katalon.core.main.TestCaseExecutor.runScript(TestCaseExecutor.java:331)
	at com.kms.katalon.core.main.TestCaseExecutor.doExecute(TestCaseExecutor.java:322)
	at com.kms.katalon.core.main.TestCaseExecutor.processExecutionPhase(TestCaseExecutor.java:301)
	at com.kms.katalon.core.main.TestCaseExecutor.accessMainPhase(TestCaseExecutor.java:293)
	at com.kms.katalon.core.main.TestCaseExecutor.execute(TestCaseExecutor.java:227)
	at com.kms.katalon.core.main.TestSuiteExecutor.accessTestCaseMainPhase(TestSuiteExecutor.java:129)
	at com.kms.katalon.core.main.TestSuiteExecutor.accessTestSuiteMainPhase(TestSuiteExecutor.java:112)
	at com.kms.katalon.core.main.TestSuiteExecutor.execute(TestSuiteExecutor.java:81)
	at com.kms.katalon.core.main.TestCaseMain.startTestSuite(TestCaseMain.java:157)
	at com.kms.katalon.core.main.TestCaseMain$startTestSuite$0.call(Unknown Source)
	at TempTestSuite1554899611213.run(TempTestSuite1554899611213.groovy:35)
Caused by: com.kms.katalon.core.webui.exception.WebElementNotFoundException: Web element with id: 'Object Repository/Page_Healthcare Manager/textarea_Formal Diagnosis (Primary)_formaldiagnosisprimary' located by 'By.xpath: //textarea[@name = 'formaldiagnosisprimary' and @placeholder = 'Please type the Formal Diagnosis of this new participant here ☺']' not found
	at com.kms.katalon.core.webui.common.WebUiCommonHelper.findWebElement(WebUiCommonHelper.java:1053)
	at com.kms.katalon.core.webui.keyword.internal.WebUIAbstractKeyword.findWebElement(WebUIAbstractKeyword.groovy:27)
	at com.kms.katalon.core.webui.keyword.internal.WebUIAbstractKeyword.findWebElement(WebUIAbstractKeyword.groovy:26)
	at com.kms.katalon.core.webui.keyword.builtin.SetTextKeyword$_setText_closure1.doCall(SetTextKeyword.groovy:51)
	at com.kms.katalon.core.webui.keyword.builtin.SetTextKeyword$_setText_closure1.call(SetTextKeyword.groovy)
	at com.kms.katalon.core.webui.keyword.internal.WebUIKeywordMain.runKeyword(WebUIKeywordMain.groovy:20)
	at com.kms.katalon.core.webui.keyword.builtin.SetTextKeyword.setText(SetTextKeyword.groovy:65)
	at com.kms.katalon.core.webui.keyword.builtin.SetTextKeyword.execute(SetTextKeyword.groovy:37)
	at com.kms.katalon.core.keyword.internal.KeywordExecutor.executeKeywordForPlatform(KeywordExecutor.groovy:56)
	at com.kms.katalon.core.webui.keyword.WebUiBuiltInKeywords.setText(WebUiBuiltInKeywords.groovy:950)
	at com.kms.katalon.core.webui.keyword.WebUiBuiltInKeywords$setText$5.call(Unknown Source)
	at Script1554356627061.run(Script1554356627061.groovy:18)
	at com.kms.katalon.core.main.ScriptEngine.run(ScriptEngine.java:194)
	at com.kms.katalon.core.main.ScriptEngine.runScriptAsRawText(ScriptEngine.java:119)
	at com.kms.katalon.core.main.TestCaseExecutor.runScript(TestCaseExecutor.java:331)
	at com.kms.katalon.core.main.TestCaseExecutor.doExecute(TestCaseExecutor.java:322)
	at com.kms.katalon.core.main.TestCaseExecutor.processExecutionPhase(TestCaseExecutor.java:301)
	at com.kms.katalon.core.main.TestCaseExecutor.accessMainPhase(TestCaseExecutor.java:293)
	at com.kms.katalon.core.main.TestCaseExecutor.execute(TestCaseExecutor.java:227)
	at com.kms.katalon.core.main.TestCaseMain.runTestCase(TestCaseMain.java:114)
	at com.kms.katalon.core.keyword.builtin.CallTestCaseKeyword$_callTestCase_closure1.doCall(CallTestCaseKeyword.groovy:59)
	at com.kms.katalon.core.keyword.builtin.CallTestCaseKeyword$_callTestCase_closure1.call(CallTestCaseKeyword.groovy)
	at com.kms.katalon.core.keyword.internal.KeywordMain.runKeyword(KeywordMain.groovy:66)
	at com.kms.katalon.core.keyword.builtin.CallTestCaseKeyword.callTestCase(CallTestCaseKeyword.groovy:81)
	at com.kms.katalon.core.keyword.builtin.CallTestCaseKeyword.execute(CallTestCaseKeyword.groovy:44)
	at com.kms.katalon.core.keyword.internal.KeywordExecutor.executeKeywordForPlatform(KeywordExecutor.groovy:56)
	at com.kms.katalon.core.keyword.BuiltinKeywords.callTestCase(BuiltinKeywords.groovy:334)
	at Script1554803811096.run(Script1554803811096.groovy:16)
	... 13 more


2019-04-10 18:03:47 - [TEST_STEP][PASSED] - callTestCase(findTestCase("OCS_Page/Participants_page/participants_CrreateNewParticippants_Page"), [:], STOP_ON_FAILURE): Call Test Case 'Test Cases/OCS_Page/Participants_page/participants_CrreateNewParticippants_Page' successfully

2019-04-10 18:03:47 - [TEST_CASE][PASSED] - Test Cases/OCS_Page/Participants_page/participants_CrreateNewParticippants_Page: Test Cases/OCS_Page/Participants_page/participants_CrreateNewParticippants_Page

2019-04-10 18:03:48 - [TEST_STEP][PASSED] - openBrowser(""): Browser is opened with url: ''

2019-04-10 18:03:48 - [MESSAGE][INFO] - Starting 'Firefox' driver

2019-04-10 18:03:50 - [MESSAGE][PASSED] - Browser is opened with url: ''

2019-04-10 18:03:50 - [TEST_STEP][PASSED] - navigateToUrl("https://ydtwebstaging.com/"): Navigate to 'https://ydtwebstaging.com/' successfully

2019-04-10 18:03:56 - [MESSAGE][PASSED] - Navigate to 'https://ydtwebstaging.com/' successfully

2019-04-10 18:03:56 - [TEST_STEP][PASSED] - setText(findTestObject("Login_Page_OB/Page_Healthcare Manager/input_Login here_username"), "archana321"): Text 'archana321' is set on object 'Object Repository/Login_Page_OB/Page_Healthcare Manager/input_Login here_username'

2019-04-10 18:03:56 - [MESSAGE][PASSED] - Text 'archana321' is set on object 'Object Repository/Login_Page_OB/Page_Healthcare Manager/input_Login here_username'

2019-04-10 18:03:56 - [TEST_STEP][PASSED] - setText(findTestObject("Login_Page_OB/Page_Healthcare Manager/input_Login here_password"), "Archana321@"): Text 'Archana321@' is set on object 'Object Repository/Login_Page_OB/Page_Healthcare Manager/input_Login here_password'

2019-04-10 18:03:56 - [MESSAGE][PASSED] - Text 'Archana321@' is set on object 'Object Repository/Login_Page_OB/Page_Healthcare Manager/input_Login here_password'

2019-04-10 18:03:56 - [TEST_STEP][PASSED] - submit(findTestObject("Login_Page_OB/Page_Healthcare Manager/button_Submit")): The form containing object: 'Object Repository/Login_Page_OB/Page_Healthcare Manager/button_Submit' is submitted

2019-04-10 18:03:56 - [MESSAGE][PASSED] - The form containing object: 'Object Repository/Login_Page_OB/Page_Healthcare Manager/button_Submit' is submitted

2019-04-10 18:03:56 - [TEST_STEP][PASSED] - click(findTestObject("Home_Page_OR/Page_Healthcare Manager/p_Participants")): Object: 'Object Repository/Home_Page_OR/Page_Healthcare Manager/p_Participants' is clicked on

2019-04-10 18:03:58 - [MESSAGE][PASSED] - Object: 'Object Repository/Home_Page_OR/Page_Healthcare Manager/p_Participants' is clicked on

2019-04-10 18:03:58 - [TEST_STEP][PASSED] - click(findTestObject("Object Repository/Participants_Page_OR/Create Participants/Page_Healthcare Manager/span_Create New Participant")): Object: 'Object Repository/Participants_Page_OR/Create Participants/Page_Healthcare Manager/span_Create New Participant' is clicked on

2019-04-10 18:04:00 - [MESSAGE][PASSED] - Object: 'Object Repository/Participants_Page_OR/Create Participants/Page_Healthcare Manager/span_Create New Participant' is clicked on

2019-04-10 18:04:00 - [TEST_STEP][PASSED] - setText(findTestObject("Object Repository/Participants_Page_OR/Create Participants/Page_Healthcare Manager/input_User Name_username"), "TestDeo"): Text 'TestDeo' is set on object 'Object Repository/Participants_Page_OR/Create Participants/Page_Healthcare Manager/input_User Name_username'

2019-04-10 18:04:00 - [MESSAGE][PASSED] - Text 'TestDeo' is set on object 'Object Repository/Participants_Page_OR/Create Participants/Page_Healthcare Manager/input_User Name_username'

2019-04-10 18:04:00 - [TEST_STEP][PASSED] - setText(findTestObject("Object Repository/Participants_Page_OR/Create Participants/Page_Healthcare Manager/input_First Name_firstname"), "Testarch"): Text 'Testarch' is set on object 'Object Repository/Participants_Page_OR/Create Participants/Page_Healthcare Manager/input_First Name_firstname'

2019-04-10 18:04:00 - [MESSAGE][PASSED] - Text 'Testarch' is set on object 'Object Repository/Participants_Page_OR/Create Participants/Page_Healthcare Manager/input_First Name_firstname'

2019-04-10 18:04:00 - [TEST_STEP][PASSED] - setText(findTestObject("Object Repository/Participants_Page_OR/Create Participants/Page_Healthcare Manager/input_Middle  Name_middlename"), "archa"): Text 'archa' is set on object 'Object Repository/Participants_Page_OR/Create Participants/Page_Healthcare Manager/input_Middle  Name_middlename'

2019-04-10 18:04:00 - [MESSAGE][PASSED] - Text 'archa' is set on object 'Object Repository/Participants_Page_OR/Create Participants/Page_Healthcare Manager/input_Middle  Name_middlename'

2019-04-10 18:04:01 - [TEST_STEP][PASSED] - setText(findTestObject("Object Repository/Participants_Page_OR/Create Participants/Page_Healthcare Manager/input_Last Name_lastname"), "archa"): Text 'archa' is set on object 'Object Repository/Participants_Page_OR/Create Participants/Page_Healthcare Manager/input_Last Name_lastname'

2019-04-10 18:04:01 - [MESSAGE][PASSED] - Text 'archa' is set on object 'Object Repository/Participants_Page_OR/Create Participants/Page_Healthcare Manager/input_Last Name_lastname'

2019-04-10 18:04:01 - [TEST_STEP][PASSED] - click(findTestObject("Object Repository/Participants_Page_OR/Create Participants/Page_Healthcare Manager/div_No Preference")): Object: 'Object Repository/Participants_Page_OR/Create Participants/Page_Healthcare Manager/div_No Preference' is clicked on

2019-04-10 18:04:01 - [MESSAGE][PASSED] - Object: 'Object Repository/Participants_Page_OR/Create Participants/Page_Healthcare Manager/div_No Preference' is clicked on

2019-04-10 18:04:01 - [TEST_STEP][PASSED] - click(findTestObject("Participants_Page_OR/Create Participants/Page_Healthcare Manager/Page_Healthcare Manager/div_Female"), STOP_ON_FAILURE): Object: 'Object Repository/Participants_Page_OR/Create Participants/Page_Healthcare Manager/Page_Healthcare Manager/div_Female' is clicked on

2019-04-10 18:04:02 - [MESSAGE][PASSED] - Object: 'Object Repository/Participants_Page_OR/Create Participants/Page_Healthcare Manager/Page_Healthcare Manager/div_Female' is clicked on

2019-04-10 18:04:02 - [TEST_STEP][PASSED] - click(findTestObject("Participants_Page_OR/Create Participants/Page_Healthcare Manager/Page_Healthcare Manager/input_DOB_Dob")): Object: 'Object Repository/Participants_Page_OR/Create Participants/Page_Healthcare Manager/Page_Healthcare Manager/input_DOB_Dob' is clicked on

2019-04-10 18:04:02 - [MESSAGE][PASSED] - Object: 'Object Repository/Participants_Page_OR/Create Participants/Page_Healthcare Manager/Page_Healthcare Manager/input_DOB_Dob' is clicked on

2019-04-10 18:04:02 - [TEST_STEP][PASSED] - setText(findTestObject("Participants_Page_OR/Create Participants/Page_Healthcare Manager/Page_Healthcare Manager/input_DOB_Dob"), "13/01/2004"): Text '13/01/2004' is set on object 'Object Repository/Participants_Page_OR/Create Participants/Page_Healthcare Manager/Page_Healthcare Manager/input_DOB_Dob'

2019-04-10 18:04:02 - [MESSAGE][PASSED] - Text '13/01/2004' is set on object 'Object Repository/Participants_Page_OR/Create Participants/Page_Healthcare Manager/Page_Healthcare Manager/input_DOB_Dob'

2019-04-10 18:04:02 - [TEST_STEP][PASSED] - click(findTestObject("Participants_Page_OR/Create Participants/Page_Healthcare Manager/Page_Healthcare Manager/Page_Healthcare Manager/span_No")): Object: 'Object Repository/Participants_Page_OR/Create Participants/Page_Healthcare Manager/Page_Healthcare Manager/Page_Healthcare Manager/span_No' is clicked on

2019-04-10 18:04:02 - [MESSAGE][PASSED] - Object: 'Object Repository/Participants_Page_OR/Create Participants/Page_Healthcare Manager/Page_Healthcare Manager/Page_Healthcare Manager/span_No' is clicked on

2019-04-10 18:04:02 - [TEST_STEP][PASSED] - click(findTestObject("Participants_Page_OR/Create Participants/Page_Healthcare Manager/Page_Healthcare Manager/Page_Healthcare Manager/div_Yes")): Object: 'Object Repository/Participants_Page_OR/Create Participants/Page_Healthcare Manager/Page_Healthcare Manager/Page_Healthcare Manager/div_Yes' is clicked on

2019-04-10 18:04:03 - [MESSAGE][PASSED] - Object: 'Object Repository/Participants_Page_OR/Create Participants/Page_Healthcare Manager/Page_Healthcare Manager/Page_Healthcare Manager/div_Yes' is clicked on

2019-04-10 18:04:03 - [TEST_STEP][PASSED] - click(findTestObject("Participants_Page_OR/Create Participants/Page_Healthcare Manager/Page_Healthcare Manager/Page_Healthcare Manager/Page_Healthcare Manager/div_Relation")): Object: 'Object Repository/Participants_Page_OR/Create Participants/Page_Healthcare Manager/Page_Healthcare Manager/Page_Healthcare Manager/Page_Healthcare Manager/div_Relation' is clicked on

2019-04-10 18:04:03 - [MESSAGE][PASSED] - Object: 'Object Repository/Participants_Page_OR/Create Participants/Page_Healthcare Manager/Page_Healthcare Manager/Page_Healthcare Manager/Page_Healthcare Manager/div_Relation' is clicked on

2019-04-10 18:04:03 - [TEST_STEP][PASSED] - click(findTestObject("Participants_Page_OR/Create Participants/Page_Healthcare Manager/Page_Healthcare Manager/Page_Healthcare Manager/Page_Healthcare Manager/div_Guardian")): Object: 'Object Repository/Participants_Page_OR/Create Participants/Page_Healthcare Manager/Page_Healthcare Manager/Page_Healthcare Manager/Page_Healthcare Manager/div_Guardian' is clicked on

2019-04-10 18:04:04 - [MESSAGE][PASSED] - Object: 'Object Repository/Participants_Page_OR/Create Participants/Page_Healthcare Manager/Page_Healthcare Manager/Page_Healthcare Manager/Page_Healthcare Manager/div_Guardian' is clicked on

2019-04-10 18:04:04 - [TEST_STEP][PASSED] - setText(findTestObject("Object Repository/Participants_Page_OR/Create Participants/Page_Healthcare Manager/input_Referrer First Name_Referrer_first_name"), "archana"): Text 'archana' is set on object 'Object Repository/Participants_Page_OR/Create Participants/Page_Healthcare Manager/input_Referrer First Name_Referrer_first_name'

2019-04-10 18:04:04 - [MESSAGE][PASSED] - Text 'archana' is set on object 'Object Repository/Participants_Page_OR/Create Participants/Page_Healthcare Manager/input_Referrer First Name_Referrer_first_name'

2019-04-10 18:04:04 - [TEST_STEP][PASSED] - click(findTestObject("Object Repository/Participants_Page_OR/Create Participants/Page_Healthcare Manager/div_Last Name")): Object: 'Object Repository/Participants_Page_OR/Create Participants/Page_Healthcare Manager/div_Last Name' is clicked on

2019-04-10 18:04:05 - [MESSAGE][PASSED] - Object: 'Object Repository/Participants_Page_OR/Create Participants/Page_Healthcare Manager/div_Last Name' is clicked on

2019-04-10 18:04:05 - [TEST_STEP][PASSED] - setText(findTestObject("Object Repository/Participants_Page_OR/Create Participants/Page_Healthcare Manager/input_Last Name_Referrer_last_name"), "archana"): Text 'archana' is set on object 'Object Repository/Participants_Page_OR/Create Participants/Page_Healthcare Manager/input_Last Name_Referrer_last_name'

2019-04-10 18:04:05 - [MESSAGE][PASSED] - Text 'archana' is set on object 'Object Repository/Participants_Page_OR/Create Participants/Page_Healthcare Manager/input_Last Name_Referrer_last_name'

2019-04-10 18:04:05 - [TEST_STEP][PASSED] - setText(findTestObject("Object Repository/Participants_Page_OR/Create Participants/Page_Healthcare Manager/input_Phone_Referrer_phone"), "1234567890"): Text '1234567890' is set on object 'Object Repository/Participants_Page_OR/Create Participants/Page_Healthcare Manager/input_Phone_Referrer_phone'

2019-04-10 18:04:05 - [MESSAGE][PASSED] - Text '1234567890' is set on object 'Object Repository/Participants_Page_OR/Create Participants/Page_Healthcare Manager/input_Phone_Referrer_phone'

2019-04-10 18:04:05 - [TEST_STEP][PASSED] - setText(findTestObject("Object Repository/Participants_Page_OR/Create Participants/Page_Healthcare Manager/input_Phone (Primary)_phone_primary0"), "1234567890"): Text '1234567890' is set on object 'Object Repository/Participants_Page_OR/Create Participants/Page_Healthcare Manager/input_Phone (Primary)_phone_primary0'

2019-04-10 18:04:05 - [MESSAGE][PASSED] - Text '1234567890' is set on object 'Object Repository/Participants_Page_OR/Create Participants/Page_Healthcare Manager/input_Phone (Primary)_phone_primary0'

2019-04-10 18:04:05 - [TEST_STEP][PASSED] - setText(findTestObject("Participants_Page_OR/dashBoard/Page_Healthcare Manager/Page_Healthcare Manager/Page_Healthcare Manager/Page_Healthcare Manager/input_Email_Referrer_email"), "test@gmail.com"): Text 'test@gmail.com' is set on object 'Object Repository/Participants_Page_OR/dashBoard/Page_Healthcare Manager/Page_Healthcare Manager/Page_Healthcare Manager/Page_Healthcare Manager/input_Email_Referrer_email'

2019-04-10 18:04:05 - [MESSAGE][PASSED] - Text 'test@gmail.com' is set on object 'Object Repository/Participants_Page_OR/dashBoard/Page_Healthcare Manager/Page_Healthcare Manager/Page_Healthcare Manager/Page_Healthcare Manager/input_Email_Referrer_email'

2019-04-10 18:04:05 - [TEST_STEP][PASSED] - setText(findTestObject("Object Repository/Participants_Page_OR/Create Participants/Page_Healthcare Manager/input_Address (Primary)_input_address_primary0"), "test test"): Text 'test test' is set on object 'Object Repository/Participants_Page_OR/Create Participants/Page_Healthcare Manager/input_Address (Primary)_input_address_primary0'

2019-04-10 18:04:05 - [MESSAGE][PASSED] - Text 'test test' is set on object 'Object Repository/Participants_Page_OR/Create Participants/Page_Healthcare Manager/input_Address (Primary)_input_address_primary0'

2019-04-10 18:04:05 - [TEST_STEP][PASSED] - setText(findTestObject("Participants_Page_OR/Create Participants/Page_Healthcare Manager/input_Email_email_0"), "test1@gmail.com"): Text 'test1@gmail.com' is set on object 'Object Repository/Participants_Page_OR/Create Participants/Page_Healthcare Manager/input_Email_email_0'

2019-04-10 18:04:05 - [MESSAGE][PASSED] - Text 'test1@gmail.com' is set on object 'Object Repository/Participants_Page_OR/Create Participants/Page_Healthcare Manager/input_Email_email_0'

2019-04-10 18:04:05 - [TEST_STEP][PASSED] - click(findTestObject("Participants_Page_OR/Create Participants/Page_Healthcare Manager/Page_Healthcare Manager/Page_Healthcare Manager/Page_Healthcare Manager/Page_Healthcare Manager/div_Please Select")): Object: 'Object Repository/Participants_Page_OR/Create Participants/Page_Healthcare Manager/Page_Healthcare Manager/Page_Healthcare Manager/Page_Healthcare Manager/Page_Healthcare Manager/div_Please Select' is clicked on

2019-04-10 18:04:06 - [MESSAGE][PASSED] - Object: 'Object Repository/Participants_Page_OR/Create Participants/Page_Healthcare Manager/Page_Healthcare Manager/Page_Healthcare Manager/Page_Healthcare Manager/Page_Healthcare Manager/div_Please Select' is clicked on

2019-04-10 18:04:06 - [TEST_STEP][PASSED] - click(findTestObject("Participants_Page_OR/Create Participants/Page_Healthcare Manager/span_NSW")): Object: 'Object Repository/Participants_Page_OR/Create Participants/Page_Healthcare Manager/span_NSW' is clicked on

2019-04-10 18:04:07 - [MESSAGE][PASSED] - Object: 'Object Repository/Participants_Page_OR/Create Participants/Page_Healthcare Manager/span_NSW' is clicked on

2019-04-10 18:04:07 - [TEST_STEP][PASSED] - click(findTestObject("Object Repository/Participants_Page_OR/Create Participants/Page_Healthcare Manager/div_Suburb_Select-value")): Object: 'Object Repository/Participants_Page_OR/Create Participants/Page_Healthcare Manager/div_Suburb_Select-value' is clicked on

2019-04-10 18:04:07 - [MESSAGE][PASSED] - Object: 'Object Repository/Participants_Page_OR/Create Participants/Page_Healthcare Manager/div_Suburb_Select-value' is clicked on

2019-04-10 18:04:07 - [TEST_STEP][PASSED] - setText(findTestObject("Object Repository/Participants_Page_OR/Create Participants/Page_Healthcare Manager/input"), "liv"): Text 'liv' is set on object 'Object Repository/Participants_Page_OR/Create Participants/Page_Healthcare Manager/input'

2019-04-10 18:04:07 - [MESSAGE][PASSED] - Text 'liv' is set on object 'Object Repository/Participants_Page_OR/Create Participants/Page_Healthcare Manager/input'

2019-04-10 18:04:07 - [TEST_STEP][PASSED] - click(findTestObject("Participants_Page_OR/dashBoard/Page_Healthcare Manager/Page_Healthcare Manager/Page_Healthcare Manager/div_Liverpool")): Object: 'Object Repository/Participants_Page_OR/dashBoard/Page_Healthcare Manager/Page_Healthcare Manager/Page_Healthcare Manager/div_Liverpool' is clicked on

2019-04-10 18:04:09 - [MESSAGE][PASSED] - Object: 'Object Repository/Participants_Page_OR/dashBoard/Page_Healthcare Manager/Page_Healthcare Manager/Page_Healthcare Manager/div_Liverpool' is clicked on

2019-04-10 18:04:09 - [TEST_STEP][PASSED] - click(findTestObject("Participants_Page_OR/Create Participants/Page_Healthcare Manager/a_Save and Continue")): Object: 'Object Repository/Participants_Page_OR/Create Participants/Page_Healthcare Manager/a_Save and Continue' is clicked on

2019-04-10 18:04:10 - [MESSAGE][PASSED] - Object: 'Object Repository/Participants_Page_OR/Create Participants/Page_Healthcare Manager/a_Save and Continue' is clicked on

2019-04-10 18:04:10 - [MESSAGE][PASSED] - Call Test Case 'Test Cases/OCS_Page/Participants_page/participants_CrreateNewParticippants_Page' successfully

2019-04-10 18:04:10 - [TEST_STEP][FAILED] - setText(findTestObject("Page_Healthcare Manager/textarea_Formal Diagnosis (Primary)_formaldiagnosisprimary"), "requred for  care"): setText(findTestObject("Page_Healthcare Manager/textarea_Formal Diagnosis (Primary)_formaldiagnosisprimary"), "requred for  care") FAILED.
Reason:
com.kms.katalon.core.exception.StepFailedException: Unable to set text 'requred for  care' of object 'Object Repository/Page_Healthcare Manager/textarea_Formal Diagnosis (Primary)_formaldiagnosisprimary'
	at com.kms.katalon.core.webui.keyword.internal.WebUIKeywordMain.stepFailed(WebUIKeywordMain.groovy:64)
	at com.kms.katalon.core.webui.keyword.internal.WebUIKeywordMain.runKeyword(WebUIKeywordMain.groovy:26)
	at com.kms.katalon.core.webui.keyword.builtin.SetTextKeyword.setText(SetTextKeyword.groovy:65)
	at com.kms.katalon.core.webui.keyword.builtin.SetTextKeyword.execute(SetTextKeyword.groovy:37)
	at com.kms.katalon.core.keyword.internal.KeywordExecutor.executeKeywordForPlatform(KeywordExecutor.groovy:56)
	at com.kms.katalon.core.webui.keyword.WebUiBuiltInKeywords.setText(WebUiBuiltInKeywords.groovy:950)
	at com.kms.katalon.core.webui.keyword.WebUiBuiltInKeywords$setText$5.call(Unknown Source)
	at Care_CreateParticipantsPage.run(Care_CreateParticipantsPage:18)
	at com.kms.katalon.core.main.ScriptEngine.run(ScriptEngine.java:194)
	at com.kms.katalon.core.main.ScriptEngine.runScriptAsRawText(ScriptEngine.java:119)
	at com.kms.katalon.core.main.TestCaseExecutor.runScript(TestCaseExecutor.java:331)
	at com.kms.katalon.core.main.TestCaseExecutor.doExecute(TestCaseExecutor.java:322)
	at com.kms.katalon.core.main.TestCaseExecutor.processExecutionPhase(TestCaseExecutor.java:301)
	at com.kms.katalon.core.main.TestCaseExecutor.accessMainPhase(TestCaseExecutor.java:293)
	at com.kms.katalon.core.main.TestCaseExecutor.execute(TestCaseExecutor.java:227)
	at com.kms.katalon.core.main.TestCaseMain.runTestCase(TestCaseMain.java:114)
	at com.kms.katalon.core.keyword.builtin.CallTestCaseKeyword$_callTestCase_closure1.doCall(CallTestCaseKeyword.groovy:59)
	at com.kms.katalon.core.keyword.builtin.CallTestCaseKeyword$_callTestCase_closure1.call(CallTestCaseKeyword.groovy)
	at com.kms.katalon.core.keyword.internal.KeywordMain.runKeyword(KeywordMain.groovy:66)
	at com.kms.katalon.core.keyword.builtin.CallTestCaseKeyword.callTestCase(CallTestCaseKeyword.groovy:81)
	at com.kms.katalon.core.keyword.builtin.CallTestCaseKeyword.execute(CallTestCaseKeyword.groovy:44)
	at com.kms.katalon.core.keyword.internal.KeywordExecutor.executeKeywordForPlatform(KeywordExecutor.groovy:56)
	at com.kms.katalon.core.keyword.BuiltinKeywords.callTestCase(BuiltinKeywords.groovy:334)
	at CreateParticipants_Validate.run(CreateParticipants_Validate:16)
	at com.kms.katalon.core.main.ScriptEngine.run(ScriptEngine.java:194)
	at com.kms.katalon.core.main.ScriptEngine.runScriptAsRawText(ScriptEngine.java:119)
	at com.kms.katalon.core.main.TestCaseExecutor.runScript(TestCaseExecutor.java:331)
	at com.kms.katalon.core.main.TestCaseExecutor.doExecute(TestCaseExecutor.java:322)
	at com.kms.katalon.core.main.TestCaseExecutor.processExecutionPhase(TestCaseExecutor.java:301)
	at com.kms.katalon.core.main.TestCaseExecutor.accessMainPhase(TestCaseExecutor.java:293)
	at com.kms.katalon.core.main.TestCaseExecutor.execute(TestCaseExecutor.java:227)
	at com.kms.katalon.core.main.TestSuiteExecutor.accessTestCaseMainPhase(TestSuiteExecutor.java:129)
	at com.kms.katalon.core.main.TestSuiteExecutor.accessTestSuiteMainPhase(TestSuiteExecutor.java:112)
	at com.kms.katalon.core.main.TestSuiteExecutor.execute(TestSuiteExecutor.java:81)
	at com.kms.katalon.core.main.TestCaseMain.startTestSuite(TestCaseMain.java:157)
	at com.kms.katalon.core.main.TestCaseMain$startTestSuite$0.call(Unknown Source)
	at TempTestSuite1554899611213.run(TempTestSuite1554899611213.groovy:35)
Caused by: com.kms.katalon.core.webui.exception.WebElementNotFoundException: Web element with id: 'Object Repository/Page_Healthcare Manager/textarea_Formal Diagnosis (Primary)_formaldiagnosisprimary' located by 'By.xpath: //textarea[@name = 'formaldiagnosisprimary' and @placeholder = 'Please type the Formal Diagnosis of this new participant here ☺']' not found
	at com.kms.katalon.core.webui.common.WebUiCommonHelper.findWebElement(WebUiCommonHelper.java:1053)
	at com.kms.katalon.core.webui.keyword.internal.WebUIAbstractKeyword.findWebElement(WebUIAbstractKeyword.groovy:27)
	at com.kms.katalon.core.webui.keyword.internal.WebUIAbstractKeyword.findWebElement(WebUIAbstractKeyword.groovy:26)
	at com.kms.katalon.core.webui.keyword.builtin.SetTextKeyword$_setText_closure1.doCall(SetTextKeyword.groovy:51)
	at com.kms.katalon.core.webui.keyword.builtin.SetTextKeyword$_setText_closure1.call(SetTextKeyword.groovy)
	at com.kms.katalon.core.webui.keyword.internal.WebUIKeywordMain.runKeyword(WebUIKeywordMain.groovy:20)
	at com.kms.katalon.core.webui.keyword.builtin.SetTextKeyword.setText(SetTextKeyword.groovy:65)
	at com.kms.katalon.core.webui.keyword.builtin.SetTextKeyword.execute(SetTextKeyword.groovy:37)
	at com.kms.katalon.core.keyword.internal.KeywordExecutor.executeKeywordForPlatform(KeywordExecutor.groovy:56)
	at com.kms.katalon.core.webui.keyword.WebUiBuiltInKeywords.setText(WebUiBuiltInKeywords.groovy:950)
	at com.kms.katalon.core.webui.keyword.WebUiBuiltInKeywords$setText$5.call(Unknown Source)
	at Script1554356627061.run(Script1554356627061.groovy:18)
	at com.kms.katalon.core.main.ScriptEngine.run(ScriptEngine.java:194)
	at com.kms.katalon.core.main.ScriptEngine.runScriptAsRawText(ScriptEngine.java:119)
	at com.kms.katalon.core.main.TestCaseExecutor.runScript(TestCaseExecutor.java:331)
	at com.kms.katalon.core.main.TestCaseExecutor.doExecute(TestCaseExecutor.java:322)
	at com.kms.katalon.core.main.TestCaseExecutor.processExecutionPhase(TestCaseExecutor.java:301)
	at com.kms.katalon.core.main.TestCaseExecutor.accessMainPhase(TestCaseExecutor.java:293)
	at com.kms.katalon.core.main.TestCaseExecutor.execute(TestCaseExecutor.java:227)
	at com.kms.katalon.core.main.TestCaseMain.runTestCase(TestCaseMain.java:114)
	at com.kms.katalon.core.keyword.builtin.CallTestCaseKeyword$_callTestCase_closure1.doCall(CallTestCaseKeyword.groovy:59)
	at com.kms.katalon.core.keyword.builtin.CallTestCaseKeyword$_callTestCase_closure1.call(CallTestCaseKeyword.groovy)
	at com.kms.katalon.core.keyword.internal.KeywordMain.runKeyword(KeywordMain.groovy:66)
	at com.kms.katalon.core.keyword.builtin.CallTestCaseKeyword.callTestCase(CallTestCaseKeyword.groovy:81)
	at com.kms.katalon.core.keyword.builtin.CallTestCaseKeyword.execute(CallTestCaseKeyword.groovy:44)
	at com.kms.katalon.core.keyword.internal.KeywordExecutor.executeKeywordForPlatform(KeywordExecutor.groovy:56)
	at com.kms.katalon.core.keyword.BuiltinKeywords.callTestCase(BuiltinKeywords.groovy:334)
	at Script1554803811096.run(Script1554803811096.groovy:16)
	... 13 more


2019-04-10 18:04:41 - [MESSAGE][INFO] - Unable to find the element located by 'By.xpath: //textarea[@name = 'formaldiagnosisprimary' and @placeholder = 'Please type the Formal Diagnosis of this new participant here ☺']'. Please recheck the objects properties to make sure the desired element is located. 

2019-04-10 18:04:41 - [MESSAGE][FAILED] - Unable to set text 'requred for  care' of object 'Object Repository/Page_Healthcare Manager/textarea_Formal Diagnosis (Primary)_formaldiagnosisprimary' (Root cause: com.kms.katalon.core.exception.StepFailedException: Unable to set text 'requred for  care' of object 'Object Repository/Page_Healthcare Manager/textarea_Formal Diagnosis (Primary)_formaldiagnosisprimary'
	at com.kms.katalon.core.webui.keyword.internal.WebUIKeywordMain.stepFailed(WebUIKeywordMain.groovy:64)
	at com.kms.katalon.core.webui.keyword.internal.WebUIKeywordMain.runKeyword(WebUIKeywordMain.groovy:26)
	at com.kms.katalon.core.webui.keyword.builtin.SetTextKeyword.setText(SetTextKeyword.groovy:65)
	at com.kms.katalon.core.webui.keyword.builtin.SetTextKeyword.execute(SetTextKeyword.groovy:37)
	at com.kms.katalon.core.keyword.internal.KeywordExecutor.executeKeywordForPlatform(KeywordExecutor.groovy:56)
	at com.kms.katalon.core.webui.keyword.WebUiBuiltInKeywords.setText(WebUiBuiltInKeywords.groovy:950)
	at com.kms.katalon.core.webui.keyword.WebUiBuiltInKeywords$setText$5.call(Unknown Source)
	at Care_CreateParticipantsPage.run(Care_CreateParticipantsPage:18)
	at com.kms.katalon.core.main.ScriptEngine.run(ScriptEngine.java:194)
	at com.kms.katalon.core.main.ScriptEngine.runScriptAsRawText(ScriptEngine.java:119)
	at com.kms.katalon.core.main.TestCaseExecutor.runScript(TestCaseExecutor.java:331)
	at com.kms.katalon.core.main.TestCaseExecutor.doExecute(TestCaseExecutor.java:322)
	at com.kms.katalon.core.main.TestCaseExecutor.processExecutionPhase(TestCaseExecutor.java:301)
	at com.kms.katalon.core.main.TestCaseExecutor.accessMainPhase(TestCaseExecutor.java:293)
	at com.kms.katalon.core.main.TestCaseExecutor.execute(TestCaseExecutor.java:227)
	at com.kms.katalon.core.main.TestCaseMain.runTestCase(TestCaseMain.java:114)
	at com.kms.katalon.core.keyword.builtin.CallTestCaseKeyword$_callTestCase_closure1.doCall(CallTestCaseKeyword.groovy:59)
	at com.kms.katalon.core.keyword.builtin.CallTestCaseKeyword$_callTestCase_closure1.call(CallTestCaseKeyword.groovy)
	at com.kms.katalon.core.keyword.internal.KeywordMain.runKeyword(KeywordMain.groovy:66)
	at com.kms.katalon.core.keyword.builtin.CallTestCaseKeyword.callTestCase(CallTestCaseKeyword.groovy:81)
	at com.kms.katalon.core.keyword.builtin.CallTestCaseKeyword.execute(CallTestCaseKeyword.groovy:44)
	at com.kms.katalon.core.keyword.internal.KeywordExecutor.executeKeywordForPlatform(KeywordExecutor.groovy:56)
	at com.kms.katalon.core.keyword.BuiltinKeywords.callTestCase(BuiltinKeywords.groovy:334)
	at CreateParticipants_Validate.run(CreateParticipants_Validate:16)
	at com.kms.katalon.core.main.ScriptEngine.run(ScriptEngine.java:194)
	at com.kms.katalon.core.main.ScriptEngine.runScriptAsRawText(ScriptEngine.java:119)
	at com.kms.katalon.core.main.TestCaseExecutor.runScript(TestCaseExecutor.java:331)
	at com.kms.katalon.core.main.TestCaseExecutor.doExecute(TestCaseExecutor.java:322)
	at com.kms.katalon.core.main.TestCaseExecutor.processExecutionPhase(TestCaseExecutor.java:301)
	at com.kms.katalon.core.main.TestCaseExecutor.accessMainPhase(TestCaseExecutor.java:293)
	at com.kms.katalon.core.main.TestCaseExecutor.execute(TestCaseExecutor.java:227)
	at com.kms.katalon.core.main.TestSuiteExecutor.accessTestCaseMainPhase(TestSuiteExecutor.java:129)
	at com.kms.katalon.core.main.TestSuiteExecutor.accessTestSuiteMainPhase(TestSuiteExecutor.java:112)
	at com.kms.katalon.core.main.TestSuiteExecutor.execute(TestSuiteExecutor.java:81)
	at com.kms.katalon.core.main.TestCaseMain.startTestSuite(TestCaseMain.java:157)
	at com.kms.katalon.core.main.TestCaseMain$startTestSuite$0.call(Unknown Source)
	at TempTestSuite1554899611213.run(TempTestSuite1554899611213.groovy:35)
Caused by: com.kms.katalon.core.webui.exception.WebElementNotFoundException: Web element with id: 'Object Repository/Page_Healthcare Manager/textarea_Formal Diagnosis (Primary)_formaldiagnosisprimary' located by 'By.xpath: //textarea[@name = 'formaldiagnosisprimary' and @placeholder = 'Please type the Formal Diagnosis of this new participant here ☺']' not found
	at com.kms.katalon.core.webui.common.WebUiCommonHelper.findWebElement(WebUiCommonHelper.java:1053)
	at com.kms.katalon.core.webui.keyword.internal.WebUIAbstractKeyword.findWebElement(WebUIAbstractKeyword.groovy:27)
	at com.kms.katalon.core.webui.keyword.internal.WebUIAbstractKeyword.findWebElement(WebUIAbstractKeyword.groovy:26)
	at com.kms.katalon.core.webui.keyword.builtin.SetTextKeyword$_setText_closure1.doCall(SetTextKeyword.groovy:51)
	at com.kms.katalon.core.webui.keyword.builtin.SetTextKeyword$_setText_closure1.call(SetTextKeyword.groovy)
	at com.kms.katalon.core.webui.keyword.internal.WebUIKeywordMain.runKeyword(WebUIKeywordMain.groovy:20)
	at com.kms.katalon.core.webui.keyword.builtin.SetTextKeyword.setText(SetTextKeyword.groovy:65)
	at com.kms.katalon.core.webui.keyword.builtin.SetTextKeyword.execute(SetTextKeyword.groovy:37)
	at com.kms.katalon.core.keyword.internal.KeywordExecutor.executeKeywordForPlatform(KeywordExecutor.groovy:56)
	at com.kms.katalon.core.webui.keyword.WebUiBuiltInKeywords.setText(WebUiBuiltInKeywords.groovy:950)
	at com.kms.katalon.core.webui.keyword.WebUiBuiltInKeywords$setText$5.call(Unknown Source)
	at Script1554356627061.run(Script1554356627061.groovy:18)
	at com.kms.katalon.core.main.ScriptEngine.run(ScriptEngine.java:194)
	at com.kms.katalon.core.main.ScriptEngine.runScriptAsRawText(ScriptEngine.java:119)
	at com.kms.katalon.core.main.TestCaseExecutor.runScript(TestCaseExecutor.java:331)
	at com.kms.katalon.core.main.TestCaseExecutor.doExecute(TestCaseExecutor.java:322)
	at com.kms.katalon.core.main.TestCaseExecutor.processExecutionPhase(TestCaseExecutor.java:301)
	at com.kms.katalon.core.main.TestCaseExecutor.accessMainPhase(TestCaseExecutor.java:293)
	at com.kms.katalon.core.main.TestCaseExecutor.execute(TestCaseExecutor.java:227)
	at com.kms.katalon.core.main.TestCaseMain.runTestCase(TestCaseMain.java:114)
	at com.kms.katalon.core.keyword.builtin.CallTestCaseKeyword$_callTestCase_closure1.doCall(CallTestCaseKeyword.groovy:59)
	at com.kms.katalon.core.keyword.builtin.CallTestCaseKeyword$_callTestCase_closure1.call(CallTestCaseKeyword.groovy)
	at com.kms.katalon.core.keyword.internal.KeywordMain.runKeyword(KeywordMain.groovy:66)
	at com.kms.katalon.core.keyword.builtin.CallTestCaseKeyword.callTestCase(CallTestCaseKeyword.groovy:81)
	at com.kms.katalon.core.keyword.builtin.CallTestCaseKeyword.execute(CallTestCaseKeyword.groovy:44)
	at com.kms.katalon.core.keyword.internal.KeywordExecutor.executeKeywordForPlatform(KeywordExecutor.groovy:56)
	at com.kms.katalon.core.keyword.BuiltinKeywords.callTestCase(BuiltinKeywords.groovy:334)
	at Script1554803811096.run(Script1554803811096.groovy:16)
	... 13 more
)
[[ATTACHMENT|C:\\Users\\win10\\git\\hcm_qa\\OCS_HCM\\OCS_HCM\\Reports\\ParticipantsPage Test\\20190410_180331\\1554899681006.png]]

2019-04-10 18:04:41 - [MESSAGE][FAILED] - setText(findTestObject("Page_Healthcare Manager/textarea_Formal Diagnosis (Primary)_formaldiagnosisprimary"), "requred for  care") FAILED.
Reason:
com.kms.katalon.core.exception.StepFailedException: Unable to set text 'requred for  care' of object 'Object Repository/Page_Healthcare Manager/textarea_Formal Diagnosis (Primary)_formaldiagnosisprimary'
	at com.kms.katalon.core.webui.keyword.internal.WebUIKeywordMain.stepFailed(WebUIKeywordMain.groovy:64)
	at com.kms.katalon.core.webui.keyword.internal.WebUIKeywordMain.runKeyword(WebUIKeywordMain.groovy:26)
	at com.kms.katalon.core.webui.keyword.builtin.SetTextKeyword.setText(SetTextKeyword.groovy:65)
	at com.kms.katalon.core.webui.keyword.builtin.SetTextKeyword.execute(SetTextKeyword.groovy:37)
	at com.kms.katalon.core.keyword.internal.KeywordExecutor.executeKeywordForPlatform(KeywordExecutor.groovy:56)
	at com.kms.katalon.core.webui.keyword.WebUiBuiltInKeywords.setText(WebUiBuiltInKeywords.groovy:950)
	at com.kms.katalon.core.webui.keyword.WebUiBuiltInKeywords$setText$5.call(Unknown Source)
	at Care_CreateParticipantsPage.run(Care_CreateParticipantsPage:18)
	at com.kms.katalon.core.main.ScriptEngine.run(ScriptEngine.java:194)
	at com.kms.katalon.core.main.ScriptEngine.runScriptAsRawText(ScriptEngine.java:119)
	at com.kms.katalon.core.main.TestCaseExecutor.runScript(TestCaseExecutor.java:331)
	at com.kms.katalon.core.main.TestCaseExecutor.doExecute(TestCaseExecutor.java:322)
	at com.kms.katalon.core.main.TestCaseExecutor.processExecutionPhase(TestCaseExecutor.java:301)
	at com.kms.katalon.core.main.TestCaseExecutor.accessMainPhase(TestCaseExecutor.java:293)
	at com.kms.katalon.core.main.TestCaseExecutor.execute(TestCaseExecutor.java:227)
	at com.kms.katalon.core.main.TestCaseMain.runTestCase(TestCaseMain.java:114)
	at com.kms.katalon.core.keyword.builtin.CallTestCaseKeyword$_callTestCase_closure1.doCall(CallTestCaseKeyword.groovy:59)
	at com.kms.katalon.core.keyword.builtin.CallTestCaseKeyword$_callTestCase_closure1.call(CallTestCaseKeyword.groovy)
	at com.kms.katalon.core.keyword.internal.KeywordMain.runKeyword(KeywordMain.groovy:66)
	at com.kms.katalon.core.keyword.builtin.CallTestCaseKeyword.callTestCase(CallTestCaseKeyword.groovy:81)
	at com.kms.katalon.core.keyword.builtin.CallTestCaseKeyword.execute(CallTestCaseKeyword.groovy:44)
	at com.kms.katalon.core.keyword.internal.KeywordExecutor.executeKeywordForPlatform(KeywordExecutor.groovy:56)
	at com.kms.katalon.core.keyword.BuiltinKeywords.callTestCase(BuiltinKeywords.groovy:334)
	at CreateParticipants_Validate.run(CreateParticipants_Validate:16)
	at com.kms.katalon.core.main.ScriptEngine.run(ScriptEngine.java:194)
	at com.kms.katalon.core.main.ScriptEngine.runScriptAsRawText(ScriptEngine.java:119)
	at com.kms.katalon.core.main.TestCaseExecutor.runScript(TestCaseExecutor.java:331)
	at com.kms.katalon.core.main.TestCaseExecutor.doExecute(TestCaseExecutor.java:322)
	at com.kms.katalon.core.main.TestCaseExecutor.processExecutionPhase(TestCaseExecutor.java:301)
	at com.kms.katalon.core.main.TestCaseExecutor.accessMainPhase(TestCaseExecutor.java:293)
	at com.kms.katalon.core.main.TestCaseExecutor.execute(TestCaseExecutor.java:227)
	at com.kms.katalon.core.main.TestSuiteExecutor.accessTestCaseMainPhase(TestSuiteExecutor.java:129)
	at com.kms.katalon.core.main.TestSuiteExecutor.accessTestSuiteMainPhase(TestSuiteExecutor.java:112)
	at com.kms.katalon.core.main.TestSuiteExecutor.execute(TestSuiteExecutor.java:81)
	at com.kms.katalon.core.main.TestCaseMain.startTestSuite(TestCaseMain.java:157)
	at com.kms.katalon.core.main.TestCaseMain$startTestSuite$0.call(Unknown Source)
	at TempTestSuite1554899611213.run(TempTestSuite1554899611213.groovy:35)
Caused by: com.kms.katalon.core.webui.exception.WebElementNotFoundException: Web element with id: 'Object Repository/Page_Healthcare Manager/textarea_Formal Diagnosis (Primary)_formaldiagnosisprimary' located by 'By.xpath: //textarea[@name = 'formaldiagnosisprimary' and @placeholder = 'Please type the Formal Diagnosis of this new participant here ☺']' not found
	at com.kms.katalon.core.webui.common.WebUiCommonHelper.findWebElement(WebUiCommonHelper.java:1053)
	at com.kms.katalon.core.webui.keyword.internal.WebUIAbstractKeyword.findWebElement(WebUIAbstractKeyword.groovy:27)
	at com.kms.katalon.core.webui.keyword.internal.WebUIAbstractKeyword.findWebElement(WebUIAbstractKeyword.groovy:26)
	at com.kms.katalon.core.webui.keyword.builtin.SetTextKeyword$_setText_closure1.doCall(SetTextKeyword.groovy:51)
	at com.kms.katalon.core.webui.keyword.builtin.SetTextKeyword$_setText_closure1.call(SetTextKeyword.groovy)
	at com.kms.katalon.core.webui.keyword.internal.WebUIKeywordMain.runKeyword(WebUIKeywordMain.groovy:20)
	at com.kms.katalon.core.webui.keyword.builtin.SetTextKeyword.setText(SetTextKeyword.groovy:65)
	at com.kms.katalon.core.webui.keyword.builtin.SetTextKeyword.execute(SetTextKeyword.groovy:37)
	at com.kms.katalon.core.keyword.internal.KeywordExecutor.executeKeywordForPlatform(KeywordExecutor.groovy:56)
	at com.kms.katalon.core.webui.keyword.WebUiBuiltInKeywords.setText(WebUiBuiltInKeywords.groovy:950)
	at com.kms.katalon.core.webui.keyword.WebUiBuiltInKeywords$setText$5.call(Unknown Source)
	at Script1554356627061.run(Script1554356627061.groovy:18)
	at com.kms.katalon.core.main.ScriptEngine.run(ScriptEngine.java:194)
	at com.kms.katalon.core.main.ScriptEngine.runScriptAsRawText(ScriptEngine.java:119)
	at com.kms.katalon.core.main.TestCaseExecutor.runScript(TestCaseExecutor.java:331)
	at com.kms.katalon.core.main.TestCaseExecutor.doExecute(TestCaseExecutor.java:322)
	at com.kms.katalon.core.main.TestCaseExecutor.processExecutionPhase(TestCaseExecutor.java:301)
	at com.kms.katalon.core.main.TestCaseExecutor.accessMainPhase(TestCaseExecutor.java:293)
	at com.kms.katalon.core.main.TestCaseExecutor.execute(TestCaseExecutor.java:227)
	at com.kms.katalon.core.main.TestCaseMain.runTestCase(TestCaseMain.java:114)
	at com.kms.katalon.core.keyword.builtin.CallTestCaseKeyword$_callTestCase_closure1.doCall(CallTestCaseKeyword.groovy:59)
	at com.kms.katalon.core.keyword.builtin.CallTestCaseKeyword$_callTestCase_closure1.call(CallTestCaseKeyword.groovy)
	at com.kms.katalon.core.keyword.internal.KeywordMain.runKeyword(KeywordMain.groovy:66)
	at com.kms.katalon.core.keyword.builtin.CallTestCaseKeyword.callTestCase(CallTestCaseKeyword.groovy:81)
	at com.kms.katalon.core.keyword.builtin.CallTestCaseKeyword.execute(CallTestCaseKeyword.groovy:44)
	at com.kms.katalon.core.keyword.internal.KeywordExecutor.executeKeywordForPlatform(KeywordExecutor.groovy:56)
	at com.kms.katalon.core.keyword.BuiltinKeywords.callTestCase(BuiltinKeywords.groovy:334)
	at Script1554803811096.run(Script1554803811096.groovy:16)
	... 13 more


2019-04-10 18:04:41 - [MESSAGE][FAILED] - Unable to call Test Case 'Test Cases/OCS_Page/Participants_page/Care_CreateParticipantsPage' (Root cause: com.kms.katalon.core.exception.StepFailedException: Call Test Case 'Test Cases/OCS_Page/Participants_page/Care_CreateParticipantsPage' failed
	at com.kms.katalon.core.keyword.builtin.CallTestCaseKeyword$_callTestCase_closure1.doCall(CallTestCaseKeyword.groovy:63)
	at com.kms.katalon.core.keyword.builtin.CallTestCaseKeyword$_callTestCase_closure1.call(CallTestCaseKeyword.groovy)
	at com.kms.katalon.core.keyword.internal.KeywordMain.runKeyword(KeywordMain.groovy:66)
	at com.kms.katalon.core.keyword.builtin.CallTestCaseKeyword.callTestCase(CallTestCaseKeyword.groovy:81)
	at com.kms.katalon.core.keyword.builtin.CallTestCaseKeyword.execute(CallTestCaseKeyword.groovy:44)
	at com.kms.katalon.core.keyword.internal.KeywordExecutor.executeKeywordForPlatform(KeywordExecutor.groovy:56)
	at com.kms.katalon.core.keyword.BuiltinKeywords.callTestCase(BuiltinKeywords.groovy:334)
	at CreateParticipants_Validate.run(CreateParticipants_Validate:16)
	at com.kms.katalon.core.main.ScriptEngine.run(ScriptEngine.java:194)
	at com.kms.katalon.core.main.ScriptEngine.runScriptAsRawText(ScriptEngine.java:119)
	at com.kms.katalon.core.main.TestCaseExecutor.runScript(TestCaseExecutor.java:331)
	at com.kms.katalon.core.main.TestCaseExecutor.doExecute(TestCaseExecutor.java:322)
	at com.kms.katalon.core.main.TestCaseExecutor.processExecutionPhase(TestCaseExecutor.java:301)
	at com.kms.katalon.core.main.TestCaseExecutor.accessMainPhase(TestCaseExecutor.java:293)
	at com.kms.katalon.core.main.TestCaseExecutor.execute(TestCaseExecutor.java:227)
	at com.kms.katalon.core.main.TestSuiteExecutor.accessTestCaseMainPhase(TestSuiteExecutor.java:129)
	at com.kms.katalon.core.main.TestSuiteExecutor.accessTestSuiteMainPhase(TestSuiteExecutor.java:112)
	at com.kms.katalon.core.main.TestSuiteExecutor.execute(TestSuiteExecutor.java:81)
	at com.kms.katalon.core.main.TestCaseMain.startTestSuite(TestCaseMain.java:157)
	at com.kms.katalon.core.main.TestCaseMain$startTestSuite$0.call(Unknown Source)
	at TempTestSuite1554899611213.run(TempTestSuite1554899611213.groovy:35)
Caused by: com.kms.katalon.core.exception.StepFailedException: Unable to set text 'requred for  care' of object 'Object Repository/Page_Healthcare Manager/textarea_Formal Diagnosis (Primary)_formaldiagnosisprimary'
	at com.kms.katalon.core.webui.keyword.internal.WebUIKeywordMain.stepFailed(WebUIKeywordMain.groovy:64)
	at com.kms.katalon.core.webui.keyword.internal.WebUIKeywordMain.runKeyword(WebUIKeywordMain.groovy:26)
	at com.kms.katalon.core.webui.keyword.builtin.SetTextKeyword.setText(SetTextKeyword.groovy:65)
	at com.kms.katalon.core.webui.keyword.builtin.SetTextKeyword.execute(SetTextKeyword.groovy:37)
	at com.kms.katalon.core.keyword.internal.KeywordExecutor.executeKeywordForPlatform(KeywordExecutor.groovy:56)
	at com.kms.katalon.core.webui.keyword.WebUiBuiltInKeywords.setText(WebUiBuiltInKeywords.groovy:950)
	at com.kms.katalon.core.webui.keyword.WebUiBuiltInKeywords$setText$5.call(Unknown Source)
	at Care_CreateParticipantsPage.run(Care_CreateParticipantsPage:18)
	at com.kms.katalon.core.main.ScriptEngine.run(ScriptEngine.java:194)
	at com.kms.katalon.core.main.ScriptEngine.runScriptAsRawText(ScriptEngine.java:119)
	at com.kms.katalon.core.main.TestCaseExecutor.runScript(TestCaseExecutor.java:331)
	at com.kms.katalon.core.main.TestCaseExecutor.doExecute(TestCaseExecutor.java:322)
	at com.kms.katalon.core.main.TestCaseExecutor.processExecutionPhase(TestCaseExecutor.java:301)
	at com.kms.katalon.core.main.TestCaseExecutor.accessMainPhase(TestCaseExecutor.java:293)
	at com.kms.katalon.core.main.TestCaseExecutor.execute(TestCaseExecutor.java:227)
	at com.kms.katalon.core.main.TestCaseMain.runTestCase(TestCaseMain.java:114)
	at com.kms.katalon.core.keyword.builtin.CallTestCaseKeyword$_callTestCase_closure1.doCall(CallTestCaseKeyword.groovy:59)
	... 20 more
Caused by: com.kms.katalon.core.webui.exception.WebElementNotFoundException: Web element with id: 'Object Repository/Page_Healthcare Manager/textarea_Formal Diagnosis (Primary)_formaldiagnosisprimary' located by 'By.xpath: //textarea[@name = 'formaldiagnosisprimary' and @placeholder = 'Please type the Formal Diagnosis of this new participant here ☺']' not found
	at com.kms.katalon.core.webui.common.WebUiCommonHelper.findWebElement(WebUiCommonHelper.java:1053)
	at com.kms.katalon.core.webui.keyword.internal.WebUIAbstractKeyword.findWebElement(WebUIAbstractKeyword.groovy:27)
	at com.kms.katalon.core.webui.keyword.internal.WebUIAbstractKeyword.findWebElement(WebUIAbstractKeyword.groovy:26)
	at com.kms.katalon.core.webui.keyword.builtin.SetTextKeyword$_setText_closure1.doCall(SetTextKeyword.groovy:51)
	at com.kms.katalon.core.webui.keyword.builtin.SetTextKeyword$_setText_closure1.call(SetTextKeyword.groovy)
	at com.kms.katalon.core.webui.keyword.internal.WebUIKeywordMain.runKeyword(WebUIKeywordMain.groovy:20)
	at com.kms.katalon.core.webui.keyword.builtin.SetTextKeyword.setText(SetTextKeyword.groovy:65)
	at com.kms.katalon.core.webui.keyword.builtin.SetTextKeyword.execute(SetTextKeyword.groovy:37)
	at com.kms.katalon.core.keyword.internal.KeywordExecutor.executeKeywordForPlatform(KeywordExecutor.groovy:56)
	at com.kms.katalon.core.webui.keyword.WebUiBuiltInKeywords.setText(WebUiBuiltInKeywords.groovy:950)
	at com.kms.katalon.core.webui.keyword.WebUiBuiltInKeywords$setText$5.call(Unknown Source)
	at Script1554356627061.run(Script1554356627061.groovy:18)
	at com.kms.katalon.core.main.ScriptEngine.run(ScriptEngine.java:194)
	at com.kms.katalon.core.main.ScriptEngine.runScriptAsRawText(ScriptEngine.java:119)
	at com.kms.katalon.core.main.TestCaseExecutor.runScript(TestCaseExecutor.java:331)
	at com.kms.katalon.core.main.TestCaseExecutor.doExecute(TestCaseExecutor.java:322)
	at com.kms.katalon.core.main.TestCaseExecutor.processExecutionPhase(TestCaseExecutor.java:301)
	at com.kms.katalon.core.main.TestCaseExecutor.accessMainPhase(TestCaseExecutor.java:293)
	at com.kms.katalon.core.main.TestCaseExecutor.execute(TestCaseExecutor.java:227)
	at com.kms.katalon.core.main.TestCaseMain.runTestCase(TestCaseMain.java:114)
	at com.kms.katalon.core.keyword.builtin.CallTestCaseKeyword$_callTestCase_closure1.doCall(CallTestCaseKeyword.groovy:59)
	at com.kms.katalon.core.keyword.builtin.CallTestCaseKeyword$_callTestCase_closure1.call(CallTestCaseKeyword.groovy)
	at com.kms.katalon.core.keyword.internal.KeywordMain.runKeyword(KeywordMain.groovy:66)
	at com.kms.katalon.core.keyword.builtin.CallTestCaseKeyword.callTestCase(CallTestCaseKeyword.groovy:81)
	at com.kms.katalon.core.keyword.builtin.CallTestCaseKeyword.execute(CallTestCaseKeyword.groovy:44)
	at com.kms.katalon.core.keyword.internal.KeywordExecutor.executeKeywordForPlatform(KeywordExecutor.groovy:56)
	at com.kms.katalon.core.keyword.BuiltinKeywords.callTestCase(BuiltinKeywords.groovy:334)
	at Script1554803811096.run(Script1554803811096.groovy:16)
	... 13 more
)

2019-04-10 18:04:41 - [MESSAGE][FAILED] - callTestCase(findTestCase("OCS_Page/Participants_page/Care_CreateParticipantsPage"), [:], STOP_ON_FAILURE) FAILED.
Reason:
com.kms.katalon.core.exception.StepFailedException: Call Test Case 'Test Cases/OCS_Page/Participants_page/Care_CreateParticipantsPage' failed
	at com.kms.katalon.core.keyword.builtin.CallTestCaseKeyword$_callTestCase_closure1.doCall(CallTestCaseKeyword.groovy:63)
	at com.kms.katalon.core.keyword.builtin.CallTestCaseKeyword$_callTestCase_closure1.call(CallTestCaseKeyword.groovy)
	at com.kms.katalon.core.keyword.internal.KeywordMain.runKeyword(KeywordMain.groovy:66)
	at com.kms.katalon.core.keyword.builtin.CallTestCaseKeyword.callTestCase(CallTestCaseKeyword.groovy:81)
	at com.kms.katalon.core.keyword.builtin.CallTestCaseKeyword.execute(CallTestCaseKeyword.groovy:44)
	at com.kms.katalon.core.keyword.internal.KeywordExecutor.executeKeywordForPlatform(KeywordExecutor.groovy:56)
	at com.kms.katalon.core.keyword.BuiltinKeywords.callTestCase(BuiltinKeywords.groovy:334)
	at CreateParticipants_Validate.run(CreateParticipants_Validate:16)
	at com.kms.katalon.core.main.ScriptEngine.run(ScriptEngine.java:194)
	at com.kms.katalon.core.main.ScriptEngine.runScriptAsRawText(ScriptEngine.java:119)
	at com.kms.katalon.core.main.TestCaseExecutor.runScript(TestCaseExecutor.java:331)
	at com.kms.katalon.core.main.TestCaseExecutor.doExecute(TestCaseExecutor.java:322)
	at com.kms.katalon.core.main.TestCaseExecutor.processExecutionPhase(TestCaseExecutor.java:301)
	at com.kms.katalon.core.main.TestCaseExecutor.accessMainPhase(TestCaseExecutor.java:293)
	at com.kms.katalon.core.main.TestCaseExecutor.execute(TestCaseExecutor.java:227)
	at com.kms.katalon.core.main.TestSuiteExecutor.accessTestCaseMainPhase(TestSuiteExecutor.java:129)
	at com.kms.katalon.core.main.TestSuiteExecutor.accessTestSuiteMainPhase(TestSuiteExecutor.java:112)
	at com.kms.katalon.core.main.TestSuiteExecutor.execute(TestSuiteExecutor.java:81)
	at com.kms.katalon.core.main.TestCaseMain.startTestSuite(TestCaseMain.java:157)
	at com.kms.katalon.core.main.TestCaseMain$startTestSuite$0.call(Unknown Source)
	at TempTestSuite1554899611213.run(TempTestSuite1554899611213.groovy:35)
Caused by: com.kms.katalon.core.exception.StepFailedException: Unable to set text 'requred for  care' of object 'Object Repository/Page_Healthcare Manager/textarea_Formal Diagnosis (Primary)_formaldiagnosisprimary'
	at com.kms.katalon.core.webui.keyword.internal.WebUIKeywordMain.stepFailed(WebUIKeywordMain.groovy:64)
	at com.kms.katalon.core.webui.keyword.internal.WebUIKeywordMain.runKeyword(WebUIKeywordMain.groovy:26)
	at com.kms.katalon.core.webui.keyword.builtin.SetTextKeyword.setText(SetTextKeyword.groovy:65)
	at com.kms.katalon.core.webui.keyword.builtin.SetTextKeyword.execute(SetTextKeyword.groovy:37)
	at com.kms.katalon.core.keyword.internal.KeywordExecutor.executeKeywordForPlatform(KeywordExecutor.groovy:56)
	at com.kms.katalon.core.webui.keyword.WebUiBuiltInKeywords.setText(WebUiBuiltInKeywords.groovy:950)
	at com.kms.katalon.core.webui.keyword.WebUiBuiltInKeywords$setText$5.call(Unknown Source)
	at Care_CreateParticipantsPage.run(Care_CreateParticipantsPage:18)
	at com.kms.katalon.core.main.ScriptEngine.run(ScriptEngine.java:194)
	at com.kms.katalon.core.main.ScriptEngine.runScriptAsRawText(ScriptEngine.java:119)
	at com.kms.katalon.core.main.TestCaseExecutor.runScript(TestCaseExecutor.java:331)
	at com.kms.katalon.core.main.TestCaseExecutor.doExecute(TestCaseExecutor.java:322)
	at com.kms.katalon.core.main.TestCaseExecutor.processExecutionPhase(TestCaseExecutor.java:301)
	at com.kms.katalon.core.main.TestCaseExecutor.accessMainPhase(TestCaseExecutor.java:293)
	at com.kms.katalon.core.main.TestCaseExecutor.execute(TestCaseExecutor.java:227)
	at com.kms.katalon.core.main.TestCaseMain.runTestCase(TestCaseMain.java:114)
	at com.kms.katalon.core.keyword.builtin.CallTestCaseKeyword$_callTestCase_closure1.doCall(CallTestCaseKeyword.groovy:59)
	... 20 more
Caused by: com.kms.katalon.core.webui.exception.WebElementNotFoundException: Web element with id: 'Object Repository/Page_Healthcare Manager/textarea_Formal Diagnosis (Primary)_formaldiagnosisprimary' located by 'By.xpath: //textarea[@name = 'formaldiagnosisprimary' and @placeholder = 'Please type the Formal Diagnosis of this new participant here ☺']' not found
	at com.kms.katalon.core.webui.common.WebUiCommonHelper.findWebElement(WebUiCommonHelper.java:1053)
	at com.kms.katalon.core.webui.keyword.internal.WebUIAbstractKeyword.findWebElement(WebUIAbstractKeyword.groovy:27)
	at com.kms.katalon.core.webui.keyword.internal.WebUIAbstractKeyword.findWebElement(WebUIAbstractKeyword.groovy:26)
	at com.kms.katalon.core.webui.keyword.builtin.SetTextKeyword$_setText_closure1.doCall(SetTextKeyword.groovy:51)
	at com.kms.katalon.core.webui.keyword.builtin.SetTextKeyword$_setText_closure1.call(SetTextKeyword.groovy)
	at com.kms.katalon.core.webui.keyword.internal.WebUIKeywordMain.runKeyword(WebUIKeywordMain.groovy:20)
	at com.kms.katalon.core.webui.keyword.builtin.SetTextKeyword.setText(SetTextKeyword.groovy:65)
	at com.kms.katalon.core.webui.keyword.builtin.SetTextKeyword.execute(SetTextKeyword.groovy:37)
	at com.kms.katalon.core.keyword.internal.KeywordExecutor.executeKeywordForPlatform(KeywordExecutor.groovy:56)
	at com.kms.katalon.core.webui.keyword.WebUiBuiltInKeywords.setText(WebUiBuiltInKeywords.groovy:950)
	at com.kms.katalon.core.webui.keyword.WebUiBuiltInKeywords$setText$5.call(Unknown Source)
	at Script1554356627061.run(Script1554356627061.groovy:18)
	at com.kms.katalon.core.main.ScriptEngine.run(ScriptEngine.java:194)
	at com.kms.katalon.core.main.ScriptEngine.runScriptAsRawText(ScriptEngine.java:119)
	at com.kms.katalon.core.main.TestCaseExecutor.runScript(TestCaseExecutor.java:331)
	at com.kms.katalon.core.main.TestCaseExecutor.doExecute(TestCaseExecutor.java:322)
	at com.kms.katalon.core.main.TestCaseExecutor.processExecutionPhase(TestCaseExecutor.java:301)
	at com.kms.katalon.core.main.TestCaseExecutor.accessMainPhase(TestCaseExecutor.java:293)
	at com.kms.katalon.core.main.TestCaseExecutor.execute(TestCaseExecutor.java:227)
	at com.kms.katalon.core.main.TestCaseMain.runTestCase(TestCaseMain.java:114)
	at com.kms.katalon.core.keyword.builtin.CallTestCaseKeyword$_callTestCase_closure1.doCall(CallTestCaseKeyword.groovy:59)
	at com.kms.katalon.core.keyword.builtin.CallTestCaseKeyword$_callTestCase_closure1.call(CallTestCaseKeyword.groovy)
	at com.kms.katalon.core.keyword.internal.KeywordMain.runKeyword(KeywordMain.groovy:66)
	at com.kms.katalon.core.keyword.builtin.CallTestCaseKeyword.callTestCase(CallTestCaseKeyword.groovy:81)
	at com.kms.katalon.core.keyword.builtin.CallTestCaseKeyword.execute(CallTestCaseKeyword.groovy:44)
	at com.kms.katalon.core.keyword.internal.KeywordExecutor.executeKeywordForPlatform(KeywordExecutor.groovy:56)
	at com.kms.katalon.core.keyword.BuiltinKeywords.callTestCase(BuiltinKeywords.groovy:334)
	at Script1554803811096.run(Script1554803811096.groovy:16)
	... 13 more]]></system-out>
         <system-err><![CDATA[2019-04-10 18:03:47 - [TEST_CASE][FAILED] - Test Cases/OCS_Page_Test/Participants_Test/CreateParticipants_Validate: Test Cases/OCS_Page_Test/Participants_Test/CreateParticipants_Validate FAILED.
Reason:
com.kms.katalon.core.exception.StepFailedException: Call Test Case 'Test Cases/OCS_Page/Participants_page/Care_CreateParticipantsPage' failed
	at com.kms.katalon.core.keyword.builtin.CallTestCaseKeyword$_callTestCase_closure1.doCall(CallTestCaseKeyword.groovy:63)
	at com.kms.katalon.core.keyword.builtin.CallTestCaseKeyword$_callTestCase_closure1.call(CallTestCaseKeyword.groovy)
	at com.kms.katalon.core.keyword.internal.KeywordMain.runKeyword(KeywordMain.groovy:66)
	at com.kms.katalon.core.keyword.builtin.CallTestCaseKeyword.callTestCase(CallTestCaseKeyword.groovy:81)
	at com.kms.katalon.core.keyword.builtin.CallTestCaseKeyword.execute(CallTestCaseKeyword.groovy:44)
	at com.kms.katalon.core.keyword.internal.KeywordExecutor.executeKeywordForPlatform(KeywordExecutor.groovy:56)
	at com.kms.katalon.core.keyword.BuiltinKeywords.callTestCase(BuiltinKeywords.groovy:334)
	at CreateParticipants_Validate.run(CreateParticipants_Validate:16)
	at com.kms.katalon.core.main.ScriptEngine.run(ScriptEngine.java:194)
	at com.kms.katalon.core.main.ScriptEngine.runScriptAsRawText(ScriptEngine.java:119)
	at com.kms.katalon.core.main.TestCaseExecutor.runScript(TestCaseExecutor.java:331)
	at com.kms.katalon.core.main.TestCaseExecutor.doExecute(TestCaseExecutor.java:322)
	at com.kms.katalon.core.main.TestCaseExecutor.processExecutionPhase(TestCaseExecutor.java:301)
	at com.kms.katalon.core.main.TestCaseExecutor.accessMainPhase(TestCaseExecutor.java:293)
	at com.kms.katalon.core.main.TestCaseExecutor.execute(TestCaseExecutor.java:227)
	at com.kms.katalon.core.main.TestSuiteExecutor.accessTestCaseMainPhase(TestSuiteExecutor.java:129)
	at com.kms.katalon.core.main.TestSuiteExecutor.accessTestSuiteMainPhase(TestSuiteExecutor.java:112)
	at com.kms.katalon.core.main.TestSuiteExecutor.execute(TestSuiteExecutor.java:81)
	at com.kms.katalon.core.main.TestCaseMain.startTestSuite(TestCaseMain.java:157)
	at com.kms.katalon.core.main.TestCaseMain$startTestSuite$0.call(Unknown Source)
	at TempTestSuite1554899611213.run(TempTestSuite1554899611213.groovy:35)
Caused by: com.kms.katalon.core.exception.StepFailedException: Unable to set text 'requred for  care' of object 'Object Repository/Page_Healthcare Manager/textarea_Formal Diagnosis (Primary)_formaldiagnosisprimary'
	at com.kms.katalon.core.webui.keyword.internal.WebUIKeywordMain.stepFailed(WebUIKeywordMain.groovy:64)
	at com.kms.katalon.core.webui.keyword.internal.WebUIKeywordMain.runKeyword(WebUIKeywordMain.groovy:26)
	at com.kms.katalon.core.webui.keyword.builtin.SetTextKeyword.setText(SetTextKeyword.groovy:65)
	at com.kms.katalon.core.webui.keyword.builtin.SetTextKeyword.execute(SetTextKeyword.groovy:37)
	at com.kms.katalon.core.keyword.internal.KeywordExecutor.executeKeywordForPlatform(KeywordExecutor.groovy:56)
	at com.kms.katalon.core.webui.keyword.WebUiBuiltInKeywords.setText(WebUiBuiltInKeywords.groovy:950)
	at com.kms.katalon.core.webui.keyword.WebUiBuiltInKeywords$setText$5.call(Unknown Source)
	at Care_CreateParticipantsPage.run(Care_CreateParticipantsPage:18)
	at com.kms.katalon.core.main.ScriptEngine.run(ScriptEngine.java:194)
	at com.kms.katalon.core.main.ScriptEngine.runScriptAsRawText(ScriptEngine.java:119)
	at com.kms.katalon.core.main.TestCaseExecutor.runScript(TestCaseExecutor.java:331)
	at com.kms.katalon.core.main.TestCaseExecutor.doExecute(TestCaseExecutor.java:322)
	at com.kms.katalon.core.main.TestCaseExecutor.processExecutionPhase(TestCaseExecutor.java:301)
	at com.kms.katalon.core.main.TestCaseExecutor.accessMainPhase(TestCaseExecutor.java:293)
	at com.kms.katalon.core.main.TestCaseExecutor.execute(TestCaseExecutor.java:227)
	at com.kms.katalon.core.main.TestCaseMain.runTestCase(TestCaseMain.java:114)
	at com.kms.katalon.core.keyword.builtin.CallTestCaseKeyword$_callTestCase_closure1.doCall(CallTestCaseKeyword.groovy:59)
	... 20 more
Caused by: com.kms.katalon.core.webui.exception.WebElementNotFoundException: Web element with id: 'Object Repository/Page_Healthcare Manager/textarea_Formal Diagnosis (Primary)_formaldiagnosisprimary' located by 'By.xpath: //textarea[@name = 'formaldiagnosisprimary' and @placeholder = 'Please type the Formal Diagnosis of this new participant here ☺']' not found
	at com.kms.katalon.core.webui.common.WebUiCommonHelper.findWebElement(WebUiCommonHelper.java:1053)
	at com.kms.katalon.core.webui.keyword.internal.WebUIAbstractKeyword.findWebElement(WebUIAbstractKeyword.groovy:27)
	at com.kms.katalon.core.webui.keyword.internal.WebUIAbstractKeyword.findWebElement(WebUIAbstractKeyword.groovy:26)
	at com.kms.katalon.core.webui.keyword.builtin.SetTextKeyword$_setText_closure1.doCall(SetTextKeyword.groovy:51)
	at com.kms.katalon.core.webui.keyword.builtin.SetTextKeyword$_setText_closure1.call(SetTextKeyword.groovy)
	at com.kms.katalon.core.webui.keyword.internal.WebUIKeywordMain.runKeyword(WebUIKeywordMain.groovy:20)
	at com.kms.katalon.core.webui.keyword.builtin.SetTextKeyword.setText(SetTextKeyword.groovy:65)
	at com.kms.katalon.core.webui.keyword.builtin.SetTextKeyword.execute(SetTextKeyword.groovy:37)
	at com.kms.katalon.core.keyword.internal.KeywordExecutor.executeKeywordForPlatform(KeywordExecutor.groovy:56)
	at com.kms.katalon.core.webui.keyword.WebUiBuiltInKeywords.setText(WebUiBuiltInKeywords.groovy:950)
	at com.kms.katalon.core.webui.keyword.WebUiBuiltInKeywords$setText$5.call(Unknown Source)
	at Script1554356627061.run(Script1554356627061.groovy:18)
	at com.kms.katalon.core.main.ScriptEngine.run(ScriptEngine.java:194)
	at com.kms.katalon.core.main.ScriptEngine.runScriptAsRawText(ScriptEngine.java:119)
	at com.kms.katalon.core.main.TestCaseExecutor.runScript(TestCaseExecutor.java:331)
	at com.kms.katalon.core.main.TestCaseExecutor.doExecute(TestCaseExecutor.java:322)
	at com.kms.katalon.core.main.TestCaseExecutor.processExecutionPhase(TestCaseExecutor.java:301)
	at com.kms.katalon.core.main.TestCaseExecutor.accessMainPhase(TestCaseExecutor.java:293)
	at com.kms.katalon.core.main.TestCaseExecutor.execute(TestCaseExecutor.java:227)
	at com.kms.katalon.core.main.TestCaseMain.runTestCase(TestCaseMain.java:114)
	at com.kms.katalon.core.keyword.builtin.CallTestCaseKeyword$_callTestCase_closure1.doCall(CallTestCaseKeyword.groovy:59)
	at com.kms.katalon.core.keyword.builtin.CallTestCaseKeyword$_callTestCase_closure1.call(CallTestCaseKeyword.groovy)
	at com.kms.katalon.core.keyword.internal.KeywordMain.runKeyword(KeywordMain.groovy:66)
	at com.kms.katalon.core.keyword.builtin.CallTestCaseKeyword.callTestCase(CallTestCaseKeyword.groovy:81)
	at com.kms.katalon.core.keyword.builtin.CallTestCaseKeyword.execute(CallTestCaseKeyword.groovy:44)
	at com.kms.katalon.core.keyword.internal.KeywordExecutor.executeKeywordForPlatform(KeywordExecutor.groovy:56)
	at com.kms.katalon.core.keyword.BuiltinKeywords.callTestCase(BuiltinKeywords.groovy:334)
	at Script1554803811096.run(Script1554803811096.groovy:16)
	... 13 more]]></system-err>
      </testcase>
      <testcase name="Test Cases/OCS_Page_Test/Participants_Test/DashBoard_Validate" classname="Test Cases/OCS_Page_Test/Participants_Test/DashBoard_Validate" status="PASSED">
         <system-out><![CDATA[2019-04-10 18:04:41 - [TEST_CASE][PASSED] - Test Cases/OCS_Page_Test/Participants_Test/DashBoard_Validate: Test Cases/OCS_Page_Test/Participants_Test/DashBoard_Validate

2019-04-10 18:04:41 - [TEST_STEP][PASSED] - callTestCase(findTestCase("SetUpp/SetUp"), [:], STOP_ON_FAILURE): Call Test Case 'Test Cases/SetUpp/SetUp' successfully

2019-04-10 18:04:41 - [TEST_CASE][PASSED] - Test Cases/SetUpp/SetUp: Test Cases/SetUpp/SetUp

2019-04-10 18:04:41 - [TEST_STEP][PASSED] - openBrowser(""): Browser is opened with url: ''

2019-04-10 18:04:41 - [MESSAGE][WARNING] - A browser is already opened. Closing browser and opening a new one

2019-04-10 18:04:41 - [MESSAGE][INFO] - Starting 'Firefox' driver

2019-04-10 18:04:44 - [MESSAGE][PASSED] - Browser is opened with url: ''

2019-04-10 18:04:44 - [TEST_STEP][PASSED] - navigateToUrl("https://ydtwebstaging.com"): Navigate to 'https://ydtwebstaging.com' successfully

2019-04-10 18:04:49 - [MESSAGE][PASSED] - Navigate to 'https://ydtwebstaging.com' successfully

2019-04-10 18:04:49 - [TEST_STEP][PASSED] - maximizeWindow(): Current window maximized

2019-04-10 18:04:50 - [MESSAGE][PASSED] - Current window maximized

2019-04-10 18:04:50 - [TEST_STEP][PASSED] - deleteAllCookies(): Delete all cookies successfully

2019-04-10 18:04:50 - [MESSAGE][PASSED] - Delete all cookies successfully

2019-04-10 18:04:50 - [TEST_STEP][PASSED] - getWindowTitle(): Current window's title is: 'Healthcare Manager'

2019-04-10 18:04:50 - [MESSAGE][PASSED] - Current window's title is: 'Healthcare Manager'

2019-04-10 18:04:50 - [TEST_STEP][PASSED] - waitForPageLoad(30): Wait for page load successfully

2019-04-10 18:04:50 - [MESSAGE][PASSED] - Wait for page load successfully

2019-04-10 18:04:50 - [MESSAGE][PASSED] - Call Test Case 'Test Cases/SetUpp/SetUp' successfully

2019-04-10 18:04:50 - [TEST_STEP][PASSED] - callTestCase(findTestCase("OCS_Page/Login_Page/LoginPage_Positive_validate"), [:], STOP_ON_FAILURE): Call Test Case 'Test Cases/OCS_Page/Login_Page/LoginPage_Positive_validate' successfully

2019-04-10 18:04:50 - [TEST_CASE][PASSED] - Test Cases/OCS_Page/Login_Page/LoginPage_Positive_validate: Test Cases/OCS_Page/Login_Page/LoginPage_Positive_validate

2019-04-10 18:04:50 - [TEST_STEP][PASSED] - setText(findTestObject("Login_Page_OB/Page_Healthcare Manager/input_Login here_username"), "admin"): Text 'admin' is set on object 'Object Repository/Login_Page_OB/Page_Healthcare Manager/input_Login here_username'

2019-04-10 18:04:50 - [MESSAGE][PASSED] - Text 'admin' is set on object 'Object Repository/Login_Page_OB/Page_Healthcare Manager/input_Login here_username'

2019-04-10 18:04:50 - [TEST_STEP][PASSED] - setText(findTestObject("Login_Page_OB/Page_Healthcare Manager/input_Login here_password"), "123456"): Text '123456' is set on object 'Object Repository/Login_Page_OB/Page_Healthcare Manager/input_Login here_password'

2019-04-10 18:04:50 - [MESSAGE][PASSED] - Text '123456' is set on object 'Object Repository/Login_Page_OB/Page_Healthcare Manager/input_Login here_password'

2019-04-10 18:04:50 - [TEST_STEP][PASSED] - click(findTestObject("Login_Page_OB/Page_Healthcare Manager/button_Submit")): Object: 'Object Repository/Login_Page_OB/Page_Healthcare Manager/button_Submit' is clicked on

2019-04-10 18:04:50 - [MESSAGE][PASSED] - Object: 'Object Repository/Login_Page_OB/Page_Healthcare Manager/button_Submit' is clicked on

2019-04-10 18:04:50 - [TEST_STEP][NOT_RUN] - verifyElementVisible(findTestObject("Login_Page_OB/Page_Healthcare Manager/div_Login successfully")): NOT_RUN: verifyElementVisible(findTestObject("Login_Page_OB/Page_Healthcare Manager/div_Login successfully"))

2019-04-10 18:04:50 - [MESSAGE][NOT_RUN] - NOT_RUN: verifyElementVisible(findTestObject("Login_Page_OB/Page_Healthcare Manager/div_Login successfully"))

2019-04-10 18:04:50 - [MESSAGE][PASSED] - Call Test Case 'Test Cases/OCS_Page/Login_Page/LoginPage_Positive_validate' successfully

2019-04-10 18:04:50 - [TEST_STEP][PASSED] - callTestCase(findTestCase("OCS_Page/Participants_page/Participants_DashBoard_page"), [:], STOP_ON_FAILURE): Call Test Case 'Test Cases/OCS_Page/Participants_page/Participants_DashBoard_page' successfully

2019-04-10 18:04:50 - [TEST_CASE][PASSED] - Test Cases/OCS_Page/Participants_page/Participants_DashBoard_page: Test Cases/OCS_Page/Participants_page/Participants_DashBoard_page

2019-04-10 18:04:50 - [TEST_STEP][PASSED] - click(findTestObject("Home_Page_OR/Page_Healthcare Manager/p_Participants")): Object: 'Object Repository/Home_Page_OR/Page_Healthcare Manager/p_Participants' is clicked on

2019-04-10 18:04:52 - [MESSAGE][PASSED] - Object: 'Object Repository/Home_Page_OR/Page_Healthcare Manager/p_Participants' is clicked on

2019-04-10 18:04:52 - [TEST_STEP][PASSED] - verifyElementPresent(findTestObject("Participants_Page_OR/dashBoard/Page_Healthcare Manager/h1_Participants"), 10): Object 'Object Repository/Participants_Page_OR/dashBoard/Page_Healthcare Manager/h1_Participants' is present

2019-04-10 18:04:54 - [MESSAGE][PASSED] - Object 'Object Repository/Participants_Page_OR/dashBoard/Page_Healthcare Manager/h1_Participants' is present

2019-04-10 18:04:54 - [TEST_STEP][PASSED] - verifyElementPresent(findTestObject("Participants_Page_OR/dashBoard/Page_Healthcare Manager/canvas_New Participant Graph_chartjs-render-monitor"), 10): Object 'Object Repository/Participants_Page_OR/dashBoard/Page_Healthcare Manager/canvas_New Participant Graph_chartjs-render-monitor' is present

2019-04-10 18:04:54 - [MESSAGE][PASSED] - Object 'Object Repository/Participants_Page_OR/dashBoard/Page_Healthcare Manager/canvas_New Participant Graph_chartjs-render-monitor' is present

2019-04-10 18:04:54 - [TEST_STEP][PASSED] - click(findTestObject("Participants_Page_OR/dashBoard/Page_Healthcare Manager/span_Week")): Object: 'Object Repository/Participants_Page_OR/dashBoard/Page_Healthcare Manager/span_Week' is clicked on

2019-04-10 18:04:54 - [MESSAGE][PASSED] - Object: 'Object Repository/Participants_Page_OR/dashBoard/Page_Healthcare Manager/span_Week' is clicked on

2019-04-10 18:04:54 - [TEST_STEP][PASSED] - sendKeys(findTestObject("Participants_Page_OR/dashBoard/Page_Healthcare Manager/input_Year_search"), "archana archana"): Keys 'archana archana' sent to object: 'Object Repository/Participants_Page_OR/dashBoard/Page_Healthcare Manager/input_Year_search'

2019-04-10 18:04:54 - [MESSAGE][PASSED] - Keys 'archana archana' sent to object: 'Object Repository/Participants_Page_OR/dashBoard/Page_Healthcare Manager/input_Year_search'

2019-04-10 18:04:54 - [TEST_STEP][PASSED] - waitForElementClickable(findTestObject("Participants_Page_OR/dashBoard/Page_Healthcare Manager/span_Year_icon icon-search"), 10): Object 'Object Repository/Participants_Page_OR/dashBoard/Page_Healthcare Manager/span_Year_icon icon-search' is clickable

2019-04-10 18:04:54 - [MESSAGE][PASSED] - Object 'Object Repository/Participants_Page_OR/dashBoard/Page_Healthcare Manager/span_Year_icon icon-search' is clickable

2019-04-10 18:04:54 - [TEST_STEP][PASSED] - click(findTestObject("Participants_Page_OR/dashBoard/Page_Healthcare Manager/small_Include Inactive")): Object: 'Object Repository/Participants_Page_OR/dashBoard/Page_Healthcare Manager/small_Include Inactive' is clicked on

2019-04-10 18:04:55 - [MESSAGE][PASSED] - Object: 'Object Repository/Participants_Page_OR/dashBoard/Page_Healthcare Manager/small_Include Inactive' is clicked on

2019-04-10 18:04:55 - [MESSAGE][PASSED] - Call Test Case 'Test Cases/OCS_Page/Participants_page/Participants_DashBoard_page' successfully

2019-04-10 18:04:55 - [TEST_STEP][PASSED] - callTestCase(findTestCase("TearDown/Broweser _close"), [:], STOP_ON_FAILURE): Call Test Case 'Test Cases/TearDown/Broweser _close' successfully

2019-04-10 18:04:55 - [TEST_CASE][PASSED] - Test Cases/TearDown/Broweser _close: Test Cases/TearDown/Broweser _close

2019-04-10 18:04:55 - [TEST_STEP][PASSED] - closeBrowser(): Browser is closed

2019-04-10 18:04:55 - [MESSAGE][PASSED] - Browser is closed

2019-04-10 18:04:55 - [MESSAGE][PASSED] - Call Test Case 'Test Cases/TearDown/Broweser _close' successfully]]></system-out>
         <system-err><![CDATA[]]></system-err>
      </testcase>
      <testcase name="Test Cases/OCS_Page_Test/Participants_Test/ParticipantsProfile_validate" classname="Test Cases/OCS_Page_Test/Participants_Test/ParticipantsProfile_validate" status="PASSED">
         <system-out><![CDATA[2019-04-10 18:04:55 - [TEST_CASE][PASSED] - Test Cases/OCS_Page_Test/Participants_Test/ParticipantsProfile_validate: Test Cases/OCS_Page_Test/Participants_Test/ParticipantsProfile_validate

2019-04-10 18:04:55 - [TEST_STEP][PASSED] - callTestCase(findTestCase("OCS_Page/Participants_page/Participants_Ptrofile/ParticipantsProfile_About_Validate"), [:], STOP_ON_FAILURE): Call Test Case 'Test Cases/OCS_Page/Participants_page/Participants_Ptrofile/ParticipantsProfile_About_Validate' successfully

2019-04-10 18:04:56 - [TEST_CASE][PASSED] - Test Cases/OCS_Page/Participants_page/Participants_Ptrofile/ParticipantsProfile_About_Validate: Test Cases/OCS_Page/Participants_page/Participants_Ptrofile/ParticipantsProfile_About_Validate

2019-04-10 18:04:56 - [TEST_STEP][PASSED] - callTestCase(findTestCase("SetUpp/SetUp"), [:], STOP_ON_FAILURE): Call Test Case 'Test Cases/SetUpp/SetUp' successfully

2019-04-10 18:04:56 - [TEST_CASE][PASSED] - Test Cases/SetUpp/SetUp: Test Cases/SetUpp/SetUp

2019-04-10 18:04:56 - [TEST_STEP][PASSED] - openBrowser(""): Browser is opened with url: ''

2019-04-10 18:04:56 - [MESSAGE][INFO] - Starting 'Firefox' driver

2019-04-10 18:04:58 - [MESSAGE][PASSED] - Browser is opened with url: ''

2019-04-10 18:04:58 - [TEST_STEP][PASSED] - navigateToUrl("https://ydtwebstaging.com"): Navigate to 'https://ydtwebstaging.com' successfully

2019-04-10 18:05:04 - [MESSAGE][PASSED] - Navigate to 'https://ydtwebstaging.com' successfully

2019-04-10 18:05:04 - [TEST_STEP][PASSED] - maximizeWindow(): Current window maximized

2019-04-10 18:05:04 - [MESSAGE][PASSED] - Current window maximized

2019-04-10 18:05:04 - [TEST_STEP][PASSED] - deleteAllCookies(): Delete all cookies successfully

2019-04-10 18:05:04 - [MESSAGE][PASSED] - Delete all cookies successfully

2019-04-10 18:05:04 - [TEST_STEP][PASSED] - getWindowTitle(): Current window's title is: 'Healthcare Manager'

2019-04-10 18:05:04 - [MESSAGE][PASSED] - Current window's title is: 'Healthcare Manager'

2019-04-10 18:05:04 - [TEST_STEP][PASSED] - waitForPageLoad(30): Wait for page load successfully

2019-04-10 18:05:04 - [MESSAGE][PASSED] - Wait for page load successfully

2019-04-10 18:05:04 - [MESSAGE][PASSED] - Call Test Case 'Test Cases/SetUpp/SetUp' successfully

2019-04-10 18:05:04 - [TEST_STEP][PASSED] - setText(findTestObject("Login_Page_OB/Page_Healthcare Manager/input_Login here_username"), "archana321"): Text 'archana321' is set on object 'Object Repository/Login_Page_OB/Page_Healthcare Manager/input_Login here_username'

2019-04-10 18:05:04 - [MESSAGE][PASSED] - Text 'archana321' is set on object 'Object Repository/Login_Page_OB/Page_Healthcare Manager/input_Login here_username'

2019-04-10 18:05:04 - [TEST_STEP][PASSED] - setText(findTestObject("Login_Page_OB/Page_Healthcare Manager/input_Login here_password"), "Archana321@"): Text 'Archana321@' is set on object 'Object Repository/Login_Page_OB/Page_Healthcare Manager/input_Login here_password'

2019-04-10 18:05:04 - [MESSAGE][PASSED] - Text 'Archana321@' is set on object 'Object Repository/Login_Page_OB/Page_Healthcare Manager/input_Login here_password'

2019-04-10 18:05:04 - [TEST_STEP][PASSED] - click(findTestObject("Login_Page_OB/Page_Healthcare Manager/button_Submit")): Object: 'Object Repository/Login_Page_OB/Page_Healthcare Manager/button_Submit' is clicked on

2019-04-10 18:05:05 - [MESSAGE][PASSED] - Object: 'Object Repository/Login_Page_OB/Page_Healthcare Manager/button_Submit' is clicked on

2019-04-10 18:05:05 - [TEST_STEP][PASSED] - click(findTestObject("Home_Page_OR/Page_Healthcare Manager/p_Participants")): Object: 'Object Repository/Home_Page_OR/Page_Healthcare Manager/p_Participants' is clicked on

2019-04-10 18:05:06 - [MESSAGE][PASSED] - Object: 'Object Repository/Home_Page_OR/Page_Healthcare Manager/p_Participants' is clicked on

2019-04-10 18:05:06 - [TEST_STEP][PASSED] - verifyElementPresent(findTestObject("Participants_Page_OR/dashBoard/Page_Healthcare Manager/h1_Participants"), 10): Object 'Object Repository/Participants_Page_OR/dashBoard/Page_Healthcare Manager/h1_Participants' is present

2019-04-10 18:05:07 - [MESSAGE][PASSED] - Object 'Object Repository/Participants_Page_OR/dashBoard/Page_Healthcare Manager/h1_Participants' is present

2019-04-10 18:05:07 - [TEST_STEP][PASSED] - verifyElementPresent(findTestObject("Participants_Page_OR/dashBoard/Page_Healthcare Manager/canvas_New Participant Graph_chartjs-render-monitor"), 10): Object 'Object Repository/Participants_Page_OR/dashBoard/Page_Healthcare Manager/canvas_New Participant Graph_chartjs-render-monitor' is present

2019-04-10 18:05:08 - [MESSAGE][PASSED] - Object 'Object Repository/Participants_Page_OR/dashBoard/Page_Healthcare Manager/canvas_New Participant Graph_chartjs-render-monitor' is present

2019-04-10 18:05:08 - [TEST_STEP][PASSED] - click(findTestObject("Participants_Page_OR/dashBoard/Page_Healthcare Manager/span_Week")): Object: 'Object Repository/Participants_Page_OR/dashBoard/Page_Healthcare Manager/span_Week' is clicked on

2019-04-10 18:05:08 - [MESSAGE][PASSED] - Object: 'Object Repository/Participants_Page_OR/dashBoard/Page_Healthcare Manager/span_Week' is clicked on

2019-04-10 18:05:08 - [TEST_STEP][PASSED] - if (true): null

2019-04-10 18:05:08 - [TEST_STEP][PASSED] - sendKeys(findTestObject("Participants_Page_OR/dashBoard/Page_Healthcare Manager/input_Year_search"), "archana archana"): Keys 'archana archana' sent to object: 'Object Repository/Participants_Page_OR/dashBoard/Page_Healthcare Manager/input_Year_search'

2019-04-10 18:05:08 - [MESSAGE][PASSED] - Keys 'archana archana' sent to object: 'Object Repository/Participants_Page_OR/dashBoard/Page_Healthcare Manager/input_Year_search'

2019-04-10 18:05:08 - [TEST_STEP][PASSED] - waitForElementClickable(findTestObject("Participants_Page_OR/dashBoard/Page_Healthcare Manager/span_Year_icon icon-search"), 10): Object 'Object Repository/Participants_Page_OR/dashBoard/Page_Healthcare Manager/span_Year_icon icon-search' is clickable

2019-04-10 18:05:08 - [MESSAGE][PASSED] - Object 'Object Repository/Participants_Page_OR/dashBoard/Page_Healthcare Manager/span_Year_icon icon-search' is clickable

2019-04-10 18:05:08 - [TEST_STEP][PASSED] - click(findTestObject("Participants_Page_OR/dashBoard/Page_Healthcare Manager/small_Include Inactive")): Object: 'Object Repository/Participants_Page_OR/dashBoard/Page_Healthcare Manager/small_Include Inactive' is clicked on

2019-04-10 18:05:08 - [MESSAGE][PASSED] - Object: 'Object Repository/Participants_Page_OR/dashBoard/Page_Healthcare Manager/small_Include Inactive' is clicked on

2019-04-10 18:05:08 - [TEST_STEP][PASSED] - click(findTestObject("Participants_Profile/Page_Healthcare Manager/i_Female_icon icon-views - Copy")): Object: 'Object Repository/Participants_Profile/Page_Healthcare Manager/i_Female_icon icon-views - Copy' is clicked on

2019-04-10 18:05:09 - [MESSAGE][PASSED] - Object: 'Object Repository/Participants_Profile/Page_Healthcare Manager/i_Female_icon icon-views - Copy' is clicked on

2019-04-10 18:05:09 - [TEST_STEP][PASSED] - verifyElementVisible(findTestObject("Participants_Profile/Page_Healthcare Manager/portal access")): Object 'Object Repository/Participants_Profile/Page_Healthcare Manager/portal access' is visible

2019-04-10 18:05:10 - [MESSAGE][PASSED] - Object 'Object Repository/Participants_Profile/Page_Healthcare Manager/portal access' is visible

2019-04-10 18:05:10 - [TEST_STEP][PASSED] - getText(findTestObject("Participants_Profile/Page_Healthcare Manager/profile name")): Text of object 'Object Repository/Participants_Profile/Page_Healthcare Manager/profile name' is: 'dsfghg g Archana'

2019-04-10 18:05:10 - [MESSAGE][PASSED] - Text of object 'Object Repository/Participants_Profile/Page_Healthcare Manager/profile name' is: 'dsfghg g Archana'

2019-04-10 18:05:10 - [TEST_STEP][PASSED] - click(findTestObject("Participants_Profile/Page_Healthcare Manager/Contact History")): Object: 'Object Repository/Participants_Profile/Page_Healthcare Manager/Contact History' is clicked on

2019-04-10 18:05:10 - [MESSAGE][PASSED] - Object: 'Object Repository/Participants_Profile/Page_Healthcare Manager/Contact History' is clicked on

2019-04-10 18:05:10 - [TEST_STEP][PASSED] - verifyElementText(findTestObject("Participants_Profile/Page_Healthcare Manager/Contact History Log"), "Contact History Log:"): Actual text and expected text of test object 'Object Repository/Participants_Profile/Page_Healthcare Manager/Contact History Log' are matched.

2019-04-10 18:05:10 - [MESSAGE][PASSED] - Actual text and expected text of test object 'Object Repository/Participants_Profile/Page_Healthcare Manager/Contact History Log' are matched.

2019-04-10 18:05:10 - [TEST_STEP][PASSED] - click(findTestObject("Participants_Profile/Page_Healthcare Manager/Contact History Log_icon cross")): Object: 'Object Repository/Participants_Profile/Page_Healthcare Manager/Contact History Log_icon cross' is clicked on

2019-04-10 18:05:10 - [MESSAGE][PASSED] - Object: 'Object Repository/Participants_Profile/Page_Healthcare Manager/Contact History Log_icon cross' is clicked on

2019-04-10 18:05:10 - [TEST_STEP][PASSED] - click(findTestObject("Participants_Profile/Page_Healthcare Manager/a_Update About archana")): Object: 'Object Repository/Participants_Profile/Page_Healthcare Manager/a_Update About archana' is clicked on

2019-04-10 18:05:11 - [MESSAGE][PASSED] - Object: 'Object Repository/Participants_Profile/Page_Healthcare Manager/a_Update About archana' is clicked on

2019-04-10 18:05:11 - [TEST_STEP][PASSED] - setText(findTestObject("Participants_Profile/Page_Healthcare Manager/lastname"), "Archana"): Text 'Archana' is set on object 'Object Repository/Participants_Profile/Page_Healthcare Manager/lastname'

2019-04-10 18:05:11 - [MESSAGE][PASSED] - Text 'Archana' is set on object 'Object Repository/Participants_Profile/Page_Healthcare Manager/lastname'

2019-04-10 18:05:11 - [TEST_STEP][PASSED] - click(findTestObject("Participants_Profile/Page_Healthcare Manager/Page_Healthcare Manager/button_Update")): Object: 'Object Repository/Participants_Profile/Page_Healthcare Manager/Page_Healthcare Manager/button_Update' is clicked on

2019-04-10 18:05:11 - [MESSAGE][PASSED] - Object: 'Object Repository/Participants_Profile/Page_Healthcare Manager/Page_Healthcare Manager/button_Update' is clicked on

2019-04-10 18:05:11 - [TEST_STEP][PASSED] - verifyElementVisible(findTestObject("Participants_Profile/Page_Healthcare Manager/Page_Healthcare Manager/Page_Healthcare Manager/div_Participant update successfully")): Object 'Object Repository/Participants_Profile/Page_Healthcare Manager/Page_Healthcare Manager/Page_Healthcare Manager/div_Participant update successfully' is visible

2019-04-10 18:05:13 - [MESSAGE][PASSED] - Object 'Object Repository/Participants_Profile/Page_Healthcare Manager/Page_Healthcare Manager/Page_Healthcare Manager/div_Participant update successfully' is visible

2019-04-10 18:05:13 - [MESSAGE][PASSED] - Call Test Case 'Test Cases/OCS_Page/Participants_page/Participants_Ptrofile/ParticipantsProfile_About_Validate' successfully

2019-04-10 18:05:13 - [TEST_STEP][PASSED] - callTestCase(findTestCase("OCS_Page/Participants_page/Participants_Ptrofile/ParticipantsProfile_BookerList"), [:], STOP_ON_FAILURE): Call Test Case 'Test Cases/OCS_Page/Participants_page/Participants_Ptrofile/ParticipantsProfile_BookerList' successfully

2019-04-10 18:05:13 - [TEST_CASE][PASSED] - Test Cases/OCS_Page/Participants_page/Participants_Ptrofile/ParticipantsProfile_BookerList: Test Cases/OCS_Page/Participants_page/Participants_Ptrofile/ParticipantsProfile_BookerList

2019-04-10 18:05:13 - [TEST_STEP][PASSED] - callTestCase(findTestCase("SetUpp/SetUp"), [:], STOP_ON_FAILURE): Call Test Case 'Test Cases/SetUpp/SetUp' successfully

2019-04-10 18:05:13 - [TEST_CASE][PASSED] - Test Cases/SetUpp/SetUp: Test Cases/SetUpp/SetUp

2019-04-10 18:05:13 - [TEST_STEP][PASSED] - openBrowser(""): Browser is opened with url: ''

2019-04-10 18:05:13 - [MESSAGE][WARNING] - A browser is already opened. Closing browser and opening a new one

2019-04-10 18:05:13 - [MESSAGE][INFO] - Starting 'Firefox' driver

2019-04-10 18:05:16 - [MESSAGE][PASSED] - Browser is opened with url: ''

2019-04-10 18:05:16 - [TEST_STEP][PASSED] - navigateToUrl("https://ydtwebstaging.com"): Navigate to 'https://ydtwebstaging.com' successfully

2019-04-10 18:05:21 - [MESSAGE][PASSED] - Navigate to 'https://ydtwebstaging.com' successfully

2019-04-10 18:05:21 - [TEST_STEP][PASSED] - maximizeWindow(): Current window maximized

2019-04-10 18:05:22 - [MESSAGE][PASSED] - Current window maximized

2019-04-10 18:05:22 - [TEST_STEP][PASSED] - deleteAllCookies(): Delete all cookies successfully

2019-04-10 18:05:22 - [MESSAGE][PASSED] - Delete all cookies successfully

2019-04-10 18:05:22 - [TEST_STEP][PASSED] - getWindowTitle(): Current window's title is: 'Healthcare Manager'

2019-04-10 18:05:22 - [MESSAGE][PASSED] - Current window's title is: 'Healthcare Manager'

2019-04-10 18:05:22 - [TEST_STEP][PASSED] - waitForPageLoad(30): Wait for page load successfully

2019-04-10 18:05:22 - [MESSAGE][PASSED] - Wait for page load successfully

2019-04-10 18:05:22 - [MESSAGE][PASSED] - Call Test Case 'Test Cases/SetUpp/SetUp' successfully

2019-04-10 18:05:22 - [TEST_STEP][PASSED] - setText(findTestObject("Login_Page_OB/Page_Healthcare Manager/input_Login here_username"), "archana321"): Text 'archana321' is set on object 'Object Repository/Login_Page_OB/Page_Healthcare Manager/input_Login here_username'

2019-04-10 18:05:22 - [MESSAGE][PASSED] - Text 'archana321' is set on object 'Object Repository/Login_Page_OB/Page_Healthcare Manager/input_Login here_username'

2019-04-10 18:05:22 - [TEST_STEP][PASSED] - setText(findTestObject("Login_Page_OB/Page_Healthcare Manager/input_Login here_password"), "Archana321@"): Text 'Archana321@' is set on object 'Object Repository/Login_Page_OB/Page_Healthcare Manager/input_Login here_password'

2019-04-10 18:05:22 - [MESSAGE][PASSED] - Text 'Archana321@' is set on object 'Object Repository/Login_Page_OB/Page_Healthcare Manager/input_Login here_password'

2019-04-10 18:05:22 - [TEST_STEP][PASSED] - click(findTestObject("Login_Page_OB/Page_Healthcare Manager/button_Submit")): Object: 'Object Repository/Login_Page_OB/Page_Healthcare Manager/button_Submit' is clicked on

2019-04-10 18:05:22 - [MESSAGE][PASSED] - Object: 'Object Repository/Login_Page_OB/Page_Healthcare Manager/button_Submit' is clicked on

2019-04-10 18:05:22 - [TEST_STEP][PASSED] - click(findTestObject("Home_Page_OR/Page_Healthcare Manager/p_Participants")): Object: 'Object Repository/Home_Page_OR/Page_Healthcare Manager/p_Participants' is clicked on

2019-04-10 18:05:24 - [MESSAGE][PASSED] - Object: 'Object Repository/Home_Page_OR/Page_Healthcare Manager/p_Participants' is clicked on

2019-04-10 18:05:24 - [TEST_STEP][PASSED] - verifyElementPresent(findTestObject("Participants_Page_OR/dashBoard/Page_Healthcare Manager/h1_Participants"), 10): Object 'Object Repository/Participants_Page_OR/dashBoard/Page_Healthcare Manager/h1_Participants' is present

2019-04-10 18:05:26 - [MESSAGE][PASSED] - Object 'Object Repository/Participants_Page_OR/dashBoard/Page_Healthcare Manager/h1_Participants' is present

2019-04-10 18:05:26 - [TEST_STEP][PASSED] - click(findTestObject("Participants_Profile/Page_Healthcare Manager/i_Female_icon icon-views - Copy")): Object: 'Object Repository/Participants_Profile/Page_Healthcare Manager/i_Female_icon icon-views - Copy' is clicked on

2019-04-10 18:05:27 - [MESSAGE][PASSED] - Object: 'Object Repository/Participants_Profile/Page_Healthcare Manager/i_Female_icon icon-views - Copy' is clicked on

2019-04-10 18:05:27 - [TEST_STEP][PASSED] - click(findTestObject("Participants_Profile/Page_Healthcare Manager/Page_Healthcare Manager/Page_Healthcare Manager/bookerlist/Page_Healthcare Manager/a_ Bookers List")): Object: 'Object Repository/Participants_Profile/Page_Healthcare Manager/Page_Healthcare Manager/Page_Healthcare Manager/bookerlist/Page_Healthcare Manager/a_ Bookers List' is clicked on

2019-04-10 18:05:28 - [MESSAGE][PASSED] - Object: 'Object Repository/Participants_Profile/Page_Healthcare Manager/Page_Healthcare Manager/Page_Healthcare Manager/bookerlist/Page_Healthcare Manager/a_ Bookers List' is clicked on

2019-04-10 18:05:28 - [TEST_STEP][PASSED] - click(findTestObject("Participants_Profile/Page_Healthcare Manager/Page_Healthcare Manager/Page_Healthcare Manager/bookerlist/Page_Healthcare Manager/i_booker_update_button")): Object: 'Object Repository/Participants_Profile/Page_Healthcare Manager/Page_Healthcare Manager/Page_Healthcare Manager/bookerlist/Page_Healthcare Manager/i_booker_update_button' is clicked on

2019-04-10 18:05:28 - [MESSAGE][PASSED] - Object: 'Object Repository/Participants_Profile/Page_Healthcare Manager/Page_Healthcare Manager/Page_Healthcare Manager/bookerlist/Page_Healthcare Manager/i_booker_update_button' is clicked on

2019-04-10 18:05:28 - [TEST_STEP][NOT_RUN] - click(findTestObject("Participants_Profile/Page_Healthcare Manager/Page_Healthcare Manager/Page_Healthcare Manager/bookerlist/Page_Healthcare Manager/span_drpdwnSelect-arrow")): NOT_RUN: click(findTestObject("Participants_Profile/Page_Healthcare Manager/Page_Healthcare Manager/Page_Healthcare Manager/bookerlist/Page_Healthcare Manager/span_drpdwnSelect-arrow"))

2019-04-10 18:05:28 - [MESSAGE][NOT_RUN] - NOT_RUN: click(findTestObject("Participants_Profile/Page_Healthcare Manager/Page_Healthcare Manager/Page_Healthcare Manager/bookerlist/Page_Healthcare Manager/span_drpdwnSelect-arrow"))

2019-04-10 18:05:28 - [TEST_STEP][NOT_RUN] - click(findTestObject("Participants_Profile/Page_Healthcare Manager/Page_Healthcare Manager/Page_Healthcare Manager/bookerlist/Page_Healthcare Manager/div_Mother")): NOT_RUN: click(findTestObject("Participants_Profile/Page_Healthcare Manager/Page_Healthcare Manager/Page_Healthcare Manager/bookerlist/Page_Healthcare Manager/div_Mother"))

2019-04-10 18:05:28 - [MESSAGE][NOT_RUN] - NOT_RUN: click(findTestObject("Participants_Profile/Page_Healthcare Manager/Page_Healthcare Manager/Page_Healthcare Manager/bookerlist/Page_Healthcare Manager/div_Mother"))

2019-04-10 18:05:28 - [TEST_STEP][PASSED] - click(findTestObject("Participants_Profile/Page_Healthcare Manager/Page_Healthcare Manager/Page_Healthcare Manager/bookerlist/Page_Healthcare Manager/button_Submit")): Object: 'Object Repository/Participants_Profile/Page_Healthcare Manager/Page_Healthcare Manager/Page_Healthcare Manager/bookerlist/Page_Healthcare Manager/button_Submit' is clicked on

2019-04-10 18:05:29 - [MESSAGE][PASSED] - Object: 'Object Repository/Participants_Profile/Page_Healthcare Manager/Page_Healthcare Manager/Page_Healthcare Manager/bookerlist/Page_Healthcare Manager/button_Submit' is clicked on

2019-04-10 18:05:29 - [MESSAGE][PASSED] - Call Test Case 'Test Cases/OCS_Page/Participants_page/Participants_Ptrofile/ParticipantsProfile_BookerList' successfully

2019-04-10 18:05:29 - [TEST_STEP][PASSED] - callTestCase(findTestCase("OCS_Page/Participants_page/Participants_Ptrofile/ParticipantsProfile_Requres"), [:], STOP_ON_FAILURE): Call Test Case 'Test Cases/OCS_Page/Participants_page/Participants_Ptrofile/ParticipantsProfile_Requres' successfully

2019-04-10 18:05:29 - [TEST_CASE][PASSED] - Test Cases/OCS_Page/Participants_page/Participants_Ptrofile/ParticipantsProfile_Requres: Test Cases/OCS_Page/Participants_page/Participants_Ptrofile/ParticipantsProfile_Requres

2019-04-10 18:05:29 - [TEST_STEP][PASSED] - callTestCase(findTestCase("SetUpp/SetUp"), [:], STOP_ON_FAILURE): Call Test Case 'Test Cases/SetUpp/SetUp' successfully

2019-04-10 18:05:29 - [TEST_CASE][PASSED] - Test Cases/SetUpp/SetUp: Test Cases/SetUpp/SetUp

2019-04-10 18:05:29 - [TEST_STEP][PASSED] - openBrowser(""): Browser is opened with url: ''

2019-04-10 18:05:29 - [MESSAGE][WARNING] - A browser is already opened. Closing browser and opening a new one

2019-04-10 18:05:30 - [MESSAGE][INFO] - Starting 'Firefox' driver

2019-04-10 18:05:32 - [MESSAGE][PASSED] - Browser is opened with url: ''

2019-04-10 18:05:32 - [TEST_STEP][PASSED] - navigateToUrl("https://ydtwebstaging.com"): Navigate to 'https://ydtwebstaging.com' successfully

2019-04-10 18:05:38 - [MESSAGE][PASSED] - Navigate to 'https://ydtwebstaging.com' successfully

2019-04-10 18:05:38 - [TEST_STEP][PASSED] - maximizeWindow(): Current window maximized

2019-04-10 18:05:38 - [MESSAGE][PASSED] - Current window maximized

2019-04-10 18:05:38 - [TEST_STEP][PASSED] - deleteAllCookies(): Delete all cookies successfully

2019-04-10 18:05:38 - [MESSAGE][PASSED] - Delete all cookies successfully

2019-04-10 18:05:38 - [TEST_STEP][PASSED] - getWindowTitle(): Current window's title is: 'Healthcare Manager'

2019-04-10 18:05:38 - [MESSAGE][PASSED] - Current window's title is: 'Healthcare Manager'

2019-04-10 18:05:38 - [TEST_STEP][PASSED] - waitForPageLoad(30): Wait for page load successfully

2019-04-10 18:05:38 - [MESSAGE][PASSED] - Wait for page load successfully

2019-04-10 18:05:38 - [MESSAGE][PASSED] - Call Test Case 'Test Cases/SetUpp/SetUp' successfully

2019-04-10 18:05:38 - [TEST_STEP][PASSED] - callTestCase(findTestCase("OCS_Page/Login_Page/LoginPage_Positive_validate"), [:], STOP_ON_FAILURE): Call Test Case 'Test Cases/OCS_Page/Login_Page/LoginPage_Positive_validate' successfully

2019-04-10 18:05:38 - [TEST_CASE][PASSED] - Test Cases/OCS_Page/Login_Page/LoginPage_Positive_validate: Test Cases/OCS_Page/Login_Page/LoginPage_Positive_validate

2019-04-10 18:05:38 - [TEST_STEP][PASSED] - setText(findTestObject("Login_Page_OB/Page_Healthcare Manager/input_Login here_username"), "admin"): Text 'admin' is set on object 'Object Repository/Login_Page_OB/Page_Healthcare Manager/input_Login here_username'

2019-04-10 18:05:38 - [MESSAGE][PASSED] - Text 'admin' is set on object 'Object Repository/Login_Page_OB/Page_Healthcare Manager/input_Login here_username'

2019-04-10 18:05:38 - [TEST_STEP][PASSED] - setText(findTestObject("Login_Page_OB/Page_Healthcare Manager/input_Login here_password"), "123456"): Text '123456' is set on object 'Object Repository/Login_Page_OB/Page_Healthcare Manager/input_Login here_password'

2019-04-10 18:05:39 - [MESSAGE][PASSED] - Text '123456' is set on object 'Object Repository/Login_Page_OB/Page_Healthcare Manager/input_Login here_password'

2019-04-10 18:05:39 - [TEST_STEP][PASSED] - click(findTestObject("Login_Page_OB/Page_Healthcare Manager/button_Submit")): Object: 'Object Repository/Login_Page_OB/Page_Healthcare Manager/button_Submit' is clicked on

2019-04-10 18:05:39 - [MESSAGE][PASSED] - Object: 'Object Repository/Login_Page_OB/Page_Healthcare Manager/button_Submit' is clicked on

2019-04-10 18:05:39 - [TEST_STEP][NOT_RUN] - verifyElementVisible(findTestObject("Login_Page_OB/Page_Healthcare Manager/div_Login successfully")): NOT_RUN: verifyElementVisible(findTestObject("Login_Page_OB/Page_Healthcare Manager/div_Login successfully"))

2019-04-10 18:05:39 - [MESSAGE][NOT_RUN] - NOT_RUN: verifyElementVisible(findTestObject("Login_Page_OB/Page_Healthcare Manager/div_Login successfully"))

2019-04-10 18:05:39 - [MESSAGE][PASSED] - Call Test Case 'Test Cases/OCS_Page/Login_Page/LoginPage_Positive_validate' successfully

2019-04-10 18:05:39 - [TEST_STEP][PASSED] - click(findTestObject("Home_Page_OR/Page_Healthcare Manager/p_Participants")): Object: 'Object Repository/Home_Page_OR/Page_Healthcare Manager/p_Participants' is clicked on

2019-04-10 18:05:41 - [MESSAGE][PASSED] - Object: 'Object Repository/Home_Page_OR/Page_Healthcare Manager/p_Participants' is clicked on

2019-04-10 18:05:41 - [TEST_STEP][PASSED] - click(findTestObject("Participants_Profile/Page_Healthcare Manager/i_Female_icon icon-views - Copy")): Object: 'Object Repository/Participants_Profile/Page_Healthcare Manager/i_Female_icon icon-views - Copy' is clicked on

2019-04-10 18:05:43 - [MESSAGE][PASSED] - Object: 'Object Repository/Participants_Profile/Page_Healthcare Manager/i_Female_icon icon-views - Copy' is clicked on

2019-04-10 18:05:43 - [TEST_STEP][PASSED] - click(findTestObject("profile_about_requre/Page_Healthcare Manager/a_Requires")): Object: 'Object Repository/profile_about_requre/Page_Healthcare Manager/a_Requires' is clicked on

2019-04-10 18:05:44 - [MESSAGE][PASSED] - Object: 'Object Repository/profile_about_requre/Page_Healthcare Manager/a_Requires' is clicked on

2019-04-10 18:05:44 - [TEST_STEP][PASSED] - click(findTestObject("profile_about_requre/Page_Healthcare Manager/a_Update Btn Requirements")): Object: 'Object Repository/profile_about_requre/Page_Healthcare Manager/a_Update Btn Requirements' is clicked on

2019-04-10 18:05:44 - [MESSAGE][PASSED] - Object: 'Object Repository/profile_about_requre/Page_Healthcare Manager/a_Update Btn Requirements' is clicked on

2019-04-10 18:05:44 - [TEST_STEP][PASSED] - click(findTestObject("profile_about_requre/Page_Healthcare Manager/button_Update requirement")): Object: 'Object Repository/profile_about_requre/Page_Healthcare Manager/button_Update requirement' is clicked on

2019-04-10 18:05:45 - [MESSAGE][PASSED] - Object: 'Object Repository/profile_about_requre/Page_Healthcare Manager/button_Update requirement' is clicked on

2019-04-10 18:05:45 - [MESSAGE][PASSED] - Call Test Case 'Test Cases/OCS_Page/Participants_page/Participants_Ptrofile/ParticipantsProfile_Requres' successfully

2019-04-10 18:05:45 - [TEST_STEP][PASSED] - callTestCase(findTestCase("OCS_Page/Participants_page/Participants_Ptrofile/Participants_FMS"), [:], STOP_ON_FAILURE): Call Test Case 'Test Cases/OCS_Page/Participants_page/Participants_Ptrofile/Participants_FMS' successfully

2019-04-10 18:05:45 - [TEST_CASE][PASSED] - Test Cases/OCS_Page/Participants_page/Participants_Ptrofile/Participants_FMS: Test Cases/OCS_Page/Participants_page/Participants_Ptrofile/Participants_FMS

2019-04-10 18:05:45 - [TEST_STEP][PASSED] - callTestCase(findTestCase("SetUpp/SetUp"), [:], STOP_ON_FAILURE): Call Test Case 'Test Cases/SetUpp/SetUp' successfully

2019-04-10 18:05:45 - [TEST_CASE][PASSED] - Test Cases/SetUpp/SetUp: Test Cases/SetUpp/SetUp

2019-04-10 18:05:45 - [TEST_STEP][PASSED] - openBrowser(""): Browser is opened with url: ''

2019-04-10 18:05:45 - [MESSAGE][WARNING] - A browser is already opened. Closing browser and opening a new one

2019-04-10 18:05:46 - [MESSAGE][INFO] - Starting 'Firefox' driver

2019-04-10 18:05:48 - [MESSAGE][PASSED] - Browser is opened with url: ''

2019-04-10 18:05:48 - [TEST_STEP][PASSED] - navigateToUrl("https://ydtwebstaging.com"): Navigate to 'https://ydtwebstaging.com' successfully

2019-04-10 18:05:54 - [MESSAGE][PASSED] - Navigate to 'https://ydtwebstaging.com' successfully

2019-04-10 18:05:54 - [TEST_STEP][PASSED] - maximizeWindow(): Current window maximized

2019-04-10 18:05:54 - [MESSAGE][PASSED] - Current window maximized

2019-04-10 18:05:54 - [TEST_STEP][PASSED] - deleteAllCookies(): Delete all cookies successfully

2019-04-10 18:05:54 - [MESSAGE][PASSED] - Delete all cookies successfully

2019-04-10 18:05:54 - [TEST_STEP][PASSED] - getWindowTitle(): Current window's title is: 'Healthcare Manager'

2019-04-10 18:05:54 - [MESSAGE][PASSED] - Current window's title is: 'Healthcare Manager'

2019-04-10 18:05:54 - [TEST_STEP][PASSED] - waitForPageLoad(30): Wait for page load successfully

2019-04-10 18:05:54 - [MESSAGE][PASSED] - Wait for page load successfully

2019-04-10 18:05:54 - [MESSAGE][PASSED] - Call Test Case 'Test Cases/SetUpp/SetUp' successfully

2019-04-10 18:05:54 - [TEST_STEP][PASSED] - callTestCase(findTestCase("OCS_Page/Login_Page/LoginPage_Positive_validate"), [:], STOP_ON_FAILURE): Call Test Case 'Test Cases/OCS_Page/Login_Page/LoginPage_Positive_validate' successfully

2019-04-10 18:05:54 - [TEST_CASE][PASSED] - Test Cases/OCS_Page/Login_Page/LoginPage_Positive_validate: Test Cases/OCS_Page/Login_Page/LoginPage_Positive_validate

2019-04-10 18:05:54 - [TEST_STEP][PASSED] - setText(findTestObject("Login_Page_OB/Page_Healthcare Manager/input_Login here_username"), "admin"): Text 'admin' is set on object 'Object Repository/Login_Page_OB/Page_Healthcare Manager/input_Login here_username'

2019-04-10 18:05:54 - [MESSAGE][PASSED] - Text 'admin' is set on object 'Object Repository/Login_Page_OB/Page_Healthcare Manager/input_Login here_username'

2019-04-10 18:05:54 - [TEST_STEP][PASSED] - setText(findTestObject("Login_Page_OB/Page_Healthcare Manager/input_Login here_password"), "123456"): Text '123456' is set on object 'Object Repository/Login_Page_OB/Page_Healthcare Manager/input_Login here_password'

2019-04-10 18:05:54 - [MESSAGE][PASSED] - Text '123456' is set on object 'Object Repository/Login_Page_OB/Page_Healthcare Manager/input_Login here_password'

2019-04-10 18:05:54 - [TEST_STEP][PASSED] - click(findTestObject("Login_Page_OB/Page_Healthcare Manager/button_Submit")): Object: 'Object Repository/Login_Page_OB/Page_Healthcare Manager/button_Submit' is clicked on

2019-04-10 18:05:54 - [MESSAGE][PASSED] - Object: 'Object Repository/Login_Page_OB/Page_Healthcare Manager/button_Submit' is clicked on

2019-04-10 18:05:54 - [TEST_STEP][NOT_RUN] - verifyElementVisible(findTestObject("Login_Page_OB/Page_Healthcare Manager/div_Login successfully")): NOT_RUN: verifyElementVisible(findTestObject("Login_Page_OB/Page_Healthcare Manager/div_Login successfully"))

2019-04-10 18:05:54 - [MESSAGE][NOT_RUN] - NOT_RUN: verifyElementVisible(findTestObject("Login_Page_OB/Page_Healthcare Manager/div_Login successfully"))

2019-04-10 18:05:54 - [MESSAGE][PASSED] - Call Test Case 'Test Cases/OCS_Page/Login_Page/LoginPage_Positive_validate' successfully

2019-04-10 18:05:54 - [TEST_STEP][PASSED] - click(findTestObject("Home_Page_OR/Page_Healthcare Manager/p_Participants")): Object: 'Object Repository/Home_Page_OR/Page_Healthcare Manager/p_Participants' is clicked on

2019-04-10 18:05:56 - [MESSAGE][PASSED] - Object: 'Object Repository/Home_Page_OR/Page_Healthcare Manager/p_Participants' is clicked on

2019-04-10 18:05:56 - [TEST_STEP][PASSED] - click(findTestObject("Participants_Profile/Page_Healthcare Manager/i_Female_icon icon-views - Copy")): Object: 'Object Repository/Participants_Profile/Page_Healthcare Manager/i_Female_icon icon-views - Copy' is clicked on

2019-04-10 18:06:00 - [MESSAGE][PASSED] - Object: 'Object Repository/Participants_Profile/Page_Healthcare Manager/i_Female_icon icon-views - Copy' is clicked on

2019-04-10 18:06:00 - [TEST_STEP][PASSED] - click(findTestObject("profile_FMS/Page_Healthcare Manager/a_FMS")): Object: 'Object Repository/profile_FMS/Page_Healthcare Manager/a_FMS' is clicked on

2019-04-10 18:06:00 - [MESSAGE][PASSED] - Object: 'Object Repository/profile_FMS/Page_Healthcare Manager/a_FMS' is clicked on

2019-04-10 18:06:00 - [TEST_STEP][PASSED] - sendKeys(findTestObject("profile_FMS/Page_Healthcare Manager/input_Please Enter Your Credentials_pin"), "123456"): Keys '123456' sent to object: 'Object Repository/profile_FMS/Page_Healthcare Manager/input_Please Enter Your Credentials_pin'

2019-04-10 18:06:00 - [MESSAGE][PASSED] - Keys '123456' sent to object: 'Object Repository/profile_FMS/Page_Healthcare Manager/input_Please Enter Your Credentials_pin'

2019-04-10 18:06:00 - [TEST_STEP][PASSED] - submit(findTestObject("profile_FMS/Page_Healthcare Manager/input_Please Enter Your Credentials_pin")): The form containing object: 'Object Repository/profile_FMS/Page_Healthcare Manager/input_Please Enter Your Credentials_pin' is submitted

2019-04-10 18:06:00 - [MESSAGE][PASSED] - The form containing object: 'Object Repository/profile_FMS/Page_Healthcare Manager/input_Please Enter Your Credentials_pin' is submitted

2019-04-10 18:06:00 - [TEST_STEP][PASSED] - verifyElementVisible(findTestObject("profile_FMS/Page_Healthcare Manager/div_Feedback Tracker")): Object 'Object Repository/profile_FMS/Page_Healthcare Manager/div_Feedback Tracker' is visible

2019-04-10 18:06:01 - [MESSAGE][PASSED] - Object 'Object Repository/profile_FMS/Page_Healthcare Manager/div_Feedback Tracker' is visible

2019-04-10 18:06:01 - [MESSAGE][PASSED] - Call Test Case 'Test Cases/OCS_Page/Participants_page/Participants_Ptrofile/Participants_FMS' successfully

2019-04-10 18:06:01 - [TEST_STEP][PASSED] - callTestCase(findTestCase("TearDown/Broweser _close"), [:], STOP_ON_FAILURE): Call Test Case 'Test Cases/TearDown/Broweser _close' successfully

2019-04-10 18:06:01 - [TEST_CASE][PASSED] - Test Cases/TearDown/Broweser _close: Test Cases/TearDown/Broweser _close

2019-04-10 18:06:01 - [TEST_STEP][PASSED] - closeBrowser(): Browser is closed

2019-04-10 18:06:02 - [MESSAGE][PASSED] - Browser is closed

2019-04-10 18:06:02 - [MESSAGE][PASSED] - Call Test Case 'Test Cases/TearDown/Broweser _close' successfully]]></system-out>
         <system-err><![CDATA[]]></system-err>
      </testcase>
      <testcase name="Test Cases/OCS_Page_Test/Participants_Test/Participants_founds" classname="Test Cases/OCS_Page_Test/Participants_Test/Participants_founds" status="FAILED">
         <failure type="FAILED" message="Test Cases/OCS_Page_Test/Participants_Test/Participants_founds FAILED.
Reason:
com.kms.katalon.core.exception.StepFailedException: Unable to verify object 'Object Repository/found_module_or/Page_Healthcare Manager/Page_Healthcare Manager/Page_Healthcare Manager/div_The filetype you are attempting to upload is not allowed' is visible
	at com.kms.katalon.core.webui.keyword.internal.WebUIKeywordMain.stepFailed(WebUIKeywordMain.groovy:64)
	at com.kms.katalon.core.webui.keyword.internal.WebUIKeywordMain.runKeyword(WebUIKeywordMain.groovy:26)
	at com.kms.katalon.core.webui.keyword.builtin.VerifyElementVisibleKeyword.verifyElementVisible(VerifyElementVisibleKeyword.groovy:97)
	at com.kms.katalon.core.webui.keyword.builtin.VerifyElementVisibleKeyword.execute(VerifyElementVisibleKeyword.groovy:67)
	at com.kms.katalon.core.keyword.internal.KeywordExecutor.executeKeywordForPlatform(KeywordExecutor.groovy:56)
	at com.kms.katalon.core.webui.keyword.WebUiBuiltInKeywords.verifyElementVisible(WebUiBuiltInKeywords.groovy:372)
	at com.kms.katalon.core.webui.keyword.WebUiBuiltInKeywords$verifyElementVisible$13.call(Unknown Source)
	at Participants_founds.run(Participants_founds:55)
	at com.kms.katalon.core.main.ScriptEngine.run(ScriptEngine.java:194)
	at com.kms.katalon.core.main.ScriptEngine.runScriptAsRawText(ScriptEngine.java:119)
	at com.kms.katalon.core.main.TestCaseExecutor.runScript(TestCaseExecutor.java:331)
	at com.kms.katalon.core.main.TestCaseExecutor.doExecute(TestCaseExecutor.java:322)
	at com.kms.katalon.core.main.TestCaseExecutor.processExecutionPhase(TestCaseExecutor.java:301)
	at com.kms.katalon.core.main.TestCaseExecutor.accessMainPhase(TestCaseExecutor.java:293)
	at com.kms.katalon.core.main.TestCaseExecutor.execute(TestCaseExecutor.java:227)
	at com.kms.katalon.core.main.TestSuiteExecutor.accessTestCaseMainPhase(TestSuiteExecutor.java:129)
	at com.kms.katalon.core.main.TestSuiteExecutor.accessTestSuiteMainPhase(TestSuiteExecutor.java:112)
	at com.kms.katalon.core.main.TestSuiteExecutor.execute(TestSuiteExecutor.java:81)
	at com.kms.katalon.core.main.TestCaseMain.startTestSuite(TestCaseMain.java:157)
	at com.kms.katalon.core.main.TestCaseMain$startTestSuite$0.call(Unknown Source)
	at TempTestSuite1554899611213.run(TempTestSuite1554899611213.groovy:35)
Caused by: com.kms.katalon.core.exception.StepFailedException: Web element with id: 'Object Repository/found_module_or/Page_Healthcare Manager/Page_Healthcare Manager/Page_Healthcare Manager/div_The filetype you are attempting to upload is not allowed' located by 'By.xpath: //div[(text() = 'The filetype you are attempting to upload is not allowed.' or . = 'The filetype you are attempting to upload is not allowed.')]' not found
	at com.kms.katalon.core.webui.keyword.internal.WebUIKeywordMain.stepFailed(WebUIKeywordMain.groovy:64)
	at com.kms.katalon.core.webui.keyword.builtin.VerifyElementVisibleKeyword$_verifyElementVisible_closure1.doCall(VerifyElementVisibleKeyword.groovy:89)
	at com.kms.katalon.core.webui.keyword.builtin.VerifyElementVisibleKeyword$_verifyElementVisible_closure1.call(VerifyElementVisibleKeyword.groovy)
	at com.kms.katalon.core.webui.keyword.internal.WebUIKeywordMain.runKeyword(WebUIKeywordMain.groovy:20)
	... 19 more
"/>
         <system-out><![CDATA[2019-04-10 18:06:02 - [TEST_CASE][FAILED] - Test Cases/OCS_Page_Test/Participants_Test/Participants_founds: Test Cases/OCS_Page_Test/Participants_Test/Participants_founds FAILED.
Reason:
com.kms.katalon.core.exception.StepFailedException: Unable to verify object 'Object Repository/found_module_or/Page_Healthcare Manager/Page_Healthcare Manager/Page_Healthcare Manager/div_The filetype you are attempting to upload is not allowed' is visible
	at com.kms.katalon.core.webui.keyword.internal.WebUIKeywordMain.stepFailed(WebUIKeywordMain.groovy:64)
	at com.kms.katalon.core.webui.keyword.internal.WebUIKeywordMain.runKeyword(WebUIKeywordMain.groovy:26)
	at com.kms.katalon.core.webui.keyword.builtin.VerifyElementVisibleKeyword.verifyElementVisible(VerifyElementVisibleKeyword.groovy:97)
	at com.kms.katalon.core.webui.keyword.builtin.VerifyElementVisibleKeyword.execute(VerifyElementVisibleKeyword.groovy:67)
	at com.kms.katalon.core.keyword.internal.KeywordExecutor.executeKeywordForPlatform(KeywordExecutor.groovy:56)
	at com.kms.katalon.core.webui.keyword.WebUiBuiltInKeywords.verifyElementVisible(WebUiBuiltInKeywords.groovy:372)
	at com.kms.katalon.core.webui.keyword.WebUiBuiltInKeywords$verifyElementVisible$13.call(Unknown Source)
	at Participants_founds.run(Participants_founds:55)
	at com.kms.katalon.core.main.ScriptEngine.run(ScriptEngine.java:194)
	at com.kms.katalon.core.main.ScriptEngine.runScriptAsRawText(ScriptEngine.java:119)
	at com.kms.katalon.core.main.TestCaseExecutor.runScript(TestCaseExecutor.java:331)
	at com.kms.katalon.core.main.TestCaseExecutor.doExecute(TestCaseExecutor.java:322)
	at com.kms.katalon.core.main.TestCaseExecutor.processExecutionPhase(TestCaseExecutor.java:301)
	at com.kms.katalon.core.main.TestCaseExecutor.accessMainPhase(TestCaseExecutor.java:293)
	at com.kms.katalon.core.main.TestCaseExecutor.execute(TestCaseExecutor.java:227)
	at com.kms.katalon.core.main.TestSuiteExecutor.accessTestCaseMainPhase(TestSuiteExecutor.java:129)
	at com.kms.katalon.core.main.TestSuiteExecutor.accessTestSuiteMainPhase(TestSuiteExecutor.java:112)
	at com.kms.katalon.core.main.TestSuiteExecutor.execute(TestSuiteExecutor.java:81)
	at com.kms.katalon.core.main.TestCaseMain.startTestSuite(TestCaseMain.java:157)
	at com.kms.katalon.core.main.TestCaseMain$startTestSuite$0.call(Unknown Source)
	at TempTestSuite1554899611213.run(TempTestSuite1554899611213.groovy:35)
Caused by: com.kms.katalon.core.exception.StepFailedException: Web element with id: 'Object Repository/found_module_or/Page_Healthcare Manager/Page_Healthcare Manager/Page_Healthcare Manager/div_The filetype you are attempting to upload is not allowed' located by 'By.xpath: //div[(text() = 'The filetype you are attempting to upload is not allowed.' or . = 'The filetype you are attempting to upload is not allowed.')]' not found
	at com.kms.katalon.core.webui.keyword.internal.WebUIKeywordMain.stepFailed(WebUIKeywordMain.groovy:64)
	at com.kms.katalon.core.webui.keyword.builtin.VerifyElementVisibleKeyword$_verifyElementVisible_closure1.doCall(VerifyElementVisibleKeyword.groovy:89)
	at com.kms.katalon.core.webui.keyword.builtin.VerifyElementVisibleKeyword$_verifyElementVisible_closure1.call(VerifyElementVisibleKeyword.groovy)
	at com.kms.katalon.core.webui.keyword.internal.WebUIKeywordMain.runKeyword(WebUIKeywordMain.groovy:20)
	... 19 more


2019-04-10 18:06:02 - [TEST_STEP][PASSED] - callTestCase(findTestCase("SetUpp/SetUp"), [:], STOP_ON_FAILURE): Call Test Case 'Test Cases/SetUpp/SetUp' successfully

2019-04-10 18:06:02 - [TEST_CASE][PASSED] - Test Cases/SetUpp/SetUp: Test Cases/SetUpp/SetUp

2019-04-10 18:06:02 - [TEST_STEP][PASSED] - openBrowser(""): Browser is opened with url: ''

2019-04-10 18:06:02 - [MESSAGE][INFO] - Starting 'Firefox' driver

2019-04-10 18:06:04 - [MESSAGE][PASSED] - Browser is opened with url: ''

2019-04-10 18:06:04 - [TEST_STEP][PASSED] - navigateToUrl("https://ydtwebstaging.com"): Navigate to 'https://ydtwebstaging.com' successfully

2019-04-10 18:06:10 - [MESSAGE][PASSED] - Navigate to 'https://ydtwebstaging.com' successfully

2019-04-10 18:06:10 - [TEST_STEP][PASSED] - maximizeWindow(): Current window maximized

2019-04-10 18:06:11 - [MESSAGE][PASSED] - Current window maximized

2019-04-10 18:06:11 - [TEST_STEP][PASSED] - deleteAllCookies(): Delete all cookies successfully

2019-04-10 18:06:11 - [MESSAGE][PASSED] - Delete all cookies successfully

2019-04-10 18:06:11 - [TEST_STEP][PASSED] - getWindowTitle(): Current window's title is: 'Healthcare Manager'

2019-04-10 18:06:11 - [MESSAGE][PASSED] - Current window's title is: 'Healthcare Manager'

2019-04-10 18:06:11 - [TEST_STEP][PASSED] - waitForPageLoad(30): Wait for page load successfully

2019-04-10 18:06:11 - [MESSAGE][PASSED] - Wait for page load successfully

2019-04-10 18:06:11 - [MESSAGE][PASSED] - Call Test Case 'Test Cases/SetUpp/SetUp' successfully

2019-04-10 18:06:11 - [TEST_STEP][PASSED] - callTestCase(findTestCase("OCS_Page/Login_Page/LoginPage_Positive_validate"), [:], STOP_ON_FAILURE): Call Test Case 'Test Cases/OCS_Page/Login_Page/LoginPage_Positive_validate' successfully

2019-04-10 18:06:11 - [TEST_CASE][PASSED] - Test Cases/OCS_Page/Login_Page/LoginPage_Positive_validate: Test Cases/OCS_Page/Login_Page/LoginPage_Positive_validate

2019-04-10 18:06:11 - [TEST_STEP][PASSED] - setText(findTestObject("Login_Page_OB/Page_Healthcare Manager/input_Login here_username"), "admin"): Text 'admin' is set on object 'Object Repository/Login_Page_OB/Page_Healthcare Manager/input_Login here_username'

2019-04-10 18:06:11 - [MESSAGE][PASSED] - Text 'admin' is set on object 'Object Repository/Login_Page_OB/Page_Healthcare Manager/input_Login here_username'

2019-04-10 18:06:11 - [TEST_STEP][PASSED] - setText(findTestObject("Login_Page_OB/Page_Healthcare Manager/input_Login here_password"), "123456"): Text '123456' is set on object 'Object Repository/Login_Page_OB/Page_Healthcare Manager/input_Login here_password'

2019-04-10 18:06:11 - [MESSAGE][PASSED] - Text '123456' is set on object 'Object Repository/Login_Page_OB/Page_Healthcare Manager/input_Login here_password'

2019-04-10 18:06:11 - [TEST_STEP][PASSED] - click(findTestObject("Login_Page_OB/Page_Healthcare Manager/button_Submit")): Object: 'Object Repository/Login_Page_OB/Page_Healthcare Manager/button_Submit' is clicked on

2019-04-10 18:06:11 - [MESSAGE][PASSED] - Object: 'Object Repository/Login_Page_OB/Page_Healthcare Manager/button_Submit' is clicked on

2019-04-10 18:06:11 - [TEST_STEP][NOT_RUN] - verifyElementVisible(findTestObject("Login_Page_OB/Page_Healthcare Manager/div_Login successfully")): NOT_RUN: verifyElementVisible(findTestObject("Login_Page_OB/Page_Healthcare Manager/div_Login successfully"))

2019-04-10 18:06:11 - [MESSAGE][NOT_RUN] - NOT_RUN: verifyElementVisible(findTestObject("Login_Page_OB/Page_Healthcare Manager/div_Login successfully"))

2019-04-10 18:06:11 - [MESSAGE][PASSED] - Call Test Case 'Test Cases/OCS_Page/Login_Page/LoginPage_Positive_validate' successfully

2019-04-10 18:06:11 - [TEST_STEP][PASSED] - click(findTestObject("Home_Page_OR/Page_Healthcare Manager/p_Participants")): Object: 'Object Repository/Home_Page_OR/Page_Healthcare Manager/p_Participants' is clicked on

2019-04-10 18:06:13 - [MESSAGE][PASSED] - Object: 'Object Repository/Home_Page_OR/Page_Healthcare Manager/p_Participants' is clicked on

2019-04-10 18:06:13 - [TEST_STEP][PASSED] - click(findTestObject("Participants_Profile/Page_Healthcare Manager/i_Female_icon icon-views - Copy")): Object: 'Object Repository/Participants_Profile/Page_Healthcare Manager/i_Female_icon icon-views - Copy' is clicked on

2019-04-10 18:06:16 - [MESSAGE][PASSED] - Object: 'Object Repository/Participants_Profile/Page_Healthcare Manager/i_Female_icon icon-views - Copy' is clicked on

2019-04-10 18:06:16 - [TEST_STEP][PASSED] - click(findTestObject("found_module_or/Page_Healthcare Manager/Page_Healthcare Manager/a_Funding")): Object: 'Object Repository/found_module_or/Page_Healthcare Manager/Page_Healthcare Manager/a_Funding' is clicked on

2019-04-10 18:06:17 - [MESSAGE][PASSED] - Object: 'Object Repository/found_module_or/Page_Healthcare Manager/Page_Healthcare Manager/a_Funding' is clicked on

2019-04-10 18:06:17 - [TEST_STEP][PASSED] - click(findTestObject("found_module_or/Page_Healthcare Manager/a_Docs_link")): Object: 'Object Repository/found_module_or/Page_Healthcare Manager/a_Docs_link' is clicked on

2019-04-10 18:06:17 - [MESSAGE][PASSED] - Object: 'Object Repository/found_module_or/Page_Healthcare Manager/a_Docs_link' is clicked on

2019-04-10 18:06:17 - [TEST_STEP][PASSED] - click(findTestObject("found_module_or/Page_Healthcare Manager/a_Upload New Doc(s)")): Object: 'Object Repository/found_module_or/Page_Healthcare Manager/a_Upload New Doc(s)' is clicked on

2019-04-10 18:06:18 - [MESSAGE][PASSED] - Object: 'Object Repository/found_module_or/Page_Healthcare Manager/a_Upload New Doc(s)' is clicked on

2019-04-10 18:06:18 - [TEST_STEP][PASSED] - setText(findTestObject("found_module_or/Page_Healthcare Manager/input"), "Demo download"): Text 'Demo download' is set on object 'Object Repository/found_module_or/Page_Healthcare Manager/input'

2019-04-10 18:06:18 - [MESSAGE][PASSED] - Text 'Demo download' is set on object 'Object Repository/found_module_or/Page_Healthcare Manager/input'

2019-04-10 18:06:18 - [TEST_STEP][PASSED] - click(findTestObject("found_module_or/Page_Healthcare Manager/div_Select_docs cat")): Object: 'Object Repository/found_module_or/Page_Healthcare Manager/div_Select_docs cat' is clicked on

2019-04-10 18:06:18 - [MESSAGE][PASSED] - Object: 'Object Repository/found_module_or/Page_Healthcare Manager/div_Select_docs cat' is clicked on

2019-04-10 18:06:18 - [TEST_STEP][PASSED] - click(findTestObject("found_module_or/Page_Healthcare Manager/div_Option 2")): Object: 'Object Repository/found_module_or/Page_Healthcare Manager/div_Option 2' is clicked on

2019-04-10 18:06:19 - [MESSAGE][PASSED] - Object: 'Object Repository/found_module_or/Page_Healthcare Manager/div_Option 2' is clicked on

2019-04-10 18:06:19 - [TEST_STEP][PASSED] - setText(findTestObject("found_module_or/Page_Healthcare Manager/input_Docs Expiry Date_expiry_date"), "20-04-2019"): Text '20-04-2019' is set on object 'Object Repository/found_module_or/Page_Healthcare Manager/input_Docs Expiry Date_expiry_date'

2019-04-10 18:06:20 - [MESSAGE][PASSED] - Text '20-04-2019' is set on object 'Object Repository/found_module_or/Page_Healthcare Manager/input_Docs Expiry Date_expiry_date'

2019-04-10 18:06:20 - [TEST_STEP][PASSED] - if (false): null

2019-04-10 18:06:20 - [TEST_STEP][FAILED] - else: else FAILED.
Reason:
com.kms.katalon.core.exception.StepFailedException: Unable to verify object 'Object Repository/found_module_or/Page_Healthcare Manager/Page_Healthcare Manager/Page_Healthcare Manager/div_The filetype you are attempting to upload is not allowed' is visible
	at com.kms.katalon.core.webui.keyword.internal.WebUIKeywordMain.stepFailed(WebUIKeywordMain.groovy:64)
	at com.kms.katalon.core.webui.keyword.internal.WebUIKeywordMain.runKeyword(WebUIKeywordMain.groovy:26)
	at com.kms.katalon.core.webui.keyword.builtin.VerifyElementVisibleKeyword.verifyElementVisible(VerifyElementVisibleKeyword.groovy:97)
	at com.kms.katalon.core.webui.keyword.builtin.VerifyElementVisibleKeyword.execute(VerifyElementVisibleKeyword.groovy:67)
	at com.kms.katalon.core.keyword.internal.KeywordExecutor.executeKeywordForPlatform(KeywordExecutor.groovy:56)
	at com.kms.katalon.core.webui.keyword.WebUiBuiltInKeywords.verifyElementVisible(WebUiBuiltInKeywords.groovy:372)
	at com.kms.katalon.core.webui.keyword.WebUiBuiltInKeywords$verifyElementVisible$13.call(Unknown Source)
	at Participants_founds.run(Participants_founds:55)
	at com.kms.katalon.core.main.ScriptEngine.run(ScriptEngine.java:194)
	at com.kms.katalon.core.main.ScriptEngine.runScriptAsRawText(ScriptEngine.java:119)
	at com.kms.katalon.core.main.TestCaseExecutor.runScript(TestCaseExecutor.java:331)
	at com.kms.katalon.core.main.TestCaseExecutor.doExecute(TestCaseExecutor.java:322)
	at com.kms.katalon.core.main.TestCaseExecutor.processExecutionPhase(TestCaseExecutor.java:301)
	at com.kms.katalon.core.main.TestCaseExecutor.accessMainPhase(TestCaseExecutor.java:293)
	at com.kms.katalon.core.main.TestCaseExecutor.execute(TestCaseExecutor.java:227)
	at com.kms.katalon.core.main.TestSuiteExecutor.accessTestCaseMainPhase(TestSuiteExecutor.java:129)
	at com.kms.katalon.core.main.TestSuiteExecutor.accessTestSuiteMainPhase(TestSuiteExecutor.java:112)
	at com.kms.katalon.core.main.TestSuiteExecutor.execute(TestSuiteExecutor.java:81)
	at com.kms.katalon.core.main.TestCaseMain.startTestSuite(TestCaseMain.java:157)
	at com.kms.katalon.core.main.TestCaseMain$startTestSuite$0.call(Unknown Source)
	at TempTestSuite1554899611213.run(TempTestSuite1554899611213.groovy:35)
Caused by: com.kms.katalon.core.exception.StepFailedException: Web element with id: 'Object Repository/found_module_or/Page_Healthcare Manager/Page_Healthcare Manager/Page_Healthcare Manager/div_The filetype you are attempting to upload is not allowed' located by 'By.xpath: //div[(text() = 'The filetype you are attempting to upload is not allowed.' or . = 'The filetype you are attempting to upload is not allowed.')]' not found
	at com.kms.katalon.core.webui.keyword.internal.WebUIKeywordMain.stepFailed(WebUIKeywordMain.groovy:64)
	at com.kms.katalon.core.webui.keyword.builtin.VerifyElementVisibleKeyword$_verifyElementVisible_closure1.doCall(VerifyElementVisibleKeyword.groovy:89)
	at com.kms.katalon.core.webui.keyword.builtin.VerifyElementVisibleKeyword$_verifyElementVisible_closure1.call(VerifyElementVisibleKeyword.groovy)
	at com.kms.katalon.core.webui.keyword.internal.WebUIKeywordMain.runKeyword(WebUIKeywordMain.groovy:20)
	... 19 more


2019-04-10 18:06:20 - [TEST_STEP][PASSED] - Upload.uploadfile(findTestObject("found_module_or/Page_Healthcare Manager/i_Upload New Doc(s)_field"), "C:\Users\win10\Documents\daily task.txt"): Upload.uploadfile is PASSED

2019-04-10 18:06:20 - [MESSAGE][PASSED] - Object: 'Object Repository/found_module_or/Page_Healthcare Manager/i_Upload New Doc(s)_field' is clicked on

2019-04-10 18:06:21 - [MESSAGE][PASSED] - Upload.uploadfile is PASSED

2019-04-10 18:06:21 - [TEST_STEP][PASSED] - click(findTestObject("found_module_or/Page_Healthcare Manager/input__save_btn")): Object: 'Object Repository/found_module_or/Page_Healthcare Manager/input__save_btn' is clicked on

2019-04-10 18:06:21 - [MESSAGE][PASSED] - Object: 'Object Repository/found_module_or/Page_Healthcare Manager/input__save_btn' is clicked on

2019-04-10 18:06:21 - [TEST_STEP][PASSED] - delay(5): Delayed 5 second(s)

2019-04-10 18:06:26 - [MESSAGE][PASSED] - Delayed 5 second(s)

2019-04-10 18:06:26 - [TEST_STEP][FAILED] - verifyElementVisible(findTestObject("found_module_or/Page_Healthcare Manager/Page_Healthcare Manager/Page_Healthcare Manager/div_The filetype you are attempting to upload is not allowed")): else FAILED.
Reason:
com.kms.katalon.core.exception.StepFailedException: Unable to verify object 'Object Repository/found_module_or/Page_Healthcare Manager/Page_Healthcare Manager/Page_Healthcare Manager/div_The filetype you are attempting to upload is not allowed' is visible
	at com.kms.katalon.core.webui.keyword.internal.WebUIKeywordMain.stepFailed(WebUIKeywordMain.groovy:64)
	at com.kms.katalon.core.webui.keyword.internal.WebUIKeywordMain.runKeyword(WebUIKeywordMain.groovy:26)
	at com.kms.katalon.core.webui.keyword.builtin.VerifyElementVisibleKeyword.verifyElementVisible(VerifyElementVisibleKeyword.groovy:97)
	at com.kms.katalon.core.webui.keyword.builtin.VerifyElementVisibleKeyword.execute(VerifyElementVisibleKeyword.groovy:67)
	at com.kms.katalon.core.keyword.internal.KeywordExecutor.executeKeywordForPlatform(KeywordExecutor.groovy:56)
	at com.kms.katalon.core.webui.keyword.WebUiBuiltInKeywords.verifyElementVisible(WebUiBuiltInKeywords.groovy:372)
	at com.kms.katalon.core.webui.keyword.WebUiBuiltInKeywords$verifyElementVisible$13.call(Unknown Source)
	at Participants_founds.run(Participants_founds:55)
	at com.kms.katalon.core.main.ScriptEngine.run(ScriptEngine.java:194)
	at com.kms.katalon.core.main.ScriptEngine.runScriptAsRawText(ScriptEngine.java:119)
	at com.kms.katalon.core.main.TestCaseExecutor.runScript(TestCaseExecutor.java:331)
	at com.kms.katalon.core.main.TestCaseExecutor.doExecute(TestCaseExecutor.java:322)
	at com.kms.katalon.core.main.TestCaseExecutor.processExecutionPhase(TestCaseExecutor.java:301)
	at com.kms.katalon.core.main.TestCaseExecutor.accessMainPhase(TestCaseExecutor.java:293)
	at com.kms.katalon.core.main.TestCaseExecutor.execute(TestCaseExecutor.java:227)
	at com.kms.katalon.core.main.TestSuiteExecutor.accessTestCaseMainPhase(TestSuiteExecutor.java:129)
	at com.kms.katalon.core.main.TestSuiteExecutor.accessTestSuiteMainPhase(TestSuiteExecutor.java:112)
	at com.kms.katalon.core.main.TestSuiteExecutor.execute(TestSuiteExecutor.java:81)
	at com.kms.katalon.core.main.TestCaseMain.startTestSuite(TestCaseMain.java:157)
	at com.kms.katalon.core.main.TestCaseMain$startTestSuite$0.call(Unknown Source)
	at TempTestSuite1554899611213.run(TempTestSuite1554899611213.groovy:35)
Caused by: com.kms.katalon.core.exception.StepFailedException: Web element with id: 'Object Repository/found_module_or/Page_Healthcare Manager/Page_Healthcare Manager/Page_Healthcare Manager/div_The filetype you are attempting to upload is not allowed' located by 'By.xpath: //div[(text() = 'The filetype you are attempting to upload is not allowed.' or . = 'The filetype you are attempting to upload is not allowed.')]' not found
	at com.kms.katalon.core.webui.keyword.internal.WebUIKeywordMain.stepFailed(WebUIKeywordMain.groovy:64)
	at com.kms.katalon.core.webui.keyword.builtin.VerifyElementVisibleKeyword$_verifyElementVisible_closure1.doCall(VerifyElementVisibleKeyword.groovy:89)
	at com.kms.katalon.core.webui.keyword.builtin.VerifyElementVisibleKeyword$_verifyElementVisible_closure1.call(VerifyElementVisibleKeyword.groovy)
	at com.kms.katalon.core.webui.keyword.internal.WebUIKeywordMain.runKeyword(WebUIKeywordMain.groovy:20)
	... 19 more


2019-04-10 18:06:56 - [MESSAGE][INFO] - Unable to find the element located by 'By.xpath: //div[(text() = 'The filetype you are attempting to upload is not allowed.' or . = 'The filetype you are attempting to upload is not allowed.')]'. Please recheck the objects properties to make sure the desired element is located. 

2019-04-10 18:06:56 - [MESSAGE][FAILED] - Web element with id: 'Object Repository/found_module_or/Page_Healthcare Manager/Page_Healthcare Manager/Page_Healthcare Manager/div_The filetype you are attempting to upload is not allowed' located by 'By.xpath: //div[(text() = 'The filetype you are attempting to upload is not allowed.' or . = 'The filetype you are attempting to upload is not allowed.')]' not found (Root cause: com.kms.katalon.core.exception.StepFailedException: Web element with id: 'Object Repository/found_module_or/Page_Healthcare Manager/Page_Healthcare Manager/Page_Healthcare Manager/div_The filetype you are attempting to upload is not allowed' located by 'By.xpath: //div[(text() = 'The filetype you are attempting to upload is not allowed.' or . = 'The filetype you are attempting to upload is not allowed.')]' not found
	at com.kms.katalon.core.webui.keyword.internal.WebUIKeywordMain.stepFailed(WebUIKeywordMain.groovy:64)
	at com.kms.katalon.core.webui.keyword.builtin.VerifyElementVisibleKeyword$_verifyElementVisible_closure1.doCall(VerifyElementVisibleKeyword.groovy:89)
	at com.kms.katalon.core.webui.keyword.builtin.VerifyElementVisibleKeyword$_verifyElementVisible_closure1.call(VerifyElementVisibleKeyword.groovy)
	at com.kms.katalon.core.webui.keyword.internal.WebUIKeywordMain.runKeyword(WebUIKeywordMain.groovy:20)
	at com.kms.katalon.core.webui.keyword.builtin.VerifyElementVisibleKeyword.verifyElementVisible(VerifyElementVisibleKeyword.groovy:97)
	at com.kms.katalon.core.webui.keyword.builtin.VerifyElementVisibleKeyword.execute(VerifyElementVisibleKeyword.groovy:67)
	at com.kms.katalon.core.keyword.internal.KeywordExecutor.executeKeywordForPlatform(KeywordExecutor.groovy:56)
	at com.kms.katalon.core.webui.keyword.WebUiBuiltInKeywords.verifyElementVisible(WebUiBuiltInKeywords.groovy:372)
	at com.kms.katalon.core.webui.keyword.WebUiBuiltInKeywords$verifyElementVisible$13.call(Unknown Source)
	at Participants_founds.run(Participants_founds:55)
	at com.kms.katalon.core.main.ScriptEngine.run(ScriptEngine.java:194)
	at com.kms.katalon.core.main.ScriptEngine.runScriptAsRawText(ScriptEngine.java:119)
	at com.kms.katalon.core.main.TestCaseExecutor.runScript(TestCaseExecutor.java:331)
	at com.kms.katalon.core.main.TestCaseExecutor.doExecute(TestCaseExecutor.java:322)
	at com.kms.katalon.core.main.TestCaseExecutor.processExecutionPhase(TestCaseExecutor.java:301)
	at com.kms.katalon.core.main.TestCaseExecutor.accessMainPhase(TestCaseExecutor.java:293)
	at com.kms.katalon.core.main.TestCaseExecutor.execute(TestCaseExecutor.java:227)
	at com.kms.katalon.core.main.TestSuiteExecutor.accessTestCaseMainPhase(TestSuiteExecutor.java:129)
	at com.kms.katalon.core.main.TestSuiteExecutor.accessTestSuiteMainPhase(TestSuiteExecutor.java:112)
	at com.kms.katalon.core.main.TestSuiteExecutor.execute(TestSuiteExecutor.java:81)
	at com.kms.katalon.core.main.TestCaseMain.startTestSuite(TestCaseMain.java:157)
	at com.kms.katalon.core.main.TestCaseMain$startTestSuite$0.call(Unknown Source)
	at TempTestSuite1554899611213.run(TempTestSuite1554899611213.groovy:35)
)
[[ATTACHMENT|C:\\Users\\win10\\git\\hcm_qa\\OCS_HCM\\OCS_HCM\\Reports\\ParticipantsPage Test\\20190410_180331\\1554899816766.png]]

2019-04-10 18:06:56 - [MESSAGE][FAILED] - Unable to verify object 'Object Repository/found_module_or/Page_Healthcare Manager/Page_Healthcare Manager/Page_Healthcare Manager/div_The filetype you are attempting to upload is not allowed' is visible (Root cause: com.kms.katalon.core.exception.StepFailedException: Unable to verify object 'Object Repository/found_module_or/Page_Healthcare Manager/Page_Healthcare Manager/Page_Healthcare Manager/div_The filetype you are attempting to upload is not allowed' is visible
	at com.kms.katalon.core.webui.keyword.internal.WebUIKeywordMain.stepFailed(WebUIKeywordMain.groovy:64)
	at com.kms.katalon.core.webui.keyword.internal.WebUIKeywordMain.runKeyword(WebUIKeywordMain.groovy:26)
	at com.kms.katalon.core.webui.keyword.builtin.VerifyElementVisibleKeyword.verifyElementVisible(VerifyElementVisibleKeyword.groovy:97)
	at com.kms.katalon.core.webui.keyword.builtin.VerifyElementVisibleKeyword.execute(VerifyElementVisibleKeyword.groovy:67)
	at com.kms.katalon.core.keyword.internal.KeywordExecutor.executeKeywordForPlatform(KeywordExecutor.groovy:56)
	at com.kms.katalon.core.webui.keyword.WebUiBuiltInKeywords.verifyElementVisible(WebUiBuiltInKeywords.groovy:372)
	at com.kms.katalon.core.webui.keyword.WebUiBuiltInKeywords$verifyElementVisible$13.call(Unknown Source)
	at Participants_founds.run(Participants_founds:55)
	at com.kms.katalon.core.main.ScriptEngine.run(ScriptEngine.java:194)
	at com.kms.katalon.core.main.ScriptEngine.runScriptAsRawText(ScriptEngine.java:119)
	at com.kms.katalon.core.main.TestCaseExecutor.runScript(TestCaseExecutor.java:331)
	at com.kms.katalon.core.main.TestCaseExecutor.doExecute(TestCaseExecutor.java:322)
	at com.kms.katalon.core.main.TestCaseExecutor.processExecutionPhase(TestCaseExecutor.java:301)
	at com.kms.katalon.core.main.TestCaseExecutor.accessMainPhase(TestCaseExecutor.java:293)
	at com.kms.katalon.core.main.TestCaseExecutor.execute(TestCaseExecutor.java:227)
	at com.kms.katalon.core.main.TestSuiteExecutor.accessTestCaseMainPhase(TestSuiteExecutor.java:129)
	at com.kms.katalon.core.main.TestSuiteExecutor.accessTestSuiteMainPhase(TestSuiteExecutor.java:112)
	at com.kms.katalon.core.main.TestSuiteExecutor.execute(TestSuiteExecutor.java:81)
	at com.kms.katalon.core.main.TestCaseMain.startTestSuite(TestCaseMain.java:157)
	at com.kms.katalon.core.main.TestCaseMain$startTestSuite$0.call(Unknown Source)
	at TempTestSuite1554899611213.run(TempTestSuite1554899611213.groovy:35)
Caused by: com.kms.katalon.core.exception.StepFailedException: Web element with id: 'Object Repository/found_module_or/Page_Healthcare Manager/Page_Healthcare Manager/Page_Healthcare Manager/div_The filetype you are attempting to upload is not allowed' located by 'By.xpath: //div[(text() = 'The filetype you are attempting to upload is not allowed.' or . = 'The filetype you are attempting to upload is not allowed.')]' not found
	at com.kms.katalon.core.webui.keyword.internal.WebUIKeywordMain.stepFailed(WebUIKeywordMain.groovy:64)
	at com.kms.katalon.core.webui.keyword.builtin.VerifyElementVisibleKeyword$_verifyElementVisible_closure1.doCall(VerifyElementVisibleKeyword.groovy:89)
	at com.kms.katalon.core.webui.keyword.builtin.VerifyElementVisibleKeyword$_verifyElementVisible_closure1.call(VerifyElementVisibleKeyword.groovy)
	at com.kms.katalon.core.webui.keyword.internal.WebUIKeywordMain.runKeyword(WebUIKeywordMain.groovy:20)
	... 19 more
)
[[ATTACHMENT|C:\\Users\\win10\\git\\hcm_qa\\OCS_HCM\\OCS_HCM\\Reports\\ParticipantsPage Test\\20190410_180331\\1554899816841.png]]

2019-04-10 18:06:56 - [MESSAGE][FAILED] - else FAILED.
Reason:
com.kms.katalon.core.exception.StepFailedException: Unable to verify object 'Object Repository/found_module_or/Page_Healthcare Manager/Page_Healthcare Manager/Page_Healthcare Manager/div_The filetype you are attempting to upload is not allowed' is visible
	at com.kms.katalon.core.webui.keyword.internal.WebUIKeywordMain.stepFailed(WebUIKeywordMain.groovy:64)
	at com.kms.katalon.core.webui.keyword.internal.WebUIKeywordMain.runKeyword(WebUIKeywordMain.groovy:26)
	at com.kms.katalon.core.webui.keyword.builtin.VerifyElementVisibleKeyword.verifyElementVisible(VerifyElementVisibleKeyword.groovy:97)
	at com.kms.katalon.core.webui.keyword.builtin.VerifyElementVisibleKeyword.execute(VerifyElementVisibleKeyword.groovy:67)
	at com.kms.katalon.core.keyword.internal.KeywordExecutor.executeKeywordForPlatform(KeywordExecutor.groovy:56)
	at com.kms.katalon.core.webui.keyword.WebUiBuiltInKeywords.verifyElementVisible(WebUiBuiltInKeywords.groovy:372)
	at com.kms.katalon.core.webui.keyword.WebUiBuiltInKeywords$verifyElementVisible$13.call(Unknown Source)
	at Participants_founds.run(Participants_founds:55)
	at com.kms.katalon.core.main.ScriptEngine.run(ScriptEngine.java:194)
	at com.kms.katalon.core.main.ScriptEngine.runScriptAsRawText(ScriptEngine.java:119)
	at com.kms.katalon.core.main.TestCaseExecutor.runScript(TestCaseExecutor.java:331)
	at com.kms.katalon.core.main.TestCaseExecutor.doExecute(TestCaseExecutor.java:322)
	at com.kms.katalon.core.main.TestCaseExecutor.processExecutionPhase(TestCaseExecutor.java:301)
	at com.kms.katalon.core.main.TestCaseExecutor.accessMainPhase(TestCaseExecutor.java:293)
	at com.kms.katalon.core.main.TestCaseExecutor.execute(TestCaseExecutor.java:227)
	at com.kms.katalon.core.main.TestSuiteExecutor.accessTestCaseMainPhase(TestSuiteExecutor.java:129)
	at com.kms.katalon.core.main.TestSuiteExecutor.accessTestSuiteMainPhase(TestSuiteExecutor.java:112)
	at com.kms.katalon.core.main.TestSuiteExecutor.execute(TestSuiteExecutor.java:81)
	at com.kms.katalon.core.main.TestCaseMain.startTestSuite(TestCaseMain.java:157)
	at com.kms.katalon.core.main.TestCaseMain$startTestSuite$0.call(Unknown Source)
	at TempTestSuite1554899611213.run(TempTestSuite1554899611213.groovy:35)
Caused by: com.kms.katalon.core.exception.StepFailedException: Web element with id: 'Object Repository/found_module_or/Page_Healthcare Manager/Page_Healthcare Manager/Page_Healthcare Manager/div_The filetype you are attempting to upload is not allowed' located by 'By.xpath: //div[(text() = 'The filetype you are attempting to upload is not allowed.' or . = 'The filetype you are attempting to upload is not allowed.')]' not found
	at com.kms.katalon.core.webui.keyword.internal.WebUIKeywordMain.stepFailed(WebUIKeywordMain.groovy:64)
	at com.kms.katalon.core.webui.keyword.builtin.VerifyElementVisibleKeyword$_verifyElementVisible_closure1.doCall(VerifyElementVisibleKeyword.groovy:89)
	at com.kms.katalon.core.webui.keyword.builtin.VerifyElementVisibleKeyword$_verifyElementVisible_closure1.call(VerifyElementVisibleKeyword.groovy)
	at com.kms.katalon.core.webui.keyword.internal.WebUIKeywordMain.runKeyword(WebUIKeywordMain.groovy:20)
	... 19 more]]></system-out>
         <system-err><![CDATA[2019-04-10 18:06:02 - [TEST_CASE][FAILED] - Test Cases/OCS_Page_Test/Participants_Test/Participants_founds: Test Cases/OCS_Page_Test/Participants_Test/Participants_founds FAILED.
Reason:
com.kms.katalon.core.exception.StepFailedException: Unable to verify object 'Object Repository/found_module_or/Page_Healthcare Manager/Page_Healthcare Manager/Page_Healthcare Manager/div_The filetype you are attempting to upload is not allowed' is visible
	at com.kms.katalon.core.webui.keyword.internal.WebUIKeywordMain.stepFailed(WebUIKeywordMain.groovy:64)
	at com.kms.katalon.core.webui.keyword.internal.WebUIKeywordMain.runKeyword(WebUIKeywordMain.groovy:26)
	at com.kms.katalon.core.webui.keyword.builtin.VerifyElementVisibleKeyword.verifyElementVisible(VerifyElementVisibleKeyword.groovy:97)
	at com.kms.katalon.core.webui.keyword.builtin.VerifyElementVisibleKeyword.execute(VerifyElementVisibleKeyword.groovy:67)
	at com.kms.katalon.core.keyword.internal.KeywordExecutor.executeKeywordForPlatform(KeywordExecutor.groovy:56)
	at com.kms.katalon.core.webui.keyword.WebUiBuiltInKeywords.verifyElementVisible(WebUiBuiltInKeywords.groovy:372)
	at com.kms.katalon.core.webui.keyword.WebUiBuiltInKeywords$verifyElementVisible$13.call(Unknown Source)
	at Participants_founds.run(Participants_founds:55)
	at com.kms.katalon.core.main.ScriptEngine.run(ScriptEngine.java:194)
	at com.kms.katalon.core.main.ScriptEngine.runScriptAsRawText(ScriptEngine.java:119)
	at com.kms.katalon.core.main.TestCaseExecutor.runScript(TestCaseExecutor.java:331)
	at com.kms.katalon.core.main.TestCaseExecutor.doExecute(TestCaseExecutor.java:322)
	at com.kms.katalon.core.main.TestCaseExecutor.processExecutionPhase(TestCaseExecutor.java:301)
	at com.kms.katalon.core.main.TestCaseExecutor.accessMainPhase(TestCaseExecutor.java:293)
	at com.kms.katalon.core.main.TestCaseExecutor.execute(TestCaseExecutor.java:227)
	at com.kms.katalon.core.main.TestSuiteExecutor.accessTestCaseMainPhase(TestSuiteExecutor.java:129)
	at com.kms.katalon.core.main.TestSuiteExecutor.accessTestSuiteMainPhase(TestSuiteExecutor.java:112)
	at com.kms.katalon.core.main.TestSuiteExecutor.execute(TestSuiteExecutor.java:81)
	at com.kms.katalon.core.main.TestCaseMain.startTestSuite(TestCaseMain.java:157)
	at com.kms.katalon.core.main.TestCaseMain$startTestSuite$0.call(Unknown Source)
	at TempTestSuite1554899611213.run(TempTestSuite1554899611213.groovy:35)
Caused by: com.kms.katalon.core.exception.StepFailedException: Web element with id: 'Object Repository/found_module_or/Page_Healthcare Manager/Page_Healthcare Manager/Page_Healthcare Manager/div_The filetype you are attempting to upload is not allowed' located by 'By.xpath: //div[(text() = 'The filetype you are attempting to upload is not allowed.' or . = 'The filetype you are attempting to upload is not allowed.')]' not found
	at com.kms.katalon.core.webui.keyword.internal.WebUIKeywordMain.stepFailed(WebUIKeywordMain.groovy:64)
	at com.kms.katalon.core.webui.keyword.builtin.VerifyElementVisibleKeyword$_verifyElementVisible_closure1.doCall(VerifyElementVisibleKeyword.groovy:89)
	at com.kms.katalon.core.webui.keyword.builtin.VerifyElementVisibleKeyword$_verifyElementVisible_closure1.call(VerifyElementVisibleKeyword.groovy)
	at com.kms.katalon.core.webui.keyword.internal.WebUIKeywordMain.runKeyword(WebUIKeywordMain.groovy:20)
	... 19 more]]></system-err>
      </testcase>
      <testcase name="Test Cases/OCS_Page_Test/Participants_Test/Participants_fund_docs_download" classname="Test Cases/OCS_Page_Test/Participants_Test/Participants_fund_docs_download" status="PASSED">
         <system-out><![CDATA[2019-04-10 18:06:56 - [TEST_CASE][PASSED] - Test Cases/OCS_Page_Test/Participants_Test/Participants_fund_docs_download: Test Cases/OCS_Page_Test/Participants_Test/Participants_fund_docs_download

2019-04-10 18:06:57 - [TEST_STEP][PASSED] - callTestCase(findTestCase("SetUpp/SetUp"), [:], STOP_ON_FAILURE): Call Test Case 'Test Cases/SetUpp/SetUp' successfully

2019-04-10 18:06:57 - [TEST_CASE][PASSED] - Test Cases/SetUpp/SetUp: Test Cases/SetUpp/SetUp

2019-04-10 18:06:57 - [TEST_STEP][PASSED] - openBrowser(""): Browser is opened with url: ''

2019-04-10 18:06:57 - [MESSAGE][WARNING] - A browser is already opened. Closing browser and opening a new one

2019-04-10 18:06:57 - [MESSAGE][INFO] - Starting 'Firefox' driver

2019-04-10 18:07:00 - [MESSAGE][PASSED] - Browser is opened with url: ''

2019-04-10 18:07:00 - [TEST_STEP][PASSED] - navigateToUrl("https://ydtwebstaging.com"): Navigate to 'https://ydtwebstaging.com' successfully

2019-04-10 18:07:06 - [MESSAGE][PASSED] - Navigate to 'https://ydtwebstaging.com' successfully

2019-04-10 18:07:06 - [TEST_STEP][PASSED] - maximizeWindow(): Current window maximized

2019-04-10 18:07:07 - [MESSAGE][PASSED] - Current window maximized

2019-04-10 18:07:07 - [TEST_STEP][PASSED] - deleteAllCookies(): Delete all cookies successfully

2019-04-10 18:07:07 - [MESSAGE][PASSED] - Delete all cookies successfully

2019-04-10 18:07:07 - [TEST_STEP][PASSED] - getWindowTitle(): Current window's title is: 'Healthcare Manager'

2019-04-10 18:07:07 - [MESSAGE][PASSED] - Current window's title is: 'Healthcare Manager'

2019-04-10 18:07:07 - [TEST_STEP][PASSED] - waitForPageLoad(30): Wait for page load successfully

2019-04-10 18:07:07 - [MESSAGE][PASSED] - Wait for page load successfully

2019-04-10 18:07:07 - [MESSAGE][PASSED] - Call Test Case 'Test Cases/SetUpp/SetUp' successfully

2019-04-10 18:07:07 - [TEST_STEP][PASSED] - callTestCase(findTestCase("OCS_Page/Login_Page/LoginPage_Positive_validate"), [:], STOP_ON_FAILURE): Call Test Case 'Test Cases/OCS_Page/Login_Page/LoginPage_Positive_validate' successfully

2019-04-10 18:07:07 - [TEST_CASE][PASSED] - Test Cases/OCS_Page/Login_Page/LoginPage_Positive_validate: Test Cases/OCS_Page/Login_Page/LoginPage_Positive_validate

2019-04-10 18:07:07 - [TEST_STEP][PASSED] - setText(findTestObject("Login_Page_OB/Page_Healthcare Manager/input_Login here_username"), "admin"): Text 'admin' is set on object 'Object Repository/Login_Page_OB/Page_Healthcare Manager/input_Login here_username'

2019-04-10 18:07:07 - [MESSAGE][PASSED] - Text 'admin' is set on object 'Object Repository/Login_Page_OB/Page_Healthcare Manager/input_Login here_username'

2019-04-10 18:07:07 - [TEST_STEP][PASSED] - setText(findTestObject("Login_Page_OB/Page_Healthcare Manager/input_Login here_password"), "123456"): Text '123456' is set on object 'Object Repository/Login_Page_OB/Page_Healthcare Manager/input_Login here_password'

2019-04-10 18:07:07 - [MESSAGE][PASSED] - Text '123456' is set on object 'Object Repository/Login_Page_OB/Page_Healthcare Manager/input_Login here_password'

2019-04-10 18:07:07 - [TEST_STEP][PASSED] - click(findTestObject("Login_Page_OB/Page_Healthcare Manager/button_Submit")): Object: 'Object Repository/Login_Page_OB/Page_Healthcare Manager/button_Submit' is clicked on

2019-04-10 18:07:07 - [MESSAGE][PASSED] - Object: 'Object Repository/Login_Page_OB/Page_Healthcare Manager/button_Submit' is clicked on

2019-04-10 18:07:07 - [TEST_STEP][NOT_RUN] - verifyElementVisible(findTestObject("Login_Page_OB/Page_Healthcare Manager/div_Login successfully")): NOT_RUN: verifyElementVisible(findTestObject("Login_Page_OB/Page_Healthcare Manager/div_Login successfully"))

2019-04-10 18:07:07 - [MESSAGE][NOT_RUN] - NOT_RUN: verifyElementVisible(findTestObject("Login_Page_OB/Page_Healthcare Manager/div_Login successfully"))

2019-04-10 18:07:07 - [MESSAGE][PASSED] - Call Test Case 'Test Cases/OCS_Page/Login_Page/LoginPage_Positive_validate' successfully

2019-04-10 18:07:07 - [TEST_STEP][PASSED] - click(findTestObject("Home_Page_OR/Page_Healthcare Manager/p_Participants")): Object: 'Object Repository/Home_Page_OR/Page_Healthcare Manager/p_Participants' is clicked on

2019-04-10 18:07:09 - [MESSAGE][PASSED] - Object: 'Object Repository/Home_Page_OR/Page_Healthcare Manager/p_Participants' is clicked on

2019-04-10 18:07:09 - [TEST_STEP][PASSED] - click(findTestObject("Participants_Profile/Page_Healthcare Manager/i_Female_icon icon-views - Copy")): Object: 'Object Repository/Participants_Profile/Page_Healthcare Manager/i_Female_icon icon-views - Copy' is clicked on

2019-04-10 18:07:12 - [MESSAGE][PASSED] - Object: 'Object Repository/Participants_Profile/Page_Healthcare Manager/i_Female_icon icon-views - Copy' is clicked on

2019-04-10 18:07:12 - [TEST_STEP][PASSED] - click(findTestObject("found_module_or/Page_Healthcare Manager/Page_Healthcare Manager/a_Funding")): Object: 'Object Repository/found_module_or/Page_Healthcare Manager/Page_Healthcare Manager/a_Funding' is clicked on

2019-04-10 18:07:13 - [MESSAGE][PASSED] - Object: 'Object Repository/found_module_or/Page_Healthcare Manager/Page_Healthcare Manager/a_Funding' is clicked on

2019-04-10 18:07:13 - [TEST_STEP][PASSED] - click(findTestObject("found_module_or/Page_Healthcare Manager/a_Docs_link")): Object: 'Object Repository/found_module_or/Page_Healthcare Manager/a_Docs_link' is clicked on

2019-04-10 18:07:13 - [MESSAGE][PASSED] - Object: 'Object Repository/found_module_or/Page_Healthcare Manager/a_Docs_link' is clicked on

2019-04-10 18:07:13 - [TEST_STEP][PASSED] - if (false): null

2019-04-10 18:07:13 - [TEST_STEP][PASSED] - else: Object 'Object Repository/found_module_or/Page_Healthcare Manager/Page_Healthcare Manager/Page_Healthcare Manager/Page_Healthcare Manager/div_Please select at least one document for download' is visible

2019-04-10 18:07:13 - [TEST_STEP][PASSED] - click(findTestObject("found_module_or/Page_Healthcare Manager/Page_Healthcare Manager/Page_Healthcare Manager/Page_Healthcare Manager/a_Download Selected")): Object: 'Object Repository/found_module_or/Page_Healthcare Manager/Page_Healthcare Manager/Page_Healthcare Manager/Page_Healthcare Manager/a_Download Selected' is clicked on

2019-04-10 18:07:14 - [MESSAGE][PASSED] - Object: 'Object Repository/found_module_or/Page_Healthcare Manager/Page_Healthcare Manager/Page_Healthcare Manager/Page_Healthcare Manager/a_Download Selected' is clicked on

2019-04-10 18:07:14 - [TEST_STEP][PASSED] - verifyElementVisible(findTestObject("found_module_or/Page_Healthcare Manager/Page_Healthcare Manager/Page_Healthcare Manager/Page_Healthcare Manager/div_Please select at least one document for download")): Object 'Object Repository/found_module_or/Page_Healthcare Manager/Page_Healthcare Manager/Page_Healthcare Manager/Page_Healthcare Manager/div_Please select at least one document for download' is visible

2019-04-10 18:07:14 - [MESSAGE][PASSED] - Object 'Object Repository/found_module_or/Page_Healthcare Manager/Page_Healthcare Manager/Page_Healthcare Manager/Page_Healthcare Manager/div_Please select at least one document for download' is visible]]></system-out>
         <system-err><![CDATA[]]></system-err>
      </testcase>
      <system-out><![CDATA[2019-04-10 18:03:32 - [TEST_SUITE][FAILED] - ParticipantsPage Test: Test Cases/OCS_Page_Test/Participants_Test/CreateParticipants_Validate FAILED.
Reason:
com.kms.katalon.core.exception.StepFailedException: Call Test Case 'Test Cases/OCS_Page/Participants_page/Care_CreateParticipantsPage' failed
	at com.kms.katalon.core.keyword.builtin.CallTestCaseKeyword$_callTestCase_closure1.doCall(CallTestCaseKeyword.groovy:63)
	at com.kms.katalon.core.keyword.builtin.CallTestCaseKeyword$_callTestCase_closure1.call(CallTestCaseKeyword.groovy)
	at com.kms.katalon.core.keyword.internal.KeywordMain.runKeyword(KeywordMain.groovy:66)
	at com.kms.katalon.core.keyword.builtin.CallTestCaseKeyword.callTestCase(CallTestCaseKeyword.groovy:81)
	at com.kms.katalon.core.keyword.builtin.CallTestCaseKeyword.execute(CallTestCaseKeyword.groovy:44)
	at com.kms.katalon.core.keyword.internal.KeywordExecutor.executeKeywordForPlatform(KeywordExecutor.groovy:56)
	at com.kms.katalon.core.keyword.BuiltinKeywords.callTestCase(BuiltinKeywords.groovy:334)
	at CreateParticipants_Validate.run(CreateParticipants_Validate:16)
	at com.kms.katalon.core.main.ScriptEngine.run(ScriptEngine.java:194)
	at com.kms.katalon.core.main.ScriptEngine.runScriptAsRawText(ScriptEngine.java:119)
	at com.kms.katalon.core.main.TestCaseExecutor.runScript(TestCaseExecutor.java:331)
	at com.kms.katalon.core.main.TestCaseExecutor.doExecute(TestCaseExecutor.java:322)
	at com.kms.katalon.core.main.TestCaseExecutor.processExecutionPhase(TestCaseExecutor.java:301)
	at com.kms.katalon.core.main.TestCaseExecutor.accessMainPhase(TestCaseExecutor.java:293)
	at com.kms.katalon.core.main.TestCaseExecutor.execute(TestCaseExecutor.java:227)
	at com.kms.katalon.core.main.TestSuiteExecutor.accessTestCaseMainPhase(TestSuiteExecutor.java:129)
	at com.kms.katalon.core.main.TestSuiteExecutor.accessTestSuiteMainPhase(TestSuiteExecutor.java:112)
	at com.kms.katalon.core.main.TestSuiteExecutor.execute(TestSuiteExecutor.java:81)
	at com.kms.katalon.core.main.TestCaseMain.startTestSuite(TestCaseMain.java:157)
	at com.kms.katalon.core.main.TestCaseMain$startTestSuite$0.call(Unknown Source)
	at TempTestSuite1554899611213.run(TempTestSuite1554899611213.groovy:35)
Caused by: com.kms.katalon.core.exception.StepFailedException: Unable to set text 'requred for  care' of object 'Object Repository/Page_Healthcare Manager/textarea_Formal Diagnosis (Primary)_formaldiagnosisprimary'
	at com.kms.katalon.core.webui.keyword.internal.WebUIKeywordMain.stepFailed(WebUIKeywordMain.groovy:64)
	at com.kms.katalon.core.webui.keyword.internal.WebUIKeywordMain.runKeyword(WebUIKeywordMain.groovy:26)
	at com.kms.katalon.core.webui.keyword.builtin.SetTextKeyword.setText(SetTextKeyword.groovy:65)
	at com.kms.katalon.core.webui.keyword.builtin.SetTextKeyword.execute(SetTextKeyword.groovy:37)
	at com.kms.katalon.core.keyword.internal.KeywordExecutor.executeKeywordForPlatform(KeywordExecutor.groovy:56)
	at com.kms.katalon.core.webui.keyword.WebUiBuiltInKeywords.setText(WebUiBuiltInKeywords.groovy:950)
	at com.kms.katalon.core.webui.keyword.WebUiBuiltInKeywords$setText$5.call(Unknown Source)
	at Care_CreateParticipantsPage.run(Care_CreateParticipantsPage:18)
	at com.kms.katalon.core.main.ScriptEngine.run(ScriptEngine.java:194)
	at com.kms.katalon.core.main.ScriptEngine.runScriptAsRawText(ScriptEngine.java:119)
	at com.kms.katalon.core.main.TestCaseExecutor.runScript(TestCaseExecutor.java:331)
	at com.kms.katalon.core.main.TestCaseExecutor.doExecute(TestCaseExecutor.java:322)
	at com.kms.katalon.core.main.TestCaseExecutor.processExecutionPhase(TestCaseExecutor.java:301)
	at com.kms.katalon.core.main.TestCaseExecutor.accessMainPhase(TestCaseExecutor.java:293)
	at com.kms.katalon.core.main.TestCaseExecutor.execute(TestCaseExecutor.java:227)
	at com.kms.katalon.core.main.TestCaseMain.runTestCase(TestCaseMain.java:114)
	at com.kms.katalon.core.keyword.builtin.CallTestCaseKeyword$_callTestCase_closure1.doCall(CallTestCaseKeyword.groovy:59)
	... 20 more
Caused by: com.kms.katalon.core.webui.exception.WebElementNotFoundException: Web element with id: 'Object Repository/Page_Healthcare Manager/textarea_Formal Diagnosis (Primary)_formaldiagnosisprimary' located by 'By.xpath: //textarea[@name = 'formaldiagnosisprimary' and @placeholder = 'Please type the Formal Diagnosis of this new participant here ☺']' not found
	at com.kms.katalon.core.webui.common.WebUiCommonHelper.findWebElement(WebUiCommonHelper.java:1053)
	at com.kms.katalon.core.webui.keyword.internal.WebUIAbstractKeyword.findWebElement(WebUIAbstractKeyword.groovy:27)
	at com.kms.katalon.core.webui.keyword.internal.WebUIAbstractKeyword.findWebElement(WebUIAbstractKeyword.groovy:26)
	at com.kms.katalon.core.webui.keyword.builtin.SetTextKeyword$_setText_closure1.doCall(SetTextKeyword.groovy:51)
	at com.kms.katalon.core.webui.keyword.builtin.SetTextKeyword$_setText_closure1.call(SetTextKeyword.groovy)
	at com.kms.katalon.core.webui.keyword.internal.WebUIKeywordMain.runKeyword(WebUIKeywordMain.groovy:20)
	at com.kms.katalon.core.webui.keyword.builtin.SetTextKeyword.setText(SetTextKeyword.groovy:65)
	at com.kms.katalon.core.webui.keyword.builtin.SetTextKeyword.execute(SetTextKeyword.groovy:37)
	at com.kms.katalon.core.keyword.internal.KeywordExecutor.executeKeywordForPlatform(KeywordExecutor.groovy:56)
	at com.kms.katalon.core.webui.keyword.WebUiBuiltInKeywords.setText(WebUiBuiltInKeywords.groovy:950)
	at com.kms.katalon.core.webui.keyword.WebUiBuiltInKeywords$setText$5.call(Unknown Source)
	at Script1554356627061.run(Script1554356627061.groovy:18)
	at com.kms.katalon.core.main.ScriptEngine.run(ScriptEngine.java:194)
	at com.kms.katalon.core.main.ScriptEngine.runScriptAsRawText(ScriptEngine.java:119)
	at com.kms.katalon.core.main.TestCaseExecutor.runScript(TestCaseExecutor.java:331)
	at com.kms.katalon.core.main.TestCaseExecutor.doExecute(TestCaseExecutor.java:322)
	at com.kms.katalon.core.main.TestCaseExecutor.processExecutionPhase(TestCaseExecutor.java:301)
	at com.kms.katalon.core.main.TestCaseExecutor.accessMainPhase(TestCaseExecutor.java:293)
	at com.kms.katalon.core.main.TestCaseExecutor.execute(TestCaseExecutor.java:227)
	at com.kms.katalon.core.main.TestCaseMain.runTestCase(TestCaseMain.java:114)
	at com.kms.katalon.core.keyword.builtin.CallTestCaseKeyword$_callTestCase_closure1.doCall(CallTestCaseKeyword.groovy:59)
	at com.kms.katalon.core.keyword.builtin.CallTestCaseKeyword$_callTestCase_closure1.call(CallTestCaseKeyword.groovy)
	at com.kms.katalon.core.keyword.internal.KeywordMain.runKeyword(KeywordMain.groovy:66)
	at com.kms.katalon.core.keyword.builtin.CallTestCaseKeyword.callTestCase(CallTestCaseKeyword.groovy:81)
	at com.kms.katalon.core.keyword.builtin.CallTestCaseKeyword.execute(CallTestCaseKeyword.groovy:44)
	at com.kms.katalon.core.keyword.internal.KeywordExecutor.executeKeywordForPlatform(KeywordExecutor.groovy:56)
	at com.kms.katalon.core.keyword.BuiltinKeywords.callTestCase(BuiltinKeywords.groovy:334)
	at Script1554803811096.run(Script1554803811096.groovy:16)
	... 13 more]]></system-out>
      <system-err><![CDATA[2019-04-10 18:03:32 - [TEST_SUITE][FAILED] - ParticipantsPage Test: Test Cases/OCS_Page_Test/Participants_Test/CreateParticipants_Validate FAILED.
Reason:
com.kms.katalon.core.exception.StepFailedException: Call Test Case 'Test Cases/OCS_Page/Participants_page/Care_CreateParticipantsPage' failed
	at com.kms.katalon.core.keyword.builtin.CallTestCaseKeyword$_callTestCase_closure1.doCall(CallTestCaseKeyword.groovy:63)
	at com.kms.katalon.core.keyword.builtin.CallTestCaseKeyword$_callTestCase_closure1.call(CallTestCaseKeyword.groovy)
	at com.kms.katalon.core.keyword.internal.KeywordMain.runKeyword(KeywordMain.groovy:66)
	at com.kms.katalon.core.keyword.builtin.CallTestCaseKeyword.callTestCase(CallTestCaseKeyword.groovy:81)
	at com.kms.katalon.core.keyword.builtin.CallTestCaseKeyword.execute(CallTestCaseKeyword.groovy:44)
	at com.kms.katalon.core.keyword.internal.KeywordExecutor.executeKeywordForPlatform(KeywordExecutor.groovy:56)
	at com.kms.katalon.core.keyword.BuiltinKeywords.callTestCase(BuiltinKeywords.groovy:334)
	at CreateParticipants_Validate.run(CreateParticipants_Validate:16)
	at com.kms.katalon.core.main.ScriptEngine.run(ScriptEngine.java:194)
	at com.kms.katalon.core.main.ScriptEngine.runScriptAsRawText(ScriptEngine.java:119)
	at com.kms.katalon.core.main.TestCaseExecutor.runScript(TestCaseExecutor.java:331)
	at com.kms.katalon.core.main.TestCaseExecutor.doExecute(TestCaseExecutor.java:322)
	at com.kms.katalon.core.main.TestCaseExecutor.processExecutionPhase(TestCaseExecutor.java:301)
	at com.kms.katalon.core.main.TestCaseExecutor.accessMainPhase(TestCaseExecutor.java:293)
	at com.kms.katalon.core.main.TestCaseExecutor.execute(TestCaseExecutor.java:227)
	at com.kms.katalon.core.main.TestSuiteExecutor.accessTestCaseMainPhase(TestSuiteExecutor.java:129)
	at com.kms.katalon.core.main.TestSuiteExecutor.accessTestSuiteMainPhase(TestSuiteExecutor.java:112)
	at com.kms.katalon.core.main.TestSuiteExecutor.execute(TestSuiteExecutor.java:81)
	at com.kms.katalon.core.main.TestCaseMain.startTestSuite(TestCaseMain.java:157)
	at com.kms.katalon.core.main.TestCaseMain$startTestSuite$0.call(Unknown Source)
	at TempTestSuite1554899611213.run(TempTestSuite1554899611213.groovy:35)
Caused by: com.kms.katalon.core.exception.StepFailedException: Unable to set text 'requred for  care' of object 'Object Repository/Page_Healthcare Manager/textarea_Formal Diagnosis (Primary)_formaldiagnosisprimary'
	at com.kms.katalon.core.webui.keyword.internal.WebUIKeywordMain.stepFailed(WebUIKeywordMain.groovy:64)
	at com.kms.katalon.core.webui.keyword.internal.WebUIKeywordMain.runKeyword(WebUIKeywordMain.groovy:26)
	at com.kms.katalon.core.webui.keyword.builtin.SetTextKeyword.setText(SetTextKeyword.groovy:65)
	at com.kms.katalon.core.webui.keyword.builtin.SetTextKeyword.execute(SetTextKeyword.groovy:37)
	at com.kms.katalon.core.keyword.internal.KeywordExecutor.executeKeywordForPlatform(KeywordExecutor.groovy:56)
	at com.kms.katalon.core.webui.keyword.WebUiBuiltInKeywords.setText(WebUiBuiltInKeywords.groovy:950)
	at com.kms.katalon.core.webui.keyword.WebUiBuiltInKeywords$setText$5.call(Unknown Source)
	at Care_CreateParticipantsPage.run(Care_CreateParticipantsPage:18)
	at com.kms.katalon.core.main.ScriptEngine.run(ScriptEngine.java:194)
	at com.kms.katalon.core.main.ScriptEngine.runScriptAsRawText(ScriptEngine.java:119)
	at com.kms.katalon.core.main.TestCaseExecutor.runScript(TestCaseExecutor.java:331)
	at com.kms.katalon.core.main.TestCaseExecutor.doExecute(TestCaseExecutor.java:322)
	at com.kms.katalon.core.main.TestCaseExecutor.processExecutionPhase(TestCaseExecutor.java:301)
	at com.kms.katalon.core.main.TestCaseExecutor.accessMainPhase(TestCaseExecutor.java:293)
	at com.kms.katalon.core.main.TestCaseExecutor.execute(TestCaseExecutor.java:227)
	at com.kms.katalon.core.main.TestCaseMain.runTestCase(TestCaseMain.java:114)
	at com.kms.katalon.core.keyword.builtin.CallTestCaseKeyword$_callTestCase_closure1.doCall(CallTestCaseKeyword.groovy:59)
	... 20 more
Caused by: com.kms.katalon.core.webui.exception.WebElementNotFoundException: Web element with id: 'Object Repository/Page_Healthcare Manager/textarea_Formal Diagnosis (Primary)_formaldiagnosisprimary' located by 'By.xpath: //textarea[@name = 'formaldiagnosisprimary' and @placeholder = 'Please type the Formal Diagnosis of this new participant here ☺']' not found
	at com.kms.katalon.core.webui.common.WebUiCommonHelper.findWebElement(WebUiCommonHelper.java:1053)
	at com.kms.katalon.core.webui.keyword.internal.WebUIAbstractKeyword.findWebElement(WebUIAbstractKeyword.groovy:27)
	at com.kms.katalon.core.webui.keyword.internal.WebUIAbstractKeyword.findWebElement(WebUIAbstractKeyword.groovy:26)
	at com.kms.katalon.core.webui.keyword.builtin.SetTextKeyword$_setText_closure1.doCall(SetTextKeyword.groovy:51)
	at com.kms.katalon.core.webui.keyword.builtin.SetTextKeyword$_setText_closure1.call(SetTextKeyword.groovy)
	at com.kms.katalon.core.webui.keyword.internal.WebUIKeywordMain.runKeyword(WebUIKeywordMain.groovy:20)
	at com.kms.katalon.core.webui.keyword.builtin.SetTextKeyword.setText(SetTextKeyword.groovy:65)
	at com.kms.katalon.core.webui.keyword.builtin.SetTextKeyword.execute(SetTextKeyword.groovy:37)
	at com.kms.katalon.core.keyword.internal.KeywordExecutor.executeKeywordForPlatform(KeywordExecutor.groovy:56)
	at com.kms.katalon.core.webui.keyword.WebUiBuiltInKeywords.setText(WebUiBuiltInKeywords.groovy:950)
	at com.kms.katalon.core.webui.keyword.WebUiBuiltInKeywords$setText$5.call(Unknown Source)
	at Script1554356627061.run(Script1554356627061.groovy:18)
	at com.kms.katalon.core.main.ScriptEngine.run(ScriptEngine.java:194)
	at com.kms.katalon.core.main.ScriptEngine.runScriptAsRawText(ScriptEngine.java:119)
	at com.kms.katalon.core.main.TestCaseExecutor.runScript(TestCaseExecutor.java:331)
	at com.kms.katalon.core.main.TestCaseExecutor.doExecute(TestCaseExecutor.java:322)
	at com.kms.katalon.core.main.TestCaseExecutor.processExecutionPhase(TestCaseExecutor.java:301)
	at com.kms.katalon.core.main.TestCaseExecutor.accessMainPhase(TestCaseExecutor.java:293)
	at com.kms.katalon.core.main.TestCaseExecutor.execute(TestCaseExecutor.java:227)
	at com.kms.katalon.core.main.TestCaseMain.runTestCase(TestCaseMain.java:114)
	at com.kms.katalon.core.keyword.builtin.CallTestCaseKeyword$_callTestCase_closure1.doCall(CallTestCaseKeyword.groovy:59)
	at com.kms.katalon.core.keyword.builtin.CallTestCaseKeyword$_callTestCase_closure1.call(CallTestCaseKeyword.groovy)
	at com.kms.katalon.core.keyword.internal.KeywordMain.runKeyword(KeywordMain.groovy:66)
	at com.kms.katalon.core.keyword.builtin.CallTestCaseKeyword.callTestCase(CallTestCaseKeyword.groovy:81)
	at com.kms.katalon.core.keyword.builtin.CallTestCaseKeyword.execute(CallTestCaseKeyword.groovy:44)
	at com.kms.katalon.core.keyword.internal.KeywordExecutor.executeKeywordForPlatform(KeywordExecutor.groovy:56)
	at com.kms.katalon.core.keyword.BuiltinKeywords.callTestCase(BuiltinKeywords.groovy:334)
	at Script1554803811096.run(Script1554803811096.groovy:16)
	... 13 more]]></system-err>
   </testsuite>
</testsuites>
